Log file open, 11/01/17 21:00:04
LogWindows: Failed to load 'aqProf.dll' (GetLastError=126)
LogWindows: File 'aqProf.dll' does not exist
LogWindows: Failed to load 'VtuneApi.dll' (GetLastError=126)
LogWindows: File 'VtuneApi.dll' does not exist
LogWindows: Failed to load 'VtuneApi32e.dll' (GetLastError=126)
LogWindows: File 'VtuneApi32e.dll' does not exist
LogInit: Display: Running engine for game: Runner
LogPlatformFile: Not using cached read wrapper
LogInit: Display: RandInit(706816284) SRandInit(706816284).
LogTaskGraph: Started task graph with 5 named threads and 14 total threads with 3 sets of task threads.
LogStats: Stats thread started at 0.151649
LogD3D11RHI: Aftermath initialized
LogPluginManager: Mounting plugin Paper2D
LogPluginManager: Mounting plugin LightPropagationVolume
LogPluginManager: Mounting plugin CodeLiteSourceCodeAccess
LogPluginManager: Mounting plugin GitSourceControl
LogPluginManager: Mounting plugin KDevelopSourceCodeAccess
LogPluginManager: Mounting plugin NullSourceCodeAccess
LogPluginManager: Mounting plugin PerforceSourceControl
LogPluginManager: Mounting plugin SubversionSourceControl
LogPluginManager: Mounting plugin UObjectPlugin
LogPluginManager: Mounting plugin VisualStudioSourceCodeAccess
LogPluginManager: Mounting plugin XCodeSourceCodeAccess
LogPluginManager: Mounting plugin AssetManagerEditor
LogPluginManager: Mounting plugin AudioCapture
LogPluginManager: Mounting plugin FacialAnimation
LogPluginManager: Mounting plugin GameplayTagsEditor
LogPluginManager: Mounting plugin MobileLauncherProfileWizard
LogPluginManager: Mounting plugin PluginBrowser
LogPluginManager: Mounting plugin SpeedTreeImporter
LogPluginManager: Mounting plugin AlembicImporter
LogPluginManager: Mounting plugin CharacterAI
LogPluginManager: Mounting plugin HTML5Networking
LogPluginManager: Mounting plugin AndroidMedia
LogPluginManager: Mounting plugin AvfMedia
LogPluginManager: Mounting plugin MediaPlayerEditor
LogPluginManager: Mounting plugin WmfMedia
LogPluginManager: Mounting plugin TcpMessaging
LogPluginManager: Mounting plugin UdpMessaging
LogPluginManager: Mounting plugin LevelSequenceEditor
LogPluginManager: Mounting plugin MatineeToLevelSequence
LogPluginManager: Mounting plugin OnlineSubsystemGooglePlay
LogPluginManager: Mounting plugin OnlineSubsystemIOS
LogPluginManager: Mounting plugin OnlineSubsystem
LogPluginManager: Mounting plugin OnlineSubsystemNull
LogPluginManager: Mounting plugin OnlineSubsystemUtils
LogPluginManager: Mounting plugin AndroidDeviceProfileSelector
LogPluginManager: Mounting plugin AndroidMoviePlayer
LogPluginManager: Mounting plugin AndroidPermission
LogPluginManager: Mounting plugin AppleMoviePlayer
LogPluginManager: Mounting plugin ArchVisCharacter
LogPluginManager: Mounting plugin CableComponent
LogPluginManager: Mounting plugin CustomMeshComponent
LogPluginManager: Mounting plugin ExampleDeviceProfileSelector
LogPluginManager: Mounting plugin GoogleCloudMessaging
LogPluginManager: Mounting plugin ImmediatePhysics
LogPluginManager: Mounting plugin IOSDeviceProfileSelector
LogPluginManager: Mounting plugin LinuxDeviceProfileSelector
LogPluginManager: Mounting plugin LocationServicesBPLibrary
LogPluginManager: Mounting plugin MobilePatchingUtils
LogPluginManager: Mounting plugin OculusVR
LogPluginManager: Mounting plugin PhysXVehicles
LogPluginManager: Mounting plugin ProceduralMeshComponent
LogPluginManager: Mounting plugin RuntimePhysXCooking
LogPluginManager: Mounting plugin SteamVR
LogPluginManager: Mounting plugin WindowsMoviePlayer
LogInit: Using libcurl 7.47.1
LogInit:  - built for x86_64-pc-win32
LogInit:  - supports SSL with OpenSSL/1.0.2g
LogInit:  - supports HTTP deflate (compression) using libz 1.2.8
LogInit:  - other features:
LogInit:      CURL_VERSION_SSL
LogInit:      CURL_VERSION_LIBZ
LogInit:      CURL_VERSION_IPV6
LogInit:      CURL_VERSION_ASYNCHDNS
LogInit:      CURL_VERSION_LARGEFILE
LogInit:      CURL_VERSION_IDN
LogInit:  CurlRequestOptions (configurable via config and command line):
LogInit:  - bVerifyPeer = false  - Libcurl will NOT verify peer certificate
LogInit:  - bUseHttpProxy = false  - Libcurl will NOT use HTTP proxy
LogInit:  - bDontReuseConnections = false  - Libcurl will reuse connections
LogInit:  - CertBundlePath = nullptr  - Libcurl will use whatever was configured at build time.
LogInit: Build: ++UE4+Release-4.17-CL-3658906
LogInit: Engine Version: 4.17.2-3658906+++UE4+Release-4.17
LogInit: Compatible Engine Version: 4.17.0-3573198+++UE4+Release-4.17
LogInit: Net CL: 3573198
LogDevObjectVersion: Number of dev versions registered: 16
LogDevObjectVersion:   Dev-Blueprints (B0D832E4-1F89-4F0D-ACCF-7EB736FD4AA2): 10
LogDevObjectVersion:   Dev-Build (E1C64328-A22C-4D53-A36C-8E866417BD8C): 0
LogDevObjectVersion:   Dev-Core (375EC13C-06E4-48FB-B500-84F0262A717E): 2
LogDevObjectVersion:   Dev-Editor (E4B068ED-F494-42E9-A231-DA0B2E46BB41): 20
LogDevObjectVersion:   Dev-Framework (CFFC743F-43B0-4480-9391-14DF171D2073): 28
LogDevObjectVersion:   Dev-Mobile (B02B49B5-BB20-44E9-A304-32B752E40360): 0
LogDevObjectVersion:   Dev-Networking (A4E4105C-59A1-49B5-A7C5-40C4547EDFEE): 0
LogDevObjectVersion:   Dev-Online (39C831C9-5AE6-47DC-9A44-9C173E1C8E7C): 0
LogDevObjectVersion:   Dev-Physics (78F01B33-EBEA-4F98-B9B4-84EACCB95AA2): 0
LogDevObjectVersion:   Dev-Platform (6631380F-2D4D-43E0-8009-CF276956A95A): 0
LogDevObjectVersion:   Dev-Rendering (12F88B9F-8875-4AFC-A67C-D90C383ABD29): 19
LogDevObjectVersion:   Dev-Sequencer (7B5AE74C-D270-4C10-A958-57980B212A5A): 4
LogDevObjectVersion:   Dev-VR (D7296918-1DD6-4BDD-9DE2-64A83CC13884): 0
LogDevObjectVersion:   Dev-LoadTimes (C2A15278-BFE7-4AFE-6C17-90FF531DF755): 1
LogDevObjectVersion:   Private-Geometry (6EACA3D4-40EC-4CC1-B786-8BED09428FC5): 1
LogDevObjectVersion:   Dev-AnimPhys (29E575DD-E0A3-4627-9D10-D276232CDCEA): 7
LogInit: Compiled (64-bit): Sep 22 2017 13:47:16
LogInit: Compiled with Visual C++: 19.00.24215.01
LogInit: Build Configuration: Development
LogInit: Branch Name: ++UE4+Release-4.17
LogInit: Command line:  
LogInit: Base directory: D:/Programs/Unreal/UE_4.17/Engine/Binaries/Win64/
LogInit: Installed Engine Build: 1
LogInit: Presizing for max 8388607 objects, including 0 objects not considered by GC, pre-allocating 0 bytes for permanent pool.
LogInit: Object subsystem initialized
[2017.11.02-01.00.04:986][  0]LogInit: Selected Device Profile: [Windows]
[2017.11.02-01.00.04:986][  0]LogInit: Applying CVar settings loaded from the selected device profile: [Windows]
[2017.11.02-01.00.04:992][  0]LogInit: Computer: DESKTOP-AK73KT9
[2017.11.02-01.00.04:992][  0]LogInit: User: Jon
[2017.11.02-01.00.04:992][  0]LogInit: CPU Page size=4096, Cores=4
[2017.11.02-01.00.04:992][  0]LogInit: High frequency timer resolution =4.101566 MHz
[2017.11.02-01.00.04:992][  0]LogMemory: Memory total: Physical=16.0GB (16GB approx)
[2017.11.02-01.00.04:992][  0]LogMemory: Platform Memory Stats for Windows
[2017.11.02-01.00.04:992][  0]LogMemory: Process Physical Memory: 278.17 MB used, 278.17 MB peak
[2017.11.02-01.00.04:992][  0]LogMemory: Process Virtual Memory: 274.28 MB used, 274.28 MB peak
[2017.11.02-01.00.04:992][  0]LogMemory: Physical Memory: 6319.54 MB used,  10027.58 MB free, 16347.12 MB total
[2017.11.02-01.00.04:992][  0]LogMemory: Virtual Memory: 688.23 MB used,  10027.58 MB free, 134217728.00 MB total
[2017.11.02-01.00.05:071][  0]LogInit: Using OS detected language (en-US).
[2017.11.02-01.00.05:071][  0]LogInit: Using OS detected locale (en-US).
[2017.11.02-01.00.05:073][  0]LogTextLocalizationManager: No specific localization for 'en-US' exists, so the 'en' localization will be used.
[2017.11.02-01.00.05:557][  0]LogD3D11RHI: D3D11 adapters:
[2017.11.02-01.00.05:599][  0]LogD3D11RHI:    0. 'NVIDIA GeForce GTX 1070' (Feature Level 11_0)
[2017.11.02-01.00.05:599][  0]LogD3D11RHI:       8081/0/8173 MB DedicatedVideo/DedicatedSystem/SharedSystem, Outputs:2, VendorId:0x10de
[2017.11.02-01.00.05:601][  0]LogD3D11RHI:    1. 'Microsoft Basic Render Driver' (Feature Level 11_0)
[2017.11.02-01.00.05:601][  0]LogD3D11RHI:       0/0/8173 MB DedicatedVideo/DedicatedSystem/SharedSystem, Outputs:0, VendorId:0x1414
[2017.11.02-01.00.05:601][  0]LogD3D11RHI: Chosen D3D11 Adapter: 0
[2017.11.02-01.00.05:606][  0]LogD3D11RHI: Creating new Direct3DDevice
[2017.11.02-01.00.05:606][  0]LogD3D11RHI:     GPU DeviceId: 0x1b81 (for the marketing name, search the web for "GPU Device Id")
[2017.11.02-01.00.05:606][  0]LogWindows: EnumDisplayDevices:
[2017.11.02-01.00.05:606][  0]LogWindows:    0. 'NVIDIA GeForce GTX 1070' (P:1 D:1)
[2017.11.02-01.00.05:606][  0]LogWindows:    1. 'NVIDIA GeForce GTX 1070' (P:0 D:1)
[2017.11.02-01.00.05:606][  0]LogWindows:    2. 'NVIDIA GeForce GTX 1070' (P:0 D:0)
[2017.11.02-01.00.05:606][  0]LogWindows:    3. 'NVIDIA GeForce GTX 1070' (P:0 D:0)
[2017.11.02-01.00.05:606][  0]LogWindows: DebugString: GetVideoDriverDetailsInvalid PrimaryIsNotTheChoosenAdapter GetVideoDriverDetailsInvalid PrimaryIsNotTheChoosenAdapter GetVideoDriverDetailsInvalid PrimaryIsNotTheChoosenAdapter GetVideoDriverDetailsInvalid PrimaryIsNotTheChoosenAdapter FoundDriverCount:0 
[2017.11.02-01.00.05:606][  0]LogD3D11RHI:     Adapter Name: NVIDIA GeForce GTX 1070
[2017.11.02-01.00.05:606][  0]LogD3D11RHI:   Driver Version: Unknown (internal:Unknown, unified:Unknown)
[2017.11.02-01.00.05:606][  0]LogD3D11RHI:      Driver Date: Unknown
[2017.11.02-01.00.05:606][  0]LogRHI: Texture pool is 1361 MB (70% of 1945 MB)
[2017.11.02-01.00.05:622][  0]LogD3D11RHI: Async texture creation enabled
[2017.11.02-01.00.05:642][  0]LogD3D11RHI: GPU Timing Frequency: 1000.000000 (Debug: 2 1)
[2017.11.02-01.00.05:692][  0]LogShaderCompilers: Guid format shader working directory is -13 characters bigger than the processId version (../../../../../../Penn/F17/CIS568/HoG/Hand_of_God/Runner/Intermediate/Shaders/WorkingDirectory/11360/).
[2017.11.02-01.00.05:692][  0]LogShaderCompilers: Cleaned the shader compiler working directory 'C:/Users/Jon/AppData/Local/Temp/UnrealShaderWorkingDir/FEB50C314C5D1900E9296590AE8FD74E/'.
[2017.11.02-01.00.05:692][  0]LogShaderCompilers: Display: Using Local Shader Compiler.
[2017.11.02-01.00.06:302][  0]LogTemp: Display: Loaded TP AllDesktopTargetPlatform
[2017.11.02-01.00.06:330][  0]LogTemp: Display: Loaded TP MacClientTargetPlatform
[2017.11.02-01.00.06:358][  0]LogTemp: Display: Loaded TP MacNoEditorTargetPlatform
[2017.11.02-01.00.06:386][  0]LogTemp: Display: Loaded TP MacServerTargetPlatform
[2017.11.02-01.00.06:415][  0]LogTemp: Display: Loaded TP MacTargetPlatform
[2017.11.02-01.00.06:444][  0]LogTemp: Display: Loaded TP WindowsClientTargetPlatform
[2017.11.02-01.00.06:472][  0]LogTemp: Display: Loaded TP WindowsNoEditorTargetPlatform
[2017.11.02-01.00.06:500][  0]LogTemp: Display: Loaded TP WindowsServerTargetPlatform
[2017.11.02-01.00.06:524][  0]LogTemp: Display: Loaded TP WindowsTargetPlatform
[2017.11.02-01.00.06:551][  0]LogTemp: Display: Loaded TP AndroidTargetPlatform
[2017.11.02-01.00.06:579][  0]LogTemp: Display: Loaded TP Android_ASTCTargetPlatform
[2017.11.02-01.00.06:607][  0]LogTemp: Display: Loaded TP Android_ATCTargetPlatform
[2017.11.02-01.00.06:634][  0]LogTemp: Display: Loaded TP Android_DXTTargetPlatform
[2017.11.02-01.00.06:661][  0]LogTemp: Display: Loaded TP Android_ETC1TargetPlatform
[2017.11.02-01.00.06:689][  0]LogTemp: Display: Loaded TP Android_ETC2TargetPlatform
[2017.11.02-01.00.06:744][  0]LogTemp: Display: Loaded TP Android_MultiTargetPlatform
[2017.11.02-01.00.06:744][  0]LogTemp: Display: Loaded TP Android_PVRTCTargetPlatform
[2017.11.02-01.00.06:765][  0]LogTemp: Display: Loaded TP HTML5TargetPlatform
[2017.11.02-01.00.06:825][  0]LogTemp: Display: Loaded TP IOSTargetPlatform
[2017.11.02-01.00.06:841][  0]LogTemp: Display: Loaded TP TVOSTargetPlatform
[2017.11.02-01.00.06:868][  0]LogTemp: Display: Loaded TP LinuxClientTargetPlatform
[2017.11.02-01.00.06:895][  0]LogTemp: Display: Loaded TP LinuxNoEditorTargetPlatform
[2017.11.02-01.00.06:923][  0]LogTemp: Display: Loaded TP LinuxServerTargetPlatform
[2017.11.02-01.00.06:950][  0]LogTemp: Display: Loaded TP LinuxTargetPlatform
[2017.11.02-01.00.06:950][  0]LogTargetPlatformManager: Display: Building Assets For Windows
[2017.11.02-01.00.07:195][  0]LogDerivedDataCache: Display: Max Cache Size: 512 MB
[2017.11.02-01.00.07:256][  0]LogDerivedDataCache: Loaded boot cache 0.06s 93MB C:/Users/Jon/AppData/Local/UnrealEngine/4.17/DerivedDataCache/Boot.ddc.
[2017.11.02-01.00.07:256][  0]LogDerivedDataCache: Display: Loaded Boot cache: C:/Users/Jon/AppData/Local/UnrealEngine/4.17/DerivedDataCache/Boot.ddc
[2017.11.02-01.00.07:256][  0]LogDerivedDataCache: FDerivedDataBackendGraph:  Pak pak cache file ../../../../../../Penn/F17/CIS568/HoG/Hand_of_God/Runner/DerivedDataCache/DDC.ddp not found, will not use a pak cache.
[2017.11.02-01.00.07:256][  0]LogDerivedDataCache: Unable to find inner node Pak for hierarchical cache Hierarchy.
[2017.11.02-01.00.07:256][  0]LogDerivedDataCache: FDerivedDataBackendGraph:  CompressedPak pak cache file ../../../../../../Penn/F17/CIS568/HoG/Hand_of_God/Runner/DerivedDataCache/Compressed.ddp not found, will not use a pak cache.
[2017.11.02-01.00.07:256][  0]LogDerivedDataCache: Unable to find inner node CompressedPak for hierarchical cache Hierarchy.
[2017.11.02-01.00.07:267][  0]LogDerivedDataCache: Display: Pak cache opened for reading ../../../Engine/DerivedDataCache/Compressed.ddp.
[2017.11.02-01.00.07:279][  0]LogDerivedDataCache: Using Local data cache path C:/Users/Jon/AppData/Local/UnrealEngine/Common/DerivedDataCache: Writable
[2017.11.02-01.00.07:286][  0]LogMaterial: Verifying Global Shaders for PCD3D_SM5
[2017.11.02-01.00.07:286][  0]LogSlate: Using Freetype 2.6.0
[2017.11.02-01.00.07:287][  0]LogSlate: SlateFontCache - WITH_FREETYPE: 1, WITH_HARFBUZZ: 1
[2017.11.02-01.00.07:287][  0]LogSlate: SlateFontCache - WITH_FREETYPE: 1, WITH_HARFBUZZ: 1
[2017.11.02-01.00.07:482][  0]LogAssetRegistry: FAssetRegistry took 0.0248 seconds to start up
[2017.11.02-01.00.07:552][  0]LogInit: Selected Device Profile: [Windows]
[2017.11.02-01.00.07:661][  0]LogContentStreaming: Texture pool size is 0.00 MB
[2017.11.02-01.00.07:826][  0]LogSimplygon: Simplygon DLL not present - disabling.
[2017.11.02-01.00.07:847][  0]LogMeshReduction: Using SimplygonSwarm for distributed automatic mesh merging
[2017.11.02-01.00.07:847][  0]LogMeshReduction: Using QuadricMeshReduction for automatic static mesh reduction
[2017.11.02-01.00.07:847][  0]LogMeshReduction: No automatic skeletal mesh reduction module available
[2017.11.02-01.00.07:847][  0]LogMeshReduction: No automatic mesh merging module available
[2017.11.02-01.00.07:847][  0]LogMeshMerging: No automatic mesh merging module available
[2017.11.02-01.00.08:132][  0]LogNetVersion: Runner , NetCL: 3573198, EngineNetVer: 2, GameNetVer: 0 (Checksum: 1549170253)
[2017.11.02-01.00.08:265][  0]LogPackageLocalizationCache: Processed 5 localized package path(s) for 2 prioritized culture(s) in 0.031507 seconds
[2017.11.02-01.00.08:270][  0]LogUObjectArray: 35825 objects as part of root set at end of initial load.
[2017.11.02-01.00.08:270][  0]LogUObjectAllocator: 7529104 out of 0 bytes used by permanent object pool.
[2017.11.02-01.00.08:270][  0]LogUObjectArray: CloseDisregardForGC: 0/0 objects in disregard for GC pool
[2017.11.02-01.00.08:298][  0]LogInit: WinSock: version 1.1 (2.2), MaxSocks=32767, MaxUdp=65467
[2017.11.02-01.00.09:946][  0]LogTcpMessaging: Initializing TcpMessaging bridge
[2017.11.02-01.00.09:973][  0]LogUdpMessaging: Initializing bridge on interface 0.0.0.0:0 to multicast group 230.0.0.1:6666.
[2017.11.02-01.00.10:382][  0]LogMaterial: Uniform references updated for custom material expression Custom.
[2017.11.02-01.00.10:618][  0]SourceControl: Source control is disabled
[2017.11.02-01.00.10:619][  0]SourceControl: Source control is disabled
[2017.11.02-01.00.10:644][  0]SourceControl: Source control is disabled
[2017.11.02-01.00.10:669][  0]SourceControl: Source control is disabled
[2017.11.02-01.00.10:977][  0]LogAndroidPermission: UAndroidPermissionCallbackProxy::GetInstance
[2017.11.02-01.00.11:107][  0]LogOcInput: OculusInput pre-init called
[2017.11.02-01.00.11:252][  0]LogEngine: Initializing Engine...
[2017.11.02-01.00.11:254][  0]LogHMD: Failed to initialize OpenVR with code 110
[2017.11.02-01.00.11:400][  0]LogStats: UGameplayTagsManager::ConstructGameplayTagTree: Construct from data asset -  0.000 s
[2017.11.02-01.00.11:401][  0]LogStats: UGameplayTagsManager::ConstructGameplayTagTree: GameplayTagTreeChangedEvent.Broadcast -  0.000 s
[2017.11.02-01.00.11:470][  0]LogAIModule: Creating AISystem for world Untitled
[2017.11.02-01.00.11:475][  0]LogInit: XAudio2 using 'Speakers (Realtek High Definition Audio)' : 2 channels at 48 kHz using 32 bits per sample (channel mask 0x3)
[2017.11.02-01.00.11:505][  0]LogInit: FAudioDevice initialized.
[2017.11.02-01.00.11:668][  0]LogDerivedDataCache: Saved boot cache 0.16s 93MB C:/Users/Jon/AppData/Local/UnrealEngine/4.17/DerivedDataCache/Boot.ddc.
[2017.11.02-01.00.11:690][  0]LogInit: Texture streaming: Enabled
[2017.11.02-01.00.11:751][  0]LogEngineSessionManager: EngineSessionManager initialized
[2017.11.02-01.00.11:867][  0]LogInit: Transaction tracking system initialized
[2017.11.02-01.00.12:026][  0]BlueprintLog: New page: Editor Load
[2017.11.02-01.00.12:476][  0]LocalizationService: Localization service is disabled
[2017.11.02-01.00.12:835][  0]LogConsoleResponse: Display: 
[2017.11.02-01.00.12:951][  0]LogCook: Display: Max memory allowance for cook 16384mb min free memory 0mb
[2017.11.02-01.00.12:951][  0]LogCook: Display: Mobile HDR setting 1
[2017.11.02-01.00.12:951][  0]LogGameplayTags: Display: UGameplayTagsManager::DoneAddingNativeTags. DelegateIsBound: 0
[2017.11.02-01.00.13:479][  0]LogFileCache: Scanning file cache for directory 'D:/Penn/F17/CIS568/HoG/Hand_of_God/Runner/Content/' took 0.01s
[2017.11.02-01.00.13:505][  0]SourceControl: Source control is disabled
[2017.11.02-01.00.13:505][  0]Cmd: MAP LOAD FILE="../../../../../../Penn/F17/CIS568/HoG/Hand_of_God/Runner/Content/ThirdPersonBP/Maps/ThirdPersonExampleMap.umap" TEMPLATE=0 SHOWPROGRESS=1 FEATURELEVEL=3
[2017.11.02-01.00.13:505][  0]LightingResults: New page: Lighting Build
[2017.11.02-01.00.13:526][  0]MapCheck: New page: Map Check
[2017.11.02-01.00.13:526][  0]LightingResults: New page: Lighting Build
[2017.11.02-01.00.13:704][  0]LogLinker: Warning: Can't find file '/Game/ThirdPersonBP/Maps/ThirdPersonExampleMap_BuiltData'
[2017.11.02-01.00.13:710][  0]LogLinker: Warning: Can't find file for asset '/Game/ThirdPersonBP/Maps/ThirdPersonExampleMap_BuiltData' while loading ../../../../../../Penn/F17/CIS568/HoG/Hand_of_God/Runner/Content/ThirdPersonBP/Maps/ThirdPersonExampleMap.umap.
[2017.11.02-01.00.13:710][  0]LoadErrors: Error: /Game/ThirdPersonBP/Maps/ThirdPersonExampleMap : Can't find file for asset. /Game/ThirdPersonBP/Maps/ThirdPersonExampleMap_BuiltData
[2017.11.02-01.00.13:719][  0]LogLinker: Warning: Can't find file '/Game/ThirdPersonBP/Maps/ThirdPersonExampleMap_BuiltData'
[2017.11.02-01.00.13:719][  0]LogLinker: Warning: Can't find file for asset '/Game/ThirdPersonBP/Maps/ThirdPersonExampleMap_BuiltData' while loading ../../../../../../Penn/F17/CIS568/HoG/Hand_of_God/Runner/Content/ThirdPersonBP/Maps/ThirdPersonExampleMap.umap.
[2017.11.02-01.00.13:719][  0]LoadErrors: Error: /Game/ThirdPersonBP/Maps/ThirdPersonExampleMap : Can't find file for asset. /Game/ThirdPersonBP/Maps/ThirdPersonExampleMap_BuiltData
[2017.11.02-01.00.13:721][  0]LogLinker: Warning: Can't find file '/Game/ThirdPersonBP/Maps/ThirdPersonExampleMap_BuiltData'
[2017.11.02-01.00.13:721][  0]LogLinker: Warning: Can't find file for asset '/Game/ThirdPersonBP/Maps/ThirdPersonExampleMap_BuiltData' while loading NULL.
[2017.11.02-01.00.13:721][  0]LogLinker: Warning: Can't find file '/Game/ThirdPersonBP/Maps/ThirdPersonExampleMap_BuiltData'
[2017.11.02-01.00.13:721][  0]LogLinker: Warning: Can't find file for asset '/Game/ThirdPersonBP/Maps/ThirdPersonExampleMap_BuiltData' while loading NULL.
[2017.11.02-01.00.13:726][  0]LogLinker: Warning: Can't find file '/Game/ThirdPersonBP/Maps/ThirdPersonExampleMap_BuiltData'
[2017.11.02-01.00.13:726][  0]LoadErrors: Failed to load /Game/ThirdPersonBP/Maps/ThirdPersonExampleMap_BuiltData.ThirdPersonExampleMap_BuiltData Referenced by PersistentLevel
[2017.11.02-01.00.13:726][  0]LogLinker: Warning: Can't find file for asset '/Game/ThirdPersonBP/Maps/ThirdPersonExampleMap_BuiltData' while loading NULL.
[2017.11.02-01.00.13:726][  0]LoadErrors: Failed to load /Game/ThirdPersonBP/Maps/ThirdPersonExampleMap_BuiltData.ThirdPersonExampleMap_BuiltData Referenced by PersistentLevel
[2017.11.02-01.00.13:879][  0]LogAIModule: Creating AISystem for world ThirdPersonExampleMap
[2017.11.02-01.00.13:894][  0]LogEditorServer: Finished looking for orphan Actors (0.000 secs)
[2017.11.02-01.00.13:939][  0]Cmd: MAP CHECKDEP NOCLEARLOG
[2017.11.02-01.00.13:975][  0]MapCheck: Map check complete: 0 Error(s), 0 Warning(s), took 35.974ms to complete.
[2017.11.02-01.00.13:975][  0]LogFileHelpers: Loading map 'ThirdPersonExampleMap' took 0.470
[2017.11.02-01.00.14:101][  0]LogCollectionManager: Loaded 0 collections in 0.000842 seconds
[2017.11.02-01.00.14:161][  0]LogFileCache: Scanning file cache for directory 'D:/Penn/F17/CIS568/HoG/Hand_of_God/Runner/Saved/Collections/' took 0.01s
[2017.11.02-01.00.14:161][  0]LogFileCache: Scanning file cache for directory 'D:/Penn/F17/CIS568/HoG/Hand_of_God/Runner/Content/Developers/Jon/Collections/' took 0.01s
[2017.11.02-01.00.14:161][  0]LogFileCache: Scanning file cache for directory 'D:/Penn/F17/CIS568/HoG/Hand_of_God/Runner/Content/Collections/' took 0.01s
[2017.11.02-01.00.14:161][  0]LogCollectionManager: Rebuilt the GUID cache for 0 collections in 0.000000 seconds
[2017.11.02-01.00.14:167][  0]LogContentBrowser: Native class hierarchy populated in 0.0059 seconds. Added 2386 classes and 500 folders.
[2017.11.02-01.00.14:199][  0]LogContentBrowser: Native class hierarchy updated for 'WidgetCarousel' in 0.0004 seconds. Added 0 classes and 0 folders.
[2017.11.02-01.00.14:231][  0]LogContentBrowser: Native class hierarchy updated for 'AddContentDialog' in 0.0004 seconds. Added 0 classes and 0 folders.
[2017.11.02-01.00.14:254][  0]LogContentBrowser: Native class hierarchy updated for 'SceneOutliner' in 0.0005 seconds. Added 1 classes and 2 folders.
[2017.11.02-01.00.14:270][  0]LogSlate: Took 0.000223 seconds to synchronously load lazily loaded font '../../../Engine/Content/Slate/Fonts/Roboto-Regular.ttf' (155K)
[2017.11.02-01.00.14:272][  0]LogSlate: Took 0.000210 seconds to synchronously load lazily loaded font '../../../Engine/Content/Slate/Fonts/Roboto-Bold.ttf' (160K)
[2017.11.02-01.00.14:277][  0]LogSlate: Took 0.000221 seconds to synchronously load lazily loaded font '../../../Engine/Content/Editor/Slate/Fonts/FontAwesome.ttf' (139K)
[2017.11.02-01.00.14:356][  0]LogRenderer: Reallocating scene render targets to support 1208x576 Format 10 NumSamples 1 (Frame:1).
[2017.11.02-01.00.14:549][  0]LogContentBrowser: Native class hierarchy updated for 'HierarchicalLODOutliner' in 0.0004 seconds. Added 1 classes and 2 folders.
[2017.11.02-01.00.14:549][  0]LogLoad: (Engine Initialization) Total time: 10.65 seconds
[2017.11.02-01.00.14:549][  0]LogLoad: (Engine Initialization) Total Blueprint compile time: 0.00 seconds
[2017.11.02-01.00.14:549][  0]LogExternalProfiler: Found external profiler: VSPerf
[2017.11.02-01.00.14:549][  0]LogExternalProfiler: Using external profiler: VSPerf
[2017.11.02-01.00.14:559][  0]LogWindowsTextInputMethodSystem: Display: IME system now deactivated.
[2017.11.02-01.00.14:573][  0]LogAssetRegistry: Asset discovery search completed in 7.1132 seconds
[2017.11.02-01.00.14:574][  0]LogCollectionManager: Rebuilt the object cache for 0 collections in 0.000000 seconds (found 0 objects)
[2017.11.02-01.00.14:575][  0]LogCollectionManager: Fixed up redirectors for 0 collections in 0.000035 seconds (updated 0 objects)
[2017.11.02-01.00.14:582][  0]LogContentStreaming: Texture pool size now 1000 MB
[2017.11.02-01.00.14:630][  0]LogSlate: Took 0.000206 seconds to synchronously load lazily loaded font '../../../Engine/Content/Slate/Fonts/Roboto-Light.ttf' (159K)
[2017.11.02-01.00.15:595][108]LogSlate: Took 0.000198 seconds to synchronously load lazily loaded font '../../../Engine/Content/Slate/Fonts/Roboto-Light.ttf' (159K)
[2017.11.02-01.00.26:746][891]LogSlate: Took 0.000152 seconds to synchronously load lazily loaded font '../../../Engine/Content/Slate/Fonts/Roboto-Light.ttf' (159K)
[2017.11.02-01.00.26:836][891]LogLinker: Warning: Can't find file '/Game/Levels/TutorialLevel_BuiltData'
[2017.11.02-01.00.26:836][891]LogLinker: Warning: Can't find file for asset '/Game/Levels/TutorialLevel_BuiltData' while loading ../../../../../../Penn/F17/CIS568/HoG/Hand_of_God/Runner/Content/Levels/TutorialLevel.umap.
[2017.11.02-01.00.26:836][891]LoadErrors: Error: /Game/Levels/TutorialLevel : Can't find file for asset. /Game/Levels/TutorialLevel_BuiltData
[2017.11.02-01.00.26:837][891]LogLinker: Warning: Can't find file '/Game/Levels/TutorialLevel_BuiltData'
[2017.11.02-01.00.26:837][891]LogLinker: Warning: Can't find file for asset '/Game/Levels/TutorialLevel_BuiltData' while loading ../../../../../../Penn/F17/CIS568/HoG/Hand_of_God/Runner/Content/Levels/TutorialLevel.umap.
[2017.11.02-01.00.26:852][891]LogLinker: Warning: Can't find file '/Game/Levels/TutorialLevel_BuiltData'
[2017.11.02-01.00.26:852][891]LogLinker: Warning: Can't find file for asset '/Game/Levels/TutorialLevel_BuiltData' while loading NULL.
[2017.11.02-01.00.26:852][891]LogLinker: Warning: Can't find file '/Game/Levels/TutorialLevel_BuiltData'
[2017.11.02-01.00.26:852][891]LogLinker: Warning: Can't find file for asset '/Game/Levels/TutorialLevel_BuiltData' while loading NULL.
[2017.11.02-01.00.26:879][891]LogLinker: Warning: Can't find file '/Game/Levels/TutorialLevel_BuiltData'
[2017.11.02-01.00.26:879][891]LoadErrors: Failed to load /Game/Levels/TutorialLevel_BuiltData.TutorialLevel_BuiltData Referenced by PersistentLevel
[2017.11.02-01.00.26:879][891]LogLinker: Warning: Can't find file for asset '/Game/Levels/TutorialLevel_BuiltData' while loading NULL.
[2017.11.02-01.00.27:028][891]LogMaterial: Missing cached shader map for material Ebase, compiling. 
[2017.11.02-01.00.27:148][891]LogStaticMesh: Building static mesh Heartless_Model_polySurface9...
[2017.11.02-01.00.28:074][891]LogStaticMesh: Built static mesh [0.93s] /Game/ThirdPersonBP/Blueprints/Heartless_Model_polySurface9.Heartless_Model_polySurface9
[2017.11.02-01.00.28:112][891]LogMaterial: Missing cached shader map for material blinn2, compiling. 
[2017.11.02-01.00.28:158][891]LogMaterial: Missing cached shader map for material blinn1, compiling. 
[2017.11.02-01.00.28:268][891]LogAIModule: Creating AISystem for world TutorialLevel
[2017.11.02-01.00.28:358][891]Cmd: MAP LOAD FILE="../../../../../../Penn/F17/CIS568/HoG/Hand_of_God/Runner/Content/Levels/TutorialLevel.umap" TEMPLATE=0 SHOWPROGRESS=1 FEATURELEVEL=3
[2017.11.02-01.00.28:358][891]LightingResults: New page: Lighting Build
[2017.11.02-01.00.28:359][891]LoadErrors: New page: Loading map: TutorialLevel.umap
[2017.11.02-01.00.28:376][891]MapCheck: New page: Map Check
[2017.11.02-01.00.28:376][891]LightingResults: New page: Lighting Build
[2017.11.02-01.00.28:423][891]LogEditorServer: Finished looking for orphan Actors (0.000 secs)
[2017.11.02-01.00.28:458][891]Cmd: MAP CHECKDEP NOCLEARLOG
[2017.11.02-01.00.28:512][891]MapCheck: Map check complete: 0 Error(s), 0 Warning(s), took 54.323ms to complete.
[2017.11.02-01.00.28:512][891]LogFileHelpers: Loading map 'TutorialLevel' took 0.165
[2017.11.02-01.00.30:627][107]LogTemp: Repeating last play command: Selected Viewport
[2017.11.02-01.00.30:738][107]LogBlueprintUserMessages: Early PlayInEditor Detection: Level '/Game/Levels/TutorialLevel.TutorialLevel:PersistentLevel' has LevelScriptBlueprint '/Game/Levels/TutorialLevel.TutorialLevel:PersistentLevel.TutorialLevel' with GeneratedClass '/Game/Levels/TutorialLevel.TutorialLevel_C' with ClassGeneratedBy '/Game/Levels/TutorialLevel.TutorialLevel:PersistentLevel.TutorialLevel'
[2017.11.02-01.00.30:745][107]LogPlayLevel: PlayLevel: No blueprints needed recompiling
[2017.11.02-01.00.30:791][107]PIE: New page: PIE session: TutorialLevel (Nov 1, 2017, 5:00:30 PM)
[2017.11.02-01.00.30:808][107]LogPlayLevel: Creating play world package: /Game/Levels/UEDPIE_0_TutorialLevel
[2017.11.02-01.00.30:866][107]LogPlayLevel: PIE: StaticDuplicateObject took: (0.058329s)
[2017.11.02-01.00.30:867][107]LogAIModule: Creating AISystem for world TutorialLevel
[2017.11.02-01.00.30:867][107]LogPlayLevel: PIE: World Init took: (0.000926s)
[2017.11.02-01.00.30:875][107]LogPlayLevel: PIE: Created PIE world by copying editor world from /Game/Levels/TutorialLevel.TutorialLevel to /Game/Levels/UEDPIE_0_TutorialLevel.TutorialLevel (0.072251s)
[2017.11.02-01.00.30:893][107]LogInit: XAudio2 using 'Speakers (Realtek High Definition Audio)' : 2 channels at 48 kHz using 32 bits per sample (channel mask 0x3)
[2017.11.02-01.00.30:907][107]LogInit: FAudioDevice initialized.
[2017.11.02-01.00.30:988][107]LogLoad: Game class is 'ThirdPersonGameMode_C'
[2017.11.02-01.00.31:101][107]LogWorld: Bringing World /Game/Levels/UEDPIE_0_TutorialLevel.TutorialLevel up for play (max tick rate 0) at 2017.11.01-21.00.31
[2017.11.02-01.00.31:155][107]LogWorld: Bringing up level for play took: 0.055887
[2017.11.02-01.00.31:244][107]LogContentBrowser: Native class hierarchy updated for 'MovieSceneCapture' in 0.0008 seconds. Added 11 classes and 0 folders.
[2017.11.02-01.00.31:313][107]PIE: Play in editor start time for /Game/Levels/UEDPIE_0_TutorialLevel 0.725
[2017.11.02-01.00.31:314][107]LogBlueprintUserMessages: Late PlayInEditor Detection: Level '/Game/Levels/TutorialLevel.TutorialLevel:PersistentLevel' has LevelScriptBlueprint '/Game/Levels/TutorialLevel.TutorialLevel:PersistentLevel.TutorialLevel' with GeneratedClass '/Game/Levels/TutorialLevel.TutorialLevel_C' with ClassGeneratedBy '/Game/Levels/TutorialLevel.TutorialLevel:PersistentLevel.TutorialLevel'
[2017.11.02-01.00.37:582][836]LogBlueprintUserMessages: [NODE_AddChildActorComponent-3_CrystalBP_C_CAT_358] Crystal
[2017.11.02-01.00.38:668][964]LogBlueprintUserMessages: Early EndPlayMap Detection: Level '/Game/Levels/TutorialLevel.TutorialLevel:PersistentLevel' has LevelScriptBlueprint '/Game/Levels/TutorialLevel.TutorialLevel:PersistentLevel.TutorialLevel' with GeneratedClass '/Game/Levels/TutorialLevel.TutorialLevel_C' with ClassGeneratedBy '/Game/Levels/TutorialLevel.TutorialLevel:PersistentLevel.TutorialLevel'
[2017.11.02-01.00.38:741][964]LogBlueprintUserMessages: Late EndPlayMap Detection: Level '/Game/Levels/TutorialLevel.TutorialLevel:PersistentLevel' has LevelScriptBlueprint '/Game/Levels/TutorialLevel.TutorialLevel:PersistentLevel.TutorialLevel' with GeneratedClass '/Game/Levels/TutorialLevel.TutorialLevel_C' with ClassGeneratedBy '/Game/Levels/TutorialLevel.TutorialLevel:PersistentLevel.TutorialLevel'
[2017.11.02-01.00.41:150][250]Cmd: SELECT NONE
[2017.11.02-01.00.44:689][652]LogEditorViewport: Clicking on Actor (LMB): NavMeshBoundsVolume (NavMeshBoundsVolume)
[2017.11.02-01.00.44:917][652]LogEditorViewport: Clicking on Actor (double click): NavMeshBoundsVolume (NavMeshBoundsVolume)
[2017.11.02-01.01.16:539][438]LogEditorViewport: Clicking on Actor (LMB): TriggerBox (TriggerBox)
[2017.11.02-01.01.40:334][ 78]LogContentBrowser: Native class hierarchy updated for 'BlueprintGraph' in 0.0007 seconds. Added 113 classes and 0 folders.
[2017.11.02-01.01.40:775][ 78]LogSlate: Took 0.000204 seconds to synchronously load lazily loaded font '../../../Engine/Content/Editor/Slate/Fonts/Roboto-BoldCondensed.ttf' (158K)
[2017.11.02-01.01.41:091][ 79]LogSlate: Took 0.011301 seconds to synchronously load lazily loaded font '../../../Engine/Content/Editor/Slate/Fonts/Roboto-Italic.ttf' (157K)
[2017.11.02-01.01.56:194][330]Cmd: MAP LOAD FILE="../../../../../../Penn/F17/CIS568/HoG/Hand_of_God/Runner/Content/Levels/TutorialLevel.umap" TEMPLATE=0 SHOWPROGRESS=1 FEATURELEVEL=3
[2017.11.02-01.01.56:195][330]LightingResults: New page: Lighting Build
[2017.11.02-01.01.56:195][330]LoadErrors: New page: Loading map: TutorialLevel.umap
[2017.11.02-01.01.56:196][330]MapCheck: New page: Map Check
[2017.11.02-01.01.56:196][330]LightingResults: New page: Lighting Build
[2017.11.02-01.01.56:214][330]LogLinker: Warning: Can't find file '/Game/Levels/TutorialLevel_BuiltData'
[2017.11.02-01.01.56:214][330]LogLinker: Warning: Can't find file for asset '/Game/Levels/TutorialLevel_BuiltData' while loading ../../../../../../Penn/F17/CIS568/HoG/Hand_of_God/Runner/Content/Levels/TutorialLevel.umap.
[2017.11.02-01.01.56:214][330]LoadErrors: Error: /Game/Levels/TutorialLevel : Can't find file for asset. /Game/Levels/TutorialLevel_BuiltData
[2017.11.02-01.01.56:215][330]LogLinker: Warning: Can't find file '/Game/Levels/TutorialLevel_BuiltData'
[2017.11.02-01.01.56:215][330]LogLinker: Warning: Can't find file for asset '/Game/Levels/TutorialLevel_BuiltData' while loading ../../../../../../Penn/F17/CIS568/HoG/Hand_of_God/Runner/Content/Levels/TutorialLevel.umap.
[2017.11.02-01.01.56:226][330]LogLinker: Warning: Can't find file '/Game/Levels/TutorialLevel_BuiltData'
[2017.11.02-01.01.56:226][330]LogLinker: Warning: Can't find file for asset '/Game/Levels/TutorialLevel_BuiltData' while loading NULL.
[2017.11.02-01.01.56:226][330]LogLinker: Warning: Can't find file '/Game/Levels/TutorialLevel_BuiltData'
[2017.11.02-01.01.56:226][330]LogLinker: Warning: Can't find file for asset '/Game/Levels/TutorialLevel_BuiltData' while loading NULL.
[2017.11.02-01.01.56:239][330]LogLinker: Warning: Can't find file '/Game/Levels/TutorialLevel_BuiltData'
[2017.11.02-01.01.56:239][330]LoadErrors: Failed to load /Game/Levels/TutorialLevel_BuiltData.TutorialLevel_BuiltData Referenced by PersistentLevel
[2017.11.02-01.01.56:239][330]LogLinker: Warning: Can't find file for asset '/Game/Levels/TutorialLevel_BuiltData' while loading NULL.
[2017.11.02-01.01.56:253][330]LogAIModule: Creating AISystem for world TutorialLevel
[2017.11.02-01.01.56:261][330]LogEditorServer: Finished looking for orphan Actors (0.000 secs)
[2017.11.02-01.01.56:298][330]Cmd: MAP CHECKDEP NOCLEARLOG
[2017.11.02-01.01.56:341][330]MapCheck: Map check complete: 0 Error(s), 0 Warning(s), took 43.649ms to complete.
[2017.11.02-01.01.56:343][330]LogSlate: Took 0.000137 seconds to synchronously load lazily loaded font '../../../Engine/Content/Slate/Fonts/Roboto-Regular.ttf' (155K)
[2017.11.02-01.01.56:347][330]LogFileHelpers: Loading map 'TutorialLevel' took 0.154
[2017.11.02-01.02.12:379][172]LogEditorViewport: Clicking on Component (LMB): BoxComponent (CollisionComp)
[2017.11.02-01.02.53:827][595]LogEditorViewport: Clicking on Actor (LMB): FloorTileEndBP_C (FloorTileEndBP)
[2017.11.02-01.02.54:687][694]LogEditorViewport: Clicking on Actor (LMB): FloorTileEndBP_C (FloorTileEndBP)
[2017.11.02-01.02.55:156][749]LogEditorViewport: Clicking on Actor (LMB): FloorTileEndBP_C (FloorTileEndBP)
[2017.11.02-01.03.03:150][696]Cmd: DELETE
[2017.11.02-01.03.03:150][696]Cmd: ACTOR DELETE
[2017.11.02-01.03.03:199][696]LogEditorActor: Deleted Actor: TriggerBox
[2017.11.02-01.03.03:214][696]LogEditorActor: Deleted 1 Actors (0.063 secs)
[2017.11.02-01.03.03:874][775]LogEditorViewport: Clicking on Actor (LMB): FloorTileEndBP_C (FloorTileEndBP)
[2017.11.02-01.03.04:281][821]LogEditorViewport: Clicking on Actor (LMB): TriggerBox (TriggerBox)
[2017.11.02-01.03.23:272][971]Cmd: TRANSACTION UNDO
[2017.11.02-01.03.23:272][971]LogEditorTransaction: Undo Replace Actor(s) with blueprint
[2017.11.02-01.03.25:345][213]Cmd: TRANSACTION UNDO
[2017.11.02-01.03.25:345][213]LogEditorTransaction: Undo Clicking on Actors
[2017.11.02-01.03.26:001][290]Cmd: TRANSACTION UNDO
[2017.11.02-01.03.26:001][290]LogEditorTransaction: Undo Clicking on Actors
[2017.11.02-01.03.26:577][359]Cmd: TRANSACTION UNDO
[2017.11.02-01.03.26:577][359]LogEditorTransaction: Undo Delete Actors
[2017.11.02-01.03.27:572][475]Cmd: TRANSACTION UNDO
[2017.11.02-01.03.27:572][475]LogEditorTransaction: Undo Create Actors
[2017.11.02-01.03.27:728][492]Cmd: TRANSACTION UNDO
[2017.11.02-01.03.27:728][492]LogEditorTransaction: Undo Clicking on Actors
[2017.11.02-01.03.27:874][509]Cmd: TRANSACTION UNDO
[2017.11.02-01.03.27:874][509]LogEditorTransaction: Undo Clicking on Actors
[2017.11.02-01.03.28:043][529]Cmd: TRANSACTION UNDO
[2017.11.02-01.03.28:043][529]LogEditorTransaction: Undo Clicking on Actors
[2017.11.02-01.03.28:204][545]Cmd: TRANSACTION UNDO
[2017.11.02-01.03.28:204][545]LogEditorTransaction: Undo Clicking on Actors (context menu)
[2017.11.02-01.03.30:602][811]LogSavePackage: Save=67.37ms
[2017.11.02-01.03.30:602][811]LogSavePackage: Moving '../../../../../../Penn/F17/CIS568/HoG/Hand_of_God/Runner/Saved/TriggerBox_BlueprintEB8521244A22BC0A460F848229061D15.tmp' to '../../../../../../Penn/F17/CIS568/HoG/Hand_of_God/Runner/Content/ThirdPersonBP/Blueprints/TriggerBox_Blueprint.uasset'
[2017.11.02-01.03.30:605][811]LogSavePackage: Display: Finished SavePackage ../../../../../../Penn/F17/CIS568/HoG/Hand_of_God/Runner/Content/ThirdPersonBP/Blueprints/TriggerBox_Blueprint.uasset
[2017.11.02-01.03.31:213][883]LogTemp: Repeating last play command: Selected Viewport
[2017.11.02-01.03.31:225][883]LogBlueprintUserMessages: Early PlayInEditor Detection: Level '/Game/Levels/TutorialLevel.TutorialLevel:PersistentLevel' has LevelScriptBlueprint '/Game/Levels/TutorialLevel.TutorialLevel:PersistentLevel.TutorialLevel' with GeneratedClass '/Game/Levels/TutorialLevel.TutorialLevel_C' with ClassGeneratedBy '/Game/Levels/TutorialLevel.TutorialLevel:PersistentLevel.TutorialLevel'
[2017.11.02-01.03.31:225][883]LogPlayLevel: PlayLevel: No blueprints needed recompiling
[2017.11.02-01.03.31:225][883]PIE: New page: PIE session: TutorialLevel (Nov 1, 2017, 5:03:31 PM)
[2017.11.02-01.03.31:225][883]LogPlayLevel: Creating play world package: /Game/Levels/UEDPIE_0_TutorialLevel
[2017.11.02-01.03.31:230][883]LogPlayLevel: PIE: StaticDuplicateObject took: (0.004279s)
[2017.11.02-01.03.31:230][883]LogAIModule: Creating AISystem for world TutorialLevel
[2017.11.02-01.03.31:230][883]LogPlayLevel: PIE: World Init took: (0.000571s)
[2017.11.02-01.03.31:230][883]LogPlayLevel: PIE: Created PIE world by copying editor world from /Game/Levels/TutorialLevel.TutorialLevel to /Game/Levels/UEDPIE_0_TutorialLevel.TutorialLevel (0.005042s)
[2017.11.02-01.03.31:243][883]LogInit: XAudio2 using 'Speakers (Realtek High Definition Audio)' : 2 channels at 48 kHz using 32 bits per sample (channel mask 0x3)
[2017.11.02-01.03.31:253][883]LogInit: FAudioDevice initialized.
[2017.11.02-01.03.31:286][883]LogLoad: Game class is 'ThirdPersonGameMode_C'
[2017.11.02-01.03.31:288][883]LogWorld: Bringing World /Game/Levels/UEDPIE_0_TutorialLevel.TutorialLevel up for play (max tick rate 0) at 2017.11.01-21.03.31
[2017.11.02-01.03.31:288][883]LogWorld: Bringing up level for play took: 0.001494
[2017.11.02-01.03.31:290][883]PIE: Play in editor start time for /Game/Levels/UEDPIE_0_TutorialLevel 0.701
[2017.11.02-01.03.31:290][883]LogBlueprintUserMessages: Late PlayInEditor Detection: Level '/Game/Levels/TutorialLevel.TutorialLevel:PersistentLevel' has LevelScriptBlueprint '/Game/Levels/TutorialLevel.TutorialLevel:PersistentLevel.TutorialLevel' with GeneratedClass '/Game/Levels/TutorialLevel.TutorialLevel_C' with ClassGeneratedBy '/Game/Levels/TutorialLevel.TutorialLevel:PersistentLevel.TutorialLevel'
[2017.11.02-01.03.34:067][214]LogBlueprintUserMessages: [NODE_AddChildActorComponent-2_LightShardBP_C_CAT_2] Light Shard! You have:
[2017.11.02-01.03.34:086][214]LogBlueprintUserMessages: [NODE_AddChildActorComponent-2_LightShardBP_C_CAT_2] 3
[2017.11.02-01.03.36:183][466]LogBlueprintUserMessages: [NODE_AddChildActorComponent-2_LightShardBP_C_CAT_13] Light Shard! You have:
[2017.11.02-01.03.36:183][466]LogBlueprintUserMessages: [NODE_AddChildActorComponent-2_LightShardBP_C_CAT_13] 4
[2017.11.02-01.03.36:582][514]LogBlueprintUserMessages: [NODE_AddChildActorComponent-3_CrystalBP_C_CAT_348] Crystal
[2017.11.02-01.03.37:591][635]LogBlueprintUserMessages: [NODE_AddChildActorComponent-2_LightShardBP_C_CAT_4] Light Shard! You have:
[2017.11.02-01.03.37:591][635]LogBlueprintUserMessages: [NODE_AddChildActorComponent-2_LightShardBP_C_CAT_4] 5
[2017.11.02-01.03.38:258][715]LogBlueprintUserMessages: [NODE_AddChildActorComponent-3_CrystalBP_C_CAT_346] Crystal
[2017.11.02-01.03.41:526][107]LogBlueprintUserMessages: Early EndPlayMap Detection: Level '/Game/Levels/TutorialLevel.TutorialLevel:PersistentLevel' has LevelScriptBlueprint '/Game/Levels/TutorialLevel.TutorialLevel:PersistentLevel.TutorialLevel' with GeneratedClass '/Game/Levels/TutorialLevel.TutorialLevel_C' with ClassGeneratedBy '/Game/Levels/TutorialLevel.TutorialLevel:PersistentLevel.TutorialLevel'
[2017.11.02-01.03.41:568][107]LogBlueprintUserMessages: Late EndPlayMap Detection: Level '/Game/Levels/TutorialLevel.TutorialLevel:PersistentLevel' has LevelScriptBlueprint '/Game/Levels/TutorialLevel.TutorialLevel:PersistentLevel.TutorialLevel' with GeneratedClass '/Game/Levels/TutorialLevel.TutorialLevel_C' with ClassGeneratedBy '/Game/Levels/TutorialLevel.TutorialLevel:PersistentLevel.TutorialLevel'
[2017.11.02-01.03.47:159][532]Cmd: QUIT_EDITOR
[2017.11.02-01.03.47:228][532]LogWindowsTextInputMethodSystem: Display: IME system now deactivated.
[2017.11.02-01.03.47:235][532]LogExit: Preparing to exit.
[2017.11.02-01.03.48:190][532]LogDirectoryWatcher: A directory notification for 'D:/Penn/F17/CIS568/HoG/Hand_of_God/Runner/Content/' was aborted.
[2017.11.02-01.03.48:214][532]LogExit: Editor shut down
[2017.11.02-01.03.48:216][532]LogExit: Transaction tracking system shut down
[2017.11.02-01.03.48:444][532]LogDirectoryWatcher: A directory notification for '../../../Engine/Content/' was aborted.
[2017.11.02-01.03.48:444][532]LogDirectoryWatcher: A directory notification for '../../../../../../Penn/F17/CIS568/HoG/Hand_of_God/Runner/Content/' was aborted.
[2017.11.02-01.03.48:444][532]LogDirectoryWatcher: A directory notification for '../../../Engine/Plugins/2D/Paper2D/Content/' was aborted.
[2017.11.02-01.03.48:444][532]LogDirectoryWatcher: A directory notification for '../../../Engine/Plugins/Runtime/Oculus/OculusVR/Content/' was aborted.
[2017.11.02-01.03.48:444][532]LogDirectoryWatcher: A directory notification for '../../../Engine/Plugins/Runtime/Steam/SteamVR/Content/' was aborted.
[2017.11.02-01.03.48:498][532]LogExit: Object subsystem successfully closed.
[2017.11.02-01.03.48:511][532]LogD3D11RHI: Shutdown
[2017.11.02-01.03.48:511][532]LogD3D11RHI: CleanupD3DDevice
[2017.11.02-01.03.48:582][532]LogD3D11RHI: ~FD3D11DynamicRHI
[2017.11.02-01.03.48:588][532]LogModuleManager: Shutting down and abandoning module BlueprintGraph (536)
[2017.11.02-01.03.48:588][532]LogModuleManager: Shutting down and abandoning module BlueprintProfiler (534)
[2017.11.02-01.03.48:588][532]LogModuleManager: Shutting down and abandoning module MovieSceneCapture (532)
[2017.11.02-01.03.48:588][532]LogModuleManager: Shutting down and abandoning module HierarchicalLODOutliner (530)
[2017.11.02-01.03.48:588][532]LogModuleManager: Shutting down and abandoning module SceneOutliner (528)
[2017.11.02-01.03.48:588][532]LogModuleManager: Shutting down and abandoning module AddContentDialog (526)
[2017.11.02-01.03.48:588][532]LogDirectoryWatcher: A directory notification for 'D:/Programs/Unreal/UE_4.17/FeaturePacks/' was aborted.
[2017.11.02-01.03.48:589][532]LogModuleManager: Shutting down and abandoning module WidgetCarousel (525)
[2017.11.02-01.03.48:589][532]LogModuleManager: Shutting down and abandoning module EditorWidgets (522)
[2017.11.02-01.03.48:589][532]LogModuleManager: Shutting down and abandoning module CollectionManager (520)
[2017.11.02-01.03.48:589][532]LogDirectoryWatcher: A directory notification for 'D:/Penn/F17/CIS568/HoG/Hand_of_God/Runner/Content/Collections/' was aborted.
[2017.11.02-01.03.48:589][532]LogDirectoryWatcher: A directory notification for 'D:/Penn/F17/CIS568/HoG/Hand_of_God/Runner/Content/Developers/Jon/Collections/' was aborted.
[2017.11.02-01.03.48:589][532]LogDirectoryWatcher: A directory notification for 'D:/Penn/F17/CIS568/HoG/Hand_of_God/Runner/Saved/Collections/' was aborted.
[2017.11.02-01.03.48:589][532]LogModuleManager: Shutting down and abandoning module StatsViewer (518)
[2017.11.02-01.03.48:589][532]LogModuleManager: Shutting down and abandoning module FoliageEdit (516)
[2017.11.02-01.03.48:589][532]LogModuleManager: Shutting down and abandoning module LandscapeEditor (514)
[2017.11.02-01.03.48:589][532]LogModuleManager: Shutting down and abandoning module MeshPaintMode (512)
[2017.11.02-01.03.48:589][532]LogModuleManager: Shutting down and abandoning module SceneDepthPickerMode (510)
[2017.11.02-01.03.48:589][532]LogModuleManager: Shutting down and abandoning module ActorPickerMode (508)
[2017.11.02-01.03.48:589][532]LogModuleManager: Shutting down and abandoning module GeometryMode (506)
[2017.11.02-01.03.48:589][532]LogModuleManager: Shutting down and abandoning module TextureAlignMode (504)
[2017.11.02-01.03.48:589][532]LogModuleManager: Shutting down and abandoning module BspMode (502)
[2017.11.02-01.03.48:589][532]LogModuleManager: Shutting down and abandoning module PIEPreviewDeviceProfileSelector (500)
[2017.11.02-01.03.48:590][532]LogModuleManager: Shutting down and abandoning module HardwareSurvey (498)
[2017.11.02-01.03.48:590][532]LogModuleManager: Shutting down and abandoning module SequenceRecorderSections (496)
[2017.11.02-01.03.48:590][532]LogModuleManager: Shutting down and abandoning module AutomationWorker (494)
[2017.11.02-01.03.48:590][532]LogModuleManager: Shutting down and abandoning module MatineeToLevelSequence (492)
[2017.11.02-01.03.48:590][532]LogModuleManager: Shutting down and abandoning module LevelSequenceEditor (490)
[2017.11.02-01.03.48:590][532]LogModuleManager: Shutting down and abandoning module PlacementMode (489)
[2017.11.02-01.03.48:590][532]LogModuleManager: Shutting down and abandoning module WmfMediaFactory (486)
[2017.11.02-01.03.48:590][532]LogModuleManager: Shutting down and abandoning module WmfMediaEditor (484)
[2017.11.02-01.03.48:590][532]LogModuleManager: Shutting down and abandoning module AvfMediaFactory (482)
[2017.11.02-01.03.48:590][532]LogModuleManager: Shutting down and abandoning module AvfMediaEditor (480)
[2017.11.02-01.03.48:590][532]LogModuleManager: Shutting down and abandoning module AndroidMediaFactory (478)
[2017.11.02-01.03.48:590][532]LogModuleManager: Shutting down and abandoning module Media (477)
[2017.11.02-01.03.48:590][532]LogModuleManager: Shutting down and abandoning module AndroidMediaEditor (474)
[2017.11.02-01.03.48:590][532]LogModuleManager: Shutting down and abandoning module CharacterAI (472)
[2017.11.02-01.03.48:590][532]LogModuleManager: Shutting down and abandoning module AudioCapture (470)
[2017.11.02-01.03.48:590][532]LogModuleManager: Shutting down and abandoning module SequenceRecorder (469)
[2017.11.02-01.03.48:590][532]LogModuleManager: Shutting down and abandoning module SmartSnapping (466)
[2017.11.02-01.03.48:590][532]LogModuleManager: Shutting down and abandoning module SessionServices (464)
[2017.11.02-01.03.48:590][532]LogModuleManager: Shutting down and abandoning module ViewportSnapping (462)
[2017.11.02-01.03.48:590][532]LogModuleManager: Shutting down and abandoning module ViewportInteraction (460)
[2017.11.02-01.03.48:590][532]LogModuleManager: Shutting down and abandoning module ClothPainter (458)
[2017.11.02-01.03.48:590][532]LogModuleManager: Shutting down and abandoning module LogVisualizer (456)
[2017.11.02-01.03.48:590][532]LogModuleManager: Shutting down and abandoning module IntroTutorials (454)
[2017.11.02-01.03.48:590][532]LogModuleManager: Shutting down and abandoning module GameProjectGeneration (453)
[2017.11.02-01.03.48:590][532]LogModuleManager: Shutting down and abandoning module IOSPlatformEditor (450)
[2017.11.02-01.03.48:590][532]LogModuleManager: Shutting down and abandoning module HTML5PlatformEditor (448)
[2017.11.02-01.03.48:590][532]LogModuleManager: Shutting down and abandoning module AndroidPlatformEditor (446)
[2017.11.02-01.03.48:590][532]LogModuleManager: Shutting down and abandoning module AndroidDeviceDetection (445)
[2017.11.02-01.03.48:741][532]LogModuleManager: Shutting down and abandoning module WindowsPlatformEditor (442)
[2017.11.02-01.03.48:741][532]LogModuleManager: Shutting down and abandoning module IOSRuntimeSettings (440)
[2017.11.02-01.03.48:741][532]LogModuleManager: Shutting down and abandoning module AndroidRuntimeSettings (438)
[2017.11.02-01.03.48:741][532]LogModuleManager: Shutting down and abandoning module InputBindingEditor (436)
[2017.11.02-01.03.48:741][532]LogModuleManager: Shutting down and abandoning module MergeActors (434)
[2017.11.02-01.03.48:741][532]LogModuleManager: Shutting down and abandoning module SizeMap (432)
[2017.11.02-01.03.48:741][532]LogModuleManager: Shutting down and abandoning module TreeMap (430)
[2017.11.02-01.03.48:741][532]LogModuleManager: Shutting down and abandoning module ReferenceViewer (428)
[2017.11.02-01.03.48:741][532]LogModuleManager: Shutting down and abandoning module LocalizationDashboard (426)
[2017.11.02-01.03.48:741][532]LogModuleManager: Shutting down and abandoning module LocalizationService (425)
[2017.11.02-01.03.48:741][532]LogModuleManager: Shutting down and abandoning module HardwareTargeting (422)
[2017.11.02-01.03.48:741][532]LogModuleManager: Shutting down and abandoning module DeviceProfileEditor (420)
[2017.11.02-01.03.48:741][532]LogModuleManager: Shutting down and abandoning module UndoHistory (418)
[2017.11.02-01.03.48:741][532]LogModuleManager: Shutting down and abandoning module XmlParser (416)
[2017.11.02-01.03.48:741][532]LogModuleManager: Shutting down and abandoning module Blutility (414)
[2017.11.02-01.03.48:741][532]LogModuleManager: Shutting down and abandoning module ProjectSettingsViewer (412)
[2017.11.02-01.03.48:741][532]LogModuleManager: Shutting down and abandoning module ProjectTargetPlatformEditor (411)
[2017.11.02-01.03.48:741][532]LogModuleManager: Shutting down and abandoning module EditorSettingsViewer (408)
[2017.11.02-01.03.48:742][532]LogModuleManager: Shutting down and abandoning module SettingsEditor (406)
[2017.11.02-01.03.48:742][532]LogModuleManager: Shutting down and abandoning module ProjectLauncher (404)
[2017.11.02-01.03.48:742][532]LogModuleManager: Shutting down and abandoning module SessionFrontend (402)
[2017.11.02-01.03.48:742][532]LogModuleManager: Shutting down and abandoning module ProfilerClient (400)
[2017.11.02-01.03.48:742][532]LogModuleManager: Shutting down and abandoning module DeviceManager (398)
[2017.11.02-01.03.48:742][532]LogModuleManager: Shutting down and abandoning module TargetDeviceServices (397)
[2017.11.02-01.03.48:806][532]LogModuleManager: Shutting down and abandoning module AutomationController (394)
[2017.11.02-01.03.48:806][532]LogModuleManager: Shutting down and abandoning module AutomationWindow (392)
[2017.11.02-01.03.48:806][532]LogModuleManager: Shutting down and abandoning module Layers (390)
[2017.11.02-01.03.48:806][532]LogModuleManager: Shutting down and abandoning module ComponentVisualizers (388)
[2017.11.02-01.03.48:806][532]LogModuleManager: Shutting down and abandoning module DetailCustomizations (386)
[2017.11.02-01.03.48:806][532]LogModuleManager: Shutting down and abandoning module PackagesDialog (384)
[2017.11.02-01.03.48:806][532]LogModuleManager: Shutting down and abandoning module Persona (382)
[2017.11.02-01.03.48:806][532]LogModuleManager: Shutting down and abandoning module AdvancedPreviewScene (381)
[2017.11.02-01.03.48:806][532]LogModuleManager: Shutting down and abandoning module AnimGraph (379)
[2017.11.02-01.03.48:806][532]LogModuleManager: Shutting down and abandoning module Kismet (376)
[2017.11.02-01.03.48:811][532]LogModuleManager: Shutting down and abandoning module ClassViewer (374)
[2017.11.02-01.03.48:811][532]LogModuleManager: Shutting down and abandoning module Toolbox (372)
[2017.11.02-01.03.48:811][532]LogModuleManager: Shutting down and abandoning module ModuleUI (370)
[2017.11.02-01.03.48:811][532]LogModuleManager: Shutting down and abandoning module MovieSceneTools (368)
[2017.11.02-01.03.48:811][532]LogModuleManager: Shutting down and abandoning module OutputLog (366)
[2017.11.02-01.03.48:811][532]LogModuleManager: Shutting down and abandoning module GammaUI (364)
[2017.11.02-01.03.48:811][532]LogModuleManager: Shutting down and abandoning module Documentation (362)
[2017.11.02-01.03.48:811][532]LogModuleManager: Shutting down and abandoning module MovieSceneTracks (360)
[2017.11.02-01.03.48:811][532]LogModuleManager: Shutting down and abandoning module MovieScene (358)
[2017.11.02-01.03.48:811][532]LogModuleManager: Shutting down and abandoning module Niagara (356)
[2017.11.02-01.03.48:811][532]LogModuleManager: Shutting down and abandoning module NiagaraEditor (355)
[2017.11.02-01.03.48:811][532]LogModuleManager: Shutting down and abandoning module StreamingPauseRendering (352)
[2017.11.02-01.03.48:811][532]LogModuleManager: Shutting down and abandoning module LauncherPlatform (350)
[2017.11.02-01.03.48:811][532]LogModuleManager: Shutting down and abandoning module AnalyticsET (348)
[2017.11.02-01.03.48:811][532]LogModuleManager: Shutting down and abandoning module PortalServices (346)
[2017.11.02-01.03.48:811][532]LogModuleManager: Shutting down and abandoning module PortalRpc (344)
[2017.11.02-01.03.48:811][532]LogModuleManager: Shutting down and abandoning module MessagingRpc (342)
[2017.11.02-01.03.48:811][532]LogModuleManager: Shutting down and abandoning module AIModule (340)
[2017.11.02-01.03.48:811][532]LogModuleManager: Shutting down and abandoning module GameplayDebugger (339)
[2017.11.02-01.03.48:811][532]LogModuleManager: Shutting down and abandoning module AITestSuite (337)
[2017.11.02-01.03.48:811][532]LogModuleManager: Shutting down and abandoning module ProfilerService (334)
[2017.11.02-01.03.48:963][532]LogModuleManager: Shutting down and abandoning module TaskGraph (332)
[2017.11.02-01.03.48:963][532]LogModuleManager: Shutting down and abandoning module SteamVRController (330)
[2017.11.02-01.03.48:963][532]LogModuleManager: Shutting down and abandoning module ProceduralMeshComponentEditor (328)
[2017.11.02-01.03.48:963][532]LogModuleManager: Shutting down and abandoning module ProceduralMeshComponent (326)
[2017.11.02-01.03.48:963][532]LogModuleManager: Shutting down and abandoning module OculusInput (324)
[2017.11.02-01.03.48:963][532]LogModuleManager: Shutting down and abandoning module MobilePatchingUtils (322)
[2017.11.02-01.03.48:963][532]LogModuleManager: Shutting down and abandoning module CustomMeshComponent (320)
[2017.11.02-01.03.48:963][532]LogModuleManager: Shutting down and abandoning module CableComponent (318)
[2017.11.02-01.03.48:964][532]LogModuleManager: Shutting down and abandoning module ArchVisCharacter (316)
[2017.11.02-01.03.48:964][532]LogModuleManager: Shutting down and abandoning module AndroidPermission (314)
[2017.11.02-01.03.48:964][532]LogModuleManager: Shutting down and abandoning module MediaPlayerEditor (310)
[2017.11.02-01.03.48:964][532]LogModuleManager: Shutting down and abandoning module HTML5Networking (308)
[2017.11.02-01.03.48:964][532]LogModuleManager: Shutting down and abandoning module AlembicImporter (306)
[2017.11.02-01.03.48:964][532]LogModuleManager: Shutting down and abandoning module AlembicLibrary (305)
[2017.11.02-01.03.48:964][532]LogModuleManager: Shutting down and abandoning module GeometryCache (304)
[2017.11.02-01.03.48:964][532]LogModuleManager: Shutting down and abandoning module GeometryCacheEd (303)
[2017.11.02-01.03.48:964][532]LogModuleManager: Shutting down and abandoning module SpeedTreeImporter (298)
[2017.11.02-01.03.48:964][532]LogModuleManager: Shutting down and abandoning module PluginBrowser (296)
[2017.11.02-01.03.48:964][532]LogModuleManager: Shutting down and abandoning module MobileLauncherProfileWizard (294)
[2017.11.02-01.03.48:964][532]LogModuleManager: Shutting down and abandoning module VisualStudioSourceCodeAccess (292)
[2017.11.02-01.03.48:965][532]LogModuleManager: Shutting down and abandoning module DesktopPlatform (291)
[2017.11.02-01.03.48:965][532]LogModuleManager: Shutting down and abandoning module UObjectPlugin (288)
[2017.11.02-01.03.48:965][532]LogModuleManager: Shutting down and abandoning module SubversionSourceControl (286)
[2017.11.02-01.03.48:965][532]LogModuleManager: Shutting down and abandoning module PerforceSourceControl (284)
[2017.11.02-01.03.48:965][532]LogModuleManager: Shutting down and abandoning module GitSourceControl (282)
[2017.11.02-01.03.48:965][532]LogModuleManager: Shutting down and abandoning module SourceControl (281)
[2017.11.02-01.03.48:965][532]LogModuleManager: Shutting down and abandoning module LightPropagationVolumeEditor (278)
[2017.11.02-01.03.48:965][532]LogModuleManager: Shutting down and abandoning module PaperTiledImporter (276)
[2017.11.02-01.03.48:965][532]LogModuleManager: Shutting down and abandoning module PaperSpriteSheetImporter (274)
[2017.11.02-01.03.48:965][532]LogModuleManager: Shutting down and abandoning module Paper2DEditor (272)
[2017.11.02-01.03.48:966][532]LogModuleManager: Shutting down and abandoning module MeshPaint (271)
[2017.11.02-01.03.48:966][532]LogModuleManager: Shutting down and abandoning module LevelEditor (269)
[2017.11.02-01.03.48:968][532]LogModuleManager: Shutting down and abandoning module PixelInspectorModule (268)
[2017.11.02-01.03.48:968][532]LogModuleManager: Shutting down and abandoning module MainFrame (266)
[2017.11.02-01.03.48:968][532]LogModuleManager: Shutting down and abandoning module HotReload (265)
[2017.11.02-01.03.48:969][532]LogModuleManager: Shutting down and abandoning module RuntimePhysXCooking (260)
[2017.11.02-01.03.48:969][532]LogModuleManager: Shutting down and abandoning module PhysXVehiclesEditor (258)
[2017.11.02-01.03.48:969][532]LogModuleManager: Shutting down and abandoning module PhysXVehicles (256)
[2017.11.02-01.03.48:969][532]LogModuleManager: Shutting down and abandoning module OculusEditor (254)
[2017.11.02-01.03.48:969][532]LogModuleManager: Shutting down and abandoning module LocationServicesBPLibrary (252)
[2017.11.02-01.03.48:969][532]LogModuleManager: Shutting down and abandoning module ImmediatePhysicsEditor (250)
[2017.11.02-01.03.48:969][532]LogModuleManager: Shutting down and abandoning module ImmediatePhysics (248)
[2017.11.02-01.03.48:969][532]LogModuleManager: Shutting down and abandoning module UdpMessaging (246)
[2017.11.02-01.03.49:071][532]LogModuleManager: Shutting down and abandoning module TcpMessaging (244)
[2017.11.02-01.03.49:172][532]LogModuleManager: Shutting down and abandoning module GameplayTagsEditor (242)
[2017.11.02-01.03.49:172][532]LogModuleManager: Shutting down and abandoning module FacialAnimationEditor (240)
[2017.11.02-01.03.49:172][532]LogModuleManager: Shutting down and abandoning module FacialAnimation (238)
[2017.11.02-01.03.49:172][532]LogModuleManager: Shutting down and abandoning module AssetManagerEditor (236)
[2017.11.02-01.03.49:172][532]LogModuleManager: Shutting down and abandoning module GraphEditor (235)
[2017.11.02-01.03.49:172][532]LogModuleManager: Shutting down and abandoning module ContentBrowser (233)
[2017.11.02-01.03.49:172][532]LogModuleManager: Shutting down and abandoning module LightPropagationVolumeRuntime (230)
[2017.11.02-01.03.49:172][532]LogModuleManager: Shutting down and abandoning module Paper2D (228)
[2017.11.02-01.03.49:172][532]LogModuleManager: Shutting down and abandoning module WindowsMoviePlayer (226)
[2017.11.02-01.03.49:172][532]LogModuleManager: Shutting down and abandoning module WmfMedia (224)
[2017.11.02-01.03.49:174][532]LogModuleManager: Shutting down and abandoning module PacketHandler (222)
[2017.11.02-01.03.49:174][532]LogModuleManager: Shutting down and abandoning module ClothingSystemEditor (220)
[2017.11.02-01.03.49:174][532]LogModuleManager: Shutting down and abandoning module ClothingSystemRuntime (218)
[2017.11.02-01.03.49:174][532]LogModuleManager: Shutting down and abandoning module Overlay (216)
[2017.11.02-01.03.49:174][532]LogModuleManager: Shutting down and abandoning module OverlayEditor (215)
[2017.11.02-01.03.49:174][532]LogModuleManager: Shutting down and abandoning module MediaAssets (212)
[2017.11.02-01.03.49:174][532]LogModuleManager: Shutting down and abandoning module VREditor (210)
[2017.11.02-01.03.49:174][532]LogModuleManager: Shutting down and abandoning module StringTableEditor (208)
[2017.11.02-01.03.49:174][532]LogModuleManager: Shutting down and abandoning module GameplayTasksEditor (206)
[2017.11.02-01.03.49:174][532]LogModuleManager: Shutting down and abandoning module BehaviorTreeEditor (204)
[2017.11.02-01.03.49:174][532]LogModuleManager: Shutting down and abandoning module FunctionalTesting (202)
[2017.11.02-01.03.49:174][532]LogModuleManager: Shutting down and abandoning module CollisionAnalyzer (200)
[2017.11.02-01.03.49:174][532]LogModuleManager: Shutting down and abandoning module WorkspaceMenuStructure (199)
[2017.11.02-01.03.49:174][532]LogModuleManager: Shutting down and abandoning module UMG (196)
[2017.11.02-01.03.49:174][532]LogModuleManager: Shutting down and abandoning module UMGEditor (195)
[2017.11.02-01.03.49:174][532]LogModuleManager: Shutting down and abandoning module Sequencer (194)
[2017.11.02-01.03.49:174][532]LogModuleManager: Shutting down and abandoning module MessageLog (191)
[2017.11.02-01.03.49:174][532]LogModuleManager: Shutting down and abandoning module SlateReflector (186)
[2017.11.02-01.03.49:174][532]LogModuleManager: Shutting down and abandoning module Slate (184)
[2017.11.02-01.03.49:174][532]LogModuleManager: Shutting down and abandoning module EditorStyle (182)
[2017.11.02-01.03.49:175][532]LogModuleManager: Shutting down and abandoning module MRMesh (180)
[2017.11.02-01.03.49:175][532]LogModuleManager: Shutting down and abandoning module SourceCodeAccess (178)
[2017.11.02-01.03.49:175][532]LogModuleManager: Shutting down and abandoning module HeadMountedDisplay (176)
[2017.11.02-01.03.49:175][532]LogModuleManager: Shutting down and abandoning module XAudio2 (174)
[2017.11.02-01.03.49:175][532]LogModuleManager: Shutting down and abandoning module Networking (172)
[2017.11.02-01.03.49:175][532]LogModuleManager: Shutting down and abandoning module Core (168)
[2017.11.02-01.03.49:175][532]LogModuleManager: Shutting down and abandoning module KismetCompiler (164)
[2017.11.02-01.03.49:175][532]LogModuleManager: Shutting down and abandoning module LevelSequence (162)
[2017.11.02-01.03.49:175][532]LogModuleManager: Shutting down and abandoning module MeshUtilities (160)
[2017.11.02-01.03.49:175][532]LogModuleManager: Shutting down and abandoning module MeshMergeUtilities (159)
[2017.11.02-01.03.49:175][532]LogModuleManager: Shutting down and abandoning module MeshReductionInterface (158)
[2017.11.02-01.03.49:175][532]LogModuleManager: Shutting down and abandoning module SimplygonSwarm (157)
[2017.11.02-01.03.49:175][532]LogModuleManager: Shutting down and abandoning module SimplygonMeshReduction (155)
[2017.11.02-01.03.49:175][532]LogModuleManager: Shutting down and abandoning module QuadricMeshReduction (153)
[2017.11.02-01.03.49:175][532]LogModuleManager: Shutting down and abandoning module MaterialBaking (149)
[2017.11.02-01.03.49:175][532]LogModuleManager: Shutting down and abandoning module DirectoryWatcher (146)
[2017.11.02-01.03.49:176][532]LogModuleManager: Shutting down and abandoning module DerivedDataCache (144)
[2017.11.02-01.03.49:269][532]LogDerivedDataCache: Shutdown
[2017.11.02-01.03.49:269][532]LogModuleManager: Shutting down and abandoning module TargetPlatform (142)
[2017.11.02-01.03.49:269][532]LogModuleManager: Shutting down and abandoning module VulkanShaderFormat (141)
[2017.11.02-01.03.49:269][532]LogModuleManager: Shutting down and abandoning module ShaderFormatVectorVM (139)
[2017.11.02-01.03.49:269][532]LogModuleManager: Shutting down and abandoning module ShaderFormatOpenGL (137)
[2017.11.02-01.03.49:269][532]LogModuleManager: Shutting down and abandoning module ShaderFormatD3D (135)
[2017.11.02-01.03.49:269][532]LogModuleManager: Shutting down and abandoning module MetalShaderFormat (133)
[2017.11.02-01.03.49:269][532]LogModuleManager: Shutting down and abandoning module TextureFormatUncompressed (131)
[2017.11.02-01.03.49:269][532]LogModuleManager: Shutting down and abandoning module TextureFormatPVR (129)
[2017.11.02-01.03.49:269][532]LogModuleManager: Shutting down and abandoning module TextureFormatDXT (127)
[2017.11.02-01.03.49:269][532]LogModuleManager: Shutting down and abandoning module TextureFormatIntelISPCTexComp (125)
[2017.11.02-01.03.49:269][532]LogModuleManager: Shutting down and abandoning module TextureFormatASTC (123)
[2017.11.02-01.03.49:269][532]LogModuleManager: Shutting down and abandoning module ImageWrapper (122)
[2017.11.02-01.03.49:269][532]LogModuleManager: Shutting down and abandoning module TextureFormatAndroid (119)
[2017.11.02-01.03.49:269][532]LogModuleManager: Shutting down and abandoning module AudioFormatOpus (117)
[2017.11.02-01.03.49:269][532]LogModuleManager: Shutting down and abandoning module AudioFormatOgg (115)
[2017.11.02-01.03.49:269][532]LogModuleManager: Shutting down and abandoning module AudioFormatADPCM (113)
[2017.11.02-01.03.49:269][532]LogModuleManager: Shutting down and abandoning module LinuxTargetPlatform (111)
[2017.11.02-01.03.49:269][532]LogModuleManager: Shutting down and abandoning module LinuxServerTargetPlatform (109)
[2017.11.02-01.03.49:269][532]LogModuleManager: Shutting down and abandoning module LinuxNoEditorTargetPlatform (107)
[2017.11.02-01.03.49:269][532]LogModuleManager: Shutting down and abandoning module LinuxClientTargetPlatform (105)
[2017.11.02-01.03.49:269][532]LogModuleManager: Shutting down and abandoning module TVOSTargetPlatform (103)
[2017.11.02-01.03.49:269][532]LogModuleManager: Shutting down and abandoning module Messaging (101)
[2017.11.02-01.03.49:269][532]LogModuleManager: Shutting down and abandoning module IOSTargetPlatform (99)
[2017.11.02-01.03.49:269][532]LogModuleManager: Shutting down and abandoning module HTML5TargetPlatform (97)
[2017.11.02-01.03.49:269][532]LogModuleManager: Shutting down and abandoning module Android_PVRTCTargetPlatform (95)
[2017.11.02-01.03.49:269][532]LogModuleManager: Shutting down and abandoning module Android_MultiTargetPlatform (93)
[2017.11.02-01.03.49:269][532]LogModuleManager: Shutting down and abandoning module Android_ETC2TargetPlatform (91)
[2017.11.02-01.03.49:269][532]LogModuleManager: Shutting down and abandoning module Android_ETC1TargetPlatform (89)
[2017.11.02-01.03.49:269][532]LogModuleManager: Shutting down and abandoning module Android_DXTTargetPlatform (87)
[2017.11.02-01.03.49:269][532]LogModuleManager: Shutting down and abandoning module Android_ATCTargetPlatform (85)
[2017.11.02-01.03.49:270][532]LogModuleManager: Shutting down and abandoning module Android_ASTCTargetPlatform (83)
[2017.11.02-01.03.49:270][532]LogModuleManager: Shutting down and abandoning module AndroidTargetPlatform (81)
[2017.11.02-01.03.49:270][532]LogModuleManager: Shutting down and abandoning module WindowsTargetPlatform (79)
[2017.11.02-01.03.49:270][532]LogModuleManager: Shutting down and abandoning module WindowsServerTargetPlatform (77)
[2017.11.02-01.03.49:270][532]LogModuleManager: Shutting down and abandoning module WindowsNoEditorTargetPlatform (75)
[2017.11.02-01.03.49:270][532]LogModuleManager: Shutting down and abandoning module WindowsClientTargetPlatform (73)
[2017.11.02-01.03.49:270][532]LogModuleManager: Shutting down and abandoning module MacTargetPlatform (71)
[2017.11.02-01.03.49:270][532]LogModuleManager: Shutting down and abandoning module MacServerTargetPlatform (69)
[2017.11.02-01.03.49:270][532]LogModuleManager: Shutting down and abandoning module MacNoEditorTargetPlatform (67)
[2017.11.02-01.03.49:270][532]LogModuleManager: Shutting down and abandoning module MacClientTargetPlatform (65)
[2017.11.02-01.03.49:270][532]LogModuleManager: Shutting down and abandoning module AllDesktopTargetPlatform (63)
[2017.11.02-01.03.49:270][532]LogModuleManager: Shutting down and abandoning module InputCore (60)
[2017.11.02-01.03.49:270][532]LogModuleManager: Shutting down and abandoning module Settings (58)
[2017.11.02-01.03.49:270][532]LogModuleManager: Shutting down and abandoning module PhysXCooking (56)
[2017.11.02-01.03.49:270][532]LogModuleManager: Shutting down and abandoning module SteamVR (54)
[2017.11.02-01.03.49:270][532]LogModuleManager: Shutting down and abandoning module OculusHMD (52)
[2017.11.02-01.03.49:270][532]LogModuleManager: Shutting down and abandoning module ExampleDeviceProfileSelector (50)
[2017.11.02-01.03.49:270][532]LogModuleManager: Shutting down and abandoning module OnlineBlueprintSupport (48)
[2017.11.02-01.03.49:270][532]LogModuleManager: Shutting down and abandoning module OnlineSubsystem (44)
[2017.11.02-01.03.49:270][532]LogOnline: Display: Unloading online subsystem: NULL
[2017.11.02-01.03.49:270][532]LogModuleManager: Shutting down and abandoning module XMPP (43)
[2017.11.02-01.03.49:270][532]LogModuleManager: Shutting down and abandoning module HTTP (41)
[2017.11.02-01.03.49:270][532]LogHttp: Display: Http module shutting down, but needs to wait on 1 outstanding Http requests:
[2017.11.02-01.03.49:270][532]LogHttp: Display: 	verb=[POST] url=[https://datarouter.ol.epicgames.com/datarouter/api/v1/public/data?SessionID=%7B5DF78634-472E-056B-6F4F-45BDAE416EC3%7D&AppID=UEEditor.Rocket.Release&AppVersion=4.17.2-3658906%2B%2B%2BUE4%2BRelease-4.17&UserID=dc06c3a648778669737131bc1944855a%7C025b25ab26e14f64a438f921eec84600%7Cd9262411-f6f9-4582-9de7-759547dd2ec7&AppEnvironment=datacollector-binary&UploadType=eteventstream] status=Processing
[2017.11.02-01.03.49:284][532]LogModuleManager: Shutting down and abandoning module SSL (40)
[2017.11.02-01.03.49:285][532]LogModuleManager: Shutting down and abandoning module AnimationModifiers (36)
[2017.11.02-01.03.49:285][532]LogModuleManager: Shutting down and abandoning module PropertyEditor (35)
[2017.11.02-01.03.49:285][532]LogModuleManager: Shutting down and abandoning module AudioEditor (32)
[2017.11.02-01.03.49:285][532]LogModuleManager: Shutting down and abandoning module TextureCompressor (30)
[2017.11.02-01.03.49:285][532]LogModuleManager: Shutting down and abandoning module ShaderCore (28)
[2017.11.02-01.03.49:285][532]LogModuleManager: Shutting down and abandoning module Landscape (26)
[2017.11.02-01.03.49:285][532]LogModuleManager: Shutting down and abandoning module SlateRHIRenderer (24)
[2017.11.02-01.03.49:286][532]LogModuleManager: Shutting down and abandoning module OpenGLDrv (22)
[2017.11.02-01.03.49:286][532]LogModuleManager: Shutting down and abandoning module D3D11RHI (20)
[2017.11.02-01.03.49:286][532]LogModuleManager: Shutting down and abandoning module AnimGraphRuntime (18)
[2017.11.02-01.03.49:286][532]LogModuleManager: Shutting down and abandoning module Renderer (16)
[2017.11.02-01.03.49:286][532]LogModuleManager: Shutting down and abandoning module Engine (14)
[2017.11.02-01.03.49:286][532]LogModuleManager: Shutting down and abandoning module CoreUObject (12)
[2017.11.02-01.03.49:286][532]LogModuleManager: Shutting down and abandoning module NetworkFile (10)
[2017.11.02-01.03.49:286][532]LogModuleManager: Shutting down and abandoning module CookedIterativeFile (8)
[2017.11.02-01.03.49:286][532]LogModuleManager: Shutting down and abandoning module StreamingFile (6)
[2017.11.02-01.03.49:286][532]LogModuleManager: Shutting down and abandoning module SandboxFile (4)
[2017.11.02-01.03.49:286][532]LogModuleManager: Shutting down and abandoning module PakFile (2)
[2017.11.02-01.03.49:288][532]LogExit: Exiting.
[2017.11.02-01.03.49:296][532]Log file closed, 11/01/17 21:03:49
