Log file open, 10/31/17 16:11:34
LogWindows: Failed to load 'aqProf.dll' (GetLastError=126)
LogWindows: File 'aqProf.dll' does not exist
LogWindows: Failed to load 'VtuneApi.dll' (GetLastError=126)
LogWindows: File 'VtuneApi.dll' does not exist
LogWindows: Failed to load 'VtuneApi32e.dll' (GetLastError=126)
LogWindows: File 'VtuneApi32e.dll' does not exist
LogInit: Display: Running engine for game: Runner
LogPlatformFile: Not using cached read wrapper
LogInit: Display: RandInit(1283425724) SRandInit(1283425724).
LogTaskGraph: Started task graph with 5 named threads and 14 total threads with 3 sets of task threads.
LogStats: Stats thread started at 0.163709
LogD3D11RHI: Aftermath initialized
LogPluginManager: Mounting plugin Paper2D
LogPluginManager: Mounting plugin LightPropagationVolume
LogPluginManager: Mounting plugin CodeLiteSourceCodeAccess
LogPluginManager: Mounting plugin GitSourceControl
LogPluginManager: Mounting plugin KDevelopSourceCodeAccess
LogPluginManager: Mounting plugin NullSourceCodeAccess
LogPluginManager: Mounting plugin PerforceSourceControl
LogPluginManager: Mounting plugin SubversionSourceControl
LogPluginManager: Mounting plugin UObjectPlugin
LogPluginManager: Mounting plugin VisualStudioSourceCodeAccess
LogPluginManager: Mounting plugin XCodeSourceCodeAccess
LogPluginManager: Mounting plugin AssetManagerEditor
LogPluginManager: Mounting plugin AudioCapture
LogPluginManager: Mounting plugin FacialAnimation
LogPluginManager: Mounting plugin GameplayTagsEditor
LogPluginManager: Mounting plugin MobileLauncherProfileWizard
LogPluginManager: Mounting plugin PluginBrowser
LogPluginManager: Mounting plugin SpeedTreeImporter
LogPluginManager: Mounting plugin AlembicImporter
LogPluginManager: Mounting plugin CharacterAI
LogPluginManager: Mounting plugin HTML5Networking
LogPluginManager: Mounting plugin AndroidMedia
LogPluginManager: Mounting plugin AvfMedia
LogPluginManager: Mounting plugin MediaPlayerEditor
LogPluginManager: Mounting plugin WmfMedia
LogPluginManager: Mounting plugin TcpMessaging
LogPluginManager: Mounting plugin UdpMessaging
LogPluginManager: Mounting plugin LevelSequenceEditor
LogPluginManager: Mounting plugin MatineeToLevelSequence
LogPluginManager: Mounting plugin OnlineSubsystemGooglePlay
LogPluginManager: Mounting plugin OnlineSubsystemIOS
LogPluginManager: Mounting plugin OnlineSubsystem
LogPluginManager: Mounting plugin OnlineSubsystemNull
LogPluginManager: Mounting plugin OnlineSubsystemUtils
LogPluginManager: Mounting plugin AndroidDeviceProfileSelector
LogPluginManager: Mounting plugin AndroidMoviePlayer
LogPluginManager: Mounting plugin AndroidPermission
LogPluginManager: Mounting plugin AppleMoviePlayer
LogPluginManager: Mounting plugin ArchVisCharacter
LogPluginManager: Mounting plugin CableComponent
LogPluginManager: Mounting plugin CustomMeshComponent
LogPluginManager: Mounting plugin ExampleDeviceProfileSelector
LogPluginManager: Mounting plugin GoogleCloudMessaging
LogPluginManager: Mounting plugin ImmediatePhysics
LogPluginManager: Mounting plugin IOSDeviceProfileSelector
LogPluginManager: Mounting plugin LinuxDeviceProfileSelector
LogPluginManager: Mounting plugin LocationServicesBPLibrary
LogPluginManager: Mounting plugin MobilePatchingUtils
LogPluginManager: Mounting plugin OculusVR
LogPluginManager: Mounting plugin PhysXVehicles
LogPluginManager: Mounting plugin ProceduralMeshComponent
LogPluginManager: Mounting plugin RuntimePhysXCooking
LogPluginManager: Mounting plugin SteamVR
LogPluginManager: Mounting plugin WindowsMoviePlayer
LogInit: Using libcurl 7.47.1
LogInit:  - built for x86_64-pc-win32
LogInit:  - supports SSL with OpenSSL/1.0.2g
LogInit:  - supports HTTP deflate (compression) using libz 1.2.8
LogInit:  - other features:
LogInit:      CURL_VERSION_SSL
LogInit:      CURL_VERSION_LIBZ
LogInit:      CURL_VERSION_IPV6
LogInit:      CURL_VERSION_ASYNCHDNS
LogInit:      CURL_VERSION_LARGEFILE
LogInit:      CURL_VERSION_IDN
LogInit:  CurlRequestOptions (configurable via config and command line):
LogInit:  - bVerifyPeer = false  - Libcurl will NOT verify peer certificate
LogInit:  - bUseHttpProxy = false  - Libcurl will NOT use HTTP proxy
LogInit:  - bDontReuseConnections = false  - Libcurl will reuse connections
LogInit:  - CertBundlePath = nullptr  - Libcurl will use whatever was configured at build time.
LogHMD: Failed initializing OVRPlugin 1.15.0
LogInit: Build: ++UE4+Release-4.17-CL-3658906
LogInit: Engine Version: 4.17.2-3658906+++UE4+Release-4.17
LogInit: Compatible Engine Version: 4.17.0-3573198+++UE4+Release-4.17
LogInit: Net CL: 3573198
LogDevObjectVersion: Number of dev versions registered: 16
LogDevObjectVersion:   Dev-Blueprints (B0D832E4-1F89-4F0D-ACCF-7EB736FD4AA2): 10
LogDevObjectVersion:   Dev-Build (E1C64328-A22C-4D53-A36C-8E866417BD8C): 0
LogDevObjectVersion:   Dev-Core (375EC13C-06E4-48FB-B500-84F0262A717E): 2
LogDevObjectVersion:   Dev-Editor (E4B068ED-F494-42E9-A231-DA0B2E46BB41): 20
LogDevObjectVersion:   Dev-Framework (CFFC743F-43B0-4480-9391-14DF171D2073): 28
LogDevObjectVersion:   Dev-Mobile (B02B49B5-BB20-44E9-A304-32B752E40360): 0
LogDevObjectVersion:   Dev-Networking (A4E4105C-59A1-49B5-A7C5-40C4547EDFEE): 0
LogDevObjectVersion:   Dev-Online (39C831C9-5AE6-47DC-9A44-9C173E1C8E7C): 0
LogDevObjectVersion:   Dev-Physics (78F01B33-EBEA-4F98-B9B4-84EACCB95AA2): 0
LogDevObjectVersion:   Dev-Platform (6631380F-2D4D-43E0-8009-CF276956A95A): 0
LogDevObjectVersion:   Dev-Rendering (12F88B9F-8875-4AFC-A67C-D90C383ABD29): 19
LogDevObjectVersion:   Dev-Sequencer (7B5AE74C-D270-4C10-A958-57980B212A5A): 4
LogDevObjectVersion:   Dev-VR (D7296918-1DD6-4BDD-9DE2-64A83CC13884): 0
LogDevObjectVersion:   Dev-LoadTimes (C2A15278-BFE7-4AFE-6C17-90FF531DF755): 1
LogDevObjectVersion:   Private-Geometry (6EACA3D4-40EC-4CC1-B786-8BED09428FC5): 1
LogDevObjectVersion:   Dev-AnimPhys (29E575DD-E0A3-4627-9D10-D276232CDCEA): 7
LogInit: Compiled (64-bit): Sep 22 2017 13:47:16
LogInit: Compiled with Visual C++: 19.00.24215.01
LogInit: Build Configuration: Development
LogInit: Branch Name: ++UE4+Release-4.17
LogInit: Command line:  
LogInit: Base directory: C:/Program Files/Epic Games/UE_4.17/Engine/Binaries/Win64/
LogInit: Installed Engine Build: 1
LogInit: Presizing for max 8388607 objects, including 0 objects not considered by GC, pre-allocating 0 bytes for permanent pool.
LogInit: Object subsystem initialized
[2017.10.31-20.11.35:149][  0]LogInit: Selected Device Profile: [Windows]
[2017.10.31-20.11.35:149][  0]LogInit: Applying CVar settings loaded from the selected device profile: [Windows]
[2017.10.31-20.11.35:159][  0]LogInit: Computer: SIGLAB-VR2
[2017.10.31-20.11.35:159][  0]LogInit: User: SIG
[2017.10.31-20.11.35:159][  0]LogInit: CPU Page size=4096, Cores=4
[2017.10.31-20.11.35:159][  0]LogInit: High frequency timer resolution =3.604939 MHz
[2017.10.31-20.11.35:159][  0]LogMemory: Memory total: Physical=31.9GB (32GB approx)
[2017.10.31-20.11.35:159][  0]LogMemory: Platform Memory Stats for Windows
[2017.10.31-20.11.35:159][  0]LogMemory: Process Physical Memory: 283.32 MB used, 283.32 MB peak
[2017.10.31-20.11.35:159][  0]LogMemory: Process Virtual Memory: 283.66 MB used, 283.66 MB peak
[2017.10.31-20.11.35:159][  0]LogMemory: Physical Memory: 8452.42 MB used,  24237.98 MB free, 32690.41 MB total
[2017.10.31-20.11.35:159][  0]LogMemory: Virtual Memory: 706.14 MB used,  24237.98 MB free, 134217728.00 MB total
[2017.10.31-20.11.35:303][  0]LogInit: Using OS detected language (en-US).
[2017.10.31-20.11.35:303][  0]LogInit: Using OS detected locale (en-US).
[2017.10.31-20.11.35:305][  0]LogTextLocalizationManager: No specific localization for 'en-US' exists, so the 'en' localization will be used.
[2017.10.31-20.11.35:915][  0]LogD3D11RHI: D3D11 adapters:
[2017.10.31-20.11.35:943][  0]LogD3D11RHI:    0. 'NVIDIA GeForce GTX 1070' (Feature Level 11_0)
[2017.10.31-20.11.35:943][  0]LogD3D11RHI:       8145/0/16345 MB DedicatedVideo/DedicatedSystem/SharedSystem, Outputs:2, VendorId:0x10de
[2017.10.31-20.11.35:945][  0]LogD3D11RHI:    1. 'Microsoft Basic Render Driver' (Feature Level 11_0)
[2017.10.31-20.11.35:945][  0]LogD3D11RHI:       0/0/16345 MB DedicatedVideo/DedicatedSystem/SharedSystem, Outputs:0, VendorId:0x1414
[2017.10.31-20.11.35:945][  0]LogD3D11RHI: Chosen D3D11 Adapter: 0
[2017.10.31-20.11.35:949][  0]LogD3D11RHI: Creating new Direct3DDevice
[2017.10.31-20.11.35:949][  0]LogD3D11RHI:     GPU DeviceId: 0x1b81 (for the marketing name, search the web for "GPU Device Id")
[2017.10.31-20.11.35:949][  0]LogWindows: EnumDisplayDevices:
[2017.10.31-20.11.35:950][  0]LogWindows:    0. 'NVIDIA GeForce GTX 1070' (P:1 D:1)
[2017.10.31-20.11.35:950][  0]LogWindows:    1. 'NVIDIA GeForce GTX 1070' (P:0 D:1)
[2017.10.31-20.11.35:950][  0]LogWindows:    2. 'NVIDIA GeForce GTX 1070' (P:0 D:0)
[2017.10.31-20.11.35:950][  0]LogWindows:    3. 'NVIDIA GeForce GTX 1070' (P:0 D:0)
[2017.10.31-20.11.35:950][  0]LogWindows: DebugString: FoundDriverCount:4 
[2017.10.31-20.11.35:950][  0]LogD3D11RHI:     Adapter Name: NVIDIA GeForce GTX 1070
[2017.10.31-20.11.35:950][  0]LogD3D11RHI:   Driver Version: 376.51 (internal:21.21.13.7651, unified:376.51)
[2017.10.31-20.11.35:950][  0]LogD3D11RHI:      Driver Date: 12-25-2016
[2017.10.31-20.11.35:950][  0]LogRHI: Texture pool is 1361 MB (70% of 1945 MB)
[2017.10.31-20.11.35:966][  0]LogD3D11RHI: Async texture creation enabled
[2017.10.31-20.11.35:976][  0]LogD3D11RHI: GPU Timing Frequency: 1000.000000 (Debug: 2 1)
[2017.10.31-20.11.36:064][  0]LogShaderCompilers: Guid format shader working directory is -28 characters bigger than the processId version (../../../../../../Users/SIG/Desktop/JonLee/HandOfGod/Hand_of_God/Runner/Intermediate/Shaders/WorkingDirectory/92460/).
[2017.10.31-20.11.36:064][  0]LogShaderCompilers: Cleaned the shader compiler working directory 'C:/Users/SIG/AppData/Local/Temp/UnrealShaderWorkingDir/14D0E9BE48BF5A0DE3F8D78BA87E907D/'.
[2017.10.31-20.11.36:064][  0]LogShaderCompilers: Display: Using Local Shader Compiler.
[2017.10.31-20.11.36:893][  0]LogTemp: Display: Loaded TP AllDesktopTargetPlatform
[2017.10.31-20.11.36:939][  0]LogTemp: Display: Loaded TP MacClientTargetPlatform
[2017.10.31-20.11.36:987][  0]LogTemp: Display: Loaded TP MacNoEditorTargetPlatform
[2017.10.31-20.11.37:030][  0]LogTemp: Display: Loaded TP MacServerTargetPlatform
[2017.10.31-20.11.37:081][  0]LogTemp: Display: Loaded TP MacTargetPlatform
[2017.10.31-20.11.37:130][  0]LogTemp: Display: Loaded TP WindowsClientTargetPlatform
[2017.10.31-20.11.37:176][  0]LogTemp: Display: Loaded TP WindowsNoEditorTargetPlatform
[2017.10.31-20.11.37:219][  0]LogTemp: Display: Loaded TP WindowsServerTargetPlatform
[2017.10.31-20.11.37:257][  0]LogTemp: Display: Loaded TP WindowsTargetPlatform
[2017.10.31-20.11.37:304][  0]LogTemp: Display: Loaded TP AndroidTargetPlatform
[2017.10.31-20.11.37:348][  0]LogTemp: Display: Loaded TP Android_ASTCTargetPlatform
[2017.10.31-20.11.37:392][  0]LogTemp: Display: Loaded TP Android_ATCTargetPlatform
[2017.10.31-20.11.37:437][  0]LogTemp: Display: Loaded TP Android_DXTTargetPlatform
[2017.10.31-20.11.37:481][  0]LogTemp: Display: Loaded TP Android_ETC1TargetPlatform
[2017.10.31-20.11.37:526][  0]LogTemp: Display: Loaded TP Android_ETC2TargetPlatform
[2017.10.31-20.11.37:624][  0]LogTemp: Display: Loaded TP Android_MultiTargetPlatform
[2017.10.31-20.11.37:624][  0]LogTemp: Display: Loaded TP Android_PVRTCTargetPlatform
[2017.10.31-20.11.37:660][  0]LogTemp: Display: Loaded TP HTML5TargetPlatform
[2017.10.31-20.11.37:748][  0]LogTemp: Display: Loaded TP IOSTargetPlatform
[2017.10.31-20.11.37:774][  0]LogTemp: Display: Loaded TP TVOSTargetPlatform
[2017.10.31-20.11.37:817][  0]LogTemp: Display: Loaded TP LinuxClientTargetPlatform
[2017.10.31-20.11.37:865][  0]LogTemp: Display: Loaded TP LinuxNoEditorTargetPlatform
[2017.10.31-20.11.37:909][  0]LogTemp: Display: Loaded TP LinuxServerTargetPlatform
[2017.10.31-20.11.37:951][  0]LogTemp: Display: Loaded TP LinuxTargetPlatform
[2017.10.31-20.11.37:951][  0]LogTargetPlatformManager: Display: Building Assets For Windows
[2017.10.31-20.11.38:381][  0]LogDerivedDataCache: Display: Max Cache Size: 512 MB
[2017.10.31-20.11.38:483][  0]LogDerivedDataCache: Loaded boot cache 0.10s 93MB C:/Users/SIG/AppData/Local/UnrealEngine/4.17/DerivedDataCache/Boot.ddc.
[2017.10.31-20.11.38:483][  0]LogDerivedDataCache: Display: Loaded Boot cache: C:/Users/SIG/AppData/Local/UnrealEngine/4.17/DerivedDataCache/Boot.ddc
[2017.10.31-20.11.38:483][  0]LogDerivedDataCache: FDerivedDataBackendGraph:  Pak pak cache file ../../../../../../Users/SIG/Desktop/JonLee/HandOfGod/Hand_of_God/Runner/DerivedDataCache/DDC.ddp not found, will not use a pak cache.
[2017.10.31-20.11.38:483][  0]LogDerivedDataCache: Unable to find inner node Pak for hierarchical cache Hierarchy.
[2017.10.31-20.11.38:483][  0]LogDerivedDataCache: FDerivedDataBackendGraph:  CompressedPak pak cache file ../../../../../../Users/SIG/Desktop/JonLee/HandOfGod/Hand_of_God/Runner/DerivedDataCache/Compressed.ddp not found, will not use a pak cache.
[2017.10.31-20.11.38:483][  0]LogDerivedDataCache: Unable to find inner node CompressedPak for hierarchical cache Hierarchy.
[2017.10.31-20.11.38:497][  0]LogDerivedDataCache: Display: Pak cache opened for reading ../../../Engine/DerivedDataCache/Compressed.ddp.
[2017.10.31-20.11.38:509][  0]LogDerivedDataCache: Using Local data cache path C:/Users/SIG/AppData/Local/UnrealEngine/Common/DerivedDataCache: Writable
[2017.10.31-20.11.38:518][  0]LogMaterial: Verifying Global Shaders for PCD3D_SM5
[2017.10.31-20.11.38:518][  0]LogSlate: Using Freetype 2.6.0
[2017.10.31-20.11.38:519][  0]LogSlate: SlateFontCache - WITH_FREETYPE: 1, WITH_HARFBUZZ: 1
[2017.10.31-20.11.38:519][  0]LogSlate: SlateFontCache - WITH_FREETYPE: 1, WITH_HARFBUZZ: 1
[2017.10.31-20.11.38:757][  0]LogAssetRegistry: FAssetRegistry took 0.0256 seconds to start up
[2017.10.31-20.11.38:854][  0]LogInit: Selected Device Profile: [Windows]
[2017.10.31-20.11.38:985][  0]LogContentStreaming: Texture pool size is 0.00 MB
[2017.10.31-20.11.39:238][  0]LogSimplygon: Simplygon DLL not present - disabling.
[2017.10.31-20.11.39:271][  0]LogMeshReduction: Using SimplygonSwarm for distributed automatic mesh merging
[2017.10.31-20.11.39:271][  0]LogMeshReduction: Using QuadricMeshReduction for automatic static mesh reduction
[2017.10.31-20.11.39:271][  0]LogMeshReduction: No automatic skeletal mesh reduction module available
[2017.10.31-20.11.39:271][  0]LogMeshReduction: No automatic mesh merging module available
[2017.10.31-20.11.39:271][  0]LogMeshMerging: No automatic mesh merging module available
[2017.10.31-20.11.39:577][  0]LogNetVersion: Runner , NetCL: 3573198, EngineNetVer: 2, GameNetVer: 0 (Checksum: 1549170253)
[2017.10.31-20.11.39:760][  0]LogPackageLocalizationCache: Processed 5 localized package path(s) for 2 prioritized culture(s) in 0.042927 seconds
[2017.10.31-20.11.39:766][  0]LogUObjectArray: 35825 objects as part of root set at end of initial load.
[2017.10.31-20.11.39:766][  0]LogUObjectAllocator: 7529112 out of 0 bytes used by permanent object pool.
[2017.10.31-20.11.39:766][  0]LogUObjectArray: CloseDisregardForGC: 0/0 objects in disregard for GC pool
[2017.10.31-20.11.39:821][  0]LogInit: WinSock: version 1.1 (2.2), MaxSocks=32767, MaxUdp=65467
[2017.10.31-20.11.42:103][  0]LogTcpMessaging: Initializing TcpMessaging bridge
[2017.10.31-20.11.42:141][  0]LogUdpMessaging: Initializing bridge on interface 0.0.0.0:0 to multicast group 230.0.0.1:6666.
[2017.10.31-20.11.42:699][  0]LogMaterial: Uniform references updated for custom material expression Custom.
[2017.10.31-20.11.43:057][  0]SourceControl: Source control is disabled
[2017.10.31-20.11.43:058][  0]SourceControl: Source control is disabled
[2017.10.31-20.11.43:104][  0]SourceControl: Source control is disabled
[2017.10.31-20.11.43:142][  0]SourceControl: Source control is disabled
[2017.10.31-20.11.43:636][  0]LogAndroidPermission: UAndroidPermissionCallbackProxy::GetInstance
[2017.10.31-20.11.43:832][  0]LogOcInput: OculusInput pre-init called
[2017.10.31-20.11.44:043][  0]LogEngine: Initializing Engine...
[2017.10.31-20.11.44:058][  0]LogHMD: Failed to initialize OpenVR with code 126
[2017.10.31-20.11.44:254][  0]LogStats: UGameplayTagsManager::ConstructGameplayTagTree: Construct from data asset -  0.000 s
[2017.10.31-20.11.44:254][  0]LogStats: UGameplayTagsManager::ConstructGameplayTagTree: GameplayTagTreeChangedEvent.Broadcast -  0.000 s
[2017.10.31-20.11.44:364][  0]LogAIModule: Creating AISystem for world Untitled
[2017.10.31-20.11.44:378][  0]LogInit: XAudio2 using 'DELL U2414H-0 (NVIDIA High Definition Audio)' : 2 channels at 48 kHz using 16 bits per sample (channel mask 0x3)
[2017.10.31-20.11.44:388][  0]LogInit: FAudioDevice initialized.
[2017.10.31-20.11.44:473][  0]LogDerivedDataCache: Saved boot cache 0.08s 93MB C:/Users/SIG/AppData/Local/UnrealEngine/4.17/DerivedDataCache/Boot.ddc.
[2017.10.31-20.11.44:483][  0]LogInit: Texture streaming: Enabled
[2017.10.31-20.11.44:575][  0]LogEngineSessionManager: EngineSessionManager initialized
[2017.10.31-20.11.44:756][  0]LogInit: Transaction tracking system initialized
[2017.10.31-20.11.45:001][  0]BlueprintLog: New page: Editor Load
[2017.10.31-20.11.45:716][  0]LocalizationService: Localization service is disabled
[2017.10.31-20.11.46:279][  0]LogConsoleResponse: Display: 
[2017.10.31-20.11.46:427][  0]LogCook: Display: Max memory allowance for cook 16384mb min free memory 0mb
[2017.10.31-20.11.46:427][  0]LogCook: Display: Mobile HDR setting 1
[2017.10.31-20.11.46:427][  0]LogGameplayTags: Display: UGameplayTagsManager::DoneAddingNativeTags. DelegateIsBound: 0
[2017.10.31-20.11.47:240][  0]LogFileCache: Scanning file cache for directory 'C:/Users/SIG/Desktop/JonLee/HandOfGod/Hand_of_God/Runner/Content/' took 0.01s
[2017.10.31-20.11.47:277][  0]SourceControl: Source control is disabled
[2017.10.31-20.11.47:277][  0]Cmd: MAP LOAD FILE="../../../../../../Users/SIG/Desktop/JonLee/HandOfGod/Hand_of_God/Runner/Content/ThirdPersonBP/Maps/ThirdPersonExampleMap.umap" TEMPLATE=0 SHOWPROGRESS=1 FEATURELEVEL=3
[2017.10.31-20.11.47:278][  0]LightingResults: New page: Lighting Build
[2017.10.31-20.11.47:311][  0]MapCheck: New page: Map Check
[2017.10.31-20.11.47:311][  0]LightingResults: New page: Lighting Build
[2017.10.31-20.11.47:638][  0]LogAIModule: Creating AISystem for world ThirdPersonExampleMap
[2017.10.31-20.11.47:641][  0]LogMaterial: Warning: Material /Game/Mateirals/Ebase.Ebase needed to have new flag set bUsedWithStaticLighting !
[2017.10.31-20.11.47:644][  0]LogMaterial: Missing cached shader map for material Ebase, compiling. 
[2017.10.31-20.11.47:681][  0]MapCheck: Warning: Ebase Material /Game/Mateirals/Ebase.Ebase was missing the usage flag bUsedWithStaticLighting. If the material asset is not re-saved, it may not render correctly when run outside the editor. Fix
[2017.10.31-20.11.47:684][  0]LogEditorServer: Finished looking for orphan Actors (0.000 secs)
[2017.10.31-20.11.47:706][  0]Cmd: MAP CHECKDEP NOCLEARLOG
[2017.10.31-20.11.47:761][  0]MapCheck: Map check complete: 0 Error(s), 1 Warning(s), took 54.792ms to complete.
[2017.10.31-20.11.47:779][  0]LogFileHelpers: Loading map 'ThirdPersonExampleMap' took 0.501
[2017.10.31-20.11.47:854][  0]LogWindowsTextInputMethodSystem: Display: IME system now deactivated.
[2017.10.31-20.11.47:946][  0]LogCollectionManager: Loaded 0 collections in 0.002121 seconds
[2017.10.31-20.11.48:040][  0]LogFileCache: Scanning file cache for directory 'C:/Users/SIG/Desktop/JonLee/HandOfGod/Hand_of_God/Runner/Saved/Collections/' took 0.01s
[2017.10.31-20.11.48:040][  0]LogFileCache: Scanning file cache for directory 'C:/Users/SIG/Desktop/JonLee/HandOfGod/Hand_of_God/Runner/Content/Developers/SIG/Collections/' took 0.01s
[2017.10.31-20.11.48:040][  0]LogFileCache: Scanning file cache for directory 'C:/Users/SIG/Desktop/JonLee/HandOfGod/Hand_of_God/Runner/Content/Collections/' took 0.01s
[2017.10.31-20.11.48:040][  0]LogCollectionManager: Rebuilt the GUID cache for 0 collections in 0.000000 seconds
[2017.10.31-20.11.48:050][  0]LogContentBrowser: Native class hierarchy populated in 0.0094 seconds. Added 2386 classes and 500 folders.
[2017.10.31-20.11.48:131][  0]LogContentBrowser: Native class hierarchy updated for 'WidgetCarousel' in 0.0006 seconds. Added 0 classes and 0 folders.
[2017.10.31-20.11.48:170][  0]LogContentBrowser: Native class hierarchy updated for 'AddContentDialog' in 0.0009 seconds. Added 0 classes and 0 folders.
[2017.10.31-20.11.48:222][  0]LogContentBrowser: Native class hierarchy updated for 'SceneOutliner' in 0.0006 seconds. Added 1 classes and 2 folders.
[2017.10.31-20.11.48:244][  0]LogSlate: Took 0.000205 seconds to synchronously load lazily loaded font '../../../Engine/Content/Slate/Fonts/Roboto-Regular.ttf' (155K)
[2017.10.31-20.11.48:246][  0]LogSlate: Took 0.000202 seconds to synchronously load lazily loaded font '../../../Engine/Content/Slate/Fonts/Roboto-Bold.ttf' (160K)
[2017.10.31-20.11.48:251][  0]LogSlate: Took 0.000175 seconds to synchronously load lazily loaded font '../../../Engine/Content/Editor/Slate/Fonts/FontAwesome.ttf' (139K)
[2017.10.31-20.11.48:370][  0]LogRenderer: Reallocating scene render targets to support 1208x580 Format 10 NumSamples 1 (Frame:1).
[2017.10.31-20.11.48:567][  0]LogContentBrowser: Native class hierarchy updated for 'HierarchicalLODOutliner' in 0.0006 seconds. Added 1 classes and 2 folders.
[2017.10.31-20.11.48:567][  0]LogLoad: (Engine Initialization) Total time: 15.31 seconds
[2017.10.31-20.11.48:568][  0]LogLoad: (Engine Initialization) Total Blueprint compile time: 0.00 seconds
[2017.10.31-20.11.48:568][  0]LogExternalProfiler: Found external profiler: VSPerf
[2017.10.31-20.11.48:568][  0]LogExternalProfiler: Using external profiler: VSPerf
[2017.10.31-20.11.48:594][  0]LogContentStreaming: Texture pool size now 1000 MB
[2017.10.31-20.11.48:622][  0]LogSlate: Took 0.000202 seconds to synchronously load lazily loaded font '../../../Engine/Content/Slate/Fonts/Roboto-Light.ttf' (159K)
[2017.10.31-20.11.48:651][  1]LogAssetRegistry: Asset discovery search completed in 9.9162 seconds
[2017.10.31-20.11.48:654][  1]LogCollectionManager: Rebuilt the object cache for 0 collections in 0.000001 seconds (found 0 objects)
[2017.10.31-20.11.48:654][  1]LogCollectionManager: Fixed up redirectors for 0 collections in 0.000081 seconds (updated 0 objects)
[2017.10.31-20.11.49:598][ 96]LogSlate: Took 0.000280 seconds to synchronously load lazily loaded font '../../../Engine/Content/Slate/Fonts/Roboto-Light.ttf' (159K)
[2017.10.31-20.12.11:039][423]LogSlate: Took 0.000135 seconds to synchronously load lazily loaded font '../../../Engine/Content/Slate/Fonts/Roboto-Light.ttf' (159K)
[2017.10.31-20.12.11:202][423]LogAIModule: Creating AISystem for world TutorialLevel
[2017.10.31-20.12.11:224][423]Cmd: MAP LOAD FILE="../../../../../../Users/SIG/Desktop/JonLee/HandOfGod/Hand_of_God/Runner/Content/Levels/TutorialLevel.umap" TEMPLATE=0 SHOWPROGRESS=1 FEATURELEVEL=3
[2017.10.31-20.12.11:224][423]LightingResults: New page: Lighting Build
[2017.10.31-20.12.11:224][423]LoadErrors: New page: Loading map: TutorialLevel.umap
[2017.10.31-20.12.11:225][423]MapCheck: New page: Map Check
[2017.10.31-20.12.11:225][423]LightingResults: New page: Lighting Build
[2017.10.31-20.12.11:245][423]LogEditorServer: Finished looking for orphan Actors (0.000 secs)
[2017.10.31-20.12.11:276][423]Cmd: MAP CHECKDEP NOCLEARLOG
[2017.10.31-20.12.11:326][423]MapCheck: Map check complete: 0 Error(s), 0 Warning(s), took 49.333ms to complete.
[2017.10.31-20.12.11:326][423]LogFileHelpers: Loading map 'TutorialLevel' took 0.103
[2017.10.31-20.17.10:049][ 38]LogEditorViewport: Clicking on Actor (LMB): FloorTileBP_C (FloorTileBP5)
[2017.10.31-20.17.13:849][482]Cmd: TRANSACTION UNDO
[2017.10.31-20.17.13:850][482]LogEditorTransaction: Undo Move Actors
[2017.10.31-20.17.25:007][809]LogEditorViewport: Clicking on Actor (LMB): BP_Sky_Sphere_C (Sky Sphere)
[2017.10.31-20.17.29:707][368]LogEditorViewport: Clicking on Actor (LMB): BP_Sky_Sphere_C (Sky Sphere)
[2017.10.31-20.17.30:181][423]LogEditorViewport: Clicking on Actor (LMB): SpecialBP_C (SpecialBP)
[2017.10.31-20.17.32:004][637]Cmd: TRANSACTION UNDO
[2017.10.31-20.17.32:004][637]LogEditorTransaction: Undo Move Actors
[2017.10.31-20.17.37:692][309]Cmd: TRANSACTION UNDO
[2017.10.31-20.17.37:692][309]LogEditorTransaction: Undo Move Actors
[2017.10.31-20.17.40:290][613]Cmd: TRANSACTION UNDO
[2017.10.31-20.17.40:290][613]LogEditorTransaction: Undo Move Actors
[2017.10.31-20.17.49:639][718]Cmd: TRANSACTION UNDO
[2017.10.31-20.17.49:639][718]LogEditorTransaction: Undo Move Actors
[2017.10.31-20.17.51:060][870]LogSavePackage: Save=66.62ms
[2017.10.31-20.17.51:060][870]LogSavePackage: Moving '../../../../../../Users/SIG/Desktop/JonLee/HandOfGod/Hand_of_God/Runner/Saved/TutorialLevel01FDF94F47376A259B0AF9BF0A83310A.tmp' to '../../../../../../Users/SIG/Desktop/JonLee/HandOfGod/Hand_of_God/Runner/Content/Levels/TutorialLevel.umap'
[2017.10.31-20.17.51:066][870]LogSavePackage: Display: Finished SavePackage ../../../../../../Users/SIG/Desktop/JonLee/HandOfGod/Hand_of_God/Runner/Content/Levels/TutorialLevel.umap
