Log file open, 11/08/17 22:44:46
LogWindows: Failed to load 'aqProf.dll' (GetLastError=126)
LogWindows: File 'aqProf.dll' does not exist
LogWindows: Failed to load 'VtuneApi.dll' (GetLastError=126)
LogWindows: File 'VtuneApi.dll' does not exist
LogWindows: Failed to load 'VtuneApi32e.dll' (GetLastError=126)
LogWindows: File 'VtuneApi32e.dll' does not exist
LogInit: Display: Running engine for game: Runner
LogPlatformFile: Not using cached read wrapper
LogInit: Display: RandInit(-1487265235) SRandInit(-1487265235).
LogInit: Read version file with build ID '3709383'
LogInit: Overriding engine version to CL 3709383, compatible CL 3709383
LogInit: Registered custom module enumerator with build ID '3709383'
LogTaskGraph: Started task graph with 5 named threads and 14 total threads with 3 sets of task threads.
LogStats: Stats thread started at 0.163545
LogD3D11RHI: Aftermath initialized
LogModuleManager: Display: Found up-to-date module file ../../../Engine/Plugins/2D/Paper2D/Binaries/Win64/UE4Editor-Paper2D.dll (API version 3709383).
LogModuleManager: Display: Found up-to-date module file ../../../Engine/Plugins/2D/Paper2D/Binaries/Win64/UE4Editor-Paper2DEditor.dll (API version 3709383).
LogModuleManager: Display: Found up-to-date module file ../../../Engine/Plugins/2D/Paper2D/Binaries/Win64/UE4Editor-PaperSpriteSheetImporter.dll (API version 3709383).
LogModuleManager: Display: Found up-to-date module file ../../../Engine/Plugins/2D/Paper2D/Binaries/Win64/UE4Editor-PaperTiledImporter.dll (API version 3709383).
LogModuleManager: Display: Found up-to-date module file ../../../Engine/Plugins/2D/Paper2D/Binaries/Win64/UE4Editor-SmartSnapping.dll (API version 3709383).
LogModuleManager: Display: Found up-to-date module file ../../../Engine/Plugins/Blendables/LightPropagationVolume/Binaries/Win64/UE4Editor-LightPropagationVolumeRuntime.dll (API version 3709383).
LogModuleManager: Display: Found up-to-date module file ../../../Engine/Plugins/Blendables/LightPropagationVolume/Binaries/Win64/UE4Editor-LightPropagationVolumeEditor.dll (API version 3709383).
LogModuleManager: Display: Found up-to-date module file ../../../Engine/Plugins/Developer/GitSourceControl/Binaries/Win64/UE4Editor-GitSourceControl.dll (API version 3709383).
LogModuleManager: Display: Found up-to-date module file ../../../Engine/Plugins/Developer/PerforceSourceControl/Binaries/Win64/UE4Editor-PerforceSourceControl.dll (API version 3709383).
LogModuleManager: Display: Found up-to-date module file ../../../Engine/Plugins/Developer/SubversionSourceControl/Binaries/Win64/UE4Editor-SubversionSourceControl.dll (API version 3709383).
LogModuleManager: Display: Found up-to-date module file ../../../Engine/Plugins/Developer/UObjectPlugin/Binaries/Win64/UE4Editor-UObjectPlugin.dll (API version 3709383).
LogModuleManager: Display: Found up-to-date module file ../../../Engine/Plugins/Developer/VisualStudioCodeSourceCodeAccess/Binaries/Win64/UE4Editor-VisualStudioCodeSourceCodeAccess.dll (API version 3709383).
LogModuleManager: Display: Found up-to-date module file ../../../Engine/Plugins/Developer/VisualStudioSourceCodeAccess/Binaries/Win64/UE4Editor-VisualStudioSourceCodeAccess.dll (API version 3709383).
LogModuleManager: Display: Found up-to-date module file ../../../Engine/Plugins/Editor/AssetManagerEditor/Binaries/Win64/UE4Editor-AssetManagerEditor.dll (API version 3709383).
LogModuleManager: Display: Found up-to-date module file ../../../Engine/Plugins/Editor/AudioCapture/Binaries/Win64/UE4Editor-AudioCapture.dll (API version 3709383).
LogModuleManager: Display: Found up-to-date module file ../../../Engine/Plugins/Editor/FacialAnimation/Binaries/Win64/UE4Editor-FacialAnimation.dll (API version 3709383).
LogModuleManager: Display: Found up-to-date module file ../../../Engine/Plugins/Editor/FacialAnimation/Binaries/Win64/UE4Editor-FacialAnimationEditor.dll (API version 3709383).
LogModuleManager: Display: Found up-to-date module file ../../../Engine/Plugins/Editor/GameplayTagsEditor/Binaries/Win64/UE4Editor-GameplayTagsEditor.dll (API version 3709383).
LogModuleManager: Display: Found up-to-date module file ../../../Engine/Plugins/Editor/MobileLauncherProfileWizard/Binaries/Win64/UE4Editor-MobileLauncherProfileWizard.dll (API version 3709383).
LogModuleManager: Display: Found up-to-date module file ../../../Engine/Plugins/Editor/PluginBrowser/Binaries/Win64/UE4Editor-PluginBrowser.dll (API version 3709383).
LogModuleManager: Display: Found up-to-date module file ../../../Engine/Plugins/Editor/SpeedTreeImporter/Binaries/Win64/UE4Editor-SpeedTreeImporter.dll (API version 3709383).
LogModuleManager: Display: Found up-to-date module file ../../../Engine/Plugins/Experimental/AlembicImporter/Binaries/Win64/UE4Editor-AlembicImporter.dll (API version 3709383).
LogModuleManager: Display: Found up-to-date module file ../../../Engine/Plugins/Experimental/AlembicImporter/Binaries/Win64/UE4Editor-AlembicLibrary.dll (API version 3709383).
LogModuleManager: Display: Found up-to-date module file ../../../Engine/Plugins/Experimental/CharacterAI/Binaries/Win64/UE4Editor-CharacterAI.dll (API version 3709383).
LogModuleManager: Display: Found up-to-date module file ../../../Engine/Plugins/Experimental/HTML5Networking/Binaries/Win64/UE4Editor-HTML5Networking.dll (API version 3709383).
LogModuleManager: Display: Found up-to-date module file ../../../Engine/Plugins/Media/AndroidMedia/Binaries/Win64/UE4Editor-AndroidMediaEditor.dll (API version 3709383).
LogModuleManager: Display: Found up-to-date module file ../../../Engine/Plugins/Media/AndroidMedia/Binaries/Win64/UE4Editor-AndroidMediaFactory.dll (API version 3709383).
LogModuleManager: Display: Found up-to-date module file ../../../Engine/Plugins/Media/AvfMedia/Binaries/Win64/UE4Editor-AvfMediaEditor.dll (API version 3709383).
LogModuleManager: Display: Found up-to-date module file ../../../Engine/Plugins/Media/AvfMedia/Binaries/Win64/UE4Editor-AvfMediaFactory.dll (API version 3709383).
LogModuleManager: Display: Found up-to-date module file ../../../Engine/Plugins/Media/AvfMedia/Binaries/Win64/UE4Editor-AvfMediaFactory.dll (API version 3709383).
LogModuleManager: Display: Found up-to-date module file ../../../Engine/Plugins/Media/ImgMedia/Binaries/Win64/UE4Editor-ImgMedia.dll (API version 3709383).
LogModuleManager: Display: Found up-to-date module file ../../../Engine/Plugins/Media/ImgMedia/Binaries/Win64/UE4Editor-ImgMediaEditor.dll (API version 3709383).
LogModuleManager: Display: Found up-to-date module file ../../../Engine/Plugins/Media/ImgMedia/Binaries/Win64/UE4Editor-ImgMediaFactory.dll (API version 3709383).
LogModuleManager: Display: Found up-to-date module file ../../../Engine/Plugins/Media/ImgMedia/Binaries/Win64/UE4Editor-ImgMediaFactory.dll (API version 3709383).
LogModuleManager: Display: Found up-to-date module file ../../../Engine/Plugins/Media/ImgMedia/Binaries/Win64/UE4Editor-OpenExrWrapper.dll (API version 3709383).
LogModuleManager: Display: Found up-to-date module file ../../../Engine/Plugins/Media/MediaCompositing/Binaries/Win64/UE4Editor-MediaCompositing.dll (API version 3709383).
LogModuleManager: Display: Found up-to-date module file ../../../Engine/Plugins/Media/MediaCompositing/Binaries/Win64/UE4Editor-MediaCompositingEditor.dll (API version 3709383).
LogModuleManager: Display: Found up-to-date module file ../../../Engine/Plugins/Media/MediaPlayerEditor/Binaries/Win64/UE4Editor-MediaPlayerEditor.dll (API version 3709383).
LogModuleManager: Display: Found up-to-date module file ../../../Engine/Plugins/Media/WmfMedia/Binaries/Win64/UE4Editor-WmfMedia.dll (API version 3709383).
LogModuleManager: Display: Found up-to-date module file ../../../Engine/Plugins/Media/WmfMedia/Binaries/Win64/UE4Editor-WmfMediaEditor.dll (API version 3709383).
LogModuleManager: Display: Found up-to-date module file ../../../Engine/Plugins/Media/WmfMedia/Binaries/Win64/UE4Editor-WmfMediaFactory.dll (API version 3709383).
LogModuleManager: Display: Found up-to-date module file ../../../Engine/Plugins/Media/WmfMedia/Binaries/Win64/UE4Editor-WmfMediaFactory.dll (API version 3709383).
LogModuleManager: Display: Found up-to-date module file ../../../Engine/Plugins/Messaging/TcpMessaging/Binaries/Win64/UE4Editor-TcpMessaging.dll (API version 3709383).
LogModuleManager: Display: Found up-to-date module file ../../../Engine/Plugins/Messaging/UdpMessaging/Binaries/Win64/UE4Editor-UdpMessaging.dll (API version 3709383).
LogModuleManager: Display: Found up-to-date module file ../../../Engine/Plugins/MovieScene/ActorSequence/Binaries/Win64/UE4Editor-ActorSequence.dll (API version 3709383).
LogModuleManager: Display: Found up-to-date module file ../../../Engine/Plugins/MovieScene/LevelSequenceEditor/Binaries/Win64/UE4Editor-LevelSequenceEditor.dll (API version 3709383).
LogModuleManager: Display: Found up-to-date module file ../../../Engine/Plugins/MovieScene/MatineeToLevelSequence/Binaries/Win64/UE4Editor-MatineeToLevelSequence.dll (API version 3709383).
LogModuleManager: Display: Found up-to-date module file ../../../Engine/Plugins/Online/OnlineSubsystem/Binaries/Win64/UE4Editor-OnlineSubsystem.dll (API version 3709383).
LogModuleManager: Display: Found up-to-date module file ../../../Engine/Plugins/Runtime/AndroidPermission/Binaries/Win64/UE4Editor-AndroidPermission.dll (API version 3709383).
LogModuleManager: Display: Found up-to-date module file ../../../Engine/Plugins/Online/OnlineSubsystemNull/Binaries/Win64/UE4Editor-OnlineSubsystemNull.dll (API version 3709383).
LogModuleManager: Display: Found up-to-date module file ../../../Engine/Plugins/Online/OnlineSubsystemUtils/Binaries/Win64/UE4Editor-OnlineSubsystemUtils.dll (API version 3709383).
LogModuleManager: Display: Found up-to-date module file ../../../Engine/Plugins/Online/OnlineSubsystemUtils/Binaries/Win64/UE4Editor-OnlineBlueprintSupport.dll (API version 3709383).
LogModuleManager: Display: Found up-to-date module file ../../../Engine/Plugins/Runtime/AndroidDeviceProfileSelector/Binaries/Win64/UE4Editor-AndroidDeviceProfileSelector.dll (API version 3709383).
LogModuleManager: Display: Found up-to-date module file ../../../Engine/Plugins/Runtime/AppleARKit/Binaries/Win64/UE4Editor-AppleARKit.dll (API version 3709383).
LogModuleManager: Display: Found up-to-date module file ../../../Engine/Plugins/Runtime/ArchVisCharacter/Binaries/Win64/UE4Editor-ArchVisCharacter.dll (API version 3709383).
LogModuleManager: Display: Found up-to-date module file ../../../Engine/Plugins/Runtime/CableComponent/Binaries/Win64/UE4Editor-CableComponent.dll (API version 3709383).
LogModuleManager: Display: Found up-to-date module file ../../../Engine/Plugins/Runtime/CustomMeshComponent/Binaries/Win64/UE4Editor-CustomMeshComponent.dll (API version 3709383).
LogModuleManager: Display: Found up-to-date module file ../../../Engine/Plugins/Runtime/ExampleDeviceProfileSelector/Binaries/Win64/UE4Editor-ExampleDeviceProfileSelector.dll (API version 3709383).
LogModuleManager: Display: Found up-to-date module file ../../../Engine/Plugins/Runtime/ImmediatePhysics/Binaries/Win64/UE4Editor-ImmediatePhysics.dll (API version 3709383).
LogModuleManager: Display: Found up-to-date module file ../../../Engine/Plugins/Runtime/ImmediatePhysics/Binaries/Win64/UE4Editor-ImmediatePhysicsEditor.dll (API version 3709383).
LogModuleManager: Display: Found up-to-date module file ../../../Engine/Plugins/Runtime/LocationServicesBPLibrary/Binaries/Win64/UE4Editor-LocationServicesBPLibrary.dll (API version 3709383).
LogModuleManager: Display: Found up-to-date module file ../../../Engine/Plugins/Runtime/MobilePatchingUtils/Binaries/Win64/UE4Editor-MobilePatchingUtils.dll (API version 3709383).
LogModuleManager: Display: Found up-to-date module file ../../../Engine/Plugins/Runtime/Oculus/OculusVR/Binaries/Win64/UE4Editor-OculusHMD.dll (API version 3709383).
LogModuleManager: Display: Found up-to-date module file ../../../Engine/Plugins/Runtime/Oculus/OculusVR/Binaries/Win64/UE4Editor-OculusInput.dll (API version 3709383).
LogModuleManager: Display: Found up-to-date module file ../../../Engine/Plugins/Runtime/Oculus/OculusVR/Binaries/Win64/UE4Editor-OculusEditor.dll (API version 3709383).
LogModuleManager: Display: Found up-to-date module file ../../../Engine/Plugins/Runtime/PhysXVehicles/Binaries/Win64/UE4Editor-PhysXVehicles.dll (API version 3709383).
LogModuleManager: Display: Found up-to-date module file ../../../Engine/Plugins/Runtime/PhysXVehicles/Binaries/Win64/UE4Editor-PhysXVehiclesEditor.dll (API version 3709383).
LogModuleManager: Display: Found up-to-date module file ../../../Engine/Plugins/Runtime/ProceduralMeshComponent/Binaries/Win64/UE4Editor-ProceduralMeshComponent.dll (API version 3709383).
LogModuleManager: Display: Found up-to-date module file ../../../Engine/Plugins/Runtime/ProceduralMeshComponent/Binaries/Win64/UE4Editor-ProceduralMeshComponentEditor.dll (API version 3709383).
LogModuleManager: Display: Found up-to-date module file ../../../Engine/Plugins/Runtime/RuntimePhysXCooking/Binaries/Win64/UE4Editor-RuntimePhysXCooking.dll (API version 3709383).
LogModuleManager: Display: Found up-to-date module file ../../../Engine/Plugins/Runtime/Steam/SteamVR/Binaries/Win64/UE4Editor-SteamVR.dll (API version 3709383).
LogModuleManager: Display: Found up-to-date module file ../../../Engine/Plugins/Runtime/Steam/SteamVR/Binaries/Win64/UE4Editor-SteamVRController.dll (API version 3709383).
LogModuleManager: Display: Found up-to-date module file ../../../Engine/Plugins/Runtime/WindowsMoviePlayer/Binaries/Win64/UE4Editor-WindowsMoviePlayer.dll (API version 3709383).
LogPluginManager: Mounting plugin Paper2D
LogPluginManager: Mounting plugin LightPropagationVolume
LogPluginManager: Mounting plugin CodeLiteSourceCodeAccess
LogPluginManager: Mounting plugin GitSourceControl
LogPluginManager: Mounting plugin KDevelopSourceCodeAccess
LogPluginManager: Mounting plugin NullSourceCodeAccess
LogPluginManager: Mounting plugin PerforceSourceControl
LogPluginManager: Mounting plugin SubversionSourceControl
LogPluginManager: Mounting plugin UObjectPlugin
LogPluginManager: Mounting plugin VisualStudioCodeSourceCodeAccess
LogPluginManager: Mounting plugin VisualStudioSourceCodeAccess
LogPluginManager: Mounting plugin XCodeSourceCodeAccess
LogPluginManager: Mounting plugin AssetManagerEditor
LogPluginManager: Mounting plugin AudioCapture
LogPluginManager: Mounting plugin FacialAnimation
LogPluginManager: Mounting plugin GameplayTagsEditor
LogPluginManager: Mounting plugin MobileLauncherProfileWizard
LogPluginManager: Mounting plugin PluginBrowser
LogPluginManager: Mounting plugin SpeedTreeImporter
LogPluginManager: Mounting plugin AlembicImporter
LogPluginManager: Mounting plugin CharacterAI
LogPluginManager: Mounting plugin HTML5Networking
LogPluginManager: Mounting plugin AndroidMedia
LogPluginManager: Mounting plugin AvfMedia
LogPluginManager: Mounting plugin ImgMedia
LogPluginManager: Mounting plugin MediaCompositing
LogPluginManager: Mounting plugin MediaPlayerEditor
LogPluginManager: Mounting plugin WmfMedia
LogPluginManager: Mounting plugin TcpMessaging
LogPluginManager: Mounting plugin UdpMessaging
LogPluginManager: Mounting plugin ActorSequence
LogPluginManager: Mounting plugin LevelSequenceEditor
LogPluginManager: Mounting plugin MatineeToLevelSequence
LogPluginManager: Mounting plugin OnlineSubsystemGooglePlay
LogPluginManager: Mounting plugin OnlineSubsystemIOS
LogPluginManager: Mounting plugin OnlineSubsystem
LogPluginManager: Mounting plugin OnlineSubsystemNull
LogPluginManager: Mounting plugin OnlineSubsystemUtils
LogPluginManager: Mounting plugin AndroidDeviceProfileSelector
LogPluginManager: Mounting plugin AndroidMoviePlayer
LogPluginManager: Mounting plugin AndroidPermission
LogPluginManager: Mounting plugin AppleARKit
LogPluginManager: Mounting plugin AppleMoviePlayer
LogPluginManager: Mounting plugin ArchVisCharacter
LogPluginManager: Mounting plugin CableComponent
LogPluginManager: Mounting plugin CustomMeshComponent
LogPluginManager: Mounting plugin ExampleDeviceProfileSelector
LogPluginManager: Mounting plugin GoogleCloudMessaging
LogPluginManager: Mounting plugin ImmediatePhysics
LogPluginManager: Mounting plugin IOSDeviceProfileSelector
LogPluginManager: Mounting plugin LinuxDeviceProfileSelector
LogPluginManager: Mounting plugin LocationServicesBPLibrary
LogPluginManager: Mounting plugin MobilePatchingUtils
LogPluginManager: Mounting plugin OculusVR
LogPluginManager: Plugin shader directory ../../../Engine/Plugins/Runtime/Oculus/OculusVR/Shaders found
LogPluginManager: Mapping shader source directory ../../../Engine/Plugins/Runtime/Oculus/OculusVR/Shaders to virtual directory /Plugin/OculusVR
LogPluginManager: Mounting plugin PhysXVehicles
LogPluginManager: Mounting plugin ProceduralMeshComponent
LogPluginManager: Mounting plugin RuntimePhysXCooking
LogPluginManager: Mounting plugin SteamVR
LogPluginManager: Mounting plugin WindowsMoviePlayer
LogInit: Using libcurl 7.47.1
LogInit:  - built for x86_64-pc-win32
LogInit:  - supports SSL with OpenSSL/1.0.2g
LogInit:  - supports HTTP deflate (compression) using libz 1.2.8
LogInit:  - other features:
LogInit:      CURL_VERSION_SSL
LogInit:      CURL_VERSION_LIBZ
LogInit:      CURL_VERSION_IPV6
LogInit:      CURL_VERSION_ASYNCHDNS
LogInit:      CURL_VERSION_LARGEFILE
LogInit:      CURL_VERSION_IDN
LogInit:  CurlRequestOptions (configurable via config and command line):
LogInit:  - bVerifyPeer = false  - Libcurl will NOT verify peer certificate
LogInit:  - bUseHttpProxy = false  - Libcurl will NOT use HTTP proxy
LogInit:  - bDontReuseConnections = false  - Libcurl will reuse connections
LogInit:  - CertBundlePath = nullptr  - Libcurl will use whatever was configured at build time.
LogHMD: Failed initializing OVRPlugin 1.17.0
LogInit: Build: ++UE4+Release-4.18-CL-3709383
LogInit: Engine Version: 4.18.0-3709383+++UE4+Release-4.18
LogInit: Compatible Engine Version: 4.18.0-3709383+++UE4+Release-4.18
LogInit: Net CL: 3709383
LogDevObjectVersion: Number of dev versions registered: 16
LogDevObjectVersion:   Dev-Blueprints (B0D832E4-1F89-4F0D-ACCF-7EB736FD4AA2): 10
LogDevObjectVersion:   Dev-Build (E1C64328-A22C-4D53-A36C-8E866417BD8C): 0
LogDevObjectVersion:   Dev-Core (375EC13C-06E4-48FB-B500-84F0262A717E): 2
LogDevObjectVersion:   Dev-Editor (E4B068ED-F494-42E9-A231-DA0B2E46BB41): 20
LogDevObjectVersion:   Dev-Framework (CFFC743F-43B0-4480-9391-14DF171D2073): 30
LogDevObjectVersion:   Dev-Mobile (B02B49B5-BB20-44E9-A304-32B752E40360): 0
LogDevObjectVersion:   Dev-Networking (A4E4105C-59A1-49B5-A7C5-40C4547EDFEE): 0
LogDevObjectVersion:   Dev-Online (39C831C9-5AE6-47DC-9A44-9C173E1C8E7C): 0
LogDevObjectVersion:   Dev-Physics (78F01B33-EBEA-4F98-B9B4-84EACCB95AA2): 0
LogDevObjectVersion:   Dev-Platform (6631380F-2D4D-43E0-8009-CF276956A95A): 0
LogDevObjectVersion:   Dev-Rendering (12F88B9F-8875-4AFC-A67C-D90C383ABD29): 20
LogDevObjectVersion:   Dev-Sequencer (7B5AE74C-D270-4C10-A958-57980B212A5A): 4
LogDevObjectVersion:   Dev-VR (D7296918-1DD6-4BDD-9DE2-64A83CC13884): 0
LogDevObjectVersion:   Dev-LoadTimes (C2A15278-BFE7-4AFE-6C17-90FF531DF755): 1
LogDevObjectVersion:   Private-Geometry (6EACA3D4-40EC-4CC1-B786-8BED09428FC5): 1
LogDevObjectVersion:   Dev-AnimPhys (29E575DD-E0A3-4627-9D10-D276232CDCEA): 12
LogInit: Compiled (64-bit): Oct 20 2017 10:39:19
LogInit: Compiled with Visual C++: 19.00.24215.01
LogInit: Build Configuration: Development
LogInit: Branch Name: ++UE4+Release-4.18
LogInit: Command line:  
LogInit: Base directory: C:/Program Files/Epic Games/UE_4.18/Engine/Binaries/Win64/
LogInit: Installed Engine Build: 1
LogInit: Presizing for max 8388607 objects, including 0 objects not considered by GC, pre-allocating 0 bytes for permanent pool.
LogInit: Object subsystem initialized
[2017.11.09-03.44.48:521][  0]LogInit: Selected Device Profile: [Windows]
[2017.11.09-03.44.48:521][  0]LogInit: Applying CVar settings loaded from the selected device profile: [Windows]
[2017.11.09-03.44.48:532][  0]LogInit: Computer: SIGLAB-VR2
[2017.11.09-03.44.48:532][  0]LogInit: User: SIG
[2017.11.09-03.44.48:532][  0]LogInit: CPU Page size=4096, Cores=4
[2017.11.09-03.44.48:532][  0]LogInit: High frequency timer resolution =3.604930 MHz
[2017.11.09-03.44.48:532][  0]LogMemory: Memory total: Physical=31.9GB (32GB approx)
[2017.11.09-03.44.48:532][  0]LogMemory: Platform Memory Stats for Windows
[2017.11.09-03.44.48:532][  0]LogMemory: Process Physical Memory: 277.71 MB used, 277.71 MB peak
[2017.11.09-03.44.48:532][  0]LogMemory: Process Virtual Memory: 267.56 MB used, 267.56 MB peak
[2017.11.09-03.44.48:532][  0]LogMemory: Physical Memory: 8122.18 MB used,  24568.23 MB free, 32690.41 MB total
[2017.11.09-03.44.48:532][  0]LogMemory: Virtual Memory: 676.51 MB used,  24568.23 MB free, 134217728.00 MB total
[2017.11.09-03.44.48:673][  0]LogInit: Using OS detected language (en-US).
[2017.11.09-03.44.48:673][  0]LogInit: Using OS detected locale (en-US).
[2017.11.09-03.44.48:676][  0]LogTextLocalizationManager: No specific localization for 'en-US' exists, so the 'en' localization will be used.
[2017.11.09-03.44.49:021][  0]LogInit: Setting process to per monitor DPI aware
[2017.11.09-03.44.49:250][  0]LogD3D11RHI: D3D11 adapters:
[2017.11.09-03.44.49:277][  0]LogD3D11RHI:    0. 'NVIDIA GeForce GTX 1070' (Feature Level 11_0)
[2017.11.09-03.44.49:277][  0]LogD3D11RHI:       8145/0/16345 MB DedicatedVideo/DedicatedSystem/SharedSystem, Outputs:2, VendorId:0x10de
[2017.11.09-03.44.49:278][  0]LogD3D11RHI:    1. 'Microsoft Basic Render Driver' (Feature Level 11_0)
[2017.11.09-03.44.49:278][  0]LogD3D11RHI:       0/0/16345 MB DedicatedVideo/DedicatedSystem/SharedSystem, Outputs:0, VendorId:0x1414
[2017.11.09-03.44.49:278][  0]LogD3D11RHI: Chosen D3D11 Adapter: 0
[2017.11.09-03.44.49:282][  0]LogD3D11RHI: Creating new Direct3DDevice
[2017.11.09-03.44.49:282][  0]LogD3D11RHI:     GPU DeviceId: 0x1b81 (for the marketing name, search the web for "GPU Device Id")
[2017.11.09-03.44.49:283][  0]LogWindows: EnumDisplayDevices:
[2017.11.09-03.44.49:283][  0]LogWindows:    0. 'NVIDIA GeForce GTX 1070' (P:1 D:1)
[2017.11.09-03.44.49:283][  0]LogWindows:    1. 'NVIDIA GeForce GTX 1070' (P:0 D:1)
[2017.11.09-03.44.49:283][  0]LogWindows:    2. 'NVIDIA GeForce GTX 1070' (P:0 D:0)
[2017.11.09-03.44.49:283][  0]LogWindows:    3. 'NVIDIA GeForce GTX 1070' (P:0 D:0)
[2017.11.09-03.44.49:283][  0]LogWindows: DebugString: FoundDriverCount:4 
[2017.11.09-03.44.49:283][  0]LogD3D11RHI:     Adapter Name: NVIDIA GeForce GTX 1070
[2017.11.09-03.44.49:283][  0]LogD3D11RHI:   Driver Version: 376.51 (internal:21.21.13.7651, unified:376.51)
[2017.11.09-03.44.49:283][  0]LogD3D11RHI:      Driver Date: 12-25-2016
[2017.11.09-03.44.49:283][  0]LogRHI: Texture pool is 5702 MB (70% of 8145 MB)
[2017.11.09-03.44.49:296][  0]LogD3D11RHI: Async texture creation enabled
[2017.11.09-03.44.49:306][  0]LogD3D11RHI: GPU Timing Frequency: 1000.000000 (Debug: 2 1)
[2017.11.09-03.44.49:393][  0]LogShaderCompilers: Guid format shader working directory is -38 characters bigger than the processId version (../../../../../../Users/SIG/Desktop/JonLee/HandOfGod/beta/Hand_of_God/Runner 4.18/Intermediate/Shaders/WorkingDirectory/12060/).
[2017.11.09-03.44.49:393][  0]LogShaderCompilers: Cleaned the shader compiler working directory 'C:/Users/SIG/AppData/Local/Temp/UnrealShaderWorkingDir/A8C87AC8465AC8CDB673EE9EB4F4D77D/'.
[2017.11.09-03.44.49:393][  0]LogShaderCompilers: Display: Using Local Shader Compiler.
[2017.11.09-03.44.50:208][  0]LogTemp: Display: Loaded TP AllDesktopTargetPlatform
[2017.11.09-03.44.50:258][  0]LogTemp: Display: Loaded TP MacClientTargetPlatform
[2017.11.09-03.44.50:309][  0]LogTemp: Display: Loaded TP MacNoEditorTargetPlatform
[2017.11.09-03.44.50:359][  0]LogTemp: Display: Loaded TP MacServerTargetPlatform
[2017.11.09-03.44.50:409][  0]LogTemp: Display: Loaded TP MacTargetPlatform
[2017.11.09-03.44.50:459][  0]LogTemp: Display: Loaded TP WindowsClientTargetPlatform
[2017.11.09-03.44.50:508][  0]LogTemp: Display: Loaded TP WindowsNoEditorTargetPlatform
[2017.11.09-03.44.50:558][  0]LogTemp: Display: Loaded TP WindowsServerTargetPlatform
[2017.11.09-03.44.50:601][  0]LogTemp: Display: Loaded TP WindowsTargetPlatform
[2017.11.09-03.44.50:649][  0]LogTemp: Display: Loaded TP Android_ASTCTargetPlatform
[2017.11.09-03.44.50:698][  0]LogTemp: Display: Loaded TP Android_ATCTargetPlatform
[2017.11.09-03.44.50:747][  0]LogTemp: Display: Loaded TP Android_DXTTargetPlatform
[2017.11.09-03.44.50:796][  0]LogTemp: Display: Loaded TP Android_ETC1TargetPlatform
[2017.11.09-03.44.50:844][  0]LogTemp: Display: Loaded TP Android_ETC2TargetPlatform
[2017.11.09-03.44.50:939][  0]LogTemp: Display: Loaded TP Android_MultiTargetPlatform
[2017.11.09-03.44.50:939][  0]LogTemp: Display: Loaded TP Android_PVRTCTargetPlatform
[2017.11.09-03.44.50:988][  0]LogTemp: Display: Loaded TP AndroidTargetPlatform
[2017.11.09-03.44.51:027][  0]LogTemp: Display: Loaded TP HTML5TargetPlatform
[2017.11.09-03.44.51:115][  0]LogTemp: Display: Loaded TP IOSTargetPlatform
[2017.11.09-03.44.51:141][  0]LogTemp: Display: Loaded TP TVOSTargetPlatform
[2017.11.09-03.44.51:190][  0]LogTemp: Display: Loaded TP LinuxClientTargetPlatform
[2017.11.09-03.44.51:238][  0]LogTemp: Display: Loaded TP LinuxNoEditorTargetPlatform
[2017.11.09-03.44.51:286][  0]LogTemp: Display: Loaded TP LinuxServerTargetPlatform
[2017.11.09-03.44.51:334][  0]LogTemp: Display: Loaded TP LinuxTargetPlatform
[2017.11.09-03.44.51:334][  0]LogTargetPlatformManager: Display: Building Assets For Windows
[2017.11.09-03.44.51:777][  0]LogDerivedDataCache: Display: Max Cache Size: 512 MB
[2017.11.09-03.44.51:861][  0]LogDerivedDataCache: Loaded boot cache 0.08s 78MB C:/Users/SIG/AppData/Local/UnrealEngine/4.18/DerivedDataCache/Boot.ddc.
[2017.11.09-03.44.51:861][  0]LogDerivedDataCache: Display: Loaded Boot cache: C:/Users/SIG/AppData/Local/UnrealEngine/4.18/DerivedDataCache/Boot.ddc
[2017.11.09-03.44.51:861][  0]LogDerivedDataCache: FDerivedDataBackendGraph:  Pak pak cache file ../../../../../../Users/SIG/Desktop/JonLee/HandOfGod/beta/Hand_of_God/Runner 4.18/DerivedDataCache/DDC.ddp not found, will not use a pak cache.
[2017.11.09-03.44.51:861][  0]LogDerivedDataCache: Unable to find inner node Pak for hierarchical cache Hierarchy.
[2017.11.09-03.44.51:861][  0]LogDerivedDataCache: FDerivedDataBackendGraph:  CompressedPak pak cache file ../../../../../../Users/SIG/Desktop/JonLee/HandOfGod/beta/Hand_of_God/Runner 4.18/DerivedDataCache/Compressed.ddp not found, will not use a pak cache.
[2017.11.09-03.44.51:861][  0]LogDerivedDataCache: Unable to find inner node CompressedPak for hierarchical cache Hierarchy.
[2017.11.09-03.44.51:876][  0]LogDerivedDataCache: Display: Pak cache opened for reading ../../../Engine/DerivedDataCache/Compressed.ddp.
[2017.11.09-03.44.51:888][  0]LogDerivedDataCache: Using Local data cache path C:/Users/SIG/AppData/Local/UnrealEngine/Common/DerivedDataCache: Writable
[2017.11.09-03.44.51:897][  0]LogMaterial: Verifying Global Shaders for PCD3D_SM5
[2017.11.09-03.44.51:897][  0]LogSlate: Using Freetype 2.6.0
[2017.11.09-03.44.51:898][  0]LogSlate: SlateFontCache - WITH_FREETYPE: 1, WITH_HARFBUZZ: 1
[2017.11.09-03.44.51:898][  0]LogSlate: SlateFontCache - WITH_FREETYPE: 1, WITH_HARFBUZZ: 1
[2017.11.09-03.44.52:213][  0]LogInit: Selected Device Profile: [Windows]
[2017.11.09-03.44.52:519][  0]LogSimplygon: Simplygon DLL not present - disabling.
[2017.11.09-03.44.52:558][  0]LogMeshReduction: Using SimplygonSwarm for distributed automatic mesh merging
[2017.11.09-03.44.52:558][  0]LogMeshReduction: Using QuadricMeshReduction for automatic static mesh reduction
[2017.11.09-03.44.52:558][  0]LogMeshReduction: No automatic skeletal mesh reduction module available
[2017.11.09-03.44.52:558][  0]LogMeshReduction: No automatic mesh merging module available
[2017.11.09-03.44.52:558][  0]LogMeshMerging: No automatic mesh merging module available
[2017.11.09-03.44.52:583][  0]LogNetVersion: Runner , NetCL: 3709383, EngineNetVer: 2, GameNetVer: 0 (Checksum: 3172265664)
[2017.11.09-03.44.52:729][  0]LogAssetRegistry: FAssetRegistry took 0.0262 seconds to start up
[2017.11.09-03.44.53:188][  0]LogPackageLocalizationCache: Processed 7 localized package path(s) for 2 prioritized culture(s) in 0.054285 seconds
[2017.11.09-03.44.53:192][  0]LogUObjectArray: 35900 objects as part of root set at end of initial load.
[2017.11.09-03.44.53:192][  0]LogUObjectAllocator: 7372024 out of 0 bytes used by permanent object pool.
[2017.11.09-03.44.53:192][  0]LogUObjectArray: CloseDisregardForGC: 0/0 objects in disregard for GC pool
[2017.11.09-03.44.53:244][  0]LogInit: WinSock: version 1.1 (2.2), MaxSocks=32767, MaxUdp=65467
[2017.11.09-03.44.55:778][  0]LogTcpMessaging: Initializing TcpMessaging bridge
[2017.11.09-03.44.55:818][  0]LogUdpMessaging: Initializing bridge on interface 0.0.0.0:0 to multicast group 230.0.0.1:6666.
[2017.11.09-03.44.56:454][  0]LogMaterial: Uniform references updated for custom material expression Custom.
[2017.11.09-03.44.56:852][  0]SourceControl: Source control is disabled
[2017.11.09-03.44.56:852][  0]SourceControl: Source control is disabled
[2017.11.09-03.44.56:901][  0]SourceControl: Source control is disabled
[2017.11.09-03.44.56:951][  0]SourceControl: Source control is disabled
[2017.11.09-03.44.57:716][  0]LogAndroidPermission: UAndroidPermissionCallbackProxy::GetInstance
[2017.11.09-03.44.57:971][  0]LogOcInput: OculusInput pre-init called
[2017.11.09-03.44.58:242][  0]LogEngine: Initializing Engine...
[2017.11.09-03.44.58:260][  0]LogHMD: Failed to initialize OpenVR with code 126
[2017.11.09-03.44.58:459][  0]LogStats: UGameplayTagsManager::ConstructGameplayTagTree: Construct from data asset -  0.000 s
[2017.11.09-03.44.58:459][  0]LogStats: UGameplayTagsManager::ConstructGameplayTagTree: GameplayTagTreeChangedEvent.Broadcast -  0.000 s
[2017.11.09-03.44.58:583][  0]LogAIModule: Creating AISystem for world Untitled
[2017.11.09-03.44.58:597][  0]LogInit: XAudio2 using 'Speakers / Headphones (Realtek Audio)' : 2 channels at 48 kHz using 32 bits per sample (channel mask 0x3)
[2017.11.09-03.44.58:721][  0]LogInit: FAudioDevice initialized.
[2017.11.09-03.44.58:802][  0]LogDerivedDataCache: Saved boot cache 0.08s 78MB C:/Users/SIG/AppData/Local/UnrealEngine/4.18/DerivedDataCache/Boot.ddc.
[2017.11.09-03.44.58:818][  0]LogInit: Texture streaming: Enabled
[2017.11.09-03.44.58:915][  0]LogEngineSessionManager: EngineSessionManager initialized
[2017.11.09-03.44.59:041][  0]LogInit: Transaction tracking system initialized
[2017.11.09-03.44.59:339][  0]BlueprintLog: New page: Editor Load
[2017.11.09-03.45.00:199][  0]LocalizationService: Localization service is disabled
[2017.11.09-03.45.00:901][  0]LogConsoleResponse: Display: 
[2017.11.09-03.45.01:058][  0]LogCook: Display: Max memory allowance for cook 16384mb min free memory 0mb
[2017.11.09-03.45.01:058][  0]LogCook: Display: Mobile HDR setting 1
[2017.11.09-03.45.01:058][  0]LogGameplayTags: Display: UGameplayTagsManager::DoneAddingNativeTags. DelegateIsBound: 0
[2017.11.09-03.45.01:364][  0]LogFileCache: Scanning file cache for directory 'C:/Users/SIG/Desktop/JonLee/HandOfGod/beta/Hand_of_God/Runner 4.18/Content/' took 0.02s
[2017.11.09-03.45.02:182][  0]SourceControl: Source control is disabled
[2017.11.09-03.45.02:239][  0]LogWindowsTextInputMethodSystem: Display: IME system now deactivated.
[2017.11.09-03.45.02:269][  0]LogSlate: Took 0.000172 seconds to synchronously load lazily loaded font '../../../Engine/Content/Slate/Fonts/Roboto-Regular.ttf' (155K)
[2017.11.09-03.45.21:185][  0]LogWindowsTextInputMethodSystem: Display: IME system now deactivated.
[2017.11.09-03.45.21:189][  0]LogWindowsTextInputMethodSystem: Display: IME system now deactivated.
[2017.11.09-03.45.21:198][  0]Cmd: MAP LOAD FILE="../../../../../../Users/SIG/Desktop/JonLee/HandOfGod/beta/Hand_of_God/Runner 4.18/Content/ThirdPersonBP/Maps/ThirdPersonExampleMap.umap" TEMPLATE=0 SHOWPROGRESS=1 FEATURELEVEL=3
[2017.11.09-03.45.21:198][  0]LightingResults: New page: Lighting Build
[2017.11.09-03.45.21:262][  0]MapCheck: New page: Map Check
[2017.11.09-03.45.21:262][  0]LightingResults: New page: Lighting Build
[2017.11.09-03.45.21:520][  0]LogLinker: Warning: Can't find file '/Game/ThirdPersonBP/Maps/ThirdPersonExampleMap_BuiltData'
[2017.11.09-03.45.21:520][  0]LogLinker: Warning: Can't find file for asset '/Game/ThirdPersonBP/Maps/ThirdPersonExampleMap_BuiltData' while loading ../../../../../../Users/SIG/Desktop/JonLee/HandOfGod/beta/Hand_of_God/Runner 4.18/Content/ThirdPersonBP/Maps/ThirdPersonExampleMap.umap.
[2017.11.09-03.45.21:520][  0]LoadErrors: Error: /Game/ThirdPersonBP/Maps/ThirdPersonExampleMap : Can't find file for asset. /Game/ThirdPersonBP/Maps/ThirdPersonExampleMap_BuiltData
[2017.11.09-03.45.21:532][  0]LogLinker: Warning: Can't find file '/Game/ThirdPersonBP/Maps/ThirdPersonExampleMap_BuiltData'
[2017.11.09-03.45.21:532][  0]LogLinker: Warning: Can't find file for asset '/Game/ThirdPersonBP/Maps/ThirdPersonExampleMap_BuiltData' while loading ../../../../../../Users/SIG/Desktop/JonLee/HandOfGod/beta/Hand_of_God/Runner 4.18/Content/ThirdPersonBP/Maps/ThirdPersonExampleMap.umap.
[2017.11.09-03.45.21:532][  0]LoadErrors: Error: /Game/ThirdPersonBP/Maps/ThirdPersonExampleMap : Can't find file for asset. /Game/ThirdPersonBP/Maps/ThirdPersonExampleMap_BuiltData
[2017.11.09-03.45.21:535][  0]LogLinker: Warning: Can't find file '/Game/ThirdPersonBP/Maps/ThirdPersonExampleMap_BuiltData'
[2017.11.09-03.45.21:535][  0]LogLinker: Warning: Can't find file for asset '/Game/ThirdPersonBP/Maps/ThirdPersonExampleMap_BuiltData' while loading NULL.
[2017.11.09-03.45.21:536][  0]LogLinker: Warning: Can't find file '/Game/ThirdPersonBP/Maps/ThirdPersonExampleMap_BuiltData'
[2017.11.09-03.45.21:536][  0]LogLinker: Warning: Can't find file for asset '/Game/ThirdPersonBP/Maps/ThirdPersonExampleMap_BuiltData' while loading NULL.
[2017.11.09-03.45.21:569][  0]LogLinker: Warning: Can't find file '/Game/ThirdPersonBP/Maps/ThirdPersonExampleMap_BuiltData'
[2017.11.09-03.45.21:569][  0]LoadErrors: Failed to load /Game/ThirdPersonBP/Maps/ThirdPersonExampleMap_BuiltData.ThirdPersonExampleMap_BuiltData Referenced by PersistentLevel
[2017.11.09-03.45.21:570][  0]LogLinker: Warning: Can't find file for asset '/Game/ThirdPersonBP/Maps/ThirdPersonExampleMap_BuiltData' while loading NULL.
[2017.11.09-03.45.21:570][  0]LoadErrors: Failed to load /Game/ThirdPersonBP/Maps/ThirdPersonExampleMap_BuiltData.ThirdPersonExampleMap_BuiltData Referenced by PersistentLevel
[2017.11.09-03.45.21:740][  0]LogAIModule: Creating AISystem for world ThirdPersonExampleMap
[2017.11.09-03.45.21:750][  0]LogEditorServer: Finished looking for orphan Actors (0.000 secs)
[2017.11.09-03.45.21:763][  0]Cmd: MAP CHECKDEP NOCLEARLOG
[2017.11.09-03.45.21:823][  0]MapCheck: Map check complete: 0 Error(s), 0 Warning(s), took 60.276ms to complete.
[2017.11.09-03.45.21:824][  0]LogFileHelpers: Loading map 'ThirdPersonExampleMap' took 0.626
[2017.11.09-03.45.21:917][  0]LogStats: Warning: MetaData mismatch. Did you assign a stat to two groups? New //STATGROUP_Threads//SplashScreenThread///Thread_3440_0///####STATCAT_Advanced#### old //STATGROUP_Threads//SplashScreenThread///Thread_2e2c_0///####STATCAT_Advanced####
[2017.11.09-03.45.21:917][  0]LogCollectionManager: Loaded 0 collections in 0.001365 seconds
[2017.11.09-03.45.21:998][  0]LogFileCache: Scanning file cache for directory 'C:/Users/SIG/Desktop/JonLee/HandOfGod/beta/Hand_of_God/Runner 4.18/Saved/Collections/' took 0.01s
[2017.11.09-03.45.21:998][  0]LogFileCache: Scanning file cache for directory 'C:/Users/SIG/Desktop/JonLee/HandOfGod/beta/Hand_of_God/Runner 4.18/Content/Developers/SIG/Collections/' took 0.01s
[2017.11.09-03.45.21:998][  0]LogFileCache: Scanning file cache for directory 'C:/Users/SIG/Desktop/JonLee/HandOfGod/beta/Hand_of_God/Runner 4.18/Content/Collections/' took 0.01s
[2017.11.09-03.45.21:998][  0]LogCollectionManager: Rebuilt the GUID cache for 0 collections in 0.000000 seconds
[2017.11.09-03.45.22:005][  0]LogContentBrowser: Native class hierarchy populated in 0.0072 seconds. Added 2363 classes and 519 folders.
[2017.11.09-03.45.22:068][  0]LogContentBrowser: Native class hierarchy updated for 'WidgetCarousel' in 0.0002 seconds. Added 0 classes and 0 folders.
[2017.11.09-03.45.22:101][  0]LogContentBrowser: Native class hierarchy updated for 'AddContentDialog' in 0.0002 seconds. Added 0 classes and 0 folders.
[2017.11.09-03.45.22:143][  0]LogContentBrowser: Native class hierarchy updated for 'SceneOutliner' in 0.0002 seconds. Added 1 classes and 2 folders.
[2017.11.09-03.45.22:157][  0]LogSlate: Took 0.000160 seconds to synchronously load lazily loaded font '../../../Engine/Content/Slate/Fonts/Roboto-Bold.ttf' (160K)
[2017.11.09-03.45.22:161][  0]LogSlate: Took 0.000151 seconds to synchronously load lazily loaded font '../../../Engine/Content/Editor/Slate/Fonts/FontAwesome.ttf' (139K)
[2017.11.09-03.45.22:253][  0]LogRenderer: Reallocating scene render targets to support 1208x580 Format 10 NumSamples 1 (Frame:1).
[2017.11.09-03.45.22:389][  0]LogContentBrowser: Native class hierarchy updated for 'HierarchicalLODOutliner' in 0.0002 seconds. Added 1 classes and 2 folders.
[2017.11.09-03.45.22:389][  0]LogLoad: (Engine Initialization) Total time: 36.39 seconds
[2017.11.09-03.45.22:389][  0]LogLoad: (Engine Initialization) Total Blueprint compile time: 0.00 seconds
[2017.11.09-03.45.22:389][  0]LogExternalProfiler: No external profilers were discovered.  External profiling features will not be available.
[2017.11.09-03.45.22:746][  0]LogContentStreaming: Texture pool size now 1000 MB
[2017.11.09-03.45.22:790][  0]LogSlate: Took 0.000243 seconds to synchronously load lazily loaded font '../../../Engine/Content/Slate/Fonts/Roboto-Light.ttf' (159K)
[2017.11.09-03.45.23:079][  1]LogAssetRegistry: Asset discovery search completed in 30.3724 seconds
[2017.11.09-03.45.23:081][  1]LogCollectionManager: Rebuilt the object cache for 0 collections in 0.000001 seconds (found 0 objects)
[2017.11.09-03.45.23:081][  1]LogCollectionManager: Fixed up redirectors for 0 collections in 0.000052 seconds (updated 0 objects)
[2017.11.09-03.45.23:737][  3]LogSlate: Took 0.000236 seconds to synchronously load lazily loaded font '../../../Engine/Content/Slate/Fonts/Roboto-Light.ttf' (159K)
[2017.11.09-03.45.27:695][115]LogSlate: Took 0.000143 seconds to synchronously load lazily loaded font '../../../Engine/Content/Slate/Fonts/Roboto-Light.ttf' (159K)
[2017.11.09-03.45.27:931][115]LogLinker: Warning: Can't find file '/Game/Levels/ProceduralTest_BuiltData'
[2017.11.09-03.45.27:931][115]LogLinker: Warning: Can't find file for asset '/Game/Levels/ProceduralTest_BuiltData' while loading ../../../../../../Users/SIG/Desktop/JonLee/HandOfGod/beta/Hand_of_God/Runner 4.18/Content/Levels/ProceduralTest.umap.
[2017.11.09-03.45.27:931][115]LoadErrors: Error: /Game/Levels/ProceduralTest : Can't find file for asset. /Game/Levels/ProceduralTest_BuiltData
[2017.11.09-03.45.27:933][115]LogLinker: Warning: Can't find file '/Game/Levels/ProceduralTest_BuiltData'
[2017.11.09-03.45.27:933][115]LogLinker: Warning: Can't find file for asset '/Game/Levels/ProceduralTest_BuiltData' while loading ../../../../../../Users/SIG/Desktop/JonLee/HandOfGod/beta/Hand_of_God/Runner 4.18/Content/Levels/ProceduralTest.umap.
[2017.11.09-03.45.27:940][115]LogLinker: Warning: Can't find file '/Game/Levels/ProceduralTest_BuiltData'
[2017.11.09-03.45.27:940][115]LogLinker: Warning: Can't find file for asset '/Game/Levels/ProceduralTest_BuiltData' while loading NULL.
[2017.11.09-03.45.27:940][115]LogLinker: Warning: Can't find file '/Game/Levels/ProceduralTest_BuiltData'
[2017.11.09-03.45.27:940][115]LogLinker: Warning: Can't find file for asset '/Game/Levels/ProceduralTest_BuiltData' while loading NULL.
[2017.11.09-03.45.27:965][115]LogLinker: Warning: Can't find file '/Game/Levels/ProceduralTest_BuiltData'
[2017.11.09-03.45.27:966][115]LoadErrors: Failed to load /Game/Levels/ProceduralTest_BuiltData.ProceduralTest_BuiltData Referenced by PersistentLevel
[2017.11.09-03.45.27:966][115]LogLinker: Warning: Can't find file for asset '/Game/Levels/ProceduralTest_BuiltData' while loading NULL.
[2017.11.09-03.45.28:186][115]LogAIModule: Creating AISystem for world ProceduralTest
[2017.11.09-03.45.28:191][115]LogBlueprintUserMessages: [LowerBound] STOP ADDING TILES
[2017.11.09-03.45.28:193][115]LogBlueprintUserMessages: [FloorTileBP_843] ADD TILE
[2017.11.09-03.45.28:194][115]LogBlueprintUserMessages: [FloorTileBP2] ADD TILE
[2017.11.09-03.45.28:196][115]LogBlueprintUserMessages: [FloorTileBP3] ADD TILE
[2017.11.09-03.45.28:215][115]Cmd: MAP LOAD FILE="../../../../../../Users/SIG/Desktop/JonLee/HandOfGod/beta/Hand_of_God/Runner 4.18/Content/Levels/ProceduralTest.umap" TEMPLATE=0 SHOWPROGRESS=1 FEATURELEVEL=3
[2017.11.09-03.45.28:215][115]LightingResults: New page: Lighting Build
[2017.11.09-03.45.28:216][115]LoadErrors: New page: Loading map: ProceduralTest.umap
[2017.11.09-03.45.28:217][115]MapCheck: New page: Map Check
[2017.11.09-03.45.28:217][115]LightingResults: New page: Lighting Build
[2017.11.09-03.45.28:234][115]LogBlueprintUserMessages: [LowerBound] STOP ADDING TILES
[2017.11.09-03.45.28:236][115]LogBlueprintUserMessages: [FloorTileBP_843] ADD TILE
[2017.11.09-03.45.28:238][115]LogBlueprintUserMessages: [FloorTileBP2] ADD TILE
[2017.11.09-03.45.28:239][115]LogBlueprintUserMessages: [FloorTileBP3] ADD TILE
[2017.11.09-03.45.28:241][115]LogEditorServer: Finished looking for orphan Actors (0.000 secs)
[2017.11.09-03.45.28:278][115]Cmd: MAP CHECKDEP NOCLEARLOG
[2017.11.09-03.45.28:336][115]MapCheck: Map check complete: 0 Error(s), 0 Warning(s), took 58.893ms to complete.
[2017.11.09-03.45.28:337][115]LogFileHelpers: Loading map 'ProceduralTest' took 0.122
[2017.11.09-03.45.29:977][303]LogTemp: Repeating last play command: Selected Viewport
[2017.11.09-03.45.30:150][303]LogBlueprintUserMessages: Early PlayInEditor Detection: Level '/Game/Levels/ProceduralTest.ProceduralTest:PersistentLevel' has LevelScriptBlueprint '/Game/Levels/ProceduralTest.ProceduralTest:PersistentLevel.ProceduralTest' with GeneratedClass '/Game/Levels/ProceduralTest.ProceduralTest_C' with ClassGeneratedBy '/Game/Levels/ProceduralTest.ProceduralTest:PersistentLevel.ProceduralTest'
[2017.11.09-03.45.30:150][303]LogPlayLevel: PlayLevel: No blueprints needed recompiling
[2017.11.09-03.45.30:151][303]PIE: New page: PIE session: ProceduralTest (Nov 8, 2017, 5:45:30 PM)
[2017.11.09-03.45.30:151][303]LogPlayLevel: Creating play world package: /Game/Levels/UEDPIE_0_ProceduralTest
[2017.11.09-03.45.30:156][303]LogPlayLevel: PIE: StaticDuplicateObject took: (0.005815s)
[2017.11.09-03.45.30:156][303]LogAIModule: Creating AISystem for world ProceduralTest
[2017.11.09-03.45.30:157][303]LogPlayLevel: PIE: World Init took: (0.000531s)
[2017.11.09-03.45.30:157][303]LogPlayLevel: PIE: Created PIE world by copying editor world from /Game/Levels/ProceduralTest.ProceduralTest to /Game/Levels/UEDPIE_0_ProceduralTest.ProceduralTest (0.006585s)
[2017.11.09-03.45.30:178][303]LogInit: XAudio2 using 'Speakers / Headphones (Realtek Audio)' : 2 channels at 48 kHz using 32 bits per sample (channel mask 0x3)
[2017.11.09-03.45.30:193][303]LogInit: FAudioDevice initialized.
[2017.11.09-03.45.30:239][303]LogLoad: Game class is 'RunGameMode_C'
[2017.11.09-03.45.30:242][303]LogWorld: Bringing World /Game/Levels/UEDPIE_0_ProceduralTest.ProceduralTest up for play (max tick rate 0) at 2017.11.08-22.45.30
[2017.11.09-03.45.30:242][303]LogWorld: Bringing up level for play took: 0.001695
[2017.11.09-03.45.30:284][303]LogContentBrowser: Native class hierarchy updated for 'MovieSceneCapture' in 0.0003 seconds. Added 11 classes and 0 folders.
[2017.11.09-03.45.30:286][303]LogBlueprintUserMessages: [FloorTileBP_C_0] ADD TILE
[2017.11.09-03.45.30:287][303]LogBlueprintUserMessages: [FloorTileBP_C_1] ADD TILE
[2017.11.09-03.45.30:288][303]LogBlueprintUserMessages: [FloorTileBP_C_2] ADD TILE
[2017.11.09-03.45.30:289][303]LogBlueprintUserMessages: [FloorTileBP_C_3] ADD TILE
[2017.11.09-03.45.30:290][303]LogBlueprintUserMessages: [FloorTileBP_C_4] ADD TILE
[2017.11.09-03.45.30:292][303]LogBlueprintUserMessages: [FloorTileBP_C_5] ADD TILE
[2017.11.09-03.45.30:293][303]PIE: Play in editor start time for /Game/Levels/UEDPIE_0_ProceduralTest -0.836
[2017.11.09-03.45.30:294][303]LogBlueprintUserMessages: Late PlayInEditor Detection: Level '/Game/Levels/ProceduralTest.ProceduralTest:PersistentLevel' has LevelScriptBlueprint '/Game/Levels/ProceduralTest.ProceduralTest:PersistentLevel.ProceduralTest' with GeneratedClass '/Game/Levels/ProceduralTest.ProceduralTest_C' with ClassGeneratedBy '/Game/Levels/ProceduralTest.ProceduralTest:PersistentLevel.ProceduralTest'
[2017.11.09-03.45.30:485][322]LogBlueprintUserMessages: [EnemySpawner_158] spawn enemies
[2017.11.09-03.45.30:985][382]LogBlueprintUserMessages: [EnemySpawner_158] spawn enemies
[2017.11.09-03.45.31:480][438]LogBlueprintUserMessages: [EnemySpawner_158] spawn enemies
[2017.11.09-03.45.31:979][498]LogBlueprintUserMessages: [EnemySpawner_158] spawn enemies
[2017.11.09-03.45.32:480][558]LogBlueprintUserMessages: [EnemySpawner_158] spawn enemies
[2017.11.09-03.45.32:980][618]LogBlueprintUserMessages: [EnemySpawner_158] spawn enemies
[2017.11.09-03.45.33:480][678]LogBlueprintUserMessages: [EnemySpawner_158] spawn enemies
[2017.11.09-03.45.33:980][738]LogBlueprintUserMessages: [EnemySpawner_158] spawn enemies
[2017.11.09-03.45.34:481][798]LogBlueprintUserMessages: [EnemySpawner_158] spawn enemies
[2017.11.09-03.45.34:981][858]LogBlueprintUserMessages: [EnemySpawner_158] spawn enemies
[2017.11.09-03.45.35:457][915]LogBlueprintUserMessages: Early EndPlayMap Detection: Level '/Game/Levels/ProceduralTest.ProceduralTest:PersistentLevel' has LevelScriptBlueprint '/Game/Levels/ProceduralTest.ProceduralTest:PersistentLevel.ProceduralTest' with GeneratedClass '/Game/Levels/ProceduralTest.ProceduralTest_C' with ClassGeneratedBy '/Game/Levels/ProceduralTest.ProceduralTest:PersistentLevel.ProceduralTest'
[2017.11.09-03.45.35:493][915]LogBlueprintUserMessages: Late EndPlayMap Detection: Level '/Game/Levels/ProceduralTest.ProceduralTest:PersistentLevel' has LevelScriptBlueprint '/Game/Levels/ProceduralTest.ProceduralTest:PersistentLevel.ProceduralTest' with GeneratedClass '/Game/Levels/ProceduralTest.ProceduralTest_C' with ClassGeneratedBy '/Game/Levels/ProceduralTest.ProceduralTest:PersistentLevel.ProceduralTest'
[2017.11.09-03.45.41:061][571]LogBlueprintUserMessages: [FloorTileStartBP_C_0] Don't add ramp
[2017.11.09-03.45.41:061][571]LogBlueprintUserMessages: [FloorTileStartBP_C_0] 151.923828
[2017.11.09-03.45.41:061][571]LogBlueprintUserMessages: [FloorTileStartBP_C_0] Scale up
[2017.11.09-03.45.41:080][572]LogBlueprintUserMessages: [FloorTileBP_C_0] ADD TILE
[2017.11.09-03.45.46:367][181]LogEditorViewport: Clicking on Actor (LMB): FloorTileBP_C (FloorTileBP)
[2017.11.09-03.45.47:565][319]LogBlueprintUserMessages: [FloorTileBP_843] ADD TILE
[2017.11.09-03.45.47:578][320]LogBlueprintUserMessages: [FloorTileBP_843] ADD TILE
[2017.11.09-03.45.47:591][321]LogBlueprintUserMessages: [FloorTileBP_843] ADD TILE
[2017.11.09-03.45.47:604][322]LogBlueprintUserMessages: [FloorTileBP_843] ADD TILE
[2017.11.09-03.45.47:617][323]LogBlueprintUserMessages: [FloorTileBP_843] ADD TILE
[2017.11.09-03.45.47:630][324]LogBlueprintUserMessages: [FloorTileBP_843] ADD TILE
[2017.11.09-03.45.47:644][325]LogBlueprintUserMessages: [FloorTileBP_843] ADD TILE
[2017.11.09-03.45.47:656][326]LogBlueprintUserMessages: [FloorTileBP_843] ADD TILE
[2017.11.09-03.45.47:668][327]LogBlueprintUserMessages: [FloorTileBP_843] ADD TILE
[2017.11.09-03.45.47:697][330]LogBlueprintUserMessages: [FloorTileBP_843] ADD TILE
[2017.11.09-03.45.47:719][332]LogBlueprintUserMessages: [FloorTileBP_843] ADD TILE
[2017.11.09-03.45.47:730][333]LogBlueprintUserMessages: [FloorTileBP_843] ADD TILE
[2017.11.09-03.45.47:868][349]LogBlueprintUserMessages: [FloorTileBP_843] ADD TILE
[2017.11.09-03.45.47:890][351]LogBlueprintUserMessages: [FloorTileBP_843] ADD TILE
[2017.11.09-03.45.47:954][358]LogBlueprintUserMessages: [FloorTileBP_843] ADD TILE
[2017.11.09-03.45.48:169][383]LogBlueprintUserMessages: [FloorTileBP_843] ADD TILE
[2017.11.09-03.45.48:684][444]LogBlueprintUserMessages: [FloorTileBP_843] ADD TILE
[2017.11.09-03.45.49:285][515]LogBlueprintUserMessages: [FloorTileBP_843] ADD TILE
[2017.11.09-03.45.50:922][704]LogTemp: Repeating last play command: Selected Viewport
[2017.11.09-03.45.50:938][704]LogBlueprintUserMessages: Early PlayInEditor Detection: Level '/Game/Levels/ProceduralTest.ProceduralTest:PersistentLevel' has LevelScriptBlueprint '/Game/Levels/ProceduralTest.ProceduralTest:PersistentLevel.ProceduralTest' with GeneratedClass '/Game/Levels/ProceduralTest.ProceduralTest_C' with ClassGeneratedBy '/Game/Levels/ProceduralTest.ProceduralTest:PersistentLevel.ProceduralTest'
[2017.11.09-03.45.50:938][704]LogPlayLevel: PlayLevel: No blueprints needed recompiling
[2017.11.09-03.45.50:938][704]PIE: New page: PIE session: ProceduralTest (Nov 8, 2017, 5:45:50 PM)
[2017.11.09-03.45.50:938][704]LogPlayLevel: Creating play world package: /Game/Levels/UEDPIE_0_ProceduralTest
[2017.11.09-03.45.50:944][704]LogPlayLevel: PIE: StaticDuplicateObject took: (0.006393s)
[2017.11.09-03.45.50:945][704]LogAIModule: Creating AISystem for world ProceduralTest
[2017.11.09-03.45.50:945][704]LogPlayLevel: PIE: World Init took: (0.000581s)
[2017.11.09-03.45.50:945][704]LogPlayLevel: PIE: Created PIE world by copying editor world from /Game/Levels/ProceduralTest.ProceduralTest to /Game/Levels/UEDPIE_0_ProceduralTest.ProceduralTest (0.007223s)
[2017.11.09-03.45.50:965][704]LogInit: XAudio2 using 'Speakers / Headphones (Realtek Audio)' : 2 channels at 48 kHz using 32 bits per sample (channel mask 0x3)
[2017.11.09-03.45.50:979][704]LogInit: FAudioDevice initialized.
[2017.11.09-03.45.51:009][704]LogLoad: Game class is 'RunGameMode_C'
[2017.11.09-03.45.51:011][704]LogWorld: Bringing World /Game/Levels/UEDPIE_0_ProceduralTest.ProceduralTest up for play (max tick rate 0) at 2017.11.08-22.45.51
[2017.11.09-03.45.51:011][704]LogWorld: Bringing up level for play took: 0.001716
[2017.11.09-03.45.51:013][704]LogBlueprintUserMessages: [FloorTileBP_C_0] ADD TILE
[2017.11.09-03.45.51:015][704]LogBlueprintUserMessages: [FloorTileBP_C_1] ADD TILE
[2017.11.09-03.45.51:016][704]LogBlueprintUserMessages: [FloorTileBP_C_2] ADD TILE
[2017.11.09-03.45.51:017][704]LogBlueprintUserMessages: [FloorTileBP_C_3] ADD TILE
[2017.11.09-03.45.51:018][704]LogBlueprintUserMessages: [FloorTileBP_C_4] ADD TILE
[2017.11.09-03.45.51:019][704]LogBlueprintUserMessages: [FloorTileBP_C_5] ADD TILE
[2017.11.09-03.45.51:021][704]PIE: Play in editor start time for /Game/Levels/UEDPIE_0_ProceduralTest -0.109
[2017.11.09-03.45.51:021][704]LogBlueprintUserMessages: Late PlayInEditor Detection: Level '/Game/Levels/ProceduralTest.ProceduralTest:PersistentLevel' has LevelScriptBlueprint '/Game/Levels/ProceduralTest.ProceduralTest:PersistentLevel.ProceduralTest' with GeneratedClass '/Game/Levels/ProceduralTest.ProceduralTest_C' with ClassGeneratedBy '/Game/Levels/ProceduralTest.ProceduralTest:PersistentLevel.ProceduralTest'
[2017.11.09-03.45.51:425][751]LogBlueprintUserMessages: [EnemySpawner_158] spawn enemies
[2017.11.09-03.45.51:925][811]LogBlueprintUserMessages: [EnemySpawner_158] spawn enemies
[2017.11.09-03.45.52:428][871]LogBlueprintUserMessages: [EnemySpawner_158] spawn enemies
[2017.11.09-03.45.52:931][931]LogBlueprintUserMessages: [EnemySpawner_158] spawn enemies
[2017.11.09-03.45.53:428][990]LogBlueprintUserMessages: [EnemySpawner_158] spawn enemies
[2017.11.09-03.45.53:927][ 49]LogBlueprintUserMessages: [EnemySpawner_158] spawn enemies
[2017.11.09-03.45.54:428][108]LogBlueprintUserMessages: [EnemySpawner_158] spawn enemies
[2017.11.09-03.45.54:930][167]LogBlueprintUserMessages: [EnemySpawner_158] spawn enemies
[2017.11.09-03.45.55:427][224]LogBlueprintUserMessages: [EnemySpawner_158] spawn enemies
[2017.11.09-03.45.55:928][282]LogBlueprintUserMessages: [EnemySpawner_158] spawn enemies
[2017.11.09-03.45.55:929][282]LogSpawn: Warning: SpawnActor failed because of collision at the spawn location [X=-334.000 Y=-231.057 Z=321.553] for [Enemy_C]
[2017.11.09-03.45.56:427][339]LogBlueprintUserMessages: [EnemySpawner_158] spawn enemies
[2017.11.09-03.45.56:930][396]LogBlueprintUserMessages: [EnemySpawner_158] spawn enemies
[2017.11.09-03.45.57:428][452]LogBlueprintUserMessages: [EnemySpawner_158] spawn enemies
[2017.11.09-03.45.57:930][508]LogBlueprintUserMessages: [EnemySpawner_158] spawn enemies
[2017.11.09-03.45.58:425][563]LogBlueprintUserMessages: [EnemySpawner_158] spawn enemies
[2017.11.09-03.45.58:925][617]LogBlueprintUserMessages: [EnemySpawner_158] spawn enemies
[2017.11.09-03.45.59:429][671]LogBlueprintUserMessages: [EnemySpawner_158] spawn enemies
[2017.11.09-03.45.59:927][724]LogBlueprintUserMessages: [EnemySpawner_158] spawn enemies
[2017.11.09-03.46.00:268][760]LogBlueprintUserMessages: [FloorTileBP_843] 1
[2017.11.09-03.46.00:429][777]LogBlueprintUserMessages: [EnemySpawner_158] spawn enemies
[2017.11.09-03.46.00:927][829]LogBlueprintUserMessages: [EnemySpawner_158] spawn enemies
[2017.11.09-03.46.01:425][885]LogBlueprintUserMessages: [EnemySpawner_158] spawn enemies
[2017.11.09-03.46.01:488][892]LogBlueprintUserMessages: Early EndPlayMap Detection: Level '/Game/Levels/ProceduralTest.ProceduralTest:PersistentLevel' has LevelScriptBlueprint '/Game/Levels/ProceduralTest.ProceduralTest:PersistentLevel.ProceduralTest' with GeneratedClass '/Game/Levels/ProceduralTest.ProceduralTest_C' with ClassGeneratedBy '/Game/Levels/ProceduralTest.ProceduralTest:PersistentLevel.ProceduralTest'
[2017.11.09-03.46.01:523][892]LogBlueprintUserMessages: Late EndPlayMap Detection: Level '/Game/Levels/ProceduralTest.ProceduralTest:PersistentLevel' has LevelScriptBlueprint '/Game/Levels/ProceduralTest.ProceduralTest:PersistentLevel.ProceduralTest' with GeneratedClass '/Game/Levels/ProceduralTest.ProceduralTest_C' with ClassGeneratedBy '/Game/Levels/ProceduralTest.ProceduralTest:PersistentLevel.ProceduralTest'
[2017.11.09-03.46.10:383][893]LogContentBrowser: Native class hierarchy updated for 'BlueprintGraph' in 0.0005 seconds. Added 116 classes and 0 folders.
[2017.11.09-03.46.10:907][893]LogSlate: Took 0.000126 seconds to synchronously load lazily loaded font '../../../Engine/Content/Slate/Fonts/Roboto-Regular.ttf' (155K)
[2017.11.09-03.46.10:977][893]LogSlate: Took 0.000202 seconds to synchronously load lazily loaded font '../../../Engine/Content/Editor/Slate/Fonts/Roboto-BoldCondensed.ttf' (158K)
[2017.11.09-03.46.11:056][894]LogSlate: Took 0.000206 seconds to synchronously load lazily loaded font '../../../Engine/Content/Editor/Slate/Fonts/Roboto-Italic.ttf' (157K)
[2017.11.09-03.46.12:956][ 41]BlueprintLog: New page: Compile RunGameMode
[2017.11.09-03.46.20:943][658]BlueprintLog: New page: Compile RunGameMode
[2017.11.09-03.46.22:291][741]LogTemp: Repeating last play command: Selected Viewport
[2017.11.09-03.46.22:312][741]LogBlueprintUserMessages: Early PlayInEditor Detection: Level '/Game/Levels/ProceduralTest.ProceduralTest:PersistentLevel' has LevelScriptBlueprint '/Game/Levels/ProceduralTest.ProceduralTest:PersistentLevel.ProceduralTest' with GeneratedClass '/Game/Levels/ProceduralTest.ProceduralTest_C' with ClassGeneratedBy '/Game/Levels/ProceduralTest.ProceduralTest:PersistentLevel.ProceduralTest'
[2017.11.09-03.46.22:313][741]LogPlayLevel: PlayLevel: No blueprints needed recompiling
[2017.11.09-03.46.22:313][741]PIE: New page: PIE session: ProceduralTest (Nov 8, 2017, 5:46:22 PM)
[2017.11.09-03.46.22:313][741]LogPlayLevel: Creating play world package: /Game/Levels/UEDPIE_0_ProceduralTest
[2017.11.09-03.46.22:319][741]LogPlayLevel: PIE: StaticDuplicateObject took: (0.006138s)
[2017.11.09-03.46.22:320][741]LogAIModule: Creating AISystem for world ProceduralTest
[2017.11.09-03.46.22:320][741]LogPlayLevel: PIE: World Init took: (0.000676s)
[2017.11.09-03.46.22:320][741]LogPlayLevel: PIE: Created PIE world by copying editor world from /Game/Levels/ProceduralTest.ProceduralTest to /Game/Levels/UEDPIE_0_ProceduralTest.ProceduralTest (0.007047s)
[2017.11.09-03.46.22:344][741]LogInit: XAudio2 using 'Speakers / Headphones (Realtek Audio)' : 2 channels at 48 kHz using 32 bits per sample (channel mask 0x3)
[2017.11.09-03.46.22:358][741]LogInit: FAudioDevice initialized.
[2017.11.09-03.46.22:389][741]LogLoad: Game class is 'RunGameMode_C'
[2017.11.09-03.46.22:391][741]LogWorld: Bringing World /Game/Levels/UEDPIE_0_ProceduralTest.ProceduralTest up for play (max tick rate 0) at 2017.11.08-22.46.22
[2017.11.09-03.46.22:391][741]LogWorld: Bringing up level for play took: 0.001754
[2017.11.09-03.46.22:394][741]PIE: Play in editor start time for /Game/Levels/UEDPIE_0_ProceduralTest -0.736
[2017.11.09-03.46.22:394][741]LogBlueprintUserMessages: Late PlayInEditor Detection: Level '/Game/Levels/ProceduralTest.ProceduralTest:PersistentLevel' has LevelScriptBlueprint '/Game/Levels/ProceduralTest.ProceduralTest:PersistentLevel.ProceduralTest' with GeneratedClass '/Game/Levels/ProceduralTest.ProceduralTest_C' with ClassGeneratedBy '/Game/Levels/ProceduralTest.ProceduralTest:PersistentLevel.ProceduralTest'
[2017.11.09-03.46.22:802][772]LogBlueprintUserMessages: [EnemySpawner_158] spawn enemies
[2017.11.09-03.46.23:298][811]LogBlueprintUserMessages: [EnemySpawner_158] spawn enemies
[2017.11.09-03.46.23:795][850]LogBlueprintUserMessages: [EnemySpawner_158] spawn enemies
[2017.11.09-03.46.24:301][891]LogBlueprintUserMessages: [EnemySpawner_158] spawn enemies
[2017.11.09-03.46.24:792][930]LogBlueprintUserMessages: [EnemySpawner_158] spawn enemies
[2017.11.09-03.46.25:302][970]LogBlueprintUserMessages: [EnemySpawner_158] spawn enemies
[2017.11.09-03.46.25:800][  9]LogBlueprintUserMessages: [EnemySpawner_158] spawn enemies
[2017.11.09-03.46.26:294][ 47]LogBlueprintUserMessages: [EnemySpawner_158] spawn enemies
[2017.11.09-03.46.26:801][ 86]LogBlueprintUserMessages: [EnemySpawner_158] spawn enemies
[2017.11.09-03.46.27:301][124]LogBlueprintUserMessages: [EnemySpawner_158] spawn enemies
[2017.11.09-03.46.27:797][162]LogBlueprintUserMessages: [EnemySpawner_158] spawn enemies
[2017.11.09-03.46.28:276][198]LogBlueprintUserMessages: Early EndPlayMap Detection: Level '/Game/Levels/ProceduralTest.ProceduralTest:PersistentLevel' has LevelScriptBlueprint '/Game/Levels/ProceduralTest.ProceduralTest:PersistentLevel.ProceduralTest' with GeneratedClass '/Game/Levels/ProceduralTest.ProceduralTest_C' with ClassGeneratedBy '/Game/Levels/ProceduralTest.ProceduralTest:PersistentLevel.ProceduralTest'
[2017.11.09-03.46.28:309][198]LogBlueprintUserMessages: Late EndPlayMap Detection: Level '/Game/Levels/ProceduralTest.ProceduralTest:PersistentLevel' has LevelScriptBlueprint '/Game/Levels/ProceduralTest.ProceduralTest:PersistentLevel.ProceduralTest' with GeneratedClass '/Game/Levels/ProceduralTest.ProceduralTest_C' with ClassGeneratedBy '/Game/Levels/ProceduralTest.ProceduralTest:PersistentLevel.ProceduralTest'
[2017.11.09-03.46.33:941][470]LogTemp: Repeating last play command: Selected Viewport
[2017.11.09-03.46.33:959][470]LogBlueprintUserMessages: Early PlayInEditor Detection: Level '/Game/Levels/ProceduralTest.ProceduralTest:PersistentLevel' has LevelScriptBlueprint '/Game/Levels/ProceduralTest.ProceduralTest:PersistentLevel.ProceduralTest' with GeneratedClass '/Game/Levels/ProceduralTest.ProceduralTest_C' with ClassGeneratedBy '/Game/Levels/ProceduralTest.ProceduralTest:PersistentLevel.ProceduralTest'
[2017.11.09-03.46.33:959][470]LogPlayLevel: PlayLevel: No blueprints needed recompiling
[2017.11.09-03.46.33:959][470]PIE: New page: PIE session: ProceduralTest (Nov 8, 2017, 5:46:33 PM)
[2017.11.09-03.46.33:959][470]LogPlayLevel: Creating play world package: /Game/Levels/UEDPIE_0_ProceduralTest
[2017.11.09-03.46.33:965][470]LogPlayLevel: PIE: StaticDuplicateObject took: (0.006061s)
[2017.11.09-03.46.33:966][470]LogAIModule: Creating AISystem for world ProceduralTest
[2017.11.09-03.46.33:966][470]LogPlayLevel: PIE: World Init took: (0.000650s)
[2017.11.09-03.46.33:966][470]LogPlayLevel: PIE: Created PIE world by copying editor world from /Game/Levels/ProceduralTest.ProceduralTest to /Game/Levels/UEDPIE_0_ProceduralTest.ProceduralTest (0.006954s)
[2017.11.09-03.46.33:992][470]LogInit: XAudio2 using 'Speakers / Headphones (Realtek Audio)' : 2 channels at 48 kHz using 32 bits per sample (channel mask 0x3)
[2017.11.09-03.46.34:005][470]LogInit: FAudioDevice initialized.
[2017.11.09-03.46.34:037][470]LogLoad: Game class is 'RunGameMode_C'
[2017.11.09-03.46.34:039][470]LogWorld: Bringing World /Game/Levels/UEDPIE_0_ProceduralTest.ProceduralTest up for play (max tick rate 0) at 2017.11.08-22.46.34
[2017.11.09-03.46.34:039][470]LogWorld: Bringing up level for play took: 0.001654
[2017.11.09-03.46.34:042][470]PIE: Play in editor start time for /Game/Levels/UEDPIE_0_ProceduralTest 0.912
[2017.11.09-03.46.34:042][470]LogBlueprintUserMessages: Late PlayInEditor Detection: Level '/Game/Levels/ProceduralTest.ProceduralTest:PersistentLevel' has LevelScriptBlueprint '/Game/Levels/ProceduralTest.ProceduralTest:PersistentLevel.ProceduralTest' with GeneratedClass '/Game/Levels/ProceduralTest.ProceduralTest_C' with ClassGeneratedBy '/Game/Levels/ProceduralTest.ProceduralTest:PersistentLevel.ProceduralTest'
[2017.11.09-03.46.34:447][501]LogBlueprintUserMessages: [EnemySpawner_158] spawn enemies
[2017.11.09-03.46.34:955][540]LogBlueprintUserMessages: [EnemySpawner_158] spawn enemies
[2017.11.09-03.46.34:983][542]LogBlueprintUserMessages: [FloorTileBP_C_0] ADD TILE
[2017.11.09-03.46.34:983][542]LogBlueprintUserMessages: [FloorTileBP_843] 1
[2017.11.09-03.46.35:445][577]LogBlueprintUserMessages: [EnemySpawner_158] spawn enemies
[2017.11.09-03.46.35:812][604]LogBlueprintUserMessages: Early EndPlayMap Detection: Level '/Game/Levels/ProceduralTest.ProceduralTest:PersistentLevel' has LevelScriptBlueprint '/Game/Levels/ProceduralTest.ProceduralTest:PersistentLevel.ProceduralTest' with GeneratedClass '/Game/Levels/ProceduralTest.ProceduralTest_C' with ClassGeneratedBy '/Game/Levels/ProceduralTest.ProceduralTest:PersistentLevel.ProceduralTest'
[2017.11.09-03.46.35:846][604]LogBlueprintUserMessages: Late EndPlayMap Detection: Level '/Game/Levels/ProceduralTest.ProceduralTest:PersistentLevel' has LevelScriptBlueprint '/Game/Levels/ProceduralTest.ProceduralTest:PersistentLevel.ProceduralTest' with GeneratedClass '/Game/Levels/ProceduralTest.ProceduralTest_C' with ClassGeneratedBy '/Game/Levels/ProceduralTest.ProceduralTest:PersistentLevel.ProceduralTest'
[2017.11.09-03.46.43:272][ 28]LogSavePackage: Save=297.08ms
[2017.11.09-03.46.43:272][ 28]LogSavePackage: Moving '../../../../../../Users/SIG/Desktop/JonLee/HandOfGod/beta/Hand_of_God/Runner 4.18/Saved/ProceduralTestFB64FB0941EC4BCC5AC6688BA66B812A.tmp' to '../../../../../../Users/SIG/Desktop/JonLee/HandOfGod/beta/Hand_of_God/Runner 4.18/Content/Levels/ProceduralTest.umap'
[2017.11.09-03.46.43:275][ 28]LogSavePackage: Display: Finished SavePackage ../../../../../../Users/SIG/Desktop/JonLee/HandOfGod/beta/Hand_of_God/Runner 4.18/Content/Levels/ProceduralTest.umap
[2017.11.09-03.46.43:300][ 28]LogFileHelpers: Saving map 'ProceduralTest' took 0.432
[2017.11.09-03.46.43:423][ 28]LogSavePackage: Save=106.37ms
[2017.11.09-03.46.43:424][ 28]LogSavePackage: Moving '../../../../../../Users/SIG/Desktop/JonLee/HandOfGod/beta/Hand_of_God/Runner 4.18/Saved/RunGameModeDF8F95924A2765369ED929A295571A0A.tmp' to '../../../../../../Users/SIG/Desktop/JonLee/HandOfGod/beta/Hand_of_God/Runner 4.18/Content/ThirdPersonBP/Blueprints/RunGameMode.uasset'
[2017.11.09-03.46.43:426][ 28]LogSavePackage: Display: Finished SavePackage ../../../../../../Users/SIG/Desktop/JonLee/HandOfGod/beta/Hand_of_God/Runner 4.18/Content/ThirdPersonBP/Blueprints/RunGameMode.uasset
[2017.11.09-03.46.43:558][ 28]LogWindowsTextInputMethodSystem: Display: IME system now deactivated.
[2017.11.09-03.46.43:735][ 29]Cmd: QUIT_EDITOR
[2017.11.09-03.46.44:408][ 29]LogExit: Preparing to exit.
[2017.11.09-03.46.44:894][ 29]LogDirectoryWatcher: A directory notification for 'C:/Users/SIG/Desktop/JonLee/HandOfGod/beta/Hand_of_God/Runner 4.18/Content/' was aborted.
[2017.11.09-03.46.44:925][ 29]LogExit: Editor shut down
[2017.11.09-03.46.44:927][ 29]LogExit: Transaction tracking system shut down
[2017.11.09-03.46.45:081][ 29]LogDirectoryWatcher: A directory notification for '../../../Engine/Content/' was aborted.
[2017.11.09-03.46.45:081][ 29]LogDirectoryWatcher: A directory notification for '../../../../../../Users/SIG/Desktop/JonLee/HandOfGod/beta/Hand_of_God/Runner 4.18/Content/' was aborted.
[2017.11.09-03.46.45:082][ 29]LogDirectoryWatcher: A directory notification for '../../../Engine/Plugins/2D/Paper2D/Content/' was aborted.
[2017.11.09-03.46.45:082][ 29]LogDirectoryWatcher: A directory notification for '../../../Engine/Plugins/Media/MediaCompositing/Content/' was aborted.
[2017.11.09-03.46.45:082][ 29]LogDirectoryWatcher: A directory notification for '../../../Engine/Plugins/Runtime/AppleARKit/Content/' was aborted.
[2017.11.09-03.46.45:082][ 29]LogDirectoryWatcher: A directory notification for '../../../Engine/Plugins/Runtime/Oculus/OculusVR/Content/' was aborted.
[2017.11.09-03.46.45:082][ 29]LogDirectoryWatcher: A directory notification for '../../../Engine/Plugins/Runtime/Steam/SteamVR/Content/' was aborted.
[2017.11.09-03.46.45:152][ 29]LogExit: Object subsystem successfully closed.
[2017.11.09-03.46.45:172][ 29]LogD3D11RHI: Shutdown
[2017.11.09-03.46.45:172][ 29]LogD3D11RHI: CleanupD3DDevice
[2017.11.09-03.46.45:174][ 29]LogD3D11RHI: ~FD3D11DynamicRHI
[2017.11.09-03.46.45:188][ 29]LogModuleManager: Shutting down and abandoning module BlueprintGraph (552)
[2017.11.09-03.46.45:188][ 29]LogModuleManager: Shutting down and abandoning module MovieSceneCapture (550)
[2017.11.09-03.46.45:188][ 29]LogModuleManager: Shutting down and abandoning module HierarchicalLODOutliner (548)
[2017.11.09-03.46.45:188][ 29]LogModuleManager: Shutting down and abandoning module SceneOutliner (546)
[2017.11.09-03.46.45:188][ 29]LogModuleManager: Shutting down and abandoning module AddContentDialog (544)
[2017.11.09-03.46.45:188][ 29]LogDirectoryWatcher: A directory notification for 'C:/Program Files/Epic Games/UE_4.18/FeaturePacks/' was aborted.
[2017.11.09-03.46.45:189][ 29]LogModuleManager: Shutting down and abandoning module WidgetCarousel (543)
[2017.11.09-03.46.45:189][ 29]LogModuleManager: Shutting down and abandoning module EditorWidgets (540)
[2017.11.09-03.46.45:189][ 29]LogModuleManager: Shutting down and abandoning module CollectionManager (538)
[2017.11.09-03.46.45:189][ 29]LogDirectoryWatcher: A directory notification for 'C:/Users/SIG/Desktop/JonLee/HandOfGod/beta/Hand_of_God/Runner 4.18/Content/Collections/' was aborted.
[2017.11.09-03.46.45:189][ 29]LogDirectoryWatcher: A directory notification for 'C:/Users/SIG/Desktop/JonLee/HandOfGod/beta/Hand_of_God/Runner 4.18/Content/Developers/SIG/Collections/' was aborted.
[2017.11.09-03.46.45:189][ 29]LogDirectoryWatcher: A directory notification for 'C:/Users/SIG/Desktop/JonLee/HandOfGod/beta/Hand_of_God/Runner 4.18/Saved/Collections/' was aborted.
[2017.11.09-03.46.45:189][ 29]LogModuleManager: Shutting down and abandoning module StatsViewer (536)
[2017.11.09-03.46.45:189][ 29]LogModuleManager: Shutting down and abandoning module FoliageEdit (534)
[2017.11.09-03.46.45:189][ 29]LogModuleManager: Shutting down and abandoning module LandscapeEditor (532)
[2017.11.09-03.46.45:189][ 29]LogModuleManager: Shutting down and abandoning module MeshPaintMode (530)
[2017.11.09-03.46.45:189][ 29]LogModuleManager: Shutting down and abandoning module SceneDepthPickerMode (528)
[2017.11.09-03.46.45:189][ 29]LogModuleManager: Shutting down and abandoning module ActorPickerMode (526)
[2017.11.09-03.46.45:189][ 29]LogModuleManager: Shutting down and abandoning module GeometryMode (524)
[2017.11.09-03.46.45:189][ 29]LogModuleManager: Shutting down and abandoning module TextureAlignMode (522)
[2017.11.09-03.46.45:189][ 29]LogModuleManager: Shutting down and abandoning module BspMode (520)
[2017.11.09-03.46.45:189][ 29]LogModuleManager: Shutting down and abandoning module PIEPreviewDeviceProfileSelector (518)
[2017.11.09-03.46.45:189][ 29]LogModuleManager: Shutting down and abandoning module HardwareSurvey (516)
[2017.11.09-03.46.45:189][ 29]LogModuleManager: Shutting down and abandoning module SequenceRecorderSections (514)
[2017.11.09-03.46.45:189][ 29]LogModuleManager: Shutting down and abandoning module AutomationWorker (512)
[2017.11.09-03.46.45:189][ 29]LogModuleManager: Shutting down and abandoning module MatineeToLevelSequence (510)
[2017.11.09-03.46.45:189][ 29]LogModuleManager: Shutting down and abandoning module LevelSequenceEditor (508)
[2017.11.09-03.46.45:189][ 29]LogModuleManager: Shutting down and abandoning module PlacementMode (507)
[2017.11.09-03.46.45:189][ 29]LogModuleManager: Shutting down and abandoning module WmfMediaFactory (504)
[2017.11.09-03.46.45:189][ 29]LogModuleManager: Shutting down and abandoning module WmfMediaEditor (502)
[2017.11.09-03.46.45:189][ 29]LogModuleManager: Shutting down and abandoning module OpenExrWrapper (500)
[2017.11.09-03.46.45:189][ 29]LogModuleManager: Shutting down and abandoning module ImgMediaFactory (498)
[2017.11.09-03.46.45:189][ 29]LogModuleManager: Shutting down and abandoning module ImgMediaEditor (496)
[2017.11.09-03.46.45:189][ 29]LogModuleManager: Shutting down and abandoning module AvfMediaFactory (494)
[2017.11.09-03.46.45:189][ 29]LogModuleManager: Shutting down and abandoning module AvfMediaEditor (492)
[2017.11.09-03.46.45:189][ 29]LogModuleManager: Shutting down and abandoning module AndroidMediaFactory (490)
[2017.11.09-03.46.45:189][ 29]LogModuleManager: Shutting down and abandoning module AndroidMediaEditor (488)
[2017.11.09-03.46.45:189][ 29]LogModuleManager: Shutting down and abandoning module CharacterAI (486)
[2017.11.09-03.46.45:189][ 29]LogModuleManager: Shutting down and abandoning module AudioCapture (484)
[2017.11.09-03.46.45:189][ 29]LogModuleManager: Shutting down and abandoning module SequenceRecorder (483)
[2017.11.09-03.46.45:189][ 29]LogModuleManager: Shutting down and abandoning module SmartSnapping (480)
[2017.11.09-03.46.45:189][ 29]LogModuleManager: Shutting down and abandoning module SessionServices (478)
[2017.11.09-03.46.45:189][ 29]LogModuleManager: Shutting down and abandoning module ViewportSnapping (476)
[2017.11.09-03.46.45:189][ 29]LogModuleManager: Shutting down and abandoning module ViewportInteraction (474)
[2017.11.09-03.46.45:189][ 29]LogModuleManager: Shutting down and abandoning module ClothPainter (472)
[2017.11.09-03.46.45:190][ 29]LogModuleManager: Shutting down and abandoning module SkeletalMeshEditor (471)
[2017.11.09-03.46.45:190][ 29]LogModuleManager: Shutting down and abandoning module LogVisualizer (468)
[2017.11.09-03.46.45:190][ 29]LogModuleManager: Shutting down and abandoning module IntroTutorials (466)
[2017.11.09-03.46.45:190][ 29]LogModuleManager: Shutting down and abandoning module GameProjectGeneration (465)
[2017.11.09-03.46.45:190][ 29]LogModuleManager: Shutting down and abandoning module IOSPlatformEditor (462)
[2017.11.09-03.46.45:190][ 29]LogModuleManager: Shutting down and abandoning module HTML5PlatformEditor (460)
[2017.11.09-03.46.45:190][ 29]LogModuleManager: Shutting down and abandoning module AndroidPlatformEditor (458)
[2017.11.09-03.46.45:190][ 29]LogModuleManager: Shutting down and abandoning module AndroidDeviceDetection (457)
[2017.11.09-03.46.45:601][ 29]LogModuleManager: Shutting down and abandoning module WindowsPlatformEditor (454)
[2017.11.09-03.46.45:602][ 29]LogModuleManager: Shutting down and abandoning module IOSRuntimeSettings (452)
[2017.11.09-03.46.45:602][ 29]LogModuleManager: Shutting down and abandoning module AndroidRuntimeSettings (450)
[2017.11.09-03.46.45:602][ 29]LogModuleManager: Shutting down and abandoning module InputBindingEditor (448)
[2017.11.09-03.46.45:602][ 29]LogModuleManager: Shutting down and abandoning module MergeActors (446)
[2017.11.09-03.46.45:602][ 29]LogModuleManager: Shutting down and abandoning module SizeMap (444)
[2017.11.09-03.46.45:602][ 29]LogModuleManager: Shutting down and abandoning module TreeMap (442)
[2017.11.09-03.46.45:602][ 29]LogModuleManager: Shutting down and abandoning module ReferenceViewer (440)
[2017.11.09-03.46.45:602][ 29]LogModuleManager: Shutting down and abandoning module LocalizationDashboard (438)
[2017.11.09-03.46.45:602][ 29]LogModuleManager: Shutting down and abandoning module LocalizationService (437)
[2017.11.09-03.46.45:602][ 29]LogModuleManager: Shutting down and abandoning module HardwareTargeting (434)
[2017.11.09-03.46.45:602][ 29]LogModuleManager: Shutting down and abandoning module DeviceProfileEditor (432)
[2017.11.09-03.46.45:602][ 29]LogModuleManager: Shutting down and abandoning module UndoHistory (430)
[2017.11.09-03.46.45:602][ 29]LogModuleManager: Shutting down and abandoning module XmlParser (428)
[2017.11.09-03.46.45:602][ 29]LogModuleManager: Shutting down and abandoning module Blutility (426)
[2017.11.09-03.46.45:602][ 29]LogModuleManager: Shutting down and abandoning module ProjectSettingsViewer (424)
[2017.11.09-03.46.45:602][ 29]LogModuleManager: Shutting down and abandoning module ProjectTargetPlatformEditor (423)
[2017.11.09-03.46.45:602][ 29]LogModuleManager: Shutting down and abandoning module EditorSettingsViewer (420)
[2017.11.09-03.46.45:602][ 29]LogModuleManager: Shutting down and abandoning module SettingsEditor (418)
[2017.11.09-03.46.45:602][ 29]LogModuleManager: Shutting down and abandoning module ProjectLauncher (416)
[2017.11.09-03.46.45:602][ 29]LogModuleManager: Shutting down and abandoning module SessionFrontend (414)
[2017.11.09-03.46.45:602][ 29]LogModuleManager: Shutting down and abandoning module ProfilerClient (412)
[2017.11.09-03.46.45:602][ 29]LogModuleManager: Shutting down and abandoning module DeviceManager (410)
[2017.11.09-03.46.45:602][ 29]LogModuleManager: Shutting down and abandoning module TargetDeviceServices (409)
[2017.11.09-03.46.45:668][ 29]LogModuleManager: Shutting down and abandoning module AutomationController (406)
[2017.11.09-03.46.45:668][ 29]LogModuleManager: Shutting down and abandoning module AutomationWindow (404)
[2017.11.09-03.46.45:668][ 29]LogModuleManager: Shutting down and abandoning module Layers (402)
[2017.11.09-03.46.45:668][ 29]LogModuleManager: Shutting down and abandoning module ComponentVisualizers (400)
[2017.11.09-03.46.45:668][ 29]LogModuleManager: Shutting down and abandoning module DetailCustomizations (398)
[2017.11.09-03.46.45:668][ 29]LogModuleManager: Shutting down and abandoning module PackagesDialog (396)
[2017.11.09-03.46.45:668][ 29]LogModuleManager: Shutting down and abandoning module Persona (394)
[2017.11.09-03.46.45:668][ 29]LogModuleManager: Shutting down and abandoning module AdvancedPreviewScene (393)
[2017.11.09-03.46.45:668][ 29]LogModuleManager: Shutting down and abandoning module AnimGraph (391)
[2017.11.09-03.46.45:668][ 29]LogModuleManager: Shutting down and abandoning module Kismet (388)
[2017.11.09-03.46.45:677][ 29]LogModuleManager: Shutting down and abandoning module ClassViewer (386)
[2017.11.09-03.46.45:677][ 29]LogModuleManager: Shutting down and abandoning module Toolbox (384)
[2017.11.09-03.46.45:677][ 29]LogModuleManager: Shutting down and abandoning module ModuleUI (382)
[2017.11.09-03.46.45:677][ 29]LogModuleManager: Shutting down and abandoning module MovieSceneTools (380)
[2017.11.09-03.46.45:677][ 29]LogModuleManager: Shutting down and abandoning module OutputLog (378)
[2017.11.09-03.46.45:677][ 29]LogModuleManager: Shutting down and abandoning module GammaUI (376)
[2017.11.09-03.46.45:677][ 29]LogModuleManager: Shutting down and abandoning module Documentation (374)
[2017.11.09-03.46.45:677][ 29]LogModuleManager: Shutting down and abandoning module MovieSceneTracks (372)
[2017.11.09-03.46.45:677][ 29]LogModuleManager: Shutting down and abandoning module MovieScene (370)
[2017.11.09-03.46.45:677][ 29]LogModuleManager: Shutting down and abandoning module StreamingPauseRendering (368)
[2017.11.09-03.46.45:677][ 29]LogModuleManager: Shutting down and abandoning module LauncherPlatform (366)
[2017.11.09-03.46.45:677][ 29]LogModuleManager: Shutting down and abandoning module AnalyticsET (364)
[2017.11.09-03.46.45:677][ 29]LogModuleManager: Shutting down and abandoning module PortalServices (362)
[2017.11.09-03.46.45:677][ 29]LogModuleManager: Shutting down and abandoning module PortalRpc (360)
[2017.11.09-03.46.45:677][ 29]LogModuleManager: Shutting down and abandoning module MessagingRpc (358)
[2017.11.09-03.46.45:677][ 29]LogModuleManager: Shutting down and abandoning module AIModule (356)
[2017.11.09-03.46.45:677][ 29]LogModuleManager: Shutting down and abandoning module GameplayDebugger (355)
[2017.11.09-03.46.45:677][ 29]LogModuleManager: Shutting down and abandoning module AITestSuite (353)
[2017.11.09-03.46.45:677][ 29]LogModuleManager: Shutting down and abandoning module DesktopPlatform (350)
[2017.11.09-03.46.45:677][ 29]LogModuleManager: Shutting down and abandoning module ProfilerService (348)
[2017.11.09-03.46.45:808][ 29]LogModuleManager: Shutting down and abandoning module TaskGraph (346)
[2017.11.09-03.46.45:808][ 29]LogModuleManager: Shutting down and abandoning module SteamVRController (344)
[2017.11.09-03.46.45:808][ 29]LogModuleManager: Shutting down and abandoning module ProceduralMeshComponentEditor (342)
[2017.11.09-03.46.45:809][ 29]LogModuleManager: Shutting down and abandoning module ProceduralMeshComponent (340)
[2017.11.09-03.46.45:809][ 29]LogModuleManager: Shutting down and abandoning module OculusInput (338)
[2017.11.09-03.46.45:809][ 29]LogModuleManager: Shutting down and abandoning module MobilePatchingUtils (336)
[2017.11.09-03.46.45:809][ 29]LogModuleManager: Shutting down and abandoning module CustomMeshComponent (334)
[2017.11.09-03.46.45:809][ 29]LogModuleManager: Shutting down and abandoning module CableComponent (332)
[2017.11.09-03.46.45:809][ 29]LogModuleManager: Shutting down and abandoning module ArchVisCharacter (330)
[2017.11.09-03.46.45:809][ 29]LogModuleManager: Shutting down and abandoning module AndroidPermission (328)
[2017.11.09-03.46.45:809][ 29]LogModuleManager: Shutting down and abandoning module ActorSequence (324)
[2017.11.09-03.46.45:809][ 29]LogModuleManager: Shutting down and abandoning module MediaPlayerEditor (322)
[2017.11.09-03.46.45:809][ 29]LogModuleManager: Shutting down and abandoning module MediaCompositingEditor (320)
[2017.11.09-03.46.45:809][ 29]LogModuleManager: Shutting down and abandoning module MediaCompositing (318)
[2017.11.09-03.46.45:809][ 29]LogModuleManager: Shutting down and abandoning module HTML5Networking (316)
[2017.11.09-03.46.45:809][ 29]LogModuleManager: Shutting down and abandoning module AlembicImporter (314)
[2017.11.09-03.46.45:809][ 29]LogModuleManager: Shutting down and abandoning module AlembicLibrary (313)
[2017.11.09-03.46.45:809][ 29]LogModuleManager: Shutting down and abandoning module GeometryCache (312)
[2017.11.09-03.46.45:809][ 29]LogModuleManager: Shutting down and abandoning module GeometryCacheEd (311)
[2017.11.09-03.46.45:809][ 29]LogModuleManager: Shutting down and abandoning module SpeedTreeImporter (306)
[2017.11.09-03.46.45:809][ 29]LogModuleManager: Shutting down and abandoning module PluginBrowser (304)
[2017.11.09-03.46.45:809][ 29]LogModuleManager: Shutting down and abandoning module MobileLauncherProfileWizard (302)
[2017.11.09-03.46.45:809][ 29]LogModuleManager: Shutting down and abandoning module VisualStudioSourceCodeAccess (300)
[2017.11.09-03.46.45:809][ 29]LogModuleManager: Shutting down and abandoning module VisualStudioCodeSourceCodeAccess (298)
[2017.11.09-03.46.45:809][ 29]LogModuleManager: Shutting down and abandoning module UObjectPlugin (296)
[2017.11.09-03.46.45:809][ 29]LogModuleManager: Shutting down and abandoning module SubversionSourceControl (294)
[2017.11.09-03.46.45:809][ 29]LogModuleManager: Shutting down and abandoning module PerforceSourceControl (292)
[2017.11.09-03.46.45:809][ 29]LogModuleManager: Shutting down and abandoning module GitSourceControl (290)
[2017.11.09-03.46.45:809][ 29]LogModuleManager: Shutting down and abandoning module SourceControl (289)
[2017.11.09-03.46.45:809][ 29]LogModuleManager: Shutting down and abandoning module LightPropagationVolumeEditor (286)
[2017.11.09-03.46.45:809][ 29]LogModuleManager: Shutting down and abandoning module PaperTiledImporter (284)
[2017.11.09-03.46.45:809][ 29]LogModuleManager: Shutting down and abandoning module PaperSpriteSheetImporter (282)
[2017.11.09-03.46.45:809][ 29]LogModuleManager: Shutting down and abandoning module Paper2DEditor (280)
[2017.11.09-03.46.45:809][ 29]LogModuleManager: Shutting down and abandoning module MeshPaint (279)
[2017.11.09-03.46.45:809][ 29]LogModuleManager: Shutting down and abandoning module LevelEditor (277)
[2017.11.09-03.46.45:810][ 29]LogModuleManager: Shutting down and abandoning module PixelInspectorModule (276)
[2017.11.09-03.46.45:810][ 29]LogModuleManager: Shutting down and abandoning module MainFrame (274)
[2017.11.09-03.46.45:810][ 29]LogModuleManager: Shutting down and abandoning module HotReload (273)
[2017.11.09-03.46.45:811][ 29]LogModuleManager: Shutting down and abandoning module RuntimePhysXCooking (268)
[2017.11.09-03.46.45:811][ 29]LogModuleManager: Shutting down and abandoning module PhysXVehiclesEditor (266)
[2017.11.09-03.46.45:811][ 29]LogModuleManager: Shutting down and abandoning module PhysXVehicles (264)
[2017.11.09-03.46.45:811][ 29]LogModuleManager: Shutting down and abandoning module OculusEditor (262)
[2017.11.09-03.46.45:811][ 29]LogModuleManager: Shutting down and abandoning module LocationServicesBPLibrary (260)
[2017.11.09-03.46.45:811][ 29]LogModuleManager: Shutting down and abandoning module ImmediatePhysicsEditor (258)
[2017.11.09-03.46.45:811][ 29]LogModuleManager: Shutting down and abandoning module ImmediatePhysics (256)
[2017.11.09-03.46.45:811][ 29]LogModuleManager: Shutting down and abandoning module UdpMessaging (254)
[2017.11.09-03.46.45:912][ 29]LogModuleManager: Shutting down and abandoning module TcpMessaging (252)
[2017.11.09-03.46.46:013][ 29]LogModuleManager: Shutting down and abandoning module GameplayTagsEditor (250)
[2017.11.09-03.46.46:013][ 29]LogModuleManager: Shutting down and abandoning module FacialAnimationEditor (248)
[2017.11.09-03.46.46:013][ 29]LogModuleManager: Shutting down and abandoning module FacialAnimation (246)
[2017.11.09-03.46.46:013][ 29]LogModuleManager: Shutting down and abandoning module AssetManagerEditor (244)
[2017.11.09-03.46.46:013][ 29]LogModuleManager: Shutting down and abandoning module GraphEditor (243)
[2017.11.09-03.46.46:013][ 29]LogModuleManager: Shutting down and abandoning module ContentBrowser (241)
[2017.11.09-03.46.46:014][ 29]LogModuleManager: Shutting down and abandoning module LightPropagationVolumeRuntime (238)
[2017.11.09-03.46.46:014][ 29]LogModuleManager: Shutting down and abandoning module Paper2D (236)
[2017.11.09-03.46.46:014][ 29]LogModuleManager: Shutting down and abandoning module WindowsMoviePlayer (234)
[2017.11.09-03.46.46:014][ 29]LogModuleManager: Shutting down and abandoning module WmfMedia (232)
[2017.11.09-03.46.46:014][ 29]LogModuleManager: Shutting down and abandoning module ImgMedia (230)
[2017.11.09-03.46.46:014][ 29]LogModuleManager: Shutting down and abandoning module PacketHandler (228)
[2017.11.09-03.46.46:014][ 29]LogModuleManager: Shutting down and abandoning module ClothingSystemEditor (226)
[2017.11.09-03.46.46:014][ 29]LogModuleManager: Shutting down and abandoning module ClothingSystemRuntime (224)
[2017.11.09-03.46.46:014][ 29]LogModuleManager: Shutting down and abandoning module MediaAssets (222)
[2017.11.09-03.46.46:014][ 29]LogModuleManager: Shutting down and abandoning module Media (221)
[2017.11.09-03.46.46:020][ 29]LogModuleManager: Shutting down and abandoning module Overlay (218)
[2017.11.09-03.46.46:020][ 29]LogModuleManager: Shutting down and abandoning module OverlayEditor (217)
[2017.11.09-03.46.46:020][ 29]LogModuleManager: Shutting down and abandoning module VREditor (214)
[2017.11.09-03.46.46:020][ 29]LogModuleManager: Shutting down and abandoning module StringTableEditor (212)
[2017.11.09-03.46.46:020][ 29]LogModuleManager: Shutting down and abandoning module GameplayTasksEditor (210)
[2017.11.09-03.46.46:020][ 29]LogModuleManager: Shutting down and abandoning module BehaviorTreeEditor (208)
[2017.11.09-03.46.46:021][ 29]LogModuleManager: Shutting down and abandoning module FunctionalTesting (206)
[2017.11.09-03.46.46:021][ 29]LogModuleManager: Shutting down and abandoning module CollisionAnalyzer (204)
[2017.11.09-03.46.46:021][ 29]LogModuleManager: Shutting down and abandoning module WorkspaceMenuStructure (203)
[2017.11.09-03.46.46:021][ 29]LogModuleManager: Shutting down and abandoning module UMG (200)
[2017.11.09-03.46.46:021][ 29]LogModuleManager: Shutting down and abandoning module UMGEditor (199)
[2017.11.09-03.46.46:021][ 29]LogModuleManager: Shutting down and abandoning module Sequencer (198)
[2017.11.09-03.46.46:021][ 29]LogModuleManager: Shutting down and abandoning module MessageLog (195)
[2017.11.09-03.46.46:021][ 29]LogModuleManager: Shutting down and abandoning module SlateReflector (190)
[2017.11.09-03.46.46:021][ 29]LogModuleManager: Shutting down and abandoning module Slate (188)
[2017.11.09-03.46.46:021][ 29]LogModuleManager: Shutting down and abandoning module EditorStyle (186)
[2017.11.09-03.46.46:023][ 29]LogModuleManager: Shutting down and abandoning module MRMesh (184)
[2017.11.09-03.46.46:023][ 29]LogModuleManager: Shutting down and abandoning module SourceCodeAccess (182)
[2017.11.09-03.46.46:023][ 29]LogModuleManager: Shutting down and abandoning module HeadMountedDisplay (180)
[2017.11.09-03.46.46:023][ 29]LogModuleManager: Shutting down and abandoning module XAudio2 (178)
[2017.11.09-03.46.46:023][ 29]LogModuleManager: Shutting down and abandoning module Networking (176)
[2017.11.09-03.46.46:023][ 29]LogModuleManager: Shutting down and abandoning module Core (172)
[2017.11.09-03.46.46:023][ 29]LogModuleManager: Shutting down and abandoning module LevelSequence (168)
[2017.11.09-03.46.46:023][ 29]LogModuleManager: Shutting down and abandoning module DirectoryWatcher (166)
[2017.11.09-03.46.46:024][ 29]LogModuleManager: Shutting down and abandoning module KismetCompiler (164)
[2017.11.09-03.46.46:024][ 29]LogModuleManager: Shutting down and abandoning module MeshUtilities (162)
[2017.11.09-03.46.46:024][ 29]LogModuleManager: Shutting down and abandoning module MeshMergeUtilities (161)
[2017.11.09-03.46.46:024][ 29]LogModuleManager: Shutting down and abandoning module MeshReductionInterface (160)
[2017.11.09-03.46.46:024][ 29]LogModuleManager: Shutting down and abandoning module SimplygonSwarm (159)
[2017.11.09-03.46.46:024][ 29]LogModuleManager: Shutting down and abandoning module SimplygonMeshReduction (157)
[2017.11.09-03.46.46:024][ 29]LogModuleManager: Shutting down and abandoning module QuadricMeshReduction (155)
[2017.11.09-03.46.46:024][ 29]LogModuleManager: Shutting down and abandoning module MaterialBaking (151)
[2017.11.09-03.46.46:024][ 29]LogModuleManager: Shutting down and abandoning module DerivedDataCache (148)
[2017.11.09-03.46.46:471][ 29]LogDerivedDataCache: Shutdown
[2017.11.09-03.46.46:471][ 29]LogModuleManager: Shutting down and abandoning module TargetPlatform (146)
[2017.11.09-03.46.46:471][ 29]LogModuleManager: Shutting down and abandoning module VulkanShaderFormat (145)
[2017.11.09-03.46.46:471][ 29]LogModuleManager: Shutting down and abandoning module ShaderFormatVectorVM (143)
[2017.11.09-03.46.46:471][ 29]LogModuleManager: Shutting down and abandoning module ShaderFormatOpenGL (141)
[2017.11.09-03.46.46:471][ 29]LogModuleManager: Shutting down and abandoning module ShaderFormatD3D (139)
[2017.11.09-03.46.46:471][ 29]LogModuleManager: Shutting down and abandoning module MetalShaderFormat (137)
[2017.11.09-03.46.46:471][ 29]LogModuleManager: Shutting down and abandoning module TextureFormatUncompressed (135)
[2017.11.09-03.46.46:471][ 29]LogModuleManager: Shutting down and abandoning module TextureFormatPVR (133)
[2017.11.09-03.46.46:471][ 29]LogModuleManager: Shutting down and abandoning module TextureFormatDXT (131)
[2017.11.09-03.46.46:471][ 29]LogModuleManager: Shutting down and abandoning module TextureFormatIntelISPCTexComp (129)
[2017.11.09-03.46.46:471][ 29]LogModuleManager: Shutting down and abandoning module TextureFormatASTC (127)
[2017.11.09-03.46.46:471][ 29]LogModuleManager: Shutting down and abandoning module ImageWrapper (126)
[2017.11.09-03.46.46:471][ 29]LogModuleManager: Shutting down and abandoning module TextureFormatAndroid (123)
[2017.11.09-03.46.46:471][ 29]LogModuleManager: Shutting down and abandoning module AudioFormatOpus (121)
[2017.11.09-03.46.46:471][ 29]LogModuleManager: Shutting down and abandoning module AudioFormatOgg (119)
[2017.11.09-03.46.46:471][ 29]LogModuleManager: Shutting down and abandoning module AudioFormatADPCM (117)
[2017.11.09-03.46.46:471][ 29]LogModuleManager: Shutting down and abandoning module LinuxTargetPlatform (115)
[2017.11.09-03.46.46:471][ 29]LogModuleManager: Shutting down and abandoning module LinuxServerTargetPlatform (113)
[2017.11.09-03.46.46:471][ 29]LogModuleManager: Shutting down and abandoning module LinuxNoEditorTargetPlatform (111)
[2017.11.09-03.46.46:471][ 29]LogModuleManager: Shutting down and abandoning module LinuxClientTargetPlatform (109)
[2017.11.09-03.46.46:471][ 29]LogModuleManager: Shutting down and abandoning module TVOSTargetPlatform (107)
[2017.11.09-03.46.46:471][ 29]LogModuleManager: Shutting down and abandoning module Messaging (105)
[2017.11.09-03.46.46:471][ 29]LogModuleManager: Shutting down and abandoning module IOSTargetPlatform (103)
[2017.11.09-03.46.46:471][ 29]LogModuleManager: Shutting down and abandoning module HTML5TargetPlatform (101)
[2017.11.09-03.46.46:471][ 29]LogModuleManager: Shutting down and abandoning module AndroidTargetPlatform (99)
[2017.11.09-03.46.46:471][ 29]LogModuleManager: Shutting down and abandoning module Android_PVRTCTargetPlatform (97)
[2017.11.09-03.46.46:471][ 29]LogModuleManager: Shutting down and abandoning module Android_MultiTargetPlatform (95)
[2017.11.09-03.46.46:471][ 29]LogModuleManager: Shutting down and abandoning module Android_ETC2TargetPlatform (93)
[2017.11.09-03.46.46:471][ 29]LogModuleManager: Shutting down and abandoning module Android_ETC1TargetPlatform (91)
[2017.11.09-03.46.46:471][ 29]LogModuleManager: Shutting down and abandoning module Android_DXTTargetPlatform (89)
[2017.11.09-03.46.46:471][ 29]LogModuleManager: Shutting down and abandoning module Android_ATCTargetPlatform (87)
[2017.11.09-03.46.46:471][ 29]LogModuleManager: Shutting down and abandoning module Android_ASTCTargetPlatform (85)
[2017.11.09-03.46.46:471][ 29]LogModuleManager: Shutting down and abandoning module WindowsTargetPlatform (83)
[2017.11.09-03.46.46:471][ 29]LogModuleManager: Shutting down and abandoning module WindowsServerTargetPlatform (81)
[2017.11.09-03.46.46:471][ 29]LogModuleManager: Shutting down and abandoning module WindowsNoEditorTargetPlatform (79)
[2017.11.09-03.46.46:471][ 29]LogModuleManager: Shutting down and abandoning module WindowsClientTargetPlatform (77)
[2017.11.09-03.46.46:471][ 29]LogModuleManager: Shutting down and abandoning module MacTargetPlatform (75)
[2017.11.09-03.46.46:471][ 29]LogModuleManager: Shutting down and abandoning module MacServerTargetPlatform (73)
[2017.11.09-03.46.46:471][ 29]LogModuleManager: Shutting down and abandoning module MacNoEditorTargetPlatform (71)
[2017.11.09-03.46.46:471][ 29]LogModuleManager: Shutting down and abandoning module MacClientTargetPlatform (69)
[2017.11.09-03.46.46:471][ 29]LogModuleManager: Shutting down and abandoning module AllDesktopTargetPlatform (67)
[2017.11.09-03.46.46:471][ 29]LogModuleManager: Shutting down and abandoning module InputCore (64)
[2017.11.09-03.46.46:471][ 29]LogModuleManager: Shutting down and abandoning module Settings (62)
[2017.11.09-03.46.46:471][ 29]LogModuleManager: Shutting down and abandoning module PhysXCooking (60)
[2017.11.09-03.46.46:471][ 29]LogModuleManager: Shutting down and abandoning module SteamVR (58)
[2017.11.09-03.46.46:471][ 29]LogModuleManager: Shutting down and abandoning module OculusHMD (56)
[2017.11.09-03.46.46:471][ 29]LogModuleManager: Shutting down and abandoning module ExampleDeviceProfileSelector (54)
[2017.11.09-03.46.46:471][ 29]LogModuleManager: Shutting down and abandoning module AppleARKit (52)
[2017.11.09-03.46.46:471][ 29]LogModuleManager: Shutting down and abandoning module AugmentedReality (51)
[2017.11.09-03.46.46:471][ 29]LogModuleManager: Shutting down and abandoning module OnlineBlueprintSupport (48)
[2017.11.09-03.46.46:471][ 29]LogModuleManager: Shutting down and abandoning module OnlineSubsystem (44)
[2017.11.09-03.46.46:472][ 29]LogModuleManager: Shutting down and abandoning module XMPP (43)
[2017.11.09-03.46.46:472][ 29]LogModuleManager: Shutting down and abandoning module HTTP (41)
[2017.11.09-03.46.46:472][ 29]LogHttp: Display: Http module shutting down, but needs to wait on 1 outstanding Http requests:
[2017.11.09-03.46.46:472][ 29]LogHttp: Display: 	verb=[POST] url=[https://datarouter.ol.epicgames.com/datarouter/api/v1/public/data?SessionID=%7B7B1CF615-43C4-1AF1-7354-65B69F499B51%7D&AppID=UEEditor.Rocket.Release&AppVersion=4.18.0-3709383%2B%2B%2BUE4%2BRelease-4.18&UserID=7e93ef12497a2351dc5eed8d87531828%7C025b25ab26e14f64a438f921eec84600%7C88a06740-65ed-4850-9d98-4b8996ea80b4&AppEnvironment=datacollector-binary&UploadType=eteventstream] status=Processing
[2017.11.09-03.46.46:478][ 29]LogModuleManager: Shutting down and abandoning module SSL (40)
[2017.11.09-03.46.46:479][ 29]LogModuleManager: Shutting down and abandoning module AnimationModifiers (36)
[2017.11.09-03.46.46:479][ 29]LogModuleManager: Shutting down and abandoning module PropertyEditor (35)
[2017.11.09-03.46.46:479][ 29]LogModuleManager: Shutting down and abandoning module AudioEditor (32)
[2017.11.09-03.46.46:479][ 29]LogModuleManager: Shutting down and abandoning module TextureCompressor (30)
[2017.11.09-03.46.46:479][ 29]LogModuleManager: Shutting down and abandoning module ShaderCore (28)
[2017.11.09-03.46.46:479][ 29]LogModuleManager: Shutting down and abandoning module Landscape (26)
[2017.11.09-03.46.46:479][ 29]LogModuleManager: Shutting down and abandoning module SlateRHIRenderer (24)
[2017.11.09-03.46.46:481][ 29]LogModuleManager: Shutting down and abandoning module OpenGLDrv (22)
[2017.11.09-03.46.46:481][ 29]LogModuleManager: Shutting down and abandoning module D3D11RHI (20)
[2017.11.09-03.46.46:481][ 29]LogModuleManager: Shutting down and abandoning module AnimGraphRuntime (18)
[2017.11.09-03.46.46:481][ 29]LogModuleManager: Shutting down and abandoning module Renderer (16)
[2017.11.09-03.46.46:481][ 29]LogModuleManager: Shutting down and abandoning module Engine (14)
[2017.11.09-03.46.46:481][ 29]LogModuleManager: Shutting down and abandoning module CoreUObject (12)
[2017.11.09-03.46.46:481][ 29]LogModuleManager: Shutting down and abandoning module NetworkFile (10)
[2017.11.09-03.46.46:481][ 29]LogModuleManager: Shutting down and abandoning module CookedIterativeFile (8)
[2017.11.09-03.46.46:481][ 29]LogModuleManager: Shutting down and abandoning module StreamingFile (6)
[2017.11.09-03.46.46:481][ 29]LogModuleManager: Shutting down and abandoning module SandboxFile (4)
[2017.11.09-03.46.46:481][ 29]LogModuleManager: Shutting down and abandoning module PakFile (2)
[2017.11.09-03.46.46:484][ 29]LogExit: Exiting.
[2017.11.09-03.46.46:499][ 29]Log file closed, 11/08/17 22:46:46
