Log file open, 10/31/17 15:04:10
LogWindows: Failed to load 'aqProf.dll' (GetLastError=126)
LogWindows: File 'aqProf.dll' does not exist
LogWindows: Failed to load 'VtuneApi.dll' (GetLastError=126)
LogWindows: File 'VtuneApi.dll' does not exist
LogWindows: Failed to load 'VtuneApi32e.dll' (GetLastError=126)
LogWindows: File 'VtuneApi32e.dll' does not exist
LogInit: Display: Running engine for game: ShadowMinions2
LogPlatformFile: Not using cached read wrapper
LogInit: Display: RandInit(1373922320) SRandInit(1373922320).
LogTaskGraph: Started task graph with 5 named threads and 14 total threads with 3 sets of task threads.
LogStats: Stats thread started at 0.167733
LogD3D11RHI: Aftermath initialized
LogPluginManager: Mounting plugin Paper2D
LogPluginManager: Mounting plugin LightPropagationVolume
LogPluginManager: Mounting plugin CodeLiteSourceCodeAccess
LogPluginManager: Mounting plugin GitSourceControl
LogPluginManager: Mounting plugin KDevelopSourceCodeAccess
LogPluginManager: Mounting plugin NullSourceCodeAccess
LogPluginManager: Mounting plugin PerforceSourceControl
LogPluginManager: Mounting plugin SubversionSourceControl
LogPluginManager: Mounting plugin UObjectPlugin
LogPluginManager: Mounting plugin VisualStudioSourceCodeAccess
LogPluginManager: Mounting plugin XCodeSourceCodeAccess
LogPluginManager: Mounting plugin AssetManagerEditor
LogPluginManager: Mounting plugin AudioCapture
LogPluginManager: Mounting plugin FacialAnimation
LogPluginManager: Mounting plugin GameplayTagsEditor
LogPluginManager: Mounting plugin MobileLauncherProfileWizard
LogPluginManager: Mounting plugin PluginBrowser
LogPluginManager: Mounting plugin SpeedTreeImporter
LogPluginManager: Mounting plugin AlembicImporter
LogPluginManager: Mounting plugin CharacterAI
LogPluginManager: Mounting plugin HTML5Networking
LogPluginManager: Mounting plugin AndroidMedia
LogPluginManager: Mounting plugin AvfMedia
LogPluginManager: Mounting plugin MediaPlayerEditor
LogPluginManager: Mounting plugin WmfMedia
LogPluginManager: Mounting plugin TcpMessaging
LogPluginManager: Mounting plugin UdpMessaging
LogPluginManager: Mounting plugin LevelSequenceEditor
LogPluginManager: Mounting plugin MatineeToLevelSequence
LogPluginManager: Mounting plugin OnlineSubsystemGooglePlay
LogPluginManager: Mounting plugin OnlineSubsystemIOS
LogPluginManager: Mounting plugin OnlineSubsystem
LogPluginManager: Mounting plugin OnlineSubsystemNull
LogPluginManager: Mounting plugin OnlineSubsystemUtils
LogPluginManager: Mounting plugin AndroidDeviceProfileSelector
LogPluginManager: Mounting plugin AndroidMoviePlayer
LogPluginManager: Mounting plugin AndroidPermission
LogPluginManager: Mounting plugin AppleMoviePlayer
LogPluginManager: Mounting plugin ArchVisCharacter
LogPluginManager: Mounting plugin CableComponent
LogPluginManager: Mounting plugin CustomMeshComponent
LogPluginManager: Mounting plugin ExampleDeviceProfileSelector
LogPluginManager: Mounting plugin GoogleCloudMessaging
LogPluginManager: Mounting plugin ImmediatePhysics
LogPluginManager: Mounting plugin IOSDeviceProfileSelector
LogPluginManager: Mounting plugin LinuxDeviceProfileSelector
LogPluginManager: Mounting plugin LocationServicesBPLibrary
LogPluginManager: Mounting plugin MobilePatchingUtils
LogPluginManager: Mounting plugin OculusVR
LogPluginManager: Mounting plugin PhysXVehicles
LogPluginManager: Mounting plugin ProceduralMeshComponent
LogPluginManager: Mounting plugin RuntimePhysXCooking
LogPluginManager: Mounting plugin SteamVR
LogPluginManager: Mounting plugin WindowsMoviePlayer
LogInit: Using libcurl 7.47.1
LogInit:  - built for x86_64-pc-win32
LogInit:  - supports SSL with OpenSSL/1.0.2g
LogInit:  - supports HTTP deflate (compression) using libz 1.2.8
LogInit:  - other features:
LogInit:      CURL_VERSION_SSL
LogInit:      CURL_VERSION_LIBZ
LogInit:      CURL_VERSION_IPV6
LogInit:      CURL_VERSION_ASYNCHDNS
LogInit:      CURL_VERSION_LARGEFILE
LogInit:      CURL_VERSION_IDN
LogInit:  CurlRequestOptions (configurable via config and command line):
LogInit:  - bVerifyPeer = false  - Libcurl will NOT verify peer certificate
LogInit:  - bUseHttpProxy = false  - Libcurl will NOT use HTTP proxy
LogInit:  - bDontReuseConnections = false  - Libcurl will reuse connections
LogInit:  - CertBundlePath = nullptr  - Libcurl will use whatever was configured at build time.
LogInit: Build: ++UE4+Release-4.17-CL-3658906
LogInit: Engine Version: 4.17.2-3658906+++UE4+Release-4.17
LogInit: Compatible Engine Version: 4.17.0-3573198+++UE4+Release-4.17
LogInit: Net CL: 3573198
LogDevObjectVersion: Number of dev versions registered: 16
LogDevObjectVersion:   Dev-Blueprints (B0D832E4-1F89-4F0D-ACCF-7EB736FD4AA2): 10
LogDevObjectVersion:   Dev-Build (E1C64328-A22C-4D53-A36C-8E866417BD8C): 0
LogDevObjectVersion:   Dev-Core (375EC13C-06E4-48FB-B500-84F0262A717E): 2
LogDevObjectVersion:   Dev-Editor (E4B068ED-F494-42E9-A231-DA0B2E46BB41): 20
LogDevObjectVersion:   Dev-Framework (CFFC743F-43B0-4480-9391-14DF171D2073): 28
LogDevObjectVersion:   Dev-Mobile (B02B49B5-BB20-44E9-A304-32B752E40360): 0
LogDevObjectVersion:   Dev-Networking (A4E4105C-59A1-49B5-A7C5-40C4547EDFEE): 0
LogDevObjectVersion:   Dev-Online (39C831C9-5AE6-47DC-9A44-9C173E1C8E7C): 0
LogDevObjectVersion:   Dev-Physics (78F01B33-EBEA-4F98-B9B4-84EACCB95AA2): 0
LogDevObjectVersion:   Dev-Platform (6631380F-2D4D-43E0-8009-CF276956A95A): 0
LogDevObjectVersion:   Dev-Rendering (12F88B9F-8875-4AFC-A67C-D90C383ABD29): 19
LogDevObjectVersion:   Dev-Sequencer (7B5AE74C-D270-4C10-A958-57980B212A5A): 4
LogDevObjectVersion:   Dev-VR (D7296918-1DD6-4BDD-9DE2-64A83CC13884): 0
LogDevObjectVersion:   Dev-LoadTimes (C2A15278-BFE7-4AFE-6C17-90FF531DF755): 1
LogDevObjectVersion:   Private-Geometry (6EACA3D4-40EC-4CC1-B786-8BED09428FC5): 1
LogDevObjectVersion:   Dev-AnimPhys (29E575DD-E0A3-4627-9D10-D276232CDCEA): 7
LogInit: Compiled (64-bit): Sep 22 2017 13:47:16
LogInit: Compiled with Visual C++: 19.00.24215.01
LogInit: Build Configuration: Development
LogInit: Branch Name: ++UE4+Release-4.17
LogInit: Command line: -EpicPortal 
LogInit: Base directory: C:/Program Files/Epic Games/UE_4.17/Engine/Binaries/Win64/
LogInit: Installed Engine Build: 1
LogInit: Presizing for max 8388607 objects, including 0 objects not considered by GC, pre-allocating 0 bytes for permanent pool.
LogInit: Object subsystem initialized
[2017.10.31-19.04.11:305][  0]LogInit: Selected Device Profile: [Windows]
[2017.10.31-19.04.11:305][  0]LogInit: Applying CVar settings loaded from the selected device profile: [Windows]
[2017.10.31-19.04.11:322][  0]LogInit: Computer: DESKTOP-PTDA5BA
[2017.10.31-19.04.11:322][  0]LogInit: User: Aman
[2017.10.31-19.04.11:322][  0]LogInit: CPU Page size=4096, Cores=4
[2017.10.31-19.04.11:322][  0]LogInit: High frequency timer resolution =2.742191 MHz
[2017.10.31-19.04.11:323][  0]LogMemory: Memory total: Physical=32.0GB (32GB approx)
[2017.10.31-19.04.11:323][  0]LogMemory: Platform Memory Stats for Windows
[2017.10.31-19.04.11:323][  0]LogMemory: Process Physical Memory: 278.54 MB used, 278.54 MB peak
[2017.10.31-19.04.11:323][  0]LogMemory: Process Virtual Memory: 274.24 MB used, 274.24 MB peak
[2017.10.31-19.04.11:323][  0]LogMemory: Physical Memory: 5929.96 MB used,  26795.63 MB free, 32725.59 MB total
[2017.10.31-19.04.11:323][  0]LogMemory: Virtual Memory: 669.05 MB used,  26795.63 MB free, 134217728.00 MB total
[2017.10.31-19.04.11:657][  0]LogInit: Using OS detected language (en-US).
[2017.10.31-19.04.11:657][  0]LogInit: Using OS detected locale (en-IN).
[2017.10.31-19.04.11:659][  0]LogTextLocalizationManager: No specific localization for 'en-US' exists, so the 'en' localization will be used.
[2017.10.31-19.04.12:304][  0]LogD3D11RHI: D3D11 adapters:
[2017.10.31-19.04.12:337][  0]LogD3D11RHI:    0. 'NVIDIA GeForce GTX 1070' (Feature Level 11_0)
[2017.10.31-19.04.12:337][  0]LogD3D11RHI:       8089/0/16362 MB DedicatedVideo/DedicatedSystem/SharedSystem, Outputs:1, VendorId:0x10de
[2017.10.31-19.04.12:338][  0]LogD3D11RHI:    1. 'Microsoft Basic Render Driver' (Feature Level 11_0)
[2017.10.31-19.04.12:338][  0]LogD3D11RHI:       0/0/16362 MB DedicatedVideo/DedicatedSystem/SharedSystem, Outputs:0, VendorId:0x1414
[2017.10.31-19.04.12:338][  0]LogD3D11RHI: Chosen D3D11 Adapter: 0
[2017.10.31-19.04.12:343][  0]LogD3D11RHI: Creating new Direct3DDevice
[2017.10.31-19.04.12:343][  0]LogD3D11RHI:     GPU DeviceId: 0x1be1 (for the marketing name, search the web for "GPU Device Id")
[2017.10.31-19.04.12:343][  0]LogWindows: EnumDisplayDevices:
[2017.10.31-19.04.12:343][  0]LogWindows:    0. 'NVIDIA GeForce GTX 1070' (P:1 D:1)
[2017.10.31-19.04.12:343][  0]LogWindows:    1. 'NVIDIA GeForce GTX 1070' (P:0 D:0)
[2017.10.31-19.04.12:344][  0]LogWindows:    2. 'NVIDIA GeForce GTX 1070' (P:0 D:0)
[2017.10.31-19.04.12:344][  0]LogWindows:    3. 'NVIDIA GeForce GTX 1070' (P:0 D:0)
[2017.10.31-19.04.12:344][  0]LogWindows: DebugString: FoundDriverCount:4 
[2017.10.31-19.04.12:344][  0]LogD3D11RHI:     Adapter Name: NVIDIA GeForce GTX 1070
[2017.10.31-19.04.12:344][  0]LogD3D11RHI:   Driver Version: 388.00 (internal:23.21.13.8800, unified:388.00)
[2017.10.31-19.04.12:344][  0]LogD3D11RHI:      Driver Date: 10-12-2017
[2017.10.31-19.04.12:344][  0]LogRHI: Texture pool is 1361 MB (70% of 1945 MB)
[2017.10.31-19.04.12:368][  0]LogD3D11RHI: Async texture creation enabled
[2017.10.31-19.04.12:428][  0]LogD3D11RHI: GPU Timing Frequency: 1000.000000 (Debug: 2 1)
[2017.10.31-19.04.12:471][  0]LogShaderCompilers: Guid format shader working directory is 1 characters bigger than the processId version (D:/Documents/Unreal Projects/ShadowMinions2/Intermediate/Shaders/WorkingDirectory/10300/).
[2017.10.31-19.04.12:471][  0]LogShaderCompilers: Cleaned the shader compiler working directory 'C:/Users/Aman/AppData/Local/Temp/UnrealShaderWorkingDir/204F304D40284C99098C879EAED1E02E/'.
[2017.10.31-19.04.12:471][  0]LogShaderCompilers: Display: Using Local Shader Compiler.
[2017.10.31-19.04.13:434][  0]LogTemp: Display: Loaded TP AllDesktopTargetPlatform
[2017.10.31-19.04.13:477][  0]LogTemp: Display: Loaded TP MacClientTargetPlatform
[2017.10.31-19.04.13:542][  0]LogTemp: Display: Loaded TP MacNoEditorTargetPlatform
[2017.10.31-19.04.13:628][  0]LogTemp: Display: Loaded TP MacServerTargetPlatform
[2017.10.31-19.04.13:671][  0]LogTemp: Display: Loaded TP MacTargetPlatform
[2017.10.31-19.04.13:714][  0]LogTemp: Display: Loaded TP WindowsClientTargetPlatform
[2017.10.31-19.04.13:757][  0]LogTemp: Display: Loaded TP WindowsNoEditorTargetPlatform
[2017.10.31-19.04.13:801][  0]LogTemp: Display: Loaded TP WindowsServerTargetPlatform
[2017.10.31-19.04.13:840][  0]LogTemp: Display: Loaded TP WindowsTargetPlatform
[2017.10.31-19.04.13:892][  0]LogTemp: Display: Loaded TP AndroidTargetPlatform
[2017.10.31-19.04.13:933][  0]LogTemp: Display: Loaded TP Android_ASTCTargetPlatform
[2017.10.31-19.04.13:976][  0]LogTemp: Display: Loaded TP Android_ATCTargetPlatform
[2017.10.31-19.04.14:019][  0]LogTemp: Display: Loaded TP Android_DXTTargetPlatform
[2017.10.31-19.04.14:063][  0]LogTemp: Display: Loaded TP Android_ETC1TargetPlatform
[2017.10.31-19.04.14:110][  0]LogTemp: Display: Loaded TP Android_ETC2TargetPlatform
[2017.10.31-19.04.14:206][  0]LogTemp: Display: Loaded TP Android_MultiTargetPlatform
[2017.10.31-19.04.14:206][  0]LogTemp: Display: Loaded TP Android_PVRTCTargetPlatform
[2017.10.31-19.04.14:238][  0]LogTemp: Display: Loaded TP HTML5TargetPlatform
[2017.10.31-19.04.14:321][  0]LogTemp: Display: Loaded TP IOSTargetPlatform
[2017.10.31-19.04.14:359][  0]LogTemp: Display: Loaded TP TVOSTargetPlatform
[2017.10.31-19.04.14:419][  0]LogTemp: Display: Loaded TP LinuxClientTargetPlatform
[2017.10.31-19.04.14:465][  0]LogTemp: Display: Loaded TP LinuxNoEditorTargetPlatform
[2017.10.31-19.04.14:510][  0]LogTemp: Display: Loaded TP LinuxServerTargetPlatform
[2017.10.31-19.04.14:554][  0]LogTemp: Display: Loaded TP LinuxTargetPlatform
[2017.10.31-19.04.14:554][  0]LogTargetPlatformManager: Display: Building Assets For Windows
[2017.10.31-19.04.14:965][  0]LogDerivedDataCache: Display: Max Cache Size: 512 MB
[2017.10.31-19.04.15:071][  0]LogDerivedDataCache: Loaded boot cache 0.11s 93MB C:/Users/Aman/AppData/Local/UnrealEngine/4.17/DerivedDataCache/Boot.ddc.
[2017.10.31-19.04.15:072][  0]LogDerivedDataCache: Display: Loaded Boot cache: C:/Users/Aman/AppData/Local/UnrealEngine/4.17/DerivedDataCache/Boot.ddc
[2017.10.31-19.04.15:072][  0]LogDerivedDataCache: FDerivedDataBackendGraph:  Pak pak cache file D:/Documents/Unreal Projects/ShadowMinions2/DerivedDataCache/DDC.ddp not found, will not use a pak cache.
[2017.10.31-19.04.15:072][  0]LogDerivedDataCache: Unable to find inner node Pak for hierarchical cache Hierarchy.
[2017.10.31-19.04.15:072][  0]LogDerivedDataCache: FDerivedDataBackendGraph:  CompressedPak pak cache file D:/Documents/Unreal Projects/ShadowMinions2/DerivedDataCache/Compressed.ddp not found, will not use a pak cache.
[2017.10.31-19.04.15:072][  0]LogDerivedDataCache: Unable to find inner node CompressedPak for hierarchical cache Hierarchy.
[2017.10.31-19.04.15:091][  0]LogDerivedDataCache: Display: Pak cache opened for reading ../../../Engine/DerivedDataCache/Compressed.ddp.
[2017.10.31-19.04.15:103][  0]LogDerivedDataCache: Using Local data cache path C:/Users/Aman/AppData/Local/UnrealEngine/Common/DerivedDataCache: Writable
[2017.10.31-19.04.15:113][  0]LogMaterial: Verifying Global Shaders for PCD3D_SM5
[2017.10.31-19.04.15:114][  0]LogSlate: Using Freetype 2.6.0
[2017.10.31-19.04.15:114][  0]LogSlate: SlateFontCache - WITH_FREETYPE: 1, WITH_HARFBUZZ: 1
[2017.10.31-19.04.15:114][  0]LogSlate: SlateFontCache - WITH_FREETYPE: 1, WITH_HARFBUZZ: 1
[2017.10.31-19.04.15:398][  0]LogAssetRegistry: FAssetRegistry took 0.0258 seconds to start up
[2017.10.31-19.04.15:498][  0]LogInit: Selected Device Profile: [Windows]
[2017.10.31-19.04.15:810][  0]LogSimplygon: Simplygon DLL not present - disabling.
[2017.10.31-19.04.15:845][  0]LogMeshReduction: Using SimplygonSwarm for distributed automatic mesh merging
[2017.10.31-19.04.15:845][  0]LogMeshReduction: Using QuadricMeshReduction for automatic static mesh reduction
[2017.10.31-19.04.15:845][  0]LogMeshReduction: No automatic skeletal mesh reduction module available
[2017.10.31-19.04.15:845][  0]LogMeshReduction: No automatic mesh merging module available
[2017.10.31-19.04.15:845][  0]LogMeshMerging: No automatic mesh merging module available
[2017.10.31-19.04.15:846][  0]LogContentStreaming: Texture pool size is 0.00 MB
[2017.10.31-19.04.16:253][  0]LogNetVersion: ShadowMinions2 , NetCL: 3573198, EngineNetVer: 2, GameNetVer: 0 (Checksum: 3443743161)
[2017.10.31-19.04.16:457][  0]LogPackageLocalizationCache: Processed 5 localized package path(s) for 2 prioritized culture(s) in 0.055800 seconds
[2017.10.31-19.04.16:465][  0]LogUObjectArray: 35825 objects as part of root set at end of initial load.
[2017.10.31-19.04.16:465][  0]LogUObjectAllocator: 7529112 out of 0 bytes used by permanent object pool.
[2017.10.31-19.04.16:465][  0]LogUObjectArray: CloseDisregardForGC: 0/0 objects in disregard for GC pool
[2017.10.31-19.04.16:538][  0]LogInit: WinSock: version 1.1 (2.2), MaxSocks=32767, MaxUdp=65467
[2017.10.31-19.04.18:861][  0]LogTcpMessaging: Initializing TcpMessaging bridge
[2017.10.31-19.04.18:895][  0]LogUdpMessaging: Initializing bridge on interface 0.0.0.0:0 to multicast group 230.0.0.1:6666.
[2017.10.31-19.04.19:491][  0]LogMaterial: Uniform references updated for custom material expression Custom.
[2017.10.31-19.04.19:824][  0]SourceControl: Source control is disabled
[2017.10.31-19.04.19:824][  0]SourceControl: Source control is disabled
[2017.10.31-19.04.19:861][  0]SourceControl: Source control is disabled
[2017.10.31-19.04.19:897][  0]SourceControl: Source control is disabled
[2017.10.31-19.04.20:364][  0]LogAndroidPermission: UAndroidPermissionCallbackProxy::GetInstance
[2017.10.31-19.04.20:558][  0]LogOcInput: OculusInput pre-init called
[2017.10.31-19.04.20:790][  0]LogEngine: Initializing Engine...
[2017.10.31-19.04.20:791][  0]LogHMD: Failed to initialize OpenVR with code 110
[2017.10.31-19.04.20:997][  0]LogStats: UGameplayTagsManager::ConstructGameplayTagTree: Construct from data asset -  0.000 s
[2017.10.31-19.04.20:997][  0]LogStats: UGameplayTagsManager::ConstructGameplayTagTree: GameplayTagTreeChangedEvent.Broadcast -  0.000 s
[2017.10.31-19.04.21:112][  0]LogAIModule: Creating AISystem for world Untitled
[2017.10.31-19.04.21:185][  0]LogInit: XAudio2 using 'Headphones (Bose QuietComfort 35 Stereo)' : 2 channels at 44.1 kHz using 16 bits per sample (channel mask 0x3)
[2017.10.31-19.04.21:200][  0]LogInit: FAudioDevice initialized.
[2017.10.31-19.04.21:260][  0]LogDerivedDataCache: Saved boot cache 0.06s 93MB C:/Users/Aman/AppData/Local/UnrealEngine/4.17/DerivedDataCache/Boot.ddc.
[2017.10.31-19.04.21:267][  0]LogInit: Texture streaming: Enabled
[2017.10.31-19.04.21:364][  0]LogEngineSessionManager: EngineSessionManager initialized
[2017.10.31-19.04.21:564][  0]LogInit: Transaction tracking system initialized
[2017.10.31-19.04.21:829][  0]BlueprintLog: New page: Editor Load
[2017.10.31-19.04.22:650][  0]LocalizationService: Localization service is disabled
[2017.10.31-19.04.23:119][  0]LogLinker: Warning: Can't find file '/Game/ThirdPersonBP/TestLevel'
[2017.10.31-19.04.23:119][  0]LogLinker: Warning: Can't find file '/Game/ThirdPersonBP/TestLevel'
[2017.10.31-19.04.23:119][  0]LogUObjectGlobals: Warning: Failed to find object 'Class /Game/ThirdPersonBP/TestLevel.TestLevel_C'
[2017.10.31-19.04.23:301][  0]LogConsoleResponse: Display: 
[2017.10.31-19.04.23:474][  0]LogCook: Display: Max memory allowance for cook 16384mb min free memory 0mb
[2017.10.31-19.04.23:474][  0]LogCook: Display: Mobile HDR setting 1
[2017.10.31-19.04.23:474][  0]LogGameplayTags: Display: UGameplayTagsManager::DoneAddingNativeTags. DelegateIsBound: 0
[2017.10.31-19.04.24:344][  0]LogFileCache: Scanning file cache for directory 'D:/Documents/Unreal Projects/ShadowMinions2/Content/' took 0.02s
[2017.10.31-19.04.24:388][  0]SourceControl: Source control is disabled
[2017.10.31-19.04.24:388][  0]Cmd: MAP LOAD FILE="D:/Documents/Unreal Projects/ShadowMinions2/Content/ThirdPersonBP/Maps/ThirdPersonExampleMap.umap" TEMPLATE=0 SHOWPROGRESS=1 FEATURELEVEL=3
[2017.10.31-19.04.24:389][  0]LightingResults: New page: Lighting Build
[2017.10.31-19.04.24:423][  0]MapCheck: New page: Map Check
[2017.10.31-19.04.24:423][  0]LightingResults: New page: Lighting Build
[2017.10.31-19.04.24:837][  0]LogAIModule: Creating AISystem for world ThirdPersonExampleMap
[2017.10.31-19.04.24:847][  0]LogEditorServer: Finished looking for orphan Actors (0.000 secs)
[2017.10.31-19.04.24:870][  0]Cmd: MAP CHECKDEP NOCLEARLOG
[2017.10.31-19.04.24:915][  0]MapCheck: Map check complete: 0 Error(s), 0 Warning(s), took 45.564ms to complete.
[2017.10.31-19.04.24:915][  0]LogFileHelpers: Loading map 'ThirdPersonExampleMap' took 0.527
[2017.10.31-19.04.25:086][  0]LogCollectionManager: Loaded 0 collections in 0.001550 seconds
[2017.10.31-19.04.25:191][  0]LogFileCache: Scanning file cache for directory 'D:/Documents/Unreal Projects/ShadowMinions2/Saved/Collections/' took 0.01s
[2017.10.31-19.04.25:191][  0]LogFileCache: Scanning file cache for directory 'D:/Documents/Unreal Projects/ShadowMinions2/Content/Developers/Aman/Collections/' took 0.01s
[2017.10.31-19.04.25:192][  0]LogFileCache: Scanning file cache for directory 'D:/Documents/Unreal Projects/ShadowMinions2/Content/Collections/' took 0.01s
[2017.10.31-19.04.25:192][  0]LogCollectionManager: Rebuilt the GUID cache for 0 collections in 0.000001 seconds
[2017.10.31-19.04.25:204][  0]LogContentBrowser: Native class hierarchy populated in 0.0123 seconds. Added 2386 classes and 500 folders.
[2017.10.31-19.04.25:255][  0]LogContentBrowser: Native class hierarchy updated for 'WidgetCarousel' in 0.0008 seconds. Added 0 classes and 0 folders.
[2017.10.31-19.04.25:286][  0]LogContentBrowser: Native class hierarchy updated for 'AddContentDialog' in 0.0007 seconds. Added 0 classes and 0 folders.
[2017.10.31-19.04.25:357][  0]LogContentBrowser: Native class hierarchy updated for 'SceneOutliner' in 0.0008 seconds. Added 1 classes and 2 folders.
[2017.10.31-19.04.25:381][  0]LogSlate: Took 0.000422 seconds to synchronously load lazily loaded font '../../../Engine/Content/Slate/Fonts/Roboto-Regular.ttf' (155K)
[2017.10.31-19.04.25:388][  0]LogSlate: Took 0.000226 seconds to synchronously load lazily loaded font '../../../Engine/Content/Slate/Fonts/Roboto-Bold.ttf' (160K)
[2017.10.31-19.04.25:390][  0]LogSlate: Took 0.000175 seconds to synchronously load lazily loaded font '../../../Engine/Content/Editor/Slate/Fonts/FontAwesome.ttf' (139K)
[2017.10.31-19.04.25:469][  0]LogRenderer: Reallocating scene render targets to support 1100x436 Format 10 NumSamples 1 (Frame:1).
[2017.10.31-19.04.25:788][  0]LogContentBrowser: Native class hierarchy updated for 'HierarchicalLODOutliner' in 0.0007 seconds. Added 1 classes and 2 folders.
[2017.10.31-19.04.25:788][  0]LogLoad: (Engine Initialization) Total time: 15.99 seconds
[2017.10.31-19.04.25:788][  0]LogLoad: (Engine Initialization) Total Blueprint compile time: 0.00 seconds
[2017.10.31-19.04.25:788][  0]LogExternalProfiler: Found external profiler: VSPerf
[2017.10.31-19.04.25:788][  0]LogExternalProfiler: Using external profiler: VSPerf
[2017.10.31-19.04.26:154][  0]LogContentStreaming: Texture pool size now 1000 MB
[2017.10.31-19.04.26:230][  0]LogSlate: Took 0.000197 seconds to synchronously load lazily loaded font '../../../Engine/Content/Slate/Fonts/Roboto-Light.ttf' (159K)
[2017.10.31-19.04.26:477][  1]LogAssetRegistry: Asset discovery search completed in 11.1002 seconds
[2017.10.31-19.04.26:479][  1]LogCollectionManager: Rebuilt the object cache for 0 collections in 0.000000 seconds (found 0 objects)
[2017.10.31-19.04.26:479][  1]LogCollectionManager: Fixed up redirectors for 0 collections in 0.000066 seconds (updated 0 objects)
[2017.10.31-19.05.43:848][685]LogTexture: Display: Building textures: T_FPGun_M (AutoDXT, 2048X2048)
[2017.10.31-19.05.43:849][685]LogTexture: Display: Building textures: T_FPGun_AO (BGRA8, 512X512)
[2017.10.31-19.05.43:849][685]LogTexture: Display: Building textures: UE4_LOGO_CARD (AutoDXT, 4096X4096)
[2017.10.31-19.05.43:849][685]LogTexture: Display: Building textures: T_ML_FineRubber (AutoDXT, 2048X2048)
[2017.10.31-19.05.43:849][685]LogTexture: Display: Building textures: UE4_Mannequin_occlusion_Mobile (AutoDXT, 4096X4096)
[2017.10.31-19.05.48:159][685]LogMaterial: Missing cached shader map for material M_FPGun, compiling. 
[2017.10.31-19.05.48:266][685]LogSlate: Took 0.000193 seconds to synchronously load lazily loaded font '../../../Engine/Content/Slate/Fonts/Roboto-Light.ttf' (159K)
[2017.10.31-19.05.48:375][685]LogContentBrowser: Native class hierarchy updated for 'SkeletonEditor' in 0.0008 seconds. Added 1 classes and 2 folders.
[2017.10.31-19.05.48:538][685]LogActorComponent: RegisterComponentWithWorld: (/Engine/Transient.World_0:PersistentLevel.Actor_0.DebugSkelMeshComponent_0) Already registered. Aborting.
[2017.10.31-19.05.48:605][685]LogSkeletalMesh: USkeletalMeshComponent::InitArticulated : Bodies already created (/Engine/Transient.World_0:PersistentLevel.Actor_0.DebugSkelMeshComponent_0) - call TermArticulated first.
[2017.10.31-19.05.48:925][685]LogSlate: Took 0.000188 seconds to synchronously load lazily loaded font '../../../Engine/Content/Editor/Slate/Fonts/Roboto-Italic.ttf' (157K)
[2017.10.31-19.05.49:000][685]LogContentBrowser: Native class hierarchy updated for 'ClothingSystemEditorInterface' in 0.0009 seconds. Added 1 classes and 0 folders.
[2017.10.31-19.05.49:010][685]LogRenderer: Reallocating scene render targets to support 1100x672 Format 10 NumSamples 1 (Frame:1).
[2017.10.31-19.08.04:698][774]LogTemp: Executing iPhonePackager certificates Engine -bundlename com.YourCompany.ShadowMinions2
[2017.10.31-19.08.04:698][774]LogTemp: CWD: C:\Program Files\Epic Games\UE_4.17\Engine\Binaries\DotNET\IOS
[2017.10.31-19.08.04:698][774]LogTemp: Initial Dir: C:\Program Files\Epic Games\UE_4.17
[2017.10.31-19.08.04:698][774]LogTemp: Env CWD: C:\Program Files\Epic Games\UE_4.17\Engine\Binaries\DotNET\IOS
[2017.10.31-19.08.04:698][774]LogTemp: BranchPath = DESKTOP-PTDA5BA/C/Program Files/Epic Games/UE_4.17/Engine/Binaries --- GameBranchPath = DESKTOP-PTDA5BA/C/Program Files/Epic Games/UE_4.17/Engine/Binaries
[2017.10.31-19.08.04:715][775]LogTemp: IPP ERROR: Could not find provision directory 'C:\Users\Aman\AppData\Local/Apple Computer/MobileDevice/Provisioning Profiles/'.
[2017.10.31-19.23.50:934][881]LogSlate: Took 0.000194 seconds to synchronously load lazily loaded font '../../../Engine/Content/Editor/Slate/Fonts/Roboto-BoldCondensed.ttf' (158K)
[2017.10.31-19.24.06:603][816]Running C:/Program Files/Epic Games/UE_4.17/Engine/Binaries/DotNET/UnrealBuildTool.exe  -projectfiles -project="D:/Documents/Unreal Projects/ShadowMinions2/ShadowMinions2.uproject" -game -rocket -progress
[2017.10.31-19.24.06:806][816]Discovering modules, targets and source code for project...
[2017.10.31-19.24.13:431][816]LogSlate: Took 0.000134 seconds to synchronously load lazily loaded font '../../../Engine/Content/Slate/Fonts/Roboto-Regular.ttf' (155K)
[2017.10.31-19.24.14:457][816]LogHotReload: Recompiling module ShadowMinions2...
[2017.10.31-19.24.14:459][816]LogVSAccessor: Warning: Couldn't access Visual Studio
[2017.10.31-19.24.14:489][816]Candidate modules for hot reload:
[2017.10.31-19.24.14:489][816]  ShadowMinions2
[2017.10.31-19.24.14:489][816]Launching UnrealBuildTool... [C:/Program Files/Epic Games/UE_4.17/Engine/Binaries/DotNET/UnrealBuildTool.exe ShadowMinions2 -Module ShadowMinions2 Win64 Development -editorrecompile -canskiplink "D:/Documents/Unreal Projects/ShadowMinions2/ShadowMinions2.uproject" ]
[2017.10.31-19.25.21:691][816]Performing full C++ include scan (hot reloading a new target)
Compiling game modules for hot reload
Parsing headers for ShadowMinions2Editor
  Running UnrealHeaderTool "D:\Documents\Unreal Projects\ShadowMinions2\ShadowMinions2.uproject" "D:\Documents\Unreal Projects\ShadowMinions2\Intermediate\Build\Win64\ShadowMinions2Editor\Development\ShadowMinions2Editor.uhtmanifest" -LogCmds="loginit warning, logexit warning, logdatabase error" -Unattended -WarningsAsErrors -installed
Reflection code generated for ShadowMinions2Editor in 8.9135421 seconds
Performing 9 actions (4 in parallel)
[2/9] Resource ModuleVersionResource.rc.inl
[3/9] Resource PCLaunch.rc
SharedPCH.Engine.cpp
BaseChanracter.cpp
BaseChanracter.gen.cpp
ShadowMinions2.init.gen.cpp
ShadowMinions2.cpp
[8/9] Link UE4Editor-ShadowMinions2.dll
[9/9] Link UE4Editor-ShadowMinions2.lib
   Creating library D:\Documents\Unreal Projects\ShadowMinions2\Intermediate\Build\Win64\UE4Editor\Development\UE4Editor-ShadowMinions2.lib and object D:\Documents\Unreal Projects\ShadowMinions2\Intermediate\Build\Win64\UE4Editor\Development\UE4Editor-ShadowMinions2.exp
   Creating library D:\Documents\Unreal Projects\ShadowMinions2\Intermediate\Build\Win64\UE4Editor\Development\UE4Editor-ShadowMinions2.suppressed.lib and object D:\Documents\Unreal Projects\ShadowMinions2\Intermediate\Build\Win64\UE4Editor\Development\UE4Editor-ShadowMinions2.suppressed.exp
Total build time: 66.95 seconds (Local executor: 23.03 seconds)

[2017.10.31-19.25.21:692][816]CompilerResultsLog: New page: Compilation - 31-Oct-2017 11:25:21 am
[2017.10.31-19.25.21:692][816]CompilerResultsLog: Performing full C++ include scan (hot reloading a new target)
[2017.10.31-19.25.21:692][816]CompilerResultsLog: Compiling game modules for hot reload
[2017.10.31-19.25.21:692][816]CompilerResultsLog: Parsing headers for ShadowMinions2Editor
[2017.10.31-19.25.21:692][816]CompilerResultsLog:   Running UnrealHeaderTool "D:\Documents\Unreal Projects\ShadowMinions2\ShadowMinions2.uproject" "D:\Documents\Unreal Projects\ShadowMinions2\Intermediate\Build\Win64\ShadowMinions2Editor\Development\ShadowMinions2Editor.uhtmanifest" -LogCmds="loginit warning, logexit warning, logdatabase error" -Unattended -WarningsAsErrors -installed
[2017.10.31-19.25.21:692][816]CompilerResultsLog: Reflection code generated for ShadowMinions2Editor in 8.9135421 seconds
[2017.10.31-19.25.21:692][816]CompilerResultsLog: Performing 9 actions (4 in parallel)
[2017.10.31-19.25.21:692][816]CompilerResultsLog: [2/9] Resource ModuleVersionResource.rc.inl
[2017.10.31-19.25.21:692][816]CompilerResultsLog: [3/9] Resource PCLaunch.rc
[2017.10.31-19.25.21:692][816]CompilerResultsLog: SharedPCH.Engine.cpp
[2017.10.31-19.25.21:692][816]CompilerResultsLog: BaseChanracter.cpp
[2017.10.31-19.25.21:692][816]CompilerResultsLog: BaseChanracter.gen.cpp
[2017.10.31-19.25.21:692][816]CompilerResultsLog: ShadowMinions2.init.gen.cpp
[2017.10.31-19.25.21:692][816]CompilerResultsLog: ShadowMinions2.cpp
[2017.10.31-19.25.21:692][816]CompilerResultsLog: [8/9] Link UE4Editor-ShadowMinions2.dll
[2017.10.31-19.25.21:692][816]CompilerResultsLog: [9/9] Link UE4Editor-ShadowMinions2.lib
[2017.10.31-19.25.21:692][816]CompilerResultsLog:    Creating library D:\Documents\Unreal Projects\ShadowMinions2\Intermediate\Build\Win64\UE4Editor\Development\UE4Editor-ShadowMinions2.lib and object D:\Documents\Unreal Projects\ShadowMinions2\Intermediate\Build\Win64\UE4Editor\Development\UE4Editor-ShadowMinions2.exp
[2017.10.31-19.25.21:692][816]CompilerResultsLog:    Creating library D:\Documents\Unreal Projects\ShadowMinions2\Intermediate\Build\Win64\UE4Editor\Development\UE4Editor-ShadowMinions2.suppressed.lib and object D:\Documents\Unreal Projects\ShadowMinions2\Intermediate\Build\Win64\UE4Editor\Development\UE4Editor-ShadowMinions2.suppressed.exp
[2017.10.31-19.25.21:692][816]CompilerResultsLog: Total build time: 66.95 seconds (Local executor: 23.03 seconds)
[2017.10.31-19.25.21:693][816]LogMainFrame: MainFrame: Module compiling took 67.234 seconds
[2017.10.31-19.25.21:693][816]Reloading module ShadowMinions2 after successful compile.
[2017.10.31-19.25.21:763][816]LogContentBrowser: Native class hierarchy updated for 'ShadowMinions2' in 0.0016 seconds. Added 1 classes and 2 folders.
[2017.10.31-19.25.21:776][816]LogContentBrowser: Native class hierarchy populated in 0.0101 seconds. Added 2390 classes and 508 folders.
[2017.10.31-19.25.38:717][851]LogVSAccessor: Warning: Couldn't goto line number '0' in 'D:/Documents/Unreal Projects/ShadowMinions2/Source/ShadowMinions2/BaseChanracter.h'
[2017.10.31-19.25.38:752][851]LogVSAccessor: Warning: Couldn't goto line number '0' in 'D:/Documents/Unreal Projects/ShadowMinions2/Source/ShadowMinions2/BaseChanracter.cpp'
[2017.10.31-19.32.46:986][509]LogEditorViewport: Clicking on Actor (LMB): StaticMeshActor (Floor)
[2017.10.31-19.32.49:739][672]LogTemp: Repeating last play command: Selected Viewport
[2017.10.31-19.32.49:789][672]LogBlueprintUserMessages: Early PlayInEditor Detection: Level '/Game/ThirdPersonBP/Maps/ThirdPersonExampleMap.ThirdPersonExampleMap:PersistentLevel' has LevelScriptBlueprint '/Game/ThirdPersonBP/Maps/ThirdPersonExampleMap.ThirdPersonExampleMap:PersistentLevel.ThirdPersonExampleMap' with GeneratedClass '/Game/ThirdPersonBP/Maps/ThirdPersonExampleMap.ThirdPersonExampleMap_C' with ClassGeneratedBy '/Game/ThirdPersonBP/Maps/ThirdPersonExampleMap.ThirdPersonExampleMap:PersistentLevel.ThirdPersonExampleMap'
[2017.10.31-19.32.49:789][672]LogPlayLevel: PlayLevel: No blueprints needed recompiling
[2017.10.31-19.32.49:790][672]PIE: New page: PIE session: ThirdPersonExampleMap (31-Oct-2017 11:32:49 am)
[2017.10.31-19.32.49:790][672]LogPlayLevel: Creating play world package: /Game/ThirdPersonBP/Maps/UEDPIE_0_ThirdPersonExampleMap
[2017.10.31-19.32.49:809][672]LogPlayLevel: PIE: StaticDuplicateObject took: (0.019397s)
[2017.10.31-19.32.49:810][672]LogAIModule: Creating AISystem for world ThirdPersonExampleMap
[2017.10.31-19.32.49:810][672]LogPlayLevel: PIE: World Init took: (0.000854s)
[2017.10.31-19.32.49:810][672]LogPlayLevel: PIE: Created PIE world by copying editor world from /Game/ThirdPersonBP/Maps/ThirdPersonExampleMap.ThirdPersonExampleMap to /Game/ThirdPersonBP/Maps/UEDPIE_0_ThirdPersonExampleMap.ThirdPersonExampleMap (0.020572s)
[2017.10.31-19.32.49:883][672]LogInit: XAudio2 using 'Headphones (Bose QuietComfort 35 Stereo)' : 2 channels at 44.1 kHz using 16 bits per sample (channel mask 0x3)
[2017.10.31-19.32.49:893][672]LogInit: FAudioDevice initialized.
[2017.10.31-19.32.49:973][672]LogLoad: Game class is 'ThirdPersonGameMode_C'
[2017.10.31-19.32.49:980][672]LogWorld: Bringing World /Game/ThirdPersonBP/Maps/UEDPIE_0_ThirdPersonExampleMap.ThirdPersonExampleMap up for play (max tick rate 60) at 2017.10.31-15.32.49
[2017.10.31-19.32.49:980][672]LogWorld: Bringing up level for play took: 0.004600
[2017.10.31-19.32.50:023][672]LogContentBrowser: Native class hierarchy updated for 'MovieSceneCapture' in 0.0018 seconds. Added 11 classes and 0 folders.
[2017.10.31-19.32.50:023][672]PIE: Play in editor start time for /Game/ThirdPersonBP/Maps/UEDPIE_0_ThirdPersonExampleMap 0.265
[2017.10.31-19.32.50:024][672]LogBlueprintUserMessages: Late PlayInEditor Detection: Level '/Game/ThirdPersonBP/Maps/ThirdPersonExampleMap.ThirdPersonExampleMap:PersistentLevel' has LevelScriptBlueprint '/Game/ThirdPersonBP/Maps/ThirdPersonExampleMap.ThirdPersonExampleMap:PersistentLevel.ThirdPersonExampleMap' with GeneratedClass '/Game/ThirdPersonBP/Maps/ThirdPersonExampleMap.ThirdPersonExampleMap_C' with ClassGeneratedBy '/Game/ThirdPersonBP/Maps/ThirdPersonExampleMap.ThirdPersonExampleMap:PersistentLevel.ThirdPersonExampleMap'
[2017.10.31-19.34.03:635][ 88]LogBlueprintUserMessages: Early EndPlayMap Detection: Level '/Game/ThirdPersonBP/Maps/ThirdPersonExampleMap.ThirdPersonExampleMap:PersistentLevel' has LevelScriptBlueprint '/Game/ThirdPersonBP/Maps/ThirdPersonExampleMap.ThirdPersonExampleMap:PersistentLevel.ThirdPersonExampleMap' with GeneratedClass '/Game/ThirdPersonBP/Maps/ThirdPersonExampleMap.ThirdPersonExampleMap_C' with ClassGeneratedBy '/Game/ThirdPersonBP/Maps/ThirdPersonExampleMap.ThirdPersonExampleMap:PersistentLevel.ThirdPersonExampleMap'
[2017.10.31-19.34.03:686][ 88]LogBlueprintUserMessages: Late EndPlayMap Detection: Level '/Game/ThirdPersonBP/Maps/ThirdPersonExampleMap.ThirdPersonExampleMap:PersistentLevel' has LevelScriptBlueprint '/Game/ThirdPersonBP/Maps/ThirdPersonExampleMap.ThirdPersonExampleMap:PersistentLevel.ThirdPersonExampleMap' with GeneratedClass '/Game/ThirdPersonBP/Maps/ThirdPersonExampleMap.ThirdPersonExampleMap_C' with ClassGeneratedBy '/Game/ThirdPersonBP/Maps/ThirdPersonExampleMap.ThirdPersonExampleMap:PersistentLevel.ThirdPersonExampleMap'
[2017.10.31-19.34.06:106][230]LogTemp: Repeating last play command: Selected Viewport
[2017.10.31-19.34.06:121][230]LogBlueprintUserMessages: Early PlayInEditor Detection: Level '/Game/ThirdPersonBP/Maps/ThirdPersonExampleMap.ThirdPersonExampleMap:PersistentLevel' has LevelScriptBlueprint '/Game/ThirdPersonBP/Maps/ThirdPersonExampleMap.ThirdPersonExampleMap:PersistentLevel.ThirdPersonExampleMap' with GeneratedClass '/Game/ThirdPersonBP/Maps/ThirdPersonExampleMap.ThirdPersonExampleMap_C' with ClassGeneratedBy '/Game/ThirdPersonBP/Maps/ThirdPersonExampleMap.ThirdPersonExampleMap:PersistentLevel.ThirdPersonExampleMap'
[2017.10.31-19.34.06:122][230]LogPlayLevel: PlayLevel: No blueprints needed recompiling
[2017.10.31-19.34.06:122][230]PIE: New page: PIE session: ThirdPersonExampleMap (31-Oct-2017 11:34:06 am)
[2017.10.31-19.34.06:122][230]LogPlayLevel: Creating play world package: /Game/ThirdPersonBP/Maps/UEDPIE_0_ThirdPersonExampleMap
[2017.10.31-19.34.06:141][230]LogPlayLevel: PIE: StaticDuplicateObject took: (0.019265s)
[2017.10.31-19.34.06:142][230]LogAIModule: Creating AISystem for world ThirdPersonExampleMap
[2017.10.31-19.34.06:142][230]LogPlayLevel: PIE: World Init took: (0.000695s)
[2017.10.31-19.34.06:142][230]LogPlayLevel: PIE: Created PIE world by copying editor world from /Game/ThirdPersonBP/Maps/ThirdPersonExampleMap.ThirdPersonExampleMap to /Game/ThirdPersonBP/Maps/UEDPIE_0_ThirdPersonExampleMap.ThirdPersonExampleMap (0.020258s)
[2017.10.31-19.34.06:218][230]LogInit: XAudio2 using 'Headphones (Bose QuietComfort 35 Stereo)' : 2 channels at 44.1 kHz using 16 bits per sample (channel mask 0x3)
[2017.10.31-19.34.06:228][230]LogInit: FAudioDevice initialized.
[2017.10.31-19.34.06:264][230]LogLoad: Game class is 'ThirdPersonGameMode_C'
[2017.10.31-19.34.06:267][230]LogWorld: Bringing World /Game/ThirdPersonBP/Maps/UEDPIE_0_ThirdPersonExampleMap.ThirdPersonExampleMap up for play (max tick rate 60) at 2017.10.31-15.34.06
[2017.10.31-19.34.06:268][230]LogWorld: Bringing up level for play took: 0.002708
[2017.10.31-19.34.06:269][230]PIE: Play in editor start time for /Game/ThirdPersonBP/Maps/UEDPIE_0_ThirdPersonExampleMap 0.51
[2017.10.31-19.34.06:269][230]LogBlueprintUserMessages: Late PlayInEditor Detection: Level '/Game/ThirdPersonBP/Maps/ThirdPersonExampleMap.ThirdPersonExampleMap:PersistentLevel' has LevelScriptBlueprint '/Game/ThirdPersonBP/Maps/ThirdPersonExampleMap.ThirdPersonExampleMap:PersistentLevel.ThirdPersonExampleMap' with GeneratedClass '/Game/ThirdPersonBP/Maps/ThirdPersonExampleMap.ThirdPersonExampleMap_C' with ClassGeneratedBy '/Game/ThirdPersonBP/Maps/ThirdPersonExampleMap.ThirdPersonExampleMap:PersistentLevel.ThirdPersonExampleMap'
[2017.10.31-19.34.07:574][306]LogBlueprintUserMessages: Early EndPlayMap Detection: Level '/Game/ThirdPersonBP/Maps/ThirdPersonExampleMap.ThirdPersonExampleMap:PersistentLevel' has LevelScriptBlueprint '/Game/ThirdPersonBP/Maps/ThirdPersonExampleMap.ThirdPersonExampleMap:PersistentLevel.ThirdPersonExampleMap' with GeneratedClass '/Game/ThirdPersonBP/Maps/ThirdPersonExampleMap.ThirdPersonExampleMap_C' with ClassGeneratedBy '/Game/ThirdPersonBP/Maps/ThirdPersonExampleMap.ThirdPersonExampleMap:PersistentLevel.ThirdPersonExampleMap'
[2017.10.31-19.34.07:645][306]LogBlueprintUserMessages: Late EndPlayMap Detection: Level '/Game/ThirdPersonBP/Maps/ThirdPersonExampleMap.ThirdPersonExampleMap:PersistentLevel' has LevelScriptBlueprint '/Game/ThirdPersonBP/Maps/ThirdPersonExampleMap.ThirdPersonExampleMap:PersistentLevel.ThirdPersonExampleMap' with GeneratedClass '/Game/ThirdPersonBP/Maps/ThirdPersonExampleMap.ThirdPersonExampleMap_C' with ClassGeneratedBy '/Game/ThirdPersonBP/Maps/ThirdPersonExampleMap.ThirdPersonExampleMap:PersistentLevel.ThirdPersonExampleMap'
[2017.10.31-19.46.20:604][358]Cmd: DELETE
[2017.10.31-19.46.20:604][358]Cmd: ACTOR DELETE
[2017.10.31-19.46.20:609][358]LogEditorActor: Deleted Actor: StaticMeshActor
[2017.10.31-19.46.20:619][358]LogEditorActor: Deleted 1 Actors (0.015 secs)
[2017.10.31-19.46.40:495][510]LogVSAccessor: Warning: Visual Studio is open but could not be queried - it may be blocked by a modal operation
[2017.10.31-19.46.41:560][511]LogVSAccessor: Warning: Couldn't goto line number '0' in 'D:/Documents/Unreal Projects/ShadowMinions2/Source/ShadowMinions2/BaseChanracter.h'
[2017.10.31-19.46.41:582][511]LogVSAccessor: Warning: Couldn't goto line number '0' in 'D:/Documents/Unreal Projects/ShadowMinions2/Source/ShadowMinions2/BaseChanracter.cpp'
[2017.10.31-19.46.48:485][921]LogVSAccessor: Warning: Couldn't goto line number '0' in 'D:/Documents/Unreal Projects/ShadowMinions2/Source/ShadowMinions2/BaseChanracter.h'
[2017.10.31-19.46.48:518][921]LogVSAccessor: Warning: Couldn't goto line number '0' in 'D:/Documents/Unreal Projects/ShadowMinions2/Source/ShadowMinions2/BaseChanracter.cpp'
[2017.10.31-19.47.16:079][117]Running C:/Program Files/Epic Games/UE_4.17/Engine/Binaries/DotNET/UnrealBuildTool.exe  -projectfiles -project="D:/Documents/Unreal Projects/ShadowMinions2/ShadowMinions2.uproject" -game -rocket -progress
[2017.10.31-19.47.16:282][117]Discovering modules, targets and source code for project...
[2017.10.31-19.47.19:612][117]LogVSAccessor: Warning: Couldn't access Visual Studio
[2017.10.31-19.47.19:630][117]Candidate modules for hot reload:
[2017.10.31-19.47.19:630][117]  ShadowMinions2
[2017.10.31-19.47.19:630][117]Launching UnrealBuildTool... [C:/Program Files/Epic Games/UE_4.17/Engine/Binaries/DotNET/UnrealBuildTool.exe ShadowMinions2 -ModuleWithSuffix ShadowMinions2 3877 Win64 Development -editorrecompile -canskiplink "D:/Documents/Unreal Projects/ShadowMinions2/ShadowMinions2.uproject" ]
[2017.10.31-19.47.34:511][117]CompilerResultsLog: New page: Compilation - 31-Oct-2017 11:47:34 am
[2017.10.31-19.47.34:511][117]CompilerResultsLog: Compiling game modules for hot reload
[2017.10.31-19.47.34:511][117]CompilerResultsLog: Parsing headers for ShadowMinions2Editor
[2017.10.31-19.47.34:511][117]CompilerResultsLog:   Running UnrealHeaderTool "D:\Documents\Unreal Projects\ShadowMinions2\ShadowMinions2.uproject" "D:\Documents\Unreal Projects\ShadowMinions2\Intermediate\Build\Win64\ShadowMinions2Editor\Development\ShadowMinions2Editor.uhtmanifest" -LogCmds="loginit warning, logexit warning, logdatabase error" -Unattended -WarningsAsErrors -installed
[2017.10.31-19.47.34:511][117]CompilerResultsLog: Reflection code generated for ShadowMinions2Editor in 8.099594 seconds
[2017.10.31-19.47.34:511][117]CompilerResultsLog: Performing 7 actions (4 in parallel)
[2017.10.31-19.47.34:511][117]CompilerResultsLog: BaseCharacter.gen.cpp
[2017.10.31-19.47.34:511][117]CompilerResultsLog: BaseChanracter.cpp
[2017.10.31-19.47.34:511][117]CompilerResultsLog: BaseCharacter.cpp
[2017.10.31-19.47.34:511][117]CompilerResultsLog: BaseChanracter.gen.cpp
[2017.10.31-19.47.34:512][117]CompilerResultsLog: Error: D:\Documents\Unreal Projects\ShadowMinions2\Source\ShadowMinions2\BaseChanracter.cpp(36) : error C2653: 'ABaseCharacter': is not a class or namespace name
[2017.10.31-19.47.34:512][117]CompilerResultsLog: Error: D:\Documents\Unreal Projects\ShadowMinions2\Source\ShadowMinions2\BaseChanracter.cpp(38) : error C2065: 'Health': undeclared identifier
[2017.10.31-19.47.34:512][117]CompilerResultsLog: Error: D:\Documents\Unreal Projects\ShadowMinions2\Source\ShadowMinions2\BaseChanracter.cpp(39) : error C3861: 'CalculateDead': identifier not found
[2017.10.31-19.47.34:512][117]CompilerResultsLog: Error: D:\Documents\Unreal Projects\ShadowMinions2\Source\ShadowMinions2\BaseChanracter.cpp(43) : error C2653: 'ABaseCharacter': is not a class or namespace name
[2017.10.31-19.47.34:512][117]CompilerResultsLog: Error: D:\Documents\Unreal Projects\ShadowMinions2\Source\ShadowMinions2\BaseChanracter.cpp(45) : error C2065: 'Health': undeclared identifier
[2017.10.31-19.47.34:512][117]CompilerResultsLog: Error: D:\Documents\Unreal Projects\ShadowMinions2\Source\ShadowMinions2\BaseChanracter.cpp(46) : error C2065: 'isDead': undeclared identifier
[2017.10.31-19.47.34:512][117]CompilerResultsLog: Error: D:\Documents\Unreal Projects\ShadowMinions2\Source\ShadowMinions2\BaseChanracter.cpp(48) : error C2065: 'isDead': undeclared identifier
[2017.10.31-19.47.34:512][117]CompilerResultsLog: Error: D:\Documents\Unreal Projects\ShadowMinions2\Source\ShadowMinions2\BaseChanracter.cpp(53) : error C2653: 'ABaseCharacter': is not a class or namespace name
[2017.10.31-19.47.34:512][117]CompilerResultsLog: Error: D:\Documents\Unreal Projects\ShadowMinions2\Source\ShadowMinions2\BaseChanracter.cpp(55) : error C2065: 'isDead': undeclared identifier
[2017.10.31-19.47.34:512][117]CompilerResultsLog: Error: D:\Documents\Unreal Projects\ShadowMinions2\Source\ShadowMinions2\BaseChanracter.cpp(56) : error C2065: 'Health': undeclared identifier
[2017.10.31-19.47.34:512][117]CompilerResultsLog: Error: D:\Documents\Unreal Projects\ShadowMinions2\Source\ShadowMinions2\BaseChanracter.cpp(58) : error C2653: 'Super': is not a class or namespace name
[2017.10.31-19.47.34:512][117]CompilerResultsLog: ShadowMinions2.init.gen.cpp
[2017.10.31-19.47.34:512][117]CompilerResultsLog: ERROR: UBT ERROR: Failed to produce item: D:\Documents\Unreal Projects\ShadowMinions2\Binaries\Win64\UE4Editor-ShadowMinions2-3877.dll
[2017.10.31-19.47.34:512][117]CompilerResultsLog: Total build time: 14.62 seconds (Local executor: 0.00 seconds)
[2017.10.31-19.47.34:512][117]LogMainFrame: MainFrame: Module compiling took 14.900 seconds
[2017.10.31-19.47.34:512][117]Warning: HotReload failed, recompile failed
[2017.10.31-19.47.34:520][117]Warning: RebindPackages failed because the compiler could not be started.
[2017.10.31-19.47.40:607][117]LogSlate: Took 0.006036 seconds to synchronously load lazily loaded font '../../../Engine/Content/Editor/Slate/Fonts/DroidSansMono.ttf' (77K)
[2017.10.31-19.47.49:791][660]LogSavePackage: Save=63.66ms
[2017.10.31-19.47.49:791][660]LogSavePackage: Moving 'D:/Documents/Unreal Projects/ShadowMinions2/Saved/ThirdPersonExampleMap_Auto1AC9C5FD04A03EC93B2F7CFACD2D204A1.tmp' to 'D:/Documents/Unreal Projects/ShadowMinions2/Saved/Autosaves/Game/ThirdPersonBP/Maps/ThirdPersonExampleMap_Auto1.umap'
[2017.10.31-19.47.49:793][660]LogSavePackage: Display: Finished SavePackage D:/Documents/Unreal Projects/ShadowMinions2/Saved/Autosaves/Game/ThirdPersonBP/Maps/ThirdPersonExampleMap_Auto1.umap
[2017.10.31-19.47.49:799][660]LogFileHelpers: Editor autosave (incl. sublevels) for '/Game/ThirdPersonBP/Maps/ThirdPersonExampleMap' took 0.097
[2017.10.31-19.47.49:799][660]LogFileHelpers: Editor autosave (incl. sublevels) for all levels took 0.097
[2017.10.31-19.48.32:254][801]MapCheck: New page: Map Check
[2017.10.31-19.48.32:267][801]Cmd: MAP REBUILD ALLVISIBLE
[2017.10.31-19.48.32:267][801]LogEditorServer: Rebuildmap Clear paths rebuilt
[2017.10.31-19.48.32:344][801]LogMaterial: Missing cached shader map for material FDebugViewModeMaterialProxy WorldGridMaterial, compiling. Is special engine material.
[2017.10.31-19.48.32:350][801]LogMaterial: Missing cached shader map for material FDebugViewModeMaterialProxy MaterialInstanceDynamic_1, compiling. 
[2017.10.31-19.48.32:356][801]LogMaterial: Missing cached shader map for material FDebugViewModeMaterialProxy RampMaterial, compiling. 
[2017.10.31-19.48.32:362][801]LogMaterial: Missing cached shader map for material FDebugViewModeMaterialProxy CubeMaterial, compiling. 
[2017.10.31-19.48.32:371][801]LogMaterial: Missing cached shader map for material FDebugViewModeMaterialProxy M_UE4Man_Body, compiling. 
[2017.10.31-19.48.32:383][801]LogMaterial: Missing cached shader map for material FDebugViewModeMaterialProxy M_UE4Man_ChestLogo, compiling. 
[2017.10.31-19.48.32:392][801]LogMaterial: Missing cached shader map for material FDebugViewModeMaterialProxy MatineeCam_mat, compiling. 
[2017.10.31-19.48.32:942][801]TextureStreamingBuild: Display: Compiling optional shaders took 0.605 seconds.
[2017.10.31-19.48.32:948][801]LogLevel: Display: Export Material TexCoord Scales took 0.006 seconds.
[2017.10.31-19.48.32:953][801]TextureStreamingBuild: Display: Build Texture Streaming took 0.005 seconds.
[2017.10.31-19.48.32:963][801]LightingResults: New page: Lighting Build - 31-Oct-2017 11:48:32 am
[2017.10.31-19.48.32:990][801]LogSwarmInterface: [OpenConnection] Registering TCP channel ...
[2017.10.31-19.48.33:042][801]LogSwarmInterface: [OpenConnection] Connecting to agent ...
[2017.10.31-19.48.33:050][801]LogSwarmInterface: [TryOpenConnection] Testing the Agent
[2017.10.31-19.48.33:568][801]LogSwarmInterface: [TryOpenConnection] Opening Connection to Agent
[2017.10.31-19.48.33:569][801]LogSwarmInterface: [TryOpenConnection] Local Process ID is 10300
[2017.10.31-19.48.36:328][801]LogStaticLightingSystem: Running Lightmass w/ ImmediateImport mode ENABLED
[2017.10.31-19.48.36:328][801]LogStaticLightingSystem: Running Lightmass w/ ImmediateProcess mode ENABLED
[2017.10.31-19.48.36:328][801]LogStaticLightingSystem: Running Lightmass w/ Sorting mode ENABLED
[2017.10.31-19.48.36:329][801]LogStaticLightingSystem: Running Lightmass w/ Mapping paddings ENABLED
[2017.10.31-19.48.36:329][801]LogStaticLightingSystem: Running Lightmass w/ Mapping debug paddings DISABLED
[2017.10.31-19.48.36:455][801]Cmd: MAP CHECK DONTDISPLAYDIALOG
[2017.10.31-19.48.36:455][801]MapCheck: New page: ThirdPersonExampleMap - 31-Oct-2017 11:48:36 am
[2017.10.31-19.48.36:520][801]MapCheck: Map check complete: 0 Error(s), 0 Warning(s), took 64.287ms to complete.
[2017.10.31-19.48.36:542][801]LogEditorBuildUtils: Build time 0:04
[2017.10.31-19.48.38:025][862]Job is a success!
[2017.10.31-19.48.38:221][863]LogTexture: Display: Building textures: SkyOcclusion0_1 (AutoDXT, 512X256)
[2017.10.31-19.48.38:221][863]LogTexture: Display: Building textures: HQ_Lightmap0_1 (AutoDXT, 512X512)
[2017.10.31-19.48.38:221][863]LogTexture: Display: Building textures: LQ_Lightmap_0_1 (DXT1, 512X512)
[2017.10.31-19.48.38:221][863]LogTexture: Display: Building textures: SkyOcclusion0_2 (AutoDXT, 64X32)
[2017.10.31-19.48.38:221][863]LogTexture: Display: Building textures: HQ_Lightmap0_2 (AutoDXT, 64X64)
[2017.10.31-19.48.38:221][863]LogTexture: Display: Building textures: LQ_Lightmap_0_2 (DXT1, 64X64)
[2017.10.31-19.48.38:221][863]LogTexture: Display: Building textures: ShadowMapTexture2D_1 (G8, 32X32)
[2017.10.31-19.48.38:221][863]LogTexture: Display: Building textures: ShadowMapTexture2D_0 (G8, 1024X128)
[2017.10.31-19.48.38:237][863]Lightmass on DESKTOP-PTDA5BA: 1.05 sec total, 107 ms importing, 18 ms setup, 295 ms photons, 620 ms processing, 0 ms extra exporting [7/7 mappings]. Threads: 4.18 sec total, 1.57 sec processing.
[2017.10.31-19.48.38:256][863]LogStaticLightingSystem: Illumination: 5.27 sec (104 ms encoding lightmaps, 34 ms encoding shadowmaps)
[2017.10.31-19.48.38:256][863]LogStaticLightingSystem: Lightmap texture memory:  0.7 MB (0.7 MB streaming, 0.0 MB non-streaming), 4 textures
[2017.10.31-19.48.38:256][863]LogStaticLightingSystem: Shadowmap texture memory: 0.2 MB (0.2 MB streaming, 0.0 MB non-streaming), 2 textures
[2017.10.31-19.48.38:332][863]DumpUnbuiltLightIteractions
[2017.10.31-19.48.38:332][863]Lights with unbuilt interactions: 0
[2017.10.31-19.48.38:332][863]
[2017.10.31-19.48.38:332][863]Primitives with unbuilt interactions: 0
[2017.10.31-19.48.38:385][864]Cmd: MAP CHECK NOTIFYRESULTS
[2017.10.31-19.48.38:385][864]MapCheck: New page: ThirdPersonExampleMap - 31-Oct-2017 11:48:38 am
[2017.10.31-19.48.38:434][864]MapCheck: Map check complete: 0 Error(s), 0 Warning(s), took 49.898ms to complete.
[2017.10.31-19.48.46:599][126]LogSavePackage: Save=86.31ms
[2017.10.31-19.48.46:599][126]LogSavePackage: Moving 'D:/Documents/Unreal Projects/ShadowMinions2/Saved/ThirdPersonExampleMapA31D91A94D617804EA8401A324A5AE96.tmp' to 'D:/Documents/Unreal Projects/ShadowMinions2/Content/ThirdPersonBP/Maps/ThirdPersonExampleMap.umap'
[2017.10.31-19.48.46:606][126]LogSavePackage: Display: Finished SavePackage D:/Documents/Unreal Projects/ShadowMinions2/Content/ThirdPersonBP/Maps/ThirdPersonExampleMap.umap
[2017.10.31-19.48.46:630][126]LogFileHelpers: Saving map 'ThirdPersonExampleMap' took 0.180
[2017.10.31-19.48.46:681][126]LogSavePackage: Save=35.78ms
[2017.10.31-19.48.46:681][126]LogSavePackage: Moving 'D:/Documents/Unreal Projects/ShadowMinions2/Saved/ThirdPersonExampleMap_BuiltData1001C38045054D0F2FB7CEBDBCCA5271.tmp' to 'D:/Documents/Unreal Projects/ShadowMinions2/Content/ThirdPersonBP/Maps/ThirdPersonExampleMap_BuiltData.uasset'
[2017.10.31-19.48.46:685][126]LogSavePackage: Display: Finished SavePackage D:/Documents/Unreal Projects/ShadowMinions2/Content/ThirdPersonBP/Maps/ThirdPersonExampleMap_BuiltData.uasset
[2017.10.31-19.48.46:753][126]LogWindowsTextInputMethodSystem: Display: IME system now deactivated.
[2017.10.31-19.48.46:950][127]Cmd: QUIT_EDITOR
[2017.10.31-19.48.47:073][127]LogExit: Preparing to exit.
[2017.10.31-19.48.48:104][127]LogExit: Editor shut down
[2017.10.31-19.48.48:117][127]LogExit: Transaction tracking system shut down
[2017.10.31-19.48.48:311][127]LogDirectoryWatcher: A directory notification for '../../../Engine/Content/' was aborted.
[2017.10.31-19.48.48:311][127]LogDirectoryWatcher: A directory notification for 'D:/Documents/Unreal Projects/ShadowMinions2/Content/' was aborted.
[2017.10.31-19.48.48:311][127]LogDirectoryWatcher: A directory notification for '../../../Engine/Plugins/2D/Paper2D/Content/' was aborted.
[2017.10.31-19.48.48:311][127]LogDirectoryWatcher: A directory notification for '../../../Engine/Plugins/Runtime/Oculus/OculusVR/Content/' was aborted.
[2017.10.31-19.48.48:311][127]LogDirectoryWatcher: A directory notification for '../../../Engine/Plugins/Runtime/Steam/SteamVR/Content/' was aborted.
[2017.10.31-19.48.48:361][127]LogExit: Object subsystem successfully closed.
[2017.10.31-19.48.48:383][127]LogD3D11RHI: Shutdown
[2017.10.31-19.48.48:383][127]LogD3D11RHI: CleanupD3DDevice
[2017.10.31-19.48.48:386][127]LogD3D11RHI: ~FD3D11DynamicRHI
[2017.10.31-19.48.48:398][127]LogModuleManager: Shutting down and abandoning module HierarchicalLODUtilities (544)
[2017.10.31-19.48.48:398][127]LogModuleManager: Shutting down and abandoning module MovieSceneCapture (542)
[2017.10.31-19.48.48:398][127]LogModuleManager: Shutting down and abandoning module ShadowMinions2 (540)
[2017.10.31-19.48.48:398][127]LogModuleManager: Shutting down and abandoning module ExternalImagePicker (538)
[2017.10.31-19.48.48:398][127]LogModuleManager: Shutting down and abandoning module ClothingSystemEditorInterface (536)
[2017.10.31-19.48.48:398][127]LogModuleManager: Shutting down and abandoning module SkeletonEditor (534)
[2017.10.31-19.48.48:398][127]LogModuleManager: Shutting down and abandoning module SkeletalMeshEditor (532)
[2017.10.31-19.48.48:398][127]LogModuleManager: Shutting down and abandoning module HierarchicalLODOutliner (530)
[2017.10.31-19.48.48:398][127]LogModuleManager: Shutting down and abandoning module SceneOutliner (528)
[2017.10.31-19.48.48:398][127]LogModuleManager: Shutting down and abandoning module AddContentDialog (526)
[2017.10.31-19.48.48:398][127]LogDirectoryWatcher: A directory notification for 'C:/Program Files/Epic Games/UE_4.17/FeaturePacks/' was aborted.
[2017.10.31-19.48.48:399][127]LogModuleManager: Shutting down and abandoning module WidgetCarousel (525)
[2017.10.31-19.48.48:399][127]LogModuleManager: Shutting down and abandoning module EditorWidgets (522)
[2017.10.31-19.48.48:399][127]LogModuleManager: Shutting down and abandoning module CollectionManager (520)
[2017.10.31-19.48.48:399][127]LogDirectoryWatcher: A directory notification for 'D:/Documents/Unreal Projects/ShadowMinions2/Content/Collections/' was aborted.
[2017.10.31-19.48.48:399][127]LogDirectoryWatcher: A directory notification for 'D:/Documents/Unreal Projects/ShadowMinions2/Content/Developers/Aman/Collections/' was aborted.
[2017.10.31-19.48.48:399][127]LogDirectoryWatcher: A directory notification for 'D:/Documents/Unreal Projects/ShadowMinions2/Saved/Collections/' was aborted.
[2017.10.31-19.48.48:399][127]LogModuleManager: Shutting down and abandoning module StatsViewer (518)
[2017.10.31-19.48.48:399][127]LogModuleManager: Shutting down and abandoning module FoliageEdit (516)
[2017.10.31-19.48.48:399][127]LogModuleManager: Shutting down and abandoning module LandscapeEditor (514)
[2017.10.31-19.48.48:399][127]LogModuleManager: Shutting down and abandoning module MeshPaintMode (512)
[2017.10.31-19.48.48:399][127]LogModuleManager: Shutting down and abandoning module SceneDepthPickerMode (510)
[2017.10.31-19.48.48:399][127]LogModuleManager: Shutting down and abandoning module ActorPickerMode (508)
[2017.10.31-19.48.48:399][127]LogModuleManager: Shutting down and abandoning module GeometryMode (506)
[2017.10.31-19.48.48:399][127]LogModuleManager: Shutting down and abandoning module TextureAlignMode (504)
[2017.10.31-19.48.48:399][127]LogModuleManager: Shutting down and abandoning module BspMode (502)
[2017.10.31-19.48.48:399][127]LogModuleManager: Shutting down and abandoning module PIEPreviewDeviceProfileSelector (500)
[2017.10.31-19.48.48:399][127]LogModuleManager: Shutting down and abandoning module HardwareSurvey (498)
[2017.10.31-19.48.48:399][127]LogModuleManager: Shutting down and abandoning module SequenceRecorderSections (496)
[2017.10.31-19.48.48:399][127]LogModuleManager: Shutting down and abandoning module AutomationWorker (494)
[2017.10.31-19.48.48:399][127]LogModuleManager: Shutting down and abandoning module MatineeToLevelSequence (492)
[2017.10.31-19.48.48:399][127]LogModuleManager: Shutting down and abandoning module LevelSequenceEditor (490)
[2017.10.31-19.48.48:400][127]LogModuleManager: Shutting down and abandoning module PlacementMode (489)
[2017.10.31-19.48.48:400][127]LogModuleManager: Shutting down and abandoning module WmfMediaFactory (486)
[2017.10.31-19.48.48:400][127]LogModuleManager: Shutting down and abandoning module WmfMediaEditor (484)
[2017.10.31-19.48.48:400][127]LogModuleManager: Shutting down and abandoning module AvfMediaFactory (482)
[2017.10.31-19.48.48:400][127]LogModuleManager: Shutting down and abandoning module AvfMediaEditor (480)
[2017.10.31-19.48.48:400][127]LogModuleManager: Shutting down and abandoning module AndroidMediaFactory (478)
[2017.10.31-19.48.48:400][127]LogModuleManager: Shutting down and abandoning module Media (477)
[2017.10.31-19.48.48:400][127]LogModuleManager: Shutting down and abandoning module AndroidMediaEditor (474)
[2017.10.31-19.48.48:400][127]LogModuleManager: Shutting down and abandoning module CharacterAI (472)
[2017.10.31-19.48.48:400][127]LogModuleManager: Shutting down and abandoning module AudioCapture (470)
[2017.10.31-19.48.48:400][127]LogModuleManager: Shutting down and abandoning module SequenceRecorder (469)
[2017.10.31-19.48.48:400][127]LogModuleManager: Shutting down and abandoning module SmartSnapping (466)
[2017.10.31-19.48.48:400][127]LogModuleManager: Shutting down and abandoning module SessionServices (464)
[2017.10.31-19.48.48:400][127]LogModuleManager: Shutting down and abandoning module ViewportSnapping (462)
[2017.10.31-19.48.48:400][127]LogModuleManager: Shutting down and abandoning module ViewportInteraction (460)
[2017.10.31-19.48.48:400][127]LogModuleManager: Shutting down and abandoning module ClothPainter (458)
[2017.10.31-19.48.48:400][127]LogModuleManager: Shutting down and abandoning module LogVisualizer (456)
[2017.10.31-19.48.48:400][127]LogModuleManager: Shutting down and abandoning module IntroTutorials (454)
[2017.10.31-19.48.48:400][127]LogModuleManager: Shutting down and abandoning module GameProjectGeneration (453)
[2017.10.31-19.48.48:400][127]LogModuleManager: Shutting down and abandoning module IOSPlatformEditor (450)
[2017.10.31-19.48.48:400][127]LogModuleManager: Shutting down and abandoning module HTML5PlatformEditor (448)
[2017.10.31-19.48.48:400][127]LogModuleManager: Shutting down and abandoning module AndroidPlatformEditor (446)
[2017.10.31-19.48.48:400][127]LogModuleManager: Shutting down and abandoning module AndroidDeviceDetection (445)
[2017.10.31-19.48.49:059][127]LogModuleManager: Shutting down and abandoning module WindowsPlatformEditor (442)
[2017.10.31-19.48.49:059][127]LogModuleManager: Shutting down and abandoning module IOSRuntimeSettings (440)
[2017.10.31-19.48.49:059][127]LogModuleManager: Shutting down and abandoning module AndroidRuntimeSettings (438)
[2017.10.31-19.48.49:059][127]LogModuleManager: Shutting down and abandoning module InputBindingEditor (436)
[2017.10.31-19.48.49:059][127]LogModuleManager: Shutting down and abandoning module MergeActors (434)
[2017.10.31-19.48.49:059][127]LogModuleManager: Shutting down and abandoning module SizeMap (432)
[2017.10.31-19.48.49:059][127]LogModuleManager: Shutting down and abandoning module TreeMap (430)
[2017.10.31-19.48.49:059][127]LogModuleManager: Shutting down and abandoning module ReferenceViewer (428)
[2017.10.31-19.48.49:059][127]LogModuleManager: Shutting down and abandoning module LocalizationDashboard (426)
[2017.10.31-19.48.49:060][127]LogModuleManager: Shutting down and abandoning module LocalizationService (425)
[2017.10.31-19.48.49:060][127]LogModuleManager: Shutting down and abandoning module HardwareTargeting (422)
[2017.10.31-19.48.49:060][127]LogModuleManager: Shutting down and abandoning module DeviceProfileEditor (420)
[2017.10.31-19.48.49:060][127]LogModuleManager: Shutting down and abandoning module UndoHistory (418)
[2017.10.31-19.48.49:060][127]LogModuleManager: Shutting down and abandoning module XmlParser (416)
[2017.10.31-19.48.49:060][127]LogModuleManager: Shutting down and abandoning module Blutility (414)
[2017.10.31-19.48.49:060][127]LogModuleManager: Shutting down and abandoning module ProjectSettingsViewer (412)
[2017.10.31-19.48.49:060][127]LogModuleManager: Shutting down and abandoning module ProjectTargetPlatformEditor (411)
[2017.10.31-19.48.49:061][127]LogModuleManager: Shutting down and abandoning module EditorSettingsViewer (408)
[2017.10.31-19.48.49:061][127]LogModuleManager: Shutting down and abandoning module SettingsEditor (406)
[2017.10.31-19.48.49:061][127]LogModuleManager: Shutting down and abandoning module ProjectLauncher (404)
[2017.10.31-19.48.49:061][127]LogModuleManager: Shutting down and abandoning module SessionFrontend (402)
[2017.10.31-19.48.49:061][127]LogModuleManager: Shutting down and abandoning module ProfilerClient (400)
[2017.10.31-19.48.49:061][127]LogModuleManager: Shutting down and abandoning module DeviceManager (398)
[2017.10.31-19.48.49:061][127]LogModuleManager: Shutting down and abandoning module TargetDeviceServices (397)
[2017.10.31-19.48.49:126][127]LogModuleManager: Shutting down and abandoning module AutomationController (394)
[2017.10.31-19.48.49:126][127]LogModuleManager: Shutting down and abandoning module AutomationWindow (392)
[2017.10.31-19.48.49:126][127]LogModuleManager: Shutting down and abandoning module Layers (390)
[2017.10.31-19.48.49:126][127]LogModuleManager: Shutting down and abandoning module ComponentVisualizers (388)
[2017.10.31-19.48.49:126][127]LogModuleManager: Shutting down and abandoning module DetailCustomizations (386)
[2017.10.31-19.48.49:126][127]LogModuleManager: Shutting down and abandoning module PackagesDialog (384)
[2017.10.31-19.48.49:126][127]LogModuleManager: Shutting down and abandoning module Persona (382)
[2017.10.31-19.48.49:126][127]LogModuleManager: Shutting down and abandoning module AdvancedPreviewScene (381)
[2017.10.31-19.48.49:126][127]LogModuleManager: Shutting down and abandoning module AnimGraph (379)
[2017.10.31-19.48.49:126][127]LogModuleManager: Shutting down and abandoning module Kismet (376)
[2017.10.31-19.48.49:127][127]LogModuleManager: Shutting down and abandoning module ClassViewer (374)
[2017.10.31-19.48.49:128][127]LogModuleManager: Shutting down and abandoning module Toolbox (372)
[2017.10.31-19.48.49:128][127]LogModuleManager: Shutting down and abandoning module ModuleUI (370)
[2017.10.31-19.48.49:128][127]LogModuleManager: Shutting down and abandoning module MovieSceneTools (368)
[2017.10.31-19.48.49:128][127]LogModuleManager: Shutting down and abandoning module OutputLog (366)
[2017.10.31-19.48.49:128][127]LogModuleManager: Shutting down and abandoning module GammaUI (364)
[2017.10.31-19.48.49:128][127]LogModuleManager: Shutting down and abandoning module Documentation (362)
[2017.10.31-19.48.49:128][127]LogModuleManager: Shutting down and abandoning module MovieSceneTracks (360)
[2017.10.31-19.48.49:128][127]LogModuleManager: Shutting down and abandoning module MovieScene (358)
[2017.10.31-19.48.49:128][127]LogModuleManager: Shutting down and abandoning module Niagara (356)
[2017.10.31-19.48.49:128][127]LogModuleManager: Shutting down and abandoning module NiagaraEditor (355)
[2017.10.31-19.48.49:128][127]LogModuleManager: Shutting down and abandoning module StreamingPauseRendering (352)
[2017.10.31-19.48.49:128][127]LogModuleManager: Shutting down and abandoning module LauncherPlatform (350)
[2017.10.31-19.48.49:128][127]LogModuleManager: Shutting down and abandoning module AnalyticsET (348)
[2017.10.31-19.48.49:128][127]LogModuleManager: Shutting down and abandoning module PortalServices (346)
[2017.10.31-19.48.49:128][127]LogModuleManager: Shutting down and abandoning module PortalRpc (344)
[2017.10.31-19.48.49:128][127]LogModuleManager: Shutting down and abandoning module MessagingRpc (342)
[2017.10.31-19.48.49:128][127]LogModuleManager: Shutting down and abandoning module AIModule (340)
[2017.10.31-19.48.49:128][127]LogModuleManager: Shutting down and abandoning module GameplayDebugger (339)
[2017.10.31-19.48.49:128][127]LogModuleManager: Shutting down and abandoning module AITestSuite (337)
[2017.10.31-19.48.49:128][127]LogModuleManager: Shutting down and abandoning module ProfilerService (334)
[2017.10.31-19.48.49:216][127]LogModuleManager: Shutting down and abandoning module TaskGraph (332)
[2017.10.31-19.48.49:216][127]LogModuleManager: Shutting down and abandoning module SteamVRController (330)
[2017.10.31-19.48.49:216][127]LogModuleManager: Shutting down and abandoning module ProceduralMeshComponentEditor (328)
[2017.10.31-19.48.49:216][127]LogModuleManager: Shutting down and abandoning module ProceduralMeshComponent (326)
[2017.10.31-19.48.49:216][127]LogModuleManager: Shutting down and abandoning module OculusInput (324)
[2017.10.31-19.48.49:217][127]LogModuleManager: Shutting down and abandoning module MobilePatchingUtils (322)
[2017.10.31-19.48.49:217][127]LogModuleManager: Shutting down and abandoning module CustomMeshComponent (320)
[2017.10.31-19.48.49:217][127]LogModuleManager: Shutting down and abandoning module CableComponent (318)
[2017.10.31-19.48.49:217][127]LogModuleManager: Shutting down and abandoning module ArchVisCharacter (316)
[2017.10.31-19.48.49:217][127]LogModuleManager: Shutting down and abandoning module AndroidPermission (314)
[2017.10.31-19.48.49:217][127]LogModuleManager: Shutting down and abandoning module MediaPlayerEditor (310)
[2017.10.31-19.48.49:217][127]LogModuleManager: Shutting down and abandoning module HTML5Networking (308)
[2017.10.31-19.48.49:217][127]LogModuleManager: Shutting down and abandoning module AlembicImporter (306)
[2017.10.31-19.48.49:217][127]LogModuleManager: Shutting down and abandoning module AlembicLibrary (305)
[2017.10.31-19.48.49:217][127]LogModuleManager: Shutting down and abandoning module GeometryCache (304)
[2017.10.31-19.48.49:217][127]LogModuleManager: Shutting down and abandoning module GeometryCacheEd (303)
[2017.10.31-19.48.49:217][127]LogModuleManager: Shutting down and abandoning module SpeedTreeImporter (298)
[2017.10.31-19.48.49:217][127]LogModuleManager: Shutting down and abandoning module PluginBrowser (296)
[2017.10.31-19.48.49:218][127]LogModuleManager: Shutting down and abandoning module MobileLauncherProfileWizard (294)
[2017.10.31-19.48.49:218][127]LogModuleManager: Shutting down and abandoning module VisualStudioSourceCodeAccess (292)
[2017.10.31-19.48.49:218][127]LogModuleManager: Shutting down and abandoning module DesktopPlatform (291)
[2017.10.31-19.48.49:218][127]LogModuleManager: Shutting down and abandoning module UObjectPlugin (288)
[2017.10.31-19.48.49:218][127]LogModuleManager: Shutting down and abandoning module SubversionSourceControl (286)
[2017.10.31-19.48.49:218][127]LogModuleManager: Shutting down and abandoning module PerforceSourceControl (284)
[2017.10.31-19.48.49:218][127]LogModuleManager: Shutting down and abandoning module GitSourceControl (282)
[2017.10.31-19.48.49:218][127]LogModuleManager: Shutting down and abandoning module SourceControl (281)
[2017.10.31-19.48.49:218][127]LogModuleManager: Shutting down and abandoning module LightPropagationVolumeEditor (278)
[2017.10.31-19.48.49:218][127]LogModuleManager: Shutting down and abandoning module PaperTiledImporter (276)
[2017.10.31-19.48.49:218][127]LogModuleManager: Shutting down and abandoning module PaperSpriteSheetImporter (274)
[2017.10.31-19.48.49:218][127]LogModuleManager: Shutting down and abandoning module Paper2DEditor (272)
[2017.10.31-19.48.49:219][127]LogModuleManager: Shutting down and abandoning module MeshPaint (271)
[2017.10.31-19.48.49:219][127]LogModuleManager: Shutting down and abandoning module LevelEditor (269)
[2017.10.31-19.48.49:221][127]LogModuleManager: Shutting down and abandoning module PixelInspectorModule (268)
[2017.10.31-19.48.49:221][127]LogModuleManager: Shutting down and abandoning module MainFrame (266)
[2017.10.31-19.48.49:221][127]LogModuleManager: Shutting down and abandoning module HotReload (265)
[2017.10.31-19.48.49:222][127]LogModuleManager: Shutting down and abandoning module RuntimePhysXCooking (260)
[2017.10.31-19.48.49:222][127]LogModuleManager: Shutting down and abandoning module PhysXVehiclesEditor (258)
[2017.10.31-19.48.49:222][127]LogModuleManager: Shutting down and abandoning module PhysXVehicles (256)
[2017.10.31-19.48.49:223][127]LogModuleManager: Shutting down and abandoning module OculusEditor (254)
[2017.10.31-19.48.49:223][127]LogModuleManager: Shutting down and abandoning module LocationServicesBPLibrary (252)
[2017.10.31-19.48.49:223][127]LogModuleManager: Shutting down and abandoning module ImmediatePhysicsEditor (250)
[2017.10.31-19.48.49:223][127]LogModuleManager: Shutting down and abandoning module ImmediatePhysics (248)
[2017.10.31-19.48.49:223][127]LogModuleManager: Shutting down and abandoning module UdpMessaging (246)
[2017.10.31-19.48.49:325][127]LogModuleManager: Shutting down and abandoning module TcpMessaging (244)
[2017.10.31-19.48.49:426][127]LogModuleManager: Shutting down and abandoning module GameplayTagsEditor (242)
[2017.10.31-19.48.49:426][127]LogModuleManager: Shutting down and abandoning module FacialAnimationEditor (240)
[2017.10.31-19.48.49:426][127]LogModuleManager: Shutting down and abandoning module FacialAnimation (238)
[2017.10.31-19.48.49:426][127]LogModuleManager: Shutting down and abandoning module AssetManagerEditor (236)
[2017.10.31-19.48.49:426][127]LogModuleManager: Shutting down and abandoning module GraphEditor (235)
[2017.10.31-19.48.49:426][127]LogModuleManager: Shutting down and abandoning module ContentBrowser (233)
[2017.10.31-19.48.49:427][127]LogModuleManager: Shutting down and abandoning module LightPropagationVolumeRuntime (230)
[2017.10.31-19.48.49:427][127]LogModuleManager: Shutting down and abandoning module Paper2D (228)
[2017.10.31-19.48.49:427][127]LogModuleManager: Shutting down and abandoning module WindowsMoviePlayer (226)
[2017.10.31-19.48.49:427][127]LogModuleManager: Shutting down and abandoning module WmfMedia (224)
[2017.10.31-19.48.49:427][127]LogModuleManager: Shutting down and abandoning module PacketHandler (222)
[2017.10.31-19.48.49:427][127]LogModuleManager: Shutting down and abandoning module ClothingSystemEditor (220)
[2017.10.31-19.48.49:427][127]LogModuleManager: Shutting down and abandoning module ClothingSystemRuntime (218)
[2017.10.31-19.48.49:428][127]LogModuleManager: Shutting down and abandoning module Overlay (216)
[2017.10.31-19.48.49:428][127]LogModuleManager: Shutting down and abandoning module OverlayEditor (215)
[2017.10.31-19.48.49:428][127]LogModuleManager: Shutting down and abandoning module MediaAssets (212)
[2017.10.31-19.48.49:428][127]LogModuleManager: Shutting down and abandoning module VREditor (210)
[2017.10.31-19.48.49:428][127]LogModuleManager: Shutting down and abandoning module StringTableEditor (208)
[2017.10.31-19.48.49:428][127]LogModuleManager: Shutting down and abandoning module GameplayTasksEditor (206)
[2017.10.31-19.48.49:428][127]LogModuleManager: Shutting down and abandoning module BehaviorTreeEditor (204)
[2017.10.31-19.48.49:428][127]LogModuleManager: Shutting down and abandoning module FunctionalTesting (202)
[2017.10.31-19.48.49:428][127]LogModuleManager: Shutting down and abandoning module CollisionAnalyzer (200)
[2017.10.31-19.48.49:428][127]LogModuleManager: Shutting down and abandoning module WorkspaceMenuStructure (199)
[2017.10.31-19.48.49:428][127]LogModuleManager: Shutting down and abandoning module UMG (196)
[2017.10.31-19.48.49:428][127]LogModuleManager: Shutting down and abandoning module UMGEditor (195)
[2017.10.31-19.48.49:428][127]LogModuleManager: Shutting down and abandoning module Sequencer (194)
[2017.10.31-19.48.49:428][127]LogModuleManager: Shutting down and abandoning module MessageLog (191)
[2017.10.31-19.48.49:428][127]LogModuleManager: Shutting down and abandoning module SlateReflector (186)
[2017.10.31-19.48.49:428][127]LogModuleManager: Shutting down and abandoning module Slate (184)
[2017.10.31-19.48.49:428][127]LogModuleManager: Shutting down and abandoning module EditorStyle (182)
[2017.10.31-19.48.49:431][127]LogModuleManager: Shutting down and abandoning module MRMesh (180)
[2017.10.31-19.48.49:431][127]LogModuleManager: Shutting down and abandoning module SourceCodeAccess (178)
[2017.10.31-19.48.49:432][127]LogModuleManager: Shutting down and abandoning module HeadMountedDisplay (176)
[2017.10.31-19.48.49:432][127]LogModuleManager: Shutting down and abandoning module XAudio2 (174)
[2017.10.31-19.48.49:432][127]LogModuleManager: Shutting down and abandoning module Networking (172)
[2017.10.31-19.48.49:432][127]LogModuleManager: Shutting down and abandoning module Core (168)
[2017.10.31-19.48.49:432][127]LogModuleManager: Shutting down and abandoning module KismetCompiler (164)
[2017.10.31-19.48.49:432][127]LogModuleManager: Shutting down and abandoning module LevelSequence (162)
[2017.10.31-19.48.49:432][127]LogModuleManager: Shutting down and abandoning module MeshUtilities (160)
[2017.10.31-19.48.49:432][127]LogModuleManager: Shutting down and abandoning module MeshMergeUtilities (159)
[2017.10.31-19.48.49:432][127]LogModuleManager: Shutting down and abandoning module MeshReductionInterface (158)
[2017.10.31-19.48.49:432][127]LogModuleManager: Shutting down and abandoning module SimplygonSwarm (157)
[2017.10.31-19.48.49:432][127]LogModuleManager: Shutting down and abandoning module SimplygonMeshReduction (155)
[2017.10.31-19.48.49:432][127]LogModuleManager: Shutting down and abandoning module QuadricMeshReduction (153)
[2017.10.31-19.48.49:432][127]LogModuleManager: Shutting down and abandoning module MaterialBaking (149)
[2017.10.31-19.48.49:432][127]LogModuleManager: Shutting down and abandoning module DirectoryWatcher (146)
[2017.10.31-19.48.49:433][127]LogModuleManager: Shutting down and abandoning module DerivedDataCache (144)
[2017.10.31-19.48.49:518][127]LogDerivedDataCache: Shutdown
[2017.10.31-19.48.49:518][127]LogModuleManager: Shutting down and abandoning module TargetPlatform (142)
[2017.10.31-19.48.49:519][127]LogModuleManager: Shutting down and abandoning module VulkanShaderFormat (141)
[2017.10.31-19.48.49:519][127]LogModuleManager: Shutting down and abandoning module ShaderFormatVectorVM (139)
[2017.10.31-19.48.49:519][127]LogModuleManager: Shutting down and abandoning module ShaderFormatOpenGL (137)
[2017.10.31-19.48.49:519][127]LogModuleManager: Shutting down and abandoning module ShaderFormatD3D (135)
[2017.10.31-19.48.49:519][127]LogModuleManager: Shutting down and abandoning module MetalShaderFormat (133)
[2017.10.31-19.48.49:519][127]LogModuleManager: Shutting down and abandoning module TextureFormatUncompressed (131)
[2017.10.31-19.48.49:519][127]LogModuleManager: Shutting down and abandoning module TextureFormatPVR (129)
[2017.10.31-19.48.49:519][127]LogModuleManager: Shutting down and abandoning module TextureFormatDXT (127)
[2017.10.31-19.48.49:519][127]LogModuleManager: Shutting down and abandoning module TextureFormatIntelISPCTexComp (125)
[2017.10.31-19.48.49:519][127]LogModuleManager: Shutting down and abandoning module TextureFormatASTC (123)
[2017.10.31-19.48.49:519][127]LogModuleManager: Shutting down and abandoning module ImageWrapper (122)
[2017.10.31-19.48.49:519][127]LogModuleManager: Shutting down and abandoning module TextureFormatAndroid (119)
[2017.10.31-19.48.49:519][127]LogModuleManager: Shutting down and abandoning module AudioFormatOpus (117)
[2017.10.31-19.48.49:519][127]LogModuleManager: Shutting down and abandoning module AudioFormatOgg (115)
[2017.10.31-19.48.49:519][127]LogModuleManager: Shutting down and abandoning module AudioFormatADPCM (113)
[2017.10.31-19.48.49:519][127]LogModuleManager: Shutting down and abandoning module LinuxTargetPlatform (111)
[2017.10.31-19.48.49:519][127]LogModuleManager: Shutting down and abandoning module LinuxServerTargetPlatform (109)
[2017.10.31-19.48.49:519][127]LogModuleManager: Shutting down and abandoning module LinuxNoEditorTargetPlatform (107)
[2017.10.31-19.48.49:519][127]LogModuleManager: Shutting down and abandoning module LinuxClientTargetPlatform (105)
[2017.10.31-19.48.49:519][127]LogModuleManager: Shutting down and abandoning module TVOSTargetPlatform (103)
[2017.10.31-19.48.49:519][127]LogModuleManager: Shutting down and abandoning module Messaging (101)
[2017.10.31-19.48.49:519][127]LogModuleManager: Shutting down and abandoning module IOSTargetPlatform (99)
[2017.10.31-19.48.49:519][127]LogModuleManager: Shutting down and abandoning module HTML5TargetPlatform (97)
[2017.10.31-19.48.49:519][127]LogModuleManager: Shutting down and abandoning module Android_PVRTCTargetPlatform (95)
[2017.10.31-19.48.49:519][127]LogModuleManager: Shutting down and abandoning module Android_MultiTargetPlatform (93)
[2017.10.31-19.48.49:519][127]LogModuleManager: Shutting down and abandoning module Android_ETC2TargetPlatform (91)
[2017.10.31-19.48.49:519][127]LogModuleManager: Shutting down and abandoning module Android_ETC1TargetPlatform (89)
[2017.10.31-19.48.49:519][127]LogModuleManager: Shutting down and abandoning module Android_DXTTargetPlatform (87)
[2017.10.31-19.48.49:520][127]LogModuleManager: Shutting down and abandoning module Android_ATCTargetPlatform (85)
[2017.10.31-19.48.49:520][127]LogModuleManager: Shutting down and abandoning module Android_ASTCTargetPlatform (83)
[2017.10.31-19.48.49:520][127]LogModuleManager: Shutting down and abandoning module AndroidTargetPlatform (81)
[2017.10.31-19.48.49:520][127]LogModuleManager: Shutting down and abandoning module WindowsTargetPlatform (79)
[2017.10.31-19.48.49:520][127]LogModuleManager: Shutting down and abandoning module WindowsServerTargetPlatform (77)
[2017.10.31-19.48.49:520][127]LogModuleManager: Shutting down and abandoning module WindowsNoEditorTargetPlatform (75)
[2017.10.31-19.48.49:520][127]LogModuleManager: Shutting down and abandoning module WindowsClientTargetPlatform (73)
[2017.10.31-19.48.49:520][127]LogModuleManager: Shutting down and abandoning module MacTargetPlatform (71)
[2017.10.31-19.48.49:520][127]LogModuleManager: Shutting down and abandoning module MacServerTargetPlatform (69)
[2017.10.31-19.48.49:520][127]LogModuleManager: Shutting down and abandoning module MacNoEditorTargetPlatform (67)
[2017.10.31-19.48.49:520][127]LogModuleManager: Shutting down and abandoning module MacClientTargetPlatform (65)
[2017.10.31-19.48.49:520][127]LogModuleManager: Shutting down and abandoning module AllDesktopTargetPlatform (63)
[2017.10.31-19.48.49:520][127]LogModuleManager: Shutting down and abandoning module InputCore (60)
[2017.10.31-19.48.49:520][127]LogModuleManager: Shutting down and abandoning module Settings (58)
[2017.10.31-19.48.49:520][127]LogModuleManager: Shutting down and abandoning module PhysXCooking (56)
[2017.10.31-19.48.49:520][127]LogModuleManager: Shutting down and abandoning module SteamVR (54)
[2017.10.31-19.48.49:520][127]LogModuleManager: Shutting down and abandoning module OculusHMD (52)
[2017.10.31-19.48.49:520][127]LogModuleManager: Shutting down and abandoning module ExampleDeviceProfileSelector (50)
[2017.10.31-19.48.49:520][127]LogModuleManager: Shutting down and abandoning module OnlineBlueprintSupport (48)
[2017.10.31-19.48.49:520][127]LogModuleManager: Shutting down and abandoning module OnlineSubsystem (44)
[2017.10.31-19.48.49:520][127]LogOnline: Display: Unloading online subsystem: NULL
[2017.10.31-19.48.49:520][127]LogModuleManager: Shutting down and abandoning module XMPP (43)
[2017.10.31-19.48.49:520][127]LogModuleManager: Shutting down and abandoning module HTTP (41)
[2017.10.31-19.48.49:520][127]LogHttp: Display: Http module shutting down, but needs to wait on 1 outstanding Http requests:
[2017.10.31-19.48.49:520][127]LogHttp: Display: 	verb=[POST] url=[https://datarouter.ol.epicgames.com/datarouter/api/v1/public/data?SessionID=%7B5860B555-4D02-FA38-7B34-A796BC69360C%7D&AppID=UEEditor.Rocket.Release&AppVersion=4.17.2-3658906%2B%2B%2BUE4%2BRelease-4.17&UserID=3cd3bf4c441d20ae9d1552b8715e37b3%7C61d5517aa7a345688e2600dc27c252c6%7Cde9667e7-4a81-4dc7-a009-03885f52581e&AppEnvironment=datacollector-binary&UploadType=eteventstream] status=Processing
[2017.10.31-19.48.49:548][127]LogModuleManager: Shutting down and abandoning module SSL (40)
[2017.10.31-19.48.49:552][127]LogModuleManager: Shutting down and abandoning module AnimationModifiers (36)
[2017.10.31-19.48.49:552][127]LogModuleManager: Shutting down and abandoning module PropertyEditor (35)
[2017.10.31-19.48.49:552][127]LogModuleManager: Shutting down and abandoning module AudioEditor (32)
[2017.10.31-19.48.49:552][127]LogModuleManager: Shutting down and abandoning module TextureCompressor (30)
[2017.10.31-19.48.49:552][127]LogModuleManager: Shutting down and abandoning module ShaderCore (28)
[2017.10.31-19.48.49:552][127]LogModuleManager: Shutting down and abandoning module Landscape (26)
[2017.10.31-19.48.49:552][127]LogModuleManager: Shutting down and abandoning module SlateRHIRenderer (24)
[2017.10.31-19.48.49:555][127]LogModuleManager: Shutting down and abandoning module OpenGLDrv (22)
[2017.10.31-19.48.49:555][127]LogModuleManager: Shutting down and abandoning module D3D11RHI (20)
[2017.10.31-19.48.49:555][127]LogModuleManager: Shutting down and abandoning module AnimGraphRuntime (18)
[2017.10.31-19.48.49:555][127]LogModuleManager: Shutting down and abandoning module Renderer (16)
[2017.10.31-19.48.49:555][127]LogModuleManager: Shutting down and abandoning module Engine (14)
[2017.10.31-19.48.49:555][127]LogModuleManager: Shutting down and abandoning module CoreUObject (12)
[2017.10.31-19.48.49:555][127]LogModuleManager: Shutting down and abandoning module NetworkFile (10)
[2017.10.31-19.48.49:555][127]LogModuleManager: Shutting down and abandoning module CookedIterativeFile (8)
[2017.10.31-19.48.49:555][127]LogModuleManager: Shutting down and abandoning module StreamingFile (6)
[2017.10.31-19.48.49:556][127]LogModuleManager: Shutting down and abandoning module SandboxFile (4)
[2017.10.31-19.48.49:556][127]LogModuleManager: Shutting down and abandoning module PakFile (2)
[2017.10.31-19.48.49:565][127]LogExit: Exiting.
[2017.10.31-19.48.49:597][127]Log file closed, 10/31/17 15:48:49
