Log file open, 10/31/17 15:49:16
LogWindows: Failed to load 'aqProf.dll' (GetLastError=126)
LogWindows: File 'aqProf.dll' does not exist
LogWindows: Failed to load 'VtuneApi.dll' (GetLastError=126)
LogWindows: File 'VtuneApi.dll' does not exist
LogWindows: Failed to load 'VtuneApi32e.dll' (GetLastError=126)
LogWindows: File 'VtuneApi32e.dll' does not exist
LogInit: Display: Running engine for game: ShadowMinions2
LogPlatformFile: Not using cached read wrapper
LogInit: Display: RandInit(204132180) SRandInit(204132180).
LogTaskGraph: Started task graph with 5 named threads and 14 total threads with 3 sets of task threads.
LogStats: Stats thread started at 0.172337
LogD3D11RHI: Aftermath initialized
LogPluginManager: Mounting plugin Paper2D
LogPluginManager: Mounting plugin LightPropagationVolume
LogPluginManager: Mounting plugin CodeLiteSourceCodeAccess
LogPluginManager: Mounting plugin GitSourceControl
LogPluginManager: Mounting plugin KDevelopSourceCodeAccess
LogPluginManager: Mounting plugin NullSourceCodeAccess
LogPluginManager: Mounting plugin PerforceSourceControl
LogPluginManager: Mounting plugin SubversionSourceControl
LogPluginManager: Mounting plugin UObjectPlugin
LogPluginManager: Mounting plugin VisualStudioSourceCodeAccess
LogPluginManager: Mounting plugin XCodeSourceCodeAccess
LogPluginManager: Mounting plugin AssetManagerEditor
LogPluginManager: Mounting plugin AudioCapture
LogPluginManager: Mounting plugin FacialAnimation
LogPluginManager: Mounting plugin GameplayTagsEditor
LogPluginManager: Mounting plugin MobileLauncherProfileWizard
LogPluginManager: Mounting plugin PluginBrowser
LogPluginManager: Mounting plugin SpeedTreeImporter
LogPluginManager: Mounting plugin AlembicImporter
LogPluginManager: Mounting plugin CharacterAI
LogPluginManager: Mounting plugin HTML5Networking
LogPluginManager: Mounting plugin AndroidMedia
LogPluginManager: Mounting plugin AvfMedia
LogPluginManager: Mounting plugin MediaPlayerEditor
LogPluginManager: Mounting plugin WmfMedia
LogPluginManager: Mounting plugin TcpMessaging
LogPluginManager: Mounting plugin UdpMessaging
LogPluginManager: Mounting plugin LevelSequenceEditor
LogPluginManager: Mounting plugin MatineeToLevelSequence
LogPluginManager: Mounting plugin OnlineSubsystemGooglePlay
LogPluginManager: Mounting plugin OnlineSubsystemIOS
LogPluginManager: Mounting plugin OnlineSubsystem
LogPluginManager: Mounting plugin OnlineSubsystemNull
LogPluginManager: Mounting plugin OnlineSubsystemUtils
LogPluginManager: Mounting plugin AndroidDeviceProfileSelector
LogPluginManager: Mounting plugin AndroidMoviePlayer
LogPluginManager: Mounting plugin AndroidPermission
LogPluginManager: Mounting plugin AppleMoviePlayer
LogPluginManager: Mounting plugin ArchVisCharacter
LogPluginManager: Mounting plugin CableComponent
LogPluginManager: Mounting plugin CustomMeshComponent
LogPluginManager: Mounting plugin ExampleDeviceProfileSelector
LogPluginManager: Mounting plugin GoogleCloudMessaging
LogPluginManager: Mounting plugin ImmediatePhysics
LogPluginManager: Mounting plugin IOSDeviceProfileSelector
LogPluginManager: Mounting plugin LinuxDeviceProfileSelector
LogPluginManager: Mounting plugin LocationServicesBPLibrary
LogPluginManager: Mounting plugin MobilePatchingUtils
LogPluginManager: Mounting plugin OculusVR
LogPluginManager: Mounting plugin PhysXVehicles
LogPluginManager: Mounting plugin ProceduralMeshComponent
LogPluginManager: Mounting plugin RuntimePhysXCooking
LogPluginManager: Mounting plugin SteamVR
LogPluginManager: Mounting plugin WindowsMoviePlayer
LogInit: Using libcurl 7.47.1
LogInit:  - built for x86_64-pc-win32
LogInit:  - supports SSL with OpenSSL/1.0.2g
LogInit:  - supports HTTP deflate (compression) using libz 1.2.8
LogInit:  - other features:
LogInit:      CURL_VERSION_SSL
LogInit:      CURL_VERSION_LIBZ
LogInit:      CURL_VERSION_IPV6
LogInit:      CURL_VERSION_ASYNCHDNS
LogInit:      CURL_VERSION_LARGEFILE
LogInit:      CURL_VERSION_IDN
LogInit:  CurlRequestOptions (configurable via config and command line):
LogInit:  - bVerifyPeer = false  - Libcurl will NOT verify peer certificate
LogInit:  - bUseHttpProxy = false  - Libcurl will NOT use HTTP proxy
LogInit:  - bDontReuseConnections = false  - Libcurl will reuse connections
LogInit:  - CertBundlePath = nullptr  - Libcurl will use whatever was configured at build time.
LogInit: Build: ++UE4+Release-4.17-CL-3658906
LogInit: Engine Version: 4.17.2-3658906+++UE4+Release-4.17
LogInit: Compatible Engine Version: 4.17.0-3573198+++UE4+Release-4.17
LogInit: Net CL: 3573198
LogDevObjectVersion: Number of dev versions registered: 16
LogDevObjectVersion:   Dev-Blueprints (B0D832E4-1F89-4F0D-ACCF-7EB736FD4AA2): 10
LogDevObjectVersion:   Dev-Build (E1C64328-A22C-4D53-A36C-8E866417BD8C): 0
LogDevObjectVersion:   Dev-Core (375EC13C-06E4-48FB-B500-84F0262A717E): 2
LogDevObjectVersion:   Dev-Editor (E4B068ED-F494-42E9-A231-DA0B2E46BB41): 20
LogDevObjectVersion:   Dev-Framework (CFFC743F-43B0-4480-9391-14DF171D2073): 28
LogDevObjectVersion:   Dev-Mobile (B02B49B5-BB20-44E9-A304-32B752E40360): 0
LogDevObjectVersion:   Dev-Networking (A4E4105C-59A1-49B5-A7C5-40C4547EDFEE): 0
LogDevObjectVersion:   Dev-Online (39C831C9-5AE6-47DC-9A44-9C173E1C8E7C): 0
LogDevObjectVersion:   Dev-Physics (78F01B33-EBEA-4F98-B9B4-84EACCB95AA2): 0
LogDevObjectVersion:   Dev-Platform (6631380F-2D4D-43E0-8009-CF276956A95A): 0
LogDevObjectVersion:   Dev-Rendering (12F88B9F-8875-4AFC-A67C-D90C383ABD29): 19
LogDevObjectVersion:   Dev-Sequencer (7B5AE74C-D270-4C10-A958-57980B212A5A): 4
LogDevObjectVersion:   Dev-VR (D7296918-1DD6-4BDD-9DE2-64A83CC13884): 0
LogDevObjectVersion:   Dev-LoadTimes (C2A15278-BFE7-4AFE-6C17-90FF531DF755): 1
LogDevObjectVersion:   Private-Geometry (6EACA3D4-40EC-4CC1-B786-8BED09428FC5): 1
LogDevObjectVersion:   Dev-AnimPhys (29E575DD-E0A3-4627-9D10-D276232CDCEA): 7
LogInit: Compiled (64-bit): Sep 22 2017 13:47:16
LogInit: Compiled with Visual C++: 19.00.24215.01
LogInit: Build Configuration: Development
LogInit: Branch Name: ++UE4+Release-4.17
LogInit: Command line: -EpicPortal 
LogInit: Base directory: C:/Program Files/Epic Games/UE_4.17/Engine/Binaries/Win64/
LogInit: Installed Engine Build: 1
LogInit: Presizing for max 8388607 objects, including 0 objects not considered by GC, pre-allocating 0 bytes for permanent pool.
LogInit: Object subsystem initialized
[2017.10.31-19.49.17:572][  0]LogInit: Selected Device Profile: [Windows]
[2017.10.31-19.49.17:572][  0]LogInit: Applying CVar settings loaded from the selected device profile: [Windows]
[2017.10.31-19.49.17:583][  0]LogInit: Computer: DESKTOP-PTDA5BA
[2017.10.31-19.49.17:583][  0]LogInit: User: Aman
[2017.10.31-19.49.17:583][  0]LogInit: CPU Page size=4096, Cores=4
[2017.10.31-19.49.17:583][  0]LogInit: High frequency timer resolution =2.742191 MHz
[2017.10.31-19.49.17:584][  0]LogMemory: Memory total: Physical=32.0GB (32GB approx)
[2017.10.31-19.49.17:584][  0]LogMemory: Platform Memory Stats for Windows
[2017.10.31-19.49.17:584][  0]LogMemory: Process Physical Memory: 278.73 MB used, 278.73 MB peak
[2017.10.31-19.49.17:584][  0]LogMemory: Process Virtual Memory: 274.22 MB used, 274.22 MB peak
[2017.10.31-19.49.17:584][  0]LogMemory: Physical Memory: 6930.99 MB used,  25794.60 MB free, 32725.59 MB total
[2017.10.31-19.49.17:584][  0]LogMemory: Virtual Memory: 669.05 MB used,  25794.60 MB free, 134217728.00 MB total
[2017.10.31-19.49.17:889][  0]LogInit: Using OS detected language (en-US).
[2017.10.31-19.49.17:889][  0]LogInit: Using OS detected locale (en-IN).
[2017.10.31-19.49.17:891][  0]LogTextLocalizationManager: No specific localization for 'en-US' exists, so the 'en' localization will be used.
[2017.10.31-19.49.18:528][  0]LogD3D11RHI: D3D11 adapters:
[2017.10.31-19.49.18:565][  0]LogD3D11RHI:    0. 'NVIDIA GeForce GTX 1070' (Feature Level 11_0)
[2017.10.31-19.49.18:565][  0]LogD3D11RHI:       8089/0/16362 MB DedicatedVideo/DedicatedSystem/SharedSystem, Outputs:1, VendorId:0x10de
[2017.10.31-19.49.18:566][  0]LogD3D11RHI:    1. 'Microsoft Basic Render Driver' (Feature Level 11_0)
[2017.10.31-19.49.18:566][  0]LogD3D11RHI:       0/0/16362 MB DedicatedVideo/DedicatedSystem/SharedSystem, Outputs:0, VendorId:0x1414
[2017.10.31-19.49.18:566][  0]LogD3D11RHI: Chosen D3D11 Adapter: 0
[2017.10.31-19.49.18:571][  0]LogD3D11RHI: Creating new Direct3DDevice
[2017.10.31-19.49.18:571][  0]LogD3D11RHI:     GPU DeviceId: 0x1be1 (for the marketing name, search the web for "GPU Device Id")
[2017.10.31-19.49.18:571][  0]LogWindows: EnumDisplayDevices:
[2017.10.31-19.49.18:571][  0]LogWindows:    0. 'NVIDIA GeForce GTX 1070' (P:1 D:1)
[2017.10.31-19.49.18:571][  0]LogWindows:    1. 'NVIDIA GeForce GTX 1070' (P:0 D:0)
[2017.10.31-19.49.18:571][  0]LogWindows:    2. 'NVIDIA GeForce GTX 1070' (P:0 D:0)
[2017.10.31-19.49.18:572][  0]LogWindows:    3. 'NVIDIA GeForce GTX 1070' (P:0 D:0)
[2017.10.31-19.49.18:572][  0]LogWindows: DebugString: FoundDriverCount:4 
[2017.10.31-19.49.18:572][  0]LogD3D11RHI:     Adapter Name: NVIDIA GeForce GTX 1070
[2017.10.31-19.49.18:572][  0]LogD3D11RHI:   Driver Version: 388.00 (internal:23.21.13.8800, unified:388.00)
[2017.10.31-19.49.18:572][  0]LogD3D11RHI:      Driver Date: 10-12-2017
[2017.10.31-19.49.18:572][  0]LogRHI: Texture pool is 1361 MB (70% of 1945 MB)
[2017.10.31-19.49.18:597][  0]LogD3D11RHI: Async texture creation enabled
[2017.10.31-19.49.18:652][  0]LogD3D11RHI: GPU Timing Frequency: 1000.000000 (Debug: 2 1)
[2017.10.31-19.49.18:695][  0]LogShaderCompilers: Guid format shader working directory is 2 characters bigger than the processId version (D:/Documents/Unreal Projects/ShadowMinions2/Intermediate/Shaders/WorkingDirectory/7776/).
[2017.10.31-19.49.18:695][  0]LogShaderCompilers: Cleaned the shader compiler working directory 'C:/Users/Aman/AppData/Local/Temp/UnrealShaderWorkingDir/E8A127CB4EC69C7B07526CB44858A94B/'.
[2017.10.31-19.49.18:695][  0]LogShaderCompilers: Display: Using Local Shader Compiler.
[2017.10.31-19.49.19:606][  0]LogTemp: Display: Loaded TP AllDesktopTargetPlatform
[2017.10.31-19.49.19:652][  0]LogTemp: Display: Loaded TP MacClientTargetPlatform
[2017.10.31-19.49.19:698][  0]LogTemp: Display: Loaded TP MacNoEditorTargetPlatform
[2017.10.31-19.49.19:741][  0]LogTemp: Display: Loaded TP MacServerTargetPlatform
[2017.10.31-19.49.19:786][  0]LogTemp: Display: Loaded TP MacTargetPlatform
[2017.10.31-19.49.19:832][  0]LogTemp: Display: Loaded TP WindowsClientTargetPlatform
[2017.10.31-19.49.19:882][  0]LogTemp: Display: Loaded TP WindowsNoEditorTargetPlatform
[2017.10.31-19.49.19:929][  0]LogTemp: Display: Loaded TP WindowsServerTargetPlatform
[2017.10.31-19.49.19:966][  0]LogTemp: Display: Loaded TP WindowsTargetPlatform
[2017.10.31-19.49.20:027][  0]LogTemp: Display: Loaded TP AndroidTargetPlatform
[2017.10.31-19.49.20:069][  0]LogTemp: Display: Loaded TP Android_ASTCTargetPlatform
[2017.10.31-19.49.20:110][  0]LogTemp: Display: Loaded TP Android_ATCTargetPlatform
[2017.10.31-19.49.20:160][  0]LogTemp: Display: Loaded TP Android_DXTTargetPlatform
[2017.10.31-19.49.20:200][  0]LogTemp: Display: Loaded TP Android_ETC1TargetPlatform
[2017.10.31-19.49.20:243][  0]LogTemp: Display: Loaded TP Android_ETC2TargetPlatform
[2017.10.31-19.49.20:341][  0]LogTemp: Display: Loaded TP Android_MultiTargetPlatform
[2017.10.31-19.49.20:341][  0]LogTemp: Display: Loaded TP Android_PVRTCTargetPlatform
[2017.10.31-19.49.20:374][  0]LogTemp: Display: Loaded TP HTML5TargetPlatform
[2017.10.31-19.49.20:457][  0]LogTemp: Display: Loaded TP IOSTargetPlatform
[2017.10.31-19.49.20:485][  0]LogTemp: Display: Loaded TP TVOSTargetPlatform
[2017.10.31-19.49.20:528][  0]LogTemp: Display: Loaded TP LinuxClientTargetPlatform
[2017.10.31-19.49.20:572][  0]LogTemp: Display: Loaded TP LinuxNoEditorTargetPlatform
[2017.10.31-19.49.20:616][  0]LogTemp: Display: Loaded TP LinuxServerTargetPlatform
[2017.10.31-19.49.20:659][  0]LogTemp: Display: Loaded TP LinuxTargetPlatform
[2017.10.31-19.49.20:659][  0]LogTargetPlatformManager: Display: Building Assets For Windows
[2017.10.31-19.49.21:092][  0]LogDerivedDataCache: Display: Max Cache Size: 512 MB
[2017.10.31-19.49.21:182][  0]LogDerivedDataCache: Loaded boot cache 0.09s 93MB C:/Users/Aman/AppData/Local/UnrealEngine/4.17/DerivedDataCache/Boot.ddc.
[2017.10.31-19.49.21:182][  0]LogDerivedDataCache: Display: Loaded Boot cache: C:/Users/Aman/AppData/Local/UnrealEngine/4.17/DerivedDataCache/Boot.ddc
[2017.10.31-19.49.21:183][  0]LogDerivedDataCache: FDerivedDataBackendGraph:  Pak pak cache file D:/Documents/Unreal Projects/ShadowMinions2/DerivedDataCache/DDC.ddp not found, will not use a pak cache.
[2017.10.31-19.49.21:183][  0]LogDerivedDataCache: Unable to find inner node Pak for hierarchical cache Hierarchy.
[2017.10.31-19.49.21:183][  0]LogDerivedDataCache: FDerivedDataBackendGraph:  CompressedPak pak cache file D:/Documents/Unreal Projects/ShadowMinions2/DerivedDataCache/Compressed.ddp not found, will not use a pak cache.
[2017.10.31-19.49.21:183][  0]LogDerivedDataCache: Unable to find inner node CompressedPak for hierarchical cache Hierarchy.
[2017.10.31-19.49.21:198][  0]LogDerivedDataCache: Display: Pak cache opened for reading ../../../Engine/DerivedDataCache/Compressed.ddp.
[2017.10.31-19.49.21:210][  0]LogDerivedDataCache: Using Local data cache path C:/Users/Aman/AppData/Local/UnrealEngine/Common/DerivedDataCache: Writable
[2017.10.31-19.49.21:219][  0]LogMaterial: Verifying Global Shaders for PCD3D_SM5
[2017.10.31-19.49.21:220][  0]LogSlate: Using Freetype 2.6.0
[2017.10.31-19.49.21:220][  0]LogSlate: SlateFontCache - WITH_FREETYPE: 1, WITH_HARFBUZZ: 1
[2017.10.31-19.49.21:220][  0]LogSlate: SlateFontCache - WITH_FREETYPE: 1, WITH_HARFBUZZ: 1
[2017.10.31-19.49.21:464][  0]LogAssetRegistry: FAssetRegistry took 0.0258 seconds to start up
[2017.10.31-19.49.21:562][  0]LogInit: Selected Device Profile: [Windows]
[2017.10.31-19.49.21:871][  0]LogSimplygon: Simplygon DLL not present - disabling.
[2017.10.31-19.49.21:904][  0]LogMeshReduction: Using SimplygonSwarm for distributed automatic mesh merging
[2017.10.31-19.49.21:904][  0]LogMeshReduction: Using QuadricMeshReduction for automatic static mesh reduction
[2017.10.31-19.49.21:904][  0]LogMeshReduction: No automatic skeletal mesh reduction module available
[2017.10.31-19.49.21:904][  0]LogMeshReduction: No automatic mesh merging module available
[2017.10.31-19.49.21:904][  0]LogMeshMerging: No automatic mesh merging module available
[2017.10.31-19.49.21:912][  0]LogContentStreaming: Texture pool size is 0.00 MB
[2017.10.31-19.49.22:298][  0]LogNetVersion: ShadowMinions2 , NetCL: 3573198, EngineNetVer: 2, GameNetVer: 0 (Checksum: 3443743161)
[2017.10.31-19.49.22:488][  0]LogPackageLocalizationCache: Processed 5 localized package path(s) for 2 prioritized culture(s) in 0.039179 seconds
[2017.10.31-19.49.22:493][  0]LogUObjectArray: 35825 objects as part of root set at end of initial load.
[2017.10.31-19.49.22:493][  0]LogUObjectAllocator: 7529112 out of 0 bytes used by permanent object pool.
[2017.10.31-19.49.22:493][  0]LogUObjectArray: CloseDisregardForGC: 0/0 objects in disregard for GC pool
[2017.10.31-19.49.22:546][  0]LogInit: WinSock: version 1.1 (2.2), MaxSocks=32767, MaxUdp=65467
[2017.10.31-19.49.25:013][  0]LogTcpMessaging: Initializing TcpMessaging bridge
[2017.10.31-19.49.25:048][  0]LogUdpMessaging: Initializing bridge on interface 0.0.0.0:0 to multicast group 230.0.0.1:6666.
[2017.10.31-19.49.25:662][  0]LogMaterial: Uniform references updated for custom material expression Custom.
[2017.10.31-19.49.26:005][  0]SourceControl: Source control is disabled
[2017.10.31-19.49.26:005][  0]SourceControl: Source control is disabled
[2017.10.31-19.49.26:048][  0]SourceControl: Source control is disabled
[2017.10.31-19.49.26:095][  0]SourceControl: Source control is disabled
[2017.10.31-19.49.26:588][  0]LogAndroidPermission: UAndroidPermissionCallbackProxy::GetInstance
[2017.10.31-19.49.26:854][  0]LogOcInput: OculusInput pre-init called
[2017.10.31-19.49.27:086][  0]LogEngine: Initializing Engine...
[2017.10.31-19.49.27:089][  0]LogHMD: Failed to initialize OpenVR with code 110
[2017.10.31-19.49.27:334][  0]LogStats: UGameplayTagsManager::ConstructGameplayTagTree: Construct from data asset -  0.000 s
[2017.10.31-19.49.27:334][  0]LogStats: UGameplayTagsManager::ConstructGameplayTagTree: GameplayTagTreeChangedEvent.Broadcast -  0.000 s
[2017.10.31-19.49.27:459][  0]LogAIModule: Creating AISystem for world Untitled
[2017.10.31-19.49.27:537][  0]LogInit: XAudio2 using 'Headphones (Bose QuietComfort 35 Stereo)' : 2 channels at 44.1 kHz using 16 bits per sample (channel mask 0x3)
[2017.10.31-19.49.27:558][  0]LogInit: FAudioDevice initialized.
[2017.10.31-19.49.27:617][  0]LogDerivedDataCache: Saved boot cache 0.06s 93MB C:/Users/Aman/AppData/Local/UnrealEngine/4.17/DerivedDataCache/Boot.ddc.
[2017.10.31-19.49.27:629][  0]LogInit: Texture streaming: Enabled
[2017.10.31-19.49.27:730][  0]LogEngineSessionManager: EngineSessionManager initialized
[2017.10.31-19.49.27:919][  0]LogInit: Transaction tracking system initialized
[2017.10.31-19.49.28:219][  0]BlueprintLog: New page: Editor Load
[2017.10.31-19.49.29:034][  0]LocalizationService: Localization service is disabled
[2017.10.31-19.49.29:476][  0]LogLinker: Warning: Can't find file '/Game/ThirdPersonBP/TestLevel'
[2017.10.31-19.49.29:476][  0]LogLinker: Warning: Can't find file '/Game/ThirdPersonBP/TestLevel'
[2017.10.31-19.49.29:476][  0]LogUObjectGlobals: Warning: Failed to find object 'Class /Game/ThirdPersonBP/TestLevel.TestLevel_C'
[2017.10.31-19.49.29:631][  0]LogConsoleResponse: Display: 
[2017.10.31-19.49.29:810][  0]LogCook: Display: Max memory allowance for cook 16384mb min free memory 0mb
[2017.10.31-19.49.29:810][  0]LogCook: Display: Mobile HDR setting 1
[2017.10.31-19.49.29:810][  0]LogGameplayTags: Display: UGameplayTagsManager::DoneAddingNativeTags. DelegateIsBound: 0
[2017.10.31-19.49.30:134][  0]LogFileCache: Scanning file cache for directory 'D:/Documents/Unreal Projects/ShadowMinions2/Content/' took 0.01s
[2017.10.31-19.49.30:727][  0]SourceControl: Source control is disabled
[2017.10.31-19.49.30:727][  0]Cmd: MAP LOAD FILE="D:/Documents/Unreal Projects/ShadowMinions2/Content/ThirdPersonBP/Maps/ThirdPersonExampleMap.umap" TEMPLATE=0 SHOWPROGRESS=1 FEATURELEVEL=3
[2017.10.31-19.49.30:728][  0]LightingResults: New page: Lighting Build
[2017.10.31-19.49.30:766][  0]MapCheck: New page: Map Check
[2017.10.31-19.49.30:766][  0]LightingResults: New page: Lighting Build
[2017.10.31-19.49.31:174][  0]LogAIModule: Creating AISystem for world ThirdPersonExampleMap
[2017.10.31-19.49.31:183][  0]LogEditorServer: Finished looking for orphan Actors (0.000 secs)
[2017.10.31-19.49.31:202][  0]Cmd: MAP CHECKDEP NOCLEARLOG
[2017.10.31-19.49.31:268][  0]MapCheck: Map check complete: 0 Error(s), 0 Warning(s), took 64.631ms to complete.
[2017.10.31-19.49.31:268][  0]LogFileHelpers: Loading map 'ThirdPersonExampleMap' took 0.540
[2017.10.31-19.49.31:334][  0]LogWindowsTextInputMethodSystem: Display: IME system now deactivated.
[2017.10.31-19.49.31:420][  0]LogCollectionManager: Loaded 0 collections in 0.001479 seconds
[2017.10.31-19.49.31:494][  0]LogFileCache: Scanning file cache for directory 'D:/Documents/Unreal Projects/ShadowMinions2/Saved/Collections/' took 0.01s
[2017.10.31-19.49.31:494][  0]LogFileCache: Scanning file cache for directory 'D:/Documents/Unreal Projects/ShadowMinions2/Content/Developers/Aman/Collections/' took 0.01s
[2017.10.31-19.49.31:494][  0]LogFileCache: Scanning file cache for directory 'D:/Documents/Unreal Projects/ShadowMinions2/Content/Collections/' took 0.01s
[2017.10.31-19.49.31:494][  0]LogCollectionManager: Rebuilt the GUID cache for 0 collections in 0.000000 seconds
[2017.10.31-19.49.31:503][  0]LogContentBrowser: Native class hierarchy populated in 0.0089 seconds. Added 2387 classes and 502 folders.
[2017.10.31-19.49.31:559][  0]LogContentBrowser: Native class hierarchy updated for 'WidgetCarousel' in 0.0017 seconds. Added 0 classes and 0 folders.
[2017.10.31-19.49.31:593][  0]LogContentBrowser: Native class hierarchy updated for 'AddContentDialog' in 0.0025 seconds. Added 0 classes and 0 folders.
[2017.10.31-19.49.31:633][  0]LogContentBrowser: Native class hierarchy updated for 'SceneOutliner' in 0.0019 seconds. Added 1 classes and 2 folders.
[2017.10.31-19.49.31:654][  0]LogSlate: Took 0.000204 seconds to synchronously load lazily loaded font '../../../Engine/Content/Slate/Fonts/Roboto-Regular.ttf' (155K)
[2017.10.31-19.49.31:659][  0]LogSlate: Took 0.000220 seconds to synchronously load lazily loaded font '../../../Engine/Content/Slate/Fonts/Roboto-Bold.ttf' (160K)
[2017.10.31-19.49.31:662][  0]LogSlate: Took 0.000217 seconds to synchronously load lazily loaded font '../../../Engine/Content/Editor/Slate/Fonts/FontAwesome.ttf' (139K)
[2017.10.31-19.49.31:744][  0]LogRenderer: Reallocating scene render targets to support 1100x436 Format 10 NumSamples 1 (Frame:1).
[2017.10.31-19.49.31:781][  0]LogSlate: Took 0.000170 seconds to synchronously load lazily loaded font '../../../Engine/Content/Slate/Fonts/Roboto-Light.ttf' (159K)
[2017.10.31-19.49.32:044][  0]LogContentBrowser: Native class hierarchy updated for 'HierarchicalLODOutliner' in 0.0018 seconds. Added 1 classes and 2 folders.
[2017.10.31-19.49.32:044][  0]LogLoad: (Engine Initialization) Total time: 16.34 seconds
[2017.10.31-19.49.32:044][  0]LogLoad: (Engine Initialization) Total Blueprint compile time: 0.00 seconds
[2017.10.31-19.49.32:044][  0]LogExternalProfiler: Found external profiler: VSPerf
[2017.10.31-19.49.32:044][  0]LogExternalProfiler: Using external profiler: VSPerf
[2017.10.31-19.49.32:084][  0]LogAssetRegistry: Asset discovery search completed in 10.6423 seconds
[2017.10.31-19.49.32:086][  0]LogCollectionManager: Rebuilt the object cache for 0 collections in 0.000001 seconds (found 0 objects)
[2017.10.31-19.49.32:086][  0]LogCollectionManager: Fixed up redirectors for 0 collections in 0.000038 seconds (updated 0 objects)
[2017.10.31-19.49.32:088][  0]LogContentStreaming: Texture pool size now 1000 MB
[2017.10.31-19.49.38:527][381]LogSlate: Took 0.000196 seconds to synchronously load lazily loaded font '../../../Engine/Content/Editor/Slate/Fonts/Roboto-BoldCondensed.ttf' (158K)
[2017.10.31-19.52.00:641][105]LogHotReload: New module detected: UE4Editor-ShadowMinions2-5493.dll
[2017.10.31-19.52.01:319][108]LogHotReload: Starting Hot-Reload from IDE
[2017.10.31-19.52.01:323][108]LogSlate: Took 0.000130 seconds to synchronously load lazily loaded font '../../../Engine/Content/Slate/Fonts/Roboto-Light.ttf' (159K)
[2017.10.31-19.52.01:395][108]LogClass: Could not find existing class BaseCharacter in package /Script/ShadowMinions2 for HotReload, assuming new class
[2017.10.31-19.52.01:398][108]LogContentBrowser: Native class hierarchy updated for 'ShadowMinions2' in 0.0018 seconds. Added 2 classes and 2 folders.
[2017.10.31-19.52.01:399][108]Display: HotReload successful (0 functions remapped  0 scriptstructs remapped)
[2017.10.31-19.52.01:419][108]LogContentBrowser: Native class hierarchy populated in 0.0161 seconds. Added 2390 classes and 506 folders.
[2017.10.31-19.52.01:423][108]Display: HotReload took  0.1s.
[2017.10.31-19.52.16:285][284]MapCheck: New page: Map Check
[2017.10.31-19.52.16:302][284]Cmd: MAP REBUILD ALLVISIBLE
[2017.10.31-19.52.16:302][284]LogEditorServer: Rebuildmap Clear paths rebuilt
[2017.10.31-19.52.16:389][284]LogMaterial: Missing cached shader map for material FDebugViewModeMaterialProxy WorldGridMaterial, compiling. Is special engine material.
[2017.10.31-19.52.16:396][284]LogMaterial: Missing cached shader map for material FDebugViewModeMaterialProxy MaterialInstanceDynamic_1, compiling. 
[2017.10.31-19.52.16:403][284]LogMaterial: Missing cached shader map for material FDebugViewModeMaterialProxy RampMaterial, compiling. 
[2017.10.31-19.52.16:408][284]LogMaterial: Missing cached shader map for material FDebugViewModeMaterialProxy CubeMaterial, compiling. 
[2017.10.31-19.52.16:416][284]LogMaterial: Missing cached shader map for material FDebugViewModeMaterialProxy M_UE4Man_Body, compiling. 
[2017.10.31-19.52.16:425][284]LogMaterial: Missing cached shader map for material FDebugViewModeMaterialProxy M_UE4Man_ChestLogo, compiling. 
[2017.10.31-19.52.16:434][284]LogMaterial: Missing cached shader map for material FDebugViewModeMaterialProxy MatineeCam_mat, compiling. 
[2017.10.31-19.52.17:063][284]TextureStreamingBuild: Display: Compiling optional shaders took 0.681 seconds.
[2017.10.31-19.52.17:069][284]LogLevel: Display: Export Material TexCoord Scales took 0.006 seconds.
[2017.10.31-19.52.17:073][284]TextureStreamingBuild: Display: Build Texture Streaming took 0.004 seconds.
[2017.10.31-19.52.17:082][284]LightingResults: New page: Lighting Build - 31-Oct-2017 11:52:17 am
[2017.10.31-19.52.17:109][284]LogSwarmInterface: [OpenConnection] Registering TCP channel ...
[2017.10.31-19.52.17:157][284]LogSwarmInterface: [OpenConnection] Connecting to agent ...
[2017.10.31-19.52.17:166][284]LogSwarmInterface: [TryOpenConnection] Testing the Agent
[2017.10.31-19.52.17:674][284]LogSwarmInterface: [TryOpenConnection] Opening Connection to Agent
[2017.10.31-19.52.17:674][284]LogSwarmInterface: [TryOpenConnection] Local Process ID is 7776
[2017.10.31-19.52.20:370][284]LogStaticLightingSystem: Running Lightmass w/ ImmediateImport mode ENABLED
[2017.10.31-19.52.20:370][284]LogStaticLightingSystem: Running Lightmass w/ ImmediateProcess mode ENABLED
[2017.10.31-19.52.20:370][284]LogStaticLightingSystem: Running Lightmass w/ Sorting mode ENABLED
[2017.10.31-19.52.20:370][284]LogStaticLightingSystem: Running Lightmass w/ Mapping paddings ENABLED
[2017.10.31-19.52.20:370][284]LogStaticLightingSystem: Running Lightmass w/ Mapping debug paddings DISABLED
[2017.10.31-19.52.20:527][284]Cmd: MAP CHECK DONTDISPLAYDIALOG
[2017.10.31-19.52.20:527][284]MapCheck: New page: ThirdPersonExampleMap - 31-Oct-2017 11:52:20 am
[2017.10.31-19.52.20:574][284]MapCheck: Map check complete: 0 Error(s), 0 Warning(s), took 46.44ms to complete.
[2017.10.31-19.52.20:596][284]LogEditorBuildUtils: Build time 0:04
[2017.10.31-19.52.22:016][345]Job is a success!
[2017.10.31-19.52.22:215][346]LogTexture: Display: Building textures: SkyOcclusion1_1 (AutoDXT, 512X256)
[2017.10.31-19.52.22:215][346]LogTexture: Display: Building textures: HQ_Lightmap1_1 (AutoDXT, 512X512)
[2017.10.31-19.52.22:215][346]LogTexture: Display: Building textures: LQ_Lightmap_1_1 (DXT1, 512X512)
[2017.10.31-19.52.22:215][346]LogTexture: Display: Building textures: SkyOcclusion1_2 (AutoDXT, 64X32)
[2017.10.31-19.52.22:215][346]LogTexture: Display: Building textures: HQ_Lightmap1_2 (AutoDXT, 64X64)
[2017.10.31-19.52.22:215][346]LogTexture: Display: Building textures: LQ_Lightmap_1_2 (DXT1, 64X64)
[2017.10.31-19.52.22:215][346]LogTexture: Display: Building textures: ShadowMapTexture2D_3 (G8, 32X32)
[2017.10.31-19.52.22:215][346]LogTexture: Display: Building textures: ShadowMapTexture2D_2 (G8, 1024X128)
[2017.10.31-19.52.22:247][346]Lightmass on DESKTOP-PTDA5BA: 1.08 sec total, 104 ms importing, 19 ms setup, 292 ms photons, 638 ms processing, 0 ms extra exporting [7/7 mappings]. Threads: 4.30 sec total, 1.72 sec processing.
[2017.10.31-19.52.22:256][346]LogStaticLightingSystem: Illumination: 5.15 sec (97 ms encoding lightmaps, 33 ms encoding shadowmaps)
[2017.10.31-19.52.22:256][346]LogStaticLightingSystem: Lightmap texture memory:  0.7 MB (0.7 MB streaming, 0.0 MB non-streaming), 4 textures
[2017.10.31-19.52.22:256][346]LogStaticLightingSystem: Shadowmap texture memory: 0.2 MB (0.2 MB streaming, 0.0 MB non-streaming), 2 textures
[2017.10.31-19.52.22:375][346]DumpUnbuiltLightIteractions
[2017.10.31-19.52.22:375][346]Lights with unbuilt interactions: 0
[2017.10.31-19.52.22:375][346]
[2017.10.31-19.52.22:375][346]Primitives with unbuilt interactions: 0
[2017.10.31-19.52.22:465][347]Cmd: MAP CHECK NOTIFYRESULTS
[2017.10.31-19.52.22:465][347]MapCheck: New page: ThirdPersonExampleMap - 31-Oct-2017 11:52:22 am
[2017.10.31-19.52.22:513][347]MapCheck: Map check complete: 0 Error(s), 0 Warning(s), took 48.036ms to complete.
[2017.10.31-19.52.35:112][102]Candidate modules for hot reload:
[2017.10.31-19.52.35:112][102]  ShadowMinions2
[2017.10.31-19.52.35:112][102]Launching UnrealBuildTool... [C:/Program Files/Epic Games/UE_4.17/Engine/Binaries/DotNET/UnrealBuildTool.exe ShadowMinions2 -ModuleWithSuffix ShadowMinions2 4734 Win64 Development -editorrecompile -canskiplink "D:/Documents/Unreal Projects/ShadowMinions2/ShadowMinions2.uproject" ]
[2017.10.31-19.52.35:114][102]Warning: Starting HotReload took  0.0s.
[2017.10.31-19.52.39:791][383]CompilerResultsLog: New page: Compilation - 31-Oct-2017 11:52:39 am
[2017.10.31-19.52.39:791][383]CompilerResultsLog: Compiling game modules for hot reload
[2017.10.31-19.52.39:791][383]CompilerResultsLog: Target is up to date
[2017.10.31-19.52.39:791][383]CompilerResultsLog: Total build time: 4.46 seconds (NoActionsToExecute executor: 0.00 seconds)
[2017.10.31-19.52.39:792][383]LogMainFrame: MainFrame: Module compiling took 4.683 seconds
[2017.10.31-19.52.39:815][383]LogContentBrowser: Native class hierarchy populated in 0.0112 seconds. Added 2390 classes and 506 folders.
[2017.10.31-19.52.39:815][383]Display: HotReload took  4.7s.
[2017.10.31-19.52.42:940][571]LogTemp: Repeating last play command: Selected Viewport
[2017.10.31-19.52.42:984][571]LogBlueprintUserMessages: Early PlayInEditor Detection: Level '/Game/ThirdPersonBP/Maps/ThirdPersonExampleMap.ThirdPersonExampleMap:PersistentLevel' has LevelScriptBlueprint '/Game/ThirdPersonBP/Maps/ThirdPersonExampleMap.ThirdPersonExampleMap:PersistentLevel.ThirdPersonExampleMap' with GeneratedClass '/Game/ThirdPersonBP/Maps/ThirdPersonExampleMap.ThirdPersonExampleMap_C' with ClassGeneratedBy '/Game/ThirdPersonBP/Maps/ThirdPersonExampleMap.ThirdPersonExampleMap:PersistentLevel.ThirdPersonExampleMap'
[2017.10.31-19.52.42:984][571]LogPlayLevel: PlayLevel: No blueprints needed recompiling
[2017.10.31-19.52.42:984][571]PIE: New page: PIE session: ThirdPersonExampleMap (31-Oct-2017 11:52:42 am)
[2017.10.31-19.52.42:984][571]LogPlayLevel: Creating play world package: /Game/ThirdPersonBP/Maps/UEDPIE_0_ThirdPersonExampleMap
[2017.10.31-19.52.43:003][571]LogPlayLevel: PIE: StaticDuplicateObject took: (0.018416s)
[2017.10.31-19.52.43:004][571]LogAIModule: Creating AISystem for world ThirdPersonExampleMap
[2017.10.31-19.52.43:004][571]LogPlayLevel: PIE: World Init took: (0.000845s)
[2017.10.31-19.52.43:004][571]LogPlayLevel: PIE: Created PIE world by copying editor world from /Game/ThirdPersonBP/Maps/ThirdPersonExampleMap.ThirdPersonExampleMap to /Game/ThirdPersonBP/Maps/UEDPIE_0_ThirdPersonExampleMap.ThirdPersonExampleMap (0.019681s)
[2017.10.31-19.52.43:080][571]LogInit: XAudio2 using 'Headphones (Bose QuietComfort 35 Stereo)' : 2 channels at 44.1 kHz using 16 bits per sample (channel mask 0x3)
[2017.10.31-19.52.43:092][571]LogInit: FAudioDevice initialized.
[2017.10.31-19.52.43:150][571]LogLoad: Game class is 'ThirdPersonGameMode_C'
[2017.10.31-19.52.43:153][571]LogWorld: Bringing World /Game/ThirdPersonBP/Maps/UEDPIE_0_ThirdPersonExampleMap.ThirdPersonExampleMap up for play (max tick rate 60) at 2017.10.31-15.52.43
[2017.10.31-19.52.43:154][571]LogWorld: Bringing up level for play took: 0.002538
[2017.10.31-19.52.43:198][571]LogContentBrowser: Native class hierarchy updated for 'MovieSceneCapture' in 0.0018 seconds. Added 11 classes and 0 folders.
[2017.10.31-19.52.43:199][571]PIE: Play in editor start time for /Game/ThirdPersonBP/Maps/UEDPIE_0_ThirdPersonExampleMap -0.56
[2017.10.31-19.52.43:200][571]LogBlueprintUserMessages: Late PlayInEditor Detection: Level '/Game/ThirdPersonBP/Maps/ThirdPersonExampleMap.ThirdPersonExampleMap:PersistentLevel' has LevelScriptBlueprint '/Game/ThirdPersonBP/Maps/ThirdPersonExampleMap.ThirdPersonExampleMap:PersistentLevel.ThirdPersonExampleMap' with GeneratedClass '/Game/ThirdPersonBP/Maps/ThirdPersonExampleMap.ThirdPersonExampleMap_C' with ClassGeneratedBy '/Game/ThirdPersonBP/Maps/ThirdPersonExampleMap.ThirdPersonExampleMap:PersistentLevel.ThirdPersonExampleMap'
[2017.10.31-19.52.45:573][710]LogBlueprintUserMessages: Early EndPlayMap Detection: Level '/Game/ThirdPersonBP/Maps/ThirdPersonExampleMap.ThirdPersonExampleMap:PersistentLevel' has LevelScriptBlueprint '/Game/ThirdPersonBP/Maps/ThirdPersonExampleMap.ThirdPersonExampleMap:PersistentLevel.ThirdPersonExampleMap' with GeneratedClass '/Game/ThirdPersonBP/Maps/ThirdPersonExampleMap.ThirdPersonExampleMap_C' with ClassGeneratedBy '/Game/ThirdPersonBP/Maps/ThirdPersonExampleMap.ThirdPersonExampleMap:PersistentLevel.ThirdPersonExampleMap'
[2017.10.31-19.52.45:617][710]LogBlueprintUserMessages: Late EndPlayMap Detection: Level '/Game/ThirdPersonBP/Maps/ThirdPersonExampleMap.ThirdPersonExampleMap:PersistentLevel' has LevelScriptBlueprint '/Game/ThirdPersonBP/Maps/ThirdPersonExampleMap.ThirdPersonExampleMap:PersistentLevel.ThirdPersonExampleMap' with GeneratedClass '/Game/ThirdPersonBP/Maps/ThirdPersonExampleMap.ThirdPersonExampleMap_C' with ClassGeneratedBy '/Game/ThirdPersonBP/Maps/ThirdPersonExampleMap.ThirdPersonExampleMap:PersistentLevel.ThirdPersonExampleMap'
[2017.10.31-19.52.56:344][351]LogEditorViewport: Clicking on Actor (LMB): BP_Sky_Sphere_C (SkySphereBlueprint)
[2017.10.31-19.52.56:917][384]Cmd: TRANSACTION UNDO
[2017.10.31-19.52.56:917][384]LogEditorTransaction: Undo Clicking on Actors
[2017.10.31-19.52.56:937][384]LogSlate: Took 0.000406 seconds to synchronously load lazily loaded font '../../../Engine/Content/Slate/Fonts/Roboto-Light.ttf' (159K)
[2017.10.31-19.52.59:110][514]LogEditorViewport: Clicking on Actor (CTRL LMB): BP_Sky_Sphere_C (SkySphereBlueprint)
[2017.10.31-19.52.59:296][524]Cmd: TRANSACTION UNDO
[2017.10.31-19.52.59:296][524]LogEditorTransaction: Undo Clicking on Actors
[2017.10.31-19.53.26:506][155]LogEditorViewport: Clicking on Actor (LMB): LightmassImportanceVolume (LightmassImportanceVolume)
[2017.10.31-19.53.27:735][227]LogEditorViewport: Clicking on Actor (LMB): BP_Sky_Sphere_C (SkySphereBlueprint)
[2017.10.31-19.53.28:485][271]LogEditorViewport: Clicking on Actor (LMB): BP_Sky_Sphere_C (SkySphereBlueprint)
[2017.10.31-19.53.31:808][470]LogEditorViewport: Clicking on Actor (LMB): BP_Sky_Sphere_C (SkySphereBlueprint)
[2017.10.31-19.53.58:461][ 61]LogContentBrowser: Native class hierarchy updated for 'WorldBrowser' in 0.0021 seconds. Added 2 classes and 3 folders.
[2017.10.31-19.54.07:627][601]Cmd: CAMERA ALIGN ACTIVEVIEWPORTONLY
[2017.10.31-19.54.10:513][774]Cmd: EDIT COPY
[2017.10.31-19.54.11:613][840]Cmd: EDIT PASTE
[2017.10.31-19.55.12:696][499]LogEditorViewport: Clicking on Actor (LMB): BP_Sky_Sphere_C (SkySphereBlueprint)
[2017.10.31-19.55.22:570][ 90]LogEditorViewport: Clicking on Actor (LMB): Player_C (ThirdPersonCharacter)
[2017.10.31-19.55.24:129][178]Cmd: CAMERA ALIGN ACTIVEVIEWPORTONLY
[2017.10.31-19.55.26:262][306]LogEditorViewport: Clicking on Actor (LMB): StaticMeshActor (CubeMesh2)
[2017.10.31-19.55.34:150][774]LogEditorViewport: Clicking on Actor (LMB): StaticMeshActor (CubeMesh2)
[2017.10.31-19.55.38:086][  2]LogSavePackage: Save=94.17ms
[2017.10.31-19.55.38:086][  2]LogSavePackage: Moving 'D:/Documents/Unreal Projects/ShadowMinions2/Saved/ThirdPersonExampleMap7CFD697A4DD80BB0C9B74AB0F6AABA79.tmp' to 'D:/Documents/Unreal Projects/ShadowMinions2/Content/ThirdPersonBP/Maps/ThirdPersonExampleMap.umap'
[2017.10.31-19.55.38:091][  2]LogSavePackage: Display: Finished SavePackage D:/Documents/Unreal Projects/ShadowMinions2/Content/ThirdPersonBP/Maps/ThirdPersonExampleMap.umap
[2017.10.31-19.55.38:173][  2]LogSavePackage: Save=39.11ms
[2017.10.31-19.55.38:173][  2]LogSavePackage: Moving 'D:/Documents/Unreal Projects/ShadowMinions2/Saved/ThirdPersonExampleMap_BuiltData5C4E20534004670B8BD635B13A101F46.tmp' to 'D:/Documents/Unreal Projects/ShadowMinions2/Content/ThirdPersonBP/Maps/ThirdPersonExampleMap_BuiltData.uasset'
[2017.10.31-19.55.38:176][  2]LogSavePackage: Display: Finished SavePackage D:/Documents/Unreal Projects/ShadowMinions2/Content/ThirdPersonBP/Maps/ThirdPersonExampleMap_BuiltData.uasset
[2017.10.31-19.55.39:392][ 75]LogTemp: Repeating last play command: Selected Viewport
[2017.10.31-19.55.39:406][ 75]LogBlueprintUserMessages: Early PlayInEditor Detection: Level '/Game/ThirdPersonBP/Maps/ThirdPersonExampleMap.ThirdPersonExampleMap:PersistentLevel' has LevelScriptBlueprint '/Game/ThirdPersonBP/Maps/ThirdPersonExampleMap.ThirdPersonExampleMap:PersistentLevel.ThirdPersonExampleMap' with GeneratedClass '/Game/ThirdPersonBP/Maps/ThirdPersonExampleMap.ThirdPersonExampleMap_C' with ClassGeneratedBy '/Game/ThirdPersonBP/Maps/ThirdPersonExampleMap.ThirdPersonExampleMap:PersistentLevel.ThirdPersonExampleMap'
[2017.10.31-19.55.39:406][ 75]LogPlayLevel: PlayLevel: No blueprints needed recompiling
[2017.10.31-19.55.39:406][ 75]PIE: New page: PIE session: ThirdPersonExampleMap (31-Oct-2017 11:55:39 am)
[2017.10.31-19.55.39:406][ 75]LogPlayLevel: Creating play world package: /Game/ThirdPersonBP/Maps/UEDPIE_0_ThirdPersonExampleMap
[2017.10.31-19.55.39:438][ 75]LogPlayLevel: PIE: StaticDuplicateObject took: (0.031502s)
[2017.10.31-19.55.39:439][ 75]LogAIModule: Creating AISystem for world ThirdPersonExampleMap
[2017.10.31-19.55.39:439][ 75]LogPlayLevel: PIE: World Init took: (0.001058s)
[2017.10.31-19.55.39:439][ 75]LogPlayLevel: PIE: Created PIE world by copying editor world from /Game/ThirdPersonBP/Maps/ThirdPersonExampleMap.ThirdPersonExampleMap to /Game/ThirdPersonBP/Maps/UEDPIE_0_ThirdPersonExampleMap.ThirdPersonExampleMap (0.032876s)
[2017.10.31-19.55.39:514][ 75]LogInit: XAudio2 using 'Headphones (Bose QuietComfort 35 Stereo)' : 2 channels at 44.1 kHz using 16 bits per sample (channel mask 0x3)
[2017.10.31-19.55.39:524][ 75]LogInit: FAudioDevice initialized.
[2017.10.31-19.55.39:553][ 75]LogLoad: Game class is 'ThirdPersonGameMode_C'
[2017.10.31-19.55.39:556][ 75]LogWorld: Bringing World /Game/ThirdPersonBP/Maps/UEDPIE_0_ThirdPersonExampleMap.ThirdPersonExampleMap up for play (max tick rate 60) at 2017.10.31-15.55.39
[2017.10.31-19.55.39:556][ 75]LogWorld: Bringing up level for play took: 0.002297
[2017.10.31-19.55.39:557][ 75]PIE: Play in editor start time for /Game/ThirdPersonBP/Maps/UEDPIE_0_ThirdPersonExampleMap -0.201
[2017.10.31-19.55.39:558][ 75]LogBlueprintUserMessages: Late PlayInEditor Detection: Level '/Game/ThirdPersonBP/Maps/ThirdPersonExampleMap.ThirdPersonExampleMap:PersistentLevel' has LevelScriptBlueprint '/Game/ThirdPersonBP/Maps/ThirdPersonExampleMap.ThirdPersonExampleMap:PersistentLevel.ThirdPersonExampleMap' with GeneratedClass '/Game/ThirdPersonBP/Maps/ThirdPersonExampleMap.ThirdPersonExampleMap_C' with ClassGeneratedBy '/Game/ThirdPersonBP/Maps/ThirdPersonExampleMap.ThirdPersonExampleMap:PersistentLevel.ThirdPersonExampleMap'
[2017.10.31-19.55.51:517][791]LogBlueprintUserMessages: Early EndPlayMap Detection: Level '/Game/ThirdPersonBP/Maps/ThirdPersonExampleMap.ThirdPersonExampleMap:PersistentLevel' has LevelScriptBlueprint '/Game/ThirdPersonBP/Maps/ThirdPersonExampleMap.ThirdPersonExampleMap:PersistentLevel.ThirdPersonExampleMap' with GeneratedClass '/Game/ThirdPersonBP/Maps/ThirdPersonExampleMap.ThirdPersonExampleMap_C' with ClassGeneratedBy '/Game/ThirdPersonBP/Maps/ThirdPersonExampleMap.ThirdPersonExampleMap:PersistentLevel.ThirdPersonExampleMap'
[2017.10.31-19.55.51:573][791]LogBlueprintUserMessages: Late EndPlayMap Detection: Level '/Game/ThirdPersonBP/Maps/ThirdPersonExampleMap.ThirdPersonExampleMap:PersistentLevel' has LevelScriptBlueprint '/Game/ThirdPersonBP/Maps/ThirdPersonExampleMap.ThirdPersonExampleMap:PersistentLevel.ThirdPersonExampleMap' with GeneratedClass '/Game/ThirdPersonBP/Maps/ThirdPersonExampleMap.ThirdPersonExampleMap_C' with ClassGeneratedBy '/Game/ThirdPersonBP/Maps/ThirdPersonExampleMap.ThirdPersonExampleMap:PersistentLevel.ThirdPersonExampleMap'
[2017.10.31-19.55.57:064][118]LogEditorViewport: Clicking on Actor (LMB): StaticMeshActor (CubeMesh2)
[2017.10.31-19.56.04:435][560]Cmd: SELECT NONE
[2017.10.31-19.56.05:835][644]MapCheck: New page: Map Check
[2017.10.31-19.56.05:849][644]Cmd: MAP REBUILD ALLVISIBLE
[2017.10.31-19.56.05:849][644]LogEditorServer: Rebuildmap Clear paths rebuilt
[2017.10.31-19.56.05:918][644]LogMaterial: Missing cached shader map for material FDebugViewModeMaterialProxy WorldGridMaterial, compiling. Is special engine material.
[2017.10.31-19.56.05:924][644]LogMaterial: Missing cached shader map for material FDebugViewModeMaterialProxy MaterialInstanceDynamic_2, compiling. 
[2017.10.31-19.56.05:930][644]LogMaterial: Missing cached shader map for material FDebugViewModeMaterialProxy RampMaterial, compiling. 
[2017.10.31-19.56.05:937][644]LogMaterial: Missing cached shader map for material FDebugViewModeMaterialProxy CubeMaterial, compiling. 
[2017.10.31-19.56.05:945][644]LogMaterial: Missing cached shader map for material FDebugViewModeMaterialProxy M_UE4Man_Body, compiling. 
[2017.10.31-19.56.05:957][644]LogMaterial: Missing cached shader map for material FDebugViewModeMaterialProxy M_UE4Man_ChestLogo, compiling. 
[2017.10.31-19.56.05:965][644]LogMaterial: Missing cached shader map for material FDebugViewModeMaterialProxy MatineeCam_mat, compiling. 
[2017.10.31-19.56.06:507][644]TextureStreamingBuild: Display: Compiling optional shaders took 0.593 seconds.
[2017.10.31-19.56.06:513][644]LogLevel: Display: Export Material TexCoord Scales took 0.006 seconds.
[2017.10.31-19.56.06:519][644]TextureStreamingBuild: Display: Build Texture Streaming took 0.004 seconds.
[2017.10.31-19.56.06:528][644]LightingResults: New page: Lighting Build - 31-Oct-2017 11:56:06 am
[2017.10.31-19.56.06:536][644]LogSwarmInterface: [OpenConnection] Registering TCP channel ...
[2017.10.31-19.56.06:547][644]LogSwarmInterface: [OpenConnection] Connecting to agent ...
[2017.10.31-19.56.06:547][644]LogSwarmInterface: [TryOpenConnection] Testing the Agent
[2017.10.31-19.56.06:548][644]LogSwarmInterface: [TryOpenConnection] Opening Connection to Agent
[2017.10.31-19.56.06:548][644]LogSwarmInterface: [TryOpenConnection] Local Process ID is 7776
[2017.10.31-19.56.11:058][644]LogStaticLightingSystem: Running Lightmass w/ ImmediateImport mode ENABLED
[2017.10.31-19.56.11:058][644]LogStaticLightingSystem: Running Lightmass w/ ImmediateProcess mode ENABLED
[2017.10.31-19.56.11:058][644]LogStaticLightingSystem: Running Lightmass w/ Sorting mode ENABLED
[2017.10.31-19.56.11:058][644]LogStaticLightingSystem: Running Lightmass w/ Mapping paddings ENABLED
[2017.10.31-19.56.11:058][644]LogStaticLightingSystem: Running Lightmass w/ Mapping debug paddings DISABLED
[2017.10.31-19.56.11:147][644]Cmd: MAP CHECK DONTDISPLAYDIALOG
[2017.10.31-19.56.11:148][644]MapCheck: New page: ThirdPersonExampleMap - 31-Oct-2017 11:56:11 am
[2017.10.31-19.56.11:148][644]MapCheck: Error: WorldInfo_0 Maps need lighting rebuilt 
[2017.10.31-19.56.11:199][644]MapCheck: Map check complete: 1 Error(s), 0 Warning(s), took 51.708ms to complete.
[2017.10.31-19.56.11:222][644]LogEditorBuildUtils: Build time 0:05
[2017.10.31-19.56.12:924][720]Job is a success!
[2017.10.31-19.56.13:156][721]LogTexture: Display: Building textures: SkyOcclusion0_1 (AutoDXT, 512X256)
[2017.10.31-19.56.13:156][721]LogTexture: Display: Building textures: HQ_Lightmap0_1 (AutoDXT, 512X512)
[2017.10.31-19.56.13:156][721]LogTexture: Display: Building textures: LQ_Lightmap_0_1 (DXT1, 512X512)
[2017.10.31-19.56.13:156][721]LogTexture: Display: Building textures: SkyOcclusion0_2 (AutoDXT, 64X32)
[2017.10.31-19.56.13:156][721]LogTexture: Display: Building textures: HQ_Lightmap0_2 (AutoDXT, 64X64)
[2017.10.31-19.56.13:156][721]LogTexture: Display: Building textures: LQ_Lightmap_0_2 (DXT1, 64X64)
[2017.10.31-19.56.13:156][721]LogTexture: Display: Building textures: ShadowMapTexture2D_5 (G8, 32X32)
[2017.10.31-19.56.13:156][721]LogTexture: Display: Building textures: ShadowMapTexture2D_4 (G8, 1024X128)
[2017.10.31-19.56.13:176][721]Lightmass on DESKTOP-PTDA5BA: 1.34 sec total, 108 ms importing, 19 ms setup, 322 ms photons, 873 ms processing, 0 ms extra exporting [8/8 mappings]. Threads: 5.95 sec total, 3.01 sec processing.
[2017.10.31-19.56.13:182][721]LogStaticLightingSystem: Illumination: 6.63 sec (139 ms encoding lightmaps, 40 ms encoding shadowmaps)
[2017.10.31-19.56.13:182][721]LogStaticLightingSystem: Lightmap texture memory:  0.7 MB (0.7 MB streaming, 0.0 MB non-streaming), 4 textures
[2017.10.31-19.56.13:182][721]LogStaticLightingSystem: Shadowmap texture memory: 0.2 MB (0.2 MB streaming, 0.0 MB non-streaming), 2 textures
[2017.10.31-19.56.14:059][721]DumpUnbuiltLightIteractions
[2017.10.31-19.56.14:059][721]Lights with unbuilt interactions: 0
[2017.10.31-19.56.14:059][721]
[2017.10.31-19.56.14:059][721]Primitives with unbuilt interactions: 0
[2017.10.31-19.56.14:118][722]Cmd: MAP CHECK NOTIFYRESULTS
[2017.10.31-19.56.14:118][722]MapCheck: New page: ThirdPersonExampleMap - 31-Oct-2017 11:56:14 am
[2017.10.31-19.56.14:169][722]MapCheck: Map check complete: 0 Error(s), 0 Warning(s), took 50.816ms to complete.
[2017.10.31-19.56.23:635][287]LogVSAccessor: Warning: Couldn't goto line number '0' in 'D:/Documents/Unreal Projects/ShadowMinions2/Source/ShadowMinions2/BaseCharacter.h'
[2017.10.31-19.56.23:651][287]LogVSAccessor: Warning: Couldn't goto line number '0' in 'D:/Documents/Unreal Projects/ShadowMinions2/Source/ShadowMinions2/BaseCharacter.cpp'
[2017.10.31-19.57.38:002][625]LogHotReload: New module detected: UE4Editor-ShadowMinions2-4480.dll
[2017.10.31-19.57.38:690][628]LogHotReload: Starting Hot-Reload from IDE
[2017.10.31-19.57.38:779][628]LogClass: Could not find existing class BaseCharacter in package /Script/ShadowMinions2 for HotReload, assuming new class
[2017.10.31-19.57.38:779][628]LogClass: Function CalculateHealth is new.
[2017.10.31-19.57.38:783][628]LogHotReload: Re-instancing BaseCharacter after hot-reload.
[2017.10.31-19.57.38:827][628]LogContentBrowser: Native class hierarchy updated for 'ShadowMinions2' in 0.0022 seconds. Added 2 classes and 2 folders.
[2017.10.31-19.57.38:829][628]Display: HotReload successful (0 functions remapped  0 scriptstructs remapped)
[2017.10.31-19.57.38:842][628]LogContentBrowser: Native class hierarchy populated in 0.0106 seconds. Added 2392 classes and 509 folders.
[2017.10.31-19.57.38:845][628]Display: HotReload took  0.2s.
[2017.10.31-20.05.46:266][350]LogSavePackage: Save=97.06ms
[2017.10.31-20.05.46:266][350]LogSavePackage: Moving 'D:/Documents/Unreal Projects/ShadowMinions2/Saved/ThirdPersonExampleMap747784F0492C5579B959DABB0EF8DF4B.tmp' to 'D:/Documents/Unreal Projects/ShadowMinions2/Content/ThirdPersonBP/Maps/ThirdPersonExampleMap.umap'
[2017.10.31-20.05.46:271][350]LogSavePackage: Display: Finished SavePackage D:/Documents/Unreal Projects/ShadowMinions2/Content/ThirdPersonBP/Maps/ThirdPersonExampleMap.umap
[2017.10.31-20.05.46:294][350]LogFileHelpers: Saving map 'ThirdPersonExampleMap' took 0.195
[2017.10.31-20.05.46:349][350]LogSavePackage: Save=40.02ms
[2017.10.31-20.05.46:349][350]LogSavePackage: Moving 'D:/Documents/Unreal Projects/ShadowMinions2/Saved/ThirdPersonExampleMap_BuiltData9808648C439F20B83691A9832008D8F1.tmp' to 'D:/Documents/Unreal Projects/ShadowMinions2/Content/ThirdPersonBP/Maps/ThirdPersonExampleMap_BuiltData.uasset'
[2017.10.31-20.05.46:353][350]LogSavePackage: Display: Finished SavePackage D:/Documents/Unreal Projects/ShadowMinions2/Content/ThirdPersonBP/Maps/ThirdPersonExampleMap_BuiltData.uasset
[2017.10.31-20.05.46:628][351]Cmd: QUIT_EDITOR
[2017.10.31-20.05.47:275][351]LogWindowsTextInputMethodSystem: Display: IME system now deactivated.
[2017.10.31-20.05.47:295][351]LogExit: Preparing to exit.
[2017.10.31-20.05.48:511][351]LogExit: Editor shut down
[2017.10.31-20.05.48:515][351]LogExit: Transaction tracking system shut down
[2017.10.31-20.05.48:674][351]LogDirectoryWatcher: A directory notification for '../../../Engine/Content/' was aborted.
[2017.10.31-20.05.48:674][351]LogDirectoryWatcher: A directory notification for 'D:/Documents/Unreal Projects/ShadowMinions2/Content/' was aborted.
[2017.10.31-20.05.48:674][351]LogDirectoryWatcher: A directory notification for '../../../Engine/Plugins/2D/Paper2D/Content/' was aborted.
[2017.10.31-20.05.48:674][351]LogDirectoryWatcher: A directory notification for '../../../Engine/Plugins/Runtime/Oculus/OculusVR/Content/' was aborted.
[2017.10.31-20.05.48:674][351]LogDirectoryWatcher: A directory notification for '../../../Engine/Plugins/Runtime/Steam/SteamVR/Content/' was aborted.
[2017.10.31-20.05.48:716][351]LogExit: Object subsystem successfully closed.
[2017.10.31-20.05.48:740][351]LogD3D11RHI: Shutdown
[2017.10.31-20.05.48:740][351]LogD3D11RHI: CleanupD3DDevice
[2017.10.31-20.05.48:742][351]LogD3D11RHI: ~FD3D11DynamicRHI
[2017.10.31-20.05.48:760][351]LogModuleManager: Shutting down and abandoning module ShadowMinions2 (540)
[2017.10.31-20.05.48:760][351]LogModuleManager: Shutting down and abandoning module WorldBrowser (539)
[2017.10.31-20.05.48:761][351]LogModuleManager: Shutting down and abandoning module MovieSceneCapture (537)
[2017.10.31-20.05.48:761][351]LogModuleManager: Shutting down and abandoning module HierarchicalLODUtilities (535)
[2017.10.31-20.05.48:761][351]LogModuleManager: Shutting down and abandoning module HierarchicalLODOutliner (532)
[2017.10.31-20.05.48:761][351]LogModuleManager: Shutting down and abandoning module SceneOutliner (530)
[2017.10.31-20.05.48:761][351]LogModuleManager: Shutting down and abandoning module AddContentDialog (528)
[2017.10.31-20.05.48:761][351]LogDirectoryWatcher: A directory notification for 'C:/Program Files/Epic Games/UE_4.17/FeaturePacks/' was aborted.
[2017.10.31-20.05.48:763][351]LogModuleManager: Shutting down and abandoning module WidgetCarousel (527)
[2017.10.31-20.05.48:763][351]LogModuleManager: Shutting down and abandoning module EditorWidgets (524)
[2017.10.31-20.05.48:763][351]LogModuleManager: Shutting down and abandoning module CollectionManager (522)
[2017.10.31-20.05.48:763][351]LogDirectoryWatcher: A directory notification for 'D:/Documents/Unreal Projects/ShadowMinions2/Content/Collections/' was aborted.
[2017.10.31-20.05.48:763][351]LogDirectoryWatcher: A directory notification for 'D:/Documents/Unreal Projects/ShadowMinions2/Content/Developers/Aman/Collections/' was aborted.
[2017.10.31-20.05.48:763][351]LogDirectoryWatcher: A directory notification for 'D:/Documents/Unreal Projects/ShadowMinions2/Saved/Collections/' was aborted.
[2017.10.31-20.05.48:764][351]LogModuleManager: Shutting down and abandoning module StatsViewer (520)
[2017.10.31-20.05.48:764][351]LogModuleManager: Shutting down and abandoning module FoliageEdit (518)
[2017.10.31-20.05.48:764][351]LogModuleManager: Shutting down and abandoning module LandscapeEditor (516)
[2017.10.31-20.05.48:764][351]LogModuleManager: Shutting down and abandoning module MeshPaintMode (514)
[2017.10.31-20.05.48:764][351]LogModuleManager: Shutting down and abandoning module SceneDepthPickerMode (512)
[2017.10.31-20.05.48:764][351]LogModuleManager: Shutting down and abandoning module ActorPickerMode (510)
[2017.10.31-20.05.48:764][351]LogModuleManager: Shutting down and abandoning module GeometryMode (508)
[2017.10.31-20.05.48:764][351]LogModuleManager: Shutting down and abandoning module TextureAlignMode (506)
[2017.10.31-20.05.48:764][351]LogModuleManager: Shutting down and abandoning module BspMode (504)
[2017.10.31-20.05.48:764][351]LogModuleManager: Shutting down and abandoning module PIEPreviewDeviceProfileSelector (502)
[2017.10.31-20.05.48:764][351]LogModuleManager: Shutting down and abandoning module HardwareSurvey (500)
[2017.10.31-20.05.48:764][351]LogModuleManager: Shutting down and abandoning module SequenceRecorderSections (498)
[2017.10.31-20.05.48:764][351]LogModuleManager: Shutting down and abandoning module AutomationWorker (496)
[2017.10.31-20.05.48:764][351]LogModuleManager: Shutting down and abandoning module MatineeToLevelSequence (494)
[2017.10.31-20.05.48:764][351]LogModuleManager: Shutting down and abandoning module LevelSequenceEditor (492)
[2017.10.31-20.05.48:765][351]LogModuleManager: Shutting down and abandoning module PlacementMode (491)
[2017.10.31-20.05.48:765][351]LogModuleManager: Shutting down and abandoning module WmfMediaFactory (488)
[2017.10.31-20.05.48:765][351]LogModuleManager: Shutting down and abandoning module WmfMediaEditor (486)
[2017.10.31-20.05.48:765][351]LogModuleManager: Shutting down and abandoning module AvfMediaFactory (484)
[2017.10.31-20.05.48:765][351]LogModuleManager: Shutting down and abandoning module AvfMediaEditor (482)
[2017.10.31-20.05.48:765][351]LogModuleManager: Shutting down and abandoning module AndroidMediaFactory (480)
[2017.10.31-20.05.48:765][351]LogModuleManager: Shutting down and abandoning module Media (479)
[2017.10.31-20.05.48:765][351]LogModuleManager: Shutting down and abandoning module AndroidMediaEditor (476)
[2017.10.31-20.05.48:765][351]LogModuleManager: Shutting down and abandoning module CharacterAI (474)
[2017.10.31-20.05.48:765][351]LogModuleManager: Shutting down and abandoning module AudioCapture (472)
[2017.10.31-20.05.48:765][351]LogModuleManager: Shutting down and abandoning module SequenceRecorder (471)
[2017.10.31-20.05.48:765][351]LogModuleManager: Shutting down and abandoning module SmartSnapping (468)
[2017.10.31-20.05.48:765][351]LogModuleManager: Shutting down and abandoning module SessionServices (466)
[2017.10.31-20.05.48:765][351]LogModuleManager: Shutting down and abandoning module ViewportSnapping (464)
[2017.10.31-20.05.48:765][351]LogModuleManager: Shutting down and abandoning module ViewportInteraction (462)
[2017.10.31-20.05.48:765][351]LogModuleManager: Shutting down and abandoning module ClothPainter (460)
[2017.10.31-20.05.48:765][351]LogModuleManager: Shutting down and abandoning module LogVisualizer (458)
[2017.10.31-20.05.48:765][351]LogModuleManager: Shutting down and abandoning module IntroTutorials (456)
[2017.10.31-20.05.48:766][351]LogModuleManager: Shutting down and abandoning module GameProjectGeneration (455)
[2017.10.31-20.05.48:766][351]LogModuleManager: Shutting down and abandoning module IOSPlatformEditor (452)
[2017.10.31-20.05.48:766][351]LogModuleManager: Shutting down and abandoning module HTML5PlatformEditor (450)
[2017.10.31-20.05.48:766][351]LogModuleManager: Shutting down and abandoning module AndroidPlatformEditor (448)
[2017.10.31-20.05.48:766][351]LogModuleManager: Shutting down and abandoning module AndroidDeviceDetection (447)
[2017.10.31-20.05.49:752][351]LogModuleManager: Shutting down and abandoning module WindowsPlatformEditor (444)
[2017.10.31-20.05.49:752][351]LogModuleManager: Shutting down and abandoning module IOSRuntimeSettings (442)
[2017.10.31-20.05.49:752][351]LogModuleManager: Shutting down and abandoning module AndroidRuntimeSettings (440)
[2017.10.31-20.05.49:752][351]LogModuleManager: Shutting down and abandoning module InputBindingEditor (438)
[2017.10.31-20.05.49:752][351]LogModuleManager: Shutting down and abandoning module MergeActors (436)
[2017.10.31-20.05.49:752][351]LogModuleManager: Shutting down and abandoning module SizeMap (434)
[2017.10.31-20.05.49:752][351]LogModuleManager: Shutting down and abandoning module TreeMap (432)
[2017.10.31-20.05.49:753][351]LogModuleManager: Shutting down and abandoning module ReferenceViewer (430)
[2017.10.31-20.05.49:753][351]LogModuleManager: Shutting down and abandoning module LocalizationDashboard (428)
[2017.10.31-20.05.49:753][351]LogModuleManager: Shutting down and abandoning module LocalizationService (427)
[2017.10.31-20.05.49:753][351]LogModuleManager: Shutting down and abandoning module HardwareTargeting (424)
[2017.10.31-20.05.49:753][351]LogModuleManager: Shutting down and abandoning module DeviceProfileEditor (422)
[2017.10.31-20.05.49:753][351]LogModuleManager: Shutting down and abandoning module UndoHistory (420)
[2017.10.31-20.05.49:753][351]LogModuleManager: Shutting down and abandoning module XmlParser (418)
[2017.10.31-20.05.49:753][351]LogModuleManager: Shutting down and abandoning module Blutility (416)
[2017.10.31-20.05.49:753][351]LogModuleManager: Shutting down and abandoning module ProjectSettingsViewer (414)
[2017.10.31-20.05.49:753][351]LogModuleManager: Shutting down and abandoning module ProjectTargetPlatformEditor (413)
[2017.10.31-20.05.49:754][351]LogModuleManager: Shutting down and abandoning module EditorSettingsViewer (410)
[2017.10.31-20.05.49:754][351]LogModuleManager: Shutting down and abandoning module SettingsEditor (408)
[2017.10.31-20.05.49:754][351]LogModuleManager: Shutting down and abandoning module ProjectLauncher (406)
[2017.10.31-20.05.49:754][351]LogModuleManager: Shutting down and abandoning module SessionFrontend (404)
[2017.10.31-20.05.49:754][351]LogModuleManager: Shutting down and abandoning module ProfilerClient (402)
[2017.10.31-20.05.49:754][351]LogModuleManager: Shutting down and abandoning module DeviceManager (400)
[2017.10.31-20.05.49:754][351]LogModuleManager: Shutting down and abandoning module TargetDeviceServices (399)
[2017.10.31-20.05.49:820][351]LogModuleManager: Shutting down and abandoning module AutomationController (396)
[2017.10.31-20.05.49:820][351]LogModuleManager: Shutting down and abandoning module AutomationWindow (394)
[2017.10.31-20.05.49:820][351]LogModuleManager: Shutting down and abandoning module Layers (392)
[2017.10.31-20.05.49:820][351]LogModuleManager: Shutting down and abandoning module ComponentVisualizers (390)
[2017.10.31-20.05.49:820][351]LogModuleManager: Shutting down and abandoning module DetailCustomizations (388)
[2017.10.31-20.05.49:820][351]LogModuleManager: Shutting down and abandoning module PackagesDialog (386)
[2017.10.31-20.05.49:821][351]LogModuleManager: Shutting down and abandoning module Persona (384)
[2017.10.31-20.05.49:821][351]LogModuleManager: Shutting down and abandoning module AdvancedPreviewScene (383)
[2017.10.31-20.05.49:821][351]LogModuleManager: Shutting down and abandoning module AnimGraph (381)
[2017.10.31-20.05.49:821][351]LogModuleManager: Shutting down and abandoning module Kismet (378)
[2017.10.31-20.05.49:822][351]LogModuleManager: Shutting down and abandoning module ClassViewer (376)
[2017.10.31-20.05.49:823][351]LogModuleManager: Shutting down and abandoning module Toolbox (374)
[2017.10.31-20.05.49:823][351]LogModuleManager: Shutting down and abandoning module ModuleUI (372)
[2017.10.31-20.05.49:823][351]LogModuleManager: Shutting down and abandoning module MovieSceneTools (370)
[2017.10.31-20.05.49:823][351]LogModuleManager: Shutting down and abandoning module OutputLog (368)
[2017.10.31-20.05.49:823][351]LogModuleManager: Shutting down and abandoning module GammaUI (366)
[2017.10.31-20.05.49:823][351]LogModuleManager: Shutting down and abandoning module Documentation (364)
[2017.10.31-20.05.49:823][351]LogModuleManager: Shutting down and abandoning module MovieSceneTracks (362)
[2017.10.31-20.05.49:823][351]LogModuleManager: Shutting down and abandoning module MovieScene (360)
[2017.10.31-20.05.49:823][351]LogModuleManager: Shutting down and abandoning module Niagara (358)
[2017.10.31-20.05.49:823][351]LogModuleManager: Shutting down and abandoning module NiagaraEditor (357)
[2017.10.31-20.05.49:823][351]LogModuleManager: Shutting down and abandoning module StreamingPauseRendering (354)
[2017.10.31-20.05.49:823][351]LogModuleManager: Shutting down and abandoning module LauncherPlatform (352)
[2017.10.31-20.05.49:824][351]LogModuleManager: Shutting down and abandoning module AnalyticsET (350)
[2017.10.31-20.05.49:824][351]LogModuleManager: Shutting down and abandoning module PortalServices (348)
[2017.10.31-20.05.49:824][351]LogModuleManager: Shutting down and abandoning module PortalRpc (346)
[2017.10.31-20.05.49:824][351]LogModuleManager: Shutting down and abandoning module MessagingRpc (344)
[2017.10.31-20.05.49:824][351]LogModuleManager: Shutting down and abandoning module AIModule (342)
[2017.10.31-20.05.49:824][351]LogModuleManager: Shutting down and abandoning module GameplayDebugger (341)
[2017.10.31-20.05.49:824][351]LogModuleManager: Shutting down and abandoning module AITestSuite (339)
[2017.10.31-20.05.49:824][351]LogModuleManager: Shutting down and abandoning module ProfilerService (336)
[2017.10.31-20.05.49:936][351]LogModuleManager: Shutting down and abandoning module TaskGraph (334)
[2017.10.31-20.05.49:936][351]LogModuleManager: Shutting down and abandoning module SteamVRController (332)
[2017.10.31-20.05.49:936][351]LogModuleManager: Shutting down and abandoning module ProceduralMeshComponentEditor (330)
[2017.10.31-20.05.49:936][351]LogModuleManager: Shutting down and abandoning module ProceduralMeshComponent (328)
[2017.10.31-20.05.49:936][351]LogModuleManager: Shutting down and abandoning module OculusInput (326)
[2017.10.31-20.05.49:936][351]LogModuleManager: Shutting down and abandoning module MobilePatchingUtils (324)
[2017.10.31-20.05.49:936][351]LogModuleManager: Shutting down and abandoning module CustomMeshComponent (322)
[2017.10.31-20.05.49:937][351]LogModuleManager: Shutting down and abandoning module CableComponent (320)
[2017.10.31-20.05.49:937][351]LogModuleManager: Shutting down and abandoning module ArchVisCharacter (318)
[2017.10.31-20.05.49:937][351]LogModuleManager: Shutting down and abandoning module AndroidPermission (316)
[2017.10.31-20.05.49:937][351]LogModuleManager: Shutting down and abandoning module MediaPlayerEditor (312)
[2017.10.31-20.05.49:937][351]LogModuleManager: Shutting down and abandoning module HTML5Networking (310)
[2017.10.31-20.05.49:937][351]LogModuleManager: Shutting down and abandoning module AlembicImporter (308)
[2017.10.31-20.05.49:937][351]LogModuleManager: Shutting down and abandoning module AlembicLibrary (307)
[2017.10.31-20.05.49:937][351]LogModuleManager: Shutting down and abandoning module GeometryCache (306)
[2017.10.31-20.05.49:937][351]LogModuleManager: Shutting down and abandoning module GeometryCacheEd (305)
[2017.10.31-20.05.49:937][351]LogModuleManager: Shutting down and abandoning module SpeedTreeImporter (300)
[2017.10.31-20.05.49:937][351]LogModuleManager: Shutting down and abandoning module PluginBrowser (298)
[2017.10.31-20.05.49:937][351]LogModuleManager: Shutting down and abandoning module MobileLauncherProfileWizard (296)
[2017.10.31-20.05.49:938][351]LogModuleManager: Shutting down and abandoning module VisualStudioSourceCodeAccess (294)
[2017.10.31-20.05.49:938][351]LogModuleManager: Shutting down and abandoning module DesktopPlatform (293)
[2017.10.31-20.05.49:938][351]LogModuleManager: Shutting down and abandoning module UObjectPlugin (290)
[2017.10.31-20.05.49:938][351]LogModuleManager: Shutting down and abandoning module SubversionSourceControl (288)
[2017.10.31-20.05.49:938][351]LogModuleManager: Shutting down and abandoning module PerforceSourceControl (286)
[2017.10.31-20.05.49:938][351]LogModuleManager: Shutting down and abandoning module GitSourceControl (284)
[2017.10.31-20.05.49:938][351]LogModuleManager: Shutting down and abandoning module SourceControl (283)
[2017.10.31-20.05.49:938][351]LogModuleManager: Shutting down and abandoning module LightPropagationVolumeEditor (280)
[2017.10.31-20.05.49:938][351]LogModuleManager: Shutting down and abandoning module PaperTiledImporter (278)
[2017.10.31-20.05.49:938][351]LogModuleManager: Shutting down and abandoning module PaperSpriteSheetImporter (276)
[2017.10.31-20.05.49:938][351]LogModuleManager: Shutting down and abandoning module Paper2DEditor (274)
[2017.10.31-20.05.49:938][351]LogModuleManager: Shutting down and abandoning module MeshPaint (273)
[2017.10.31-20.05.49:939][351]LogModuleManager: Shutting down and abandoning module LevelEditor (271)
[2017.10.31-20.05.49:941][351]LogModuleManager: Shutting down and abandoning module PixelInspectorModule (270)
[2017.10.31-20.05.49:941][351]LogModuleManager: Shutting down and abandoning module MainFrame (268)
[2017.10.31-20.05.49:941][351]LogModuleManager: Shutting down and abandoning module HotReload (267)
[2017.10.31-20.05.49:941][351]LogDirectoryWatcher: A directory notification for 'D:/Documents/Unreal Projects/ShadowMinions2/Binaries/Win64' was aborted.
[2017.10.31-20.05.49:942][351]LogModuleManager: Shutting down and abandoning module RuntimePhysXCooking (260)
[2017.10.31-20.05.49:942][351]LogModuleManager: Shutting down and abandoning module PhysXVehiclesEditor (258)
[2017.10.31-20.05.49:943][351]LogModuleManager: Shutting down and abandoning module PhysXVehicles (256)
[2017.10.31-20.05.49:943][351]LogModuleManager: Shutting down and abandoning module OculusEditor (254)
[2017.10.31-20.05.49:943][351]LogModuleManager: Shutting down and abandoning module LocationServicesBPLibrary (252)
[2017.10.31-20.05.49:943][351]LogModuleManager: Shutting down and abandoning module ImmediatePhysicsEditor (250)
[2017.10.31-20.05.49:943][351]LogModuleManager: Shutting down and abandoning module ImmediatePhysics (248)
[2017.10.31-20.05.49:943][351]LogModuleManager: Shutting down and abandoning module UdpMessaging (246)
[2017.10.31-20.05.50:045][351]LogModuleManager: Shutting down and abandoning module TcpMessaging (244)
[2017.10.31-20.05.50:146][351]LogModuleManager: Shutting down and abandoning module GameplayTagsEditor (242)
[2017.10.31-20.05.50:146][351]LogModuleManager: Shutting down and abandoning module FacialAnimationEditor (240)
[2017.10.31-20.05.50:146][351]LogModuleManager: Shutting down and abandoning module FacialAnimation (238)
[2017.10.31-20.05.50:146][351]LogModuleManager: Shutting down and abandoning module AssetManagerEditor (236)
[2017.10.31-20.05.50:146][351]LogModuleManager: Shutting down and abandoning module GraphEditor (235)
[2017.10.31-20.05.50:146][351]LogModuleManager: Shutting down and abandoning module ContentBrowser (233)
[2017.10.31-20.05.50:149][351]LogModuleManager: Shutting down and abandoning module LightPropagationVolumeRuntime (230)
[2017.10.31-20.05.50:149][351]LogModuleManager: Shutting down and abandoning module Paper2D (228)
[2017.10.31-20.05.50:149][351]LogModuleManager: Shutting down and abandoning module WindowsMoviePlayer (226)
[2017.10.31-20.05.50:149][351]LogModuleManager: Shutting down and abandoning module WmfMedia (224)
[2017.10.31-20.05.50:150][351]LogModuleManager: Shutting down and abandoning module PacketHandler (222)
[2017.10.31-20.05.50:150][351]LogModuleManager: Shutting down and abandoning module ClothingSystemEditor (220)
[2017.10.31-20.05.50:150][351]LogModuleManager: Shutting down and abandoning module ClothingSystemRuntime (218)
[2017.10.31-20.05.50:150][351]LogModuleManager: Shutting down and abandoning module Overlay (216)
[2017.10.31-20.05.50:150][351]LogModuleManager: Shutting down and abandoning module OverlayEditor (215)
[2017.10.31-20.05.50:150][351]LogModuleManager: Shutting down and abandoning module MediaAssets (212)
[2017.10.31-20.05.50:150][351]LogModuleManager: Shutting down and abandoning module VREditor (210)
[2017.10.31-20.05.50:150][351]LogModuleManager: Shutting down and abandoning module StringTableEditor (208)
[2017.10.31-20.05.50:150][351]LogModuleManager: Shutting down and abandoning module GameplayTasksEditor (206)
[2017.10.31-20.05.50:150][351]LogModuleManager: Shutting down and abandoning module BehaviorTreeEditor (204)
[2017.10.31-20.05.50:150][351]LogModuleManager: Shutting down and abandoning module FunctionalTesting (202)
[2017.10.31-20.05.50:150][351]LogModuleManager: Shutting down and abandoning module CollisionAnalyzer (200)
[2017.10.31-20.05.50:151][351]LogModuleManager: Shutting down and abandoning module WorkspaceMenuStructure (199)
[2017.10.31-20.05.50:151][351]LogModuleManager: Shutting down and abandoning module UMG (196)
[2017.10.31-20.05.50:151][351]LogModuleManager: Shutting down and abandoning module UMGEditor (195)
[2017.10.31-20.05.50:151][351]LogModuleManager: Shutting down and abandoning module Sequencer (194)
[2017.10.31-20.05.50:151][351]LogModuleManager: Shutting down and abandoning module MessageLog (191)
[2017.10.31-20.05.50:151][351]LogModuleManager: Shutting down and abandoning module SlateReflector (186)
[2017.10.31-20.05.50:151][351]LogModuleManager: Shutting down and abandoning module Slate (184)
[2017.10.31-20.05.50:151][351]LogModuleManager: Shutting down and abandoning module EditorStyle (182)
[2017.10.31-20.05.50:159][351]LogModuleManager: Shutting down and abandoning module MRMesh (180)
[2017.10.31-20.05.50:159][351]LogModuleManager: Shutting down and abandoning module SourceCodeAccess (178)
[2017.10.31-20.05.50:159][351]LogModuleManager: Shutting down and abandoning module HeadMountedDisplay (176)
[2017.10.31-20.05.50:159][351]LogModuleManager: Shutting down and abandoning module XAudio2 (174)
[2017.10.31-20.05.50:159][351]LogModuleManager: Shutting down and abandoning module Networking (172)
[2017.10.31-20.05.50:159][351]LogModuleManager: Shutting down and abandoning module Core (168)
[2017.10.31-20.05.50:159][351]LogModuleManager: Shutting down and abandoning module KismetCompiler (164)
[2017.10.31-20.05.50:159][351]LogModuleManager: Shutting down and abandoning module LevelSequence (162)
[2017.10.31-20.05.50:159][351]LogModuleManager: Shutting down and abandoning module MeshUtilities (160)
[2017.10.31-20.05.50:159][351]LogModuleManager: Shutting down and abandoning module MeshMergeUtilities (159)
[2017.10.31-20.05.50:159][351]LogModuleManager: Shutting down and abandoning module MeshReductionInterface (158)
[2017.10.31-20.05.50:159][351]LogModuleManager: Shutting down and abandoning module SimplygonSwarm (157)
[2017.10.31-20.05.50:160][351]LogModuleManager: Shutting down and abandoning module SimplygonMeshReduction (155)
[2017.10.31-20.05.50:160][351]LogModuleManager: Shutting down and abandoning module QuadricMeshReduction (153)
[2017.10.31-20.05.50:160][351]LogModuleManager: Shutting down and abandoning module MaterialBaking (149)
[2017.10.31-20.05.50:160][351]LogModuleManager: Shutting down and abandoning module DirectoryWatcher (146)
[2017.10.31-20.05.50:162][351]LogModuleManager: Shutting down and abandoning module DerivedDataCache (144)
[2017.10.31-20.05.50:195][351]LogDerivedDataCache: Shutdown
[2017.10.31-20.05.50:195][351]LogModuleManager: Shutting down and abandoning module TargetPlatform (142)
[2017.10.31-20.05.50:195][351]LogModuleManager: Shutting down and abandoning module VulkanShaderFormat (141)
[2017.10.31-20.05.50:195][351]LogModuleManager: Shutting down and abandoning module ShaderFormatVectorVM (139)
[2017.10.31-20.05.50:195][351]LogModuleManager: Shutting down and abandoning module ShaderFormatOpenGL (137)
[2017.10.31-20.05.50:195][351]LogModuleManager: Shutting down and abandoning module ShaderFormatD3D (135)
[2017.10.31-20.05.50:195][351]LogModuleManager: Shutting down and abandoning module MetalShaderFormat (133)
[2017.10.31-20.05.50:196][351]LogModuleManager: Shutting down and abandoning module TextureFormatUncompressed (131)
[2017.10.31-20.05.50:196][351]LogModuleManager: Shutting down and abandoning module TextureFormatPVR (129)
[2017.10.31-20.05.50:196][351]LogModuleManager: Shutting down and abandoning module TextureFormatDXT (127)
[2017.10.31-20.05.50:196][351]LogModuleManager: Shutting down and abandoning module TextureFormatIntelISPCTexComp (125)
[2017.10.31-20.05.50:196][351]LogModuleManager: Shutting down and abandoning module TextureFormatASTC (123)
[2017.10.31-20.05.50:196][351]LogModuleManager: Shutting down and abandoning module ImageWrapper (122)
[2017.10.31-20.05.50:196][351]LogModuleManager: Shutting down and abandoning module TextureFormatAndroid (119)
[2017.10.31-20.05.50:196][351]LogModuleManager: Shutting down and abandoning module AudioFormatOpus (117)
[2017.10.31-20.05.50:196][351]LogModuleManager: Shutting down and abandoning module AudioFormatOgg (115)
[2017.10.31-20.05.50:196][351]LogModuleManager: Shutting down and abandoning module AudioFormatADPCM (113)
[2017.10.31-20.05.50:196][351]LogModuleManager: Shutting down and abandoning module LinuxTargetPlatform (111)
[2017.10.31-20.05.50:196][351]LogModuleManager: Shutting down and abandoning module LinuxServerTargetPlatform (109)
[2017.10.31-20.05.50:196][351]LogModuleManager: Shutting down and abandoning module LinuxNoEditorTargetPlatform (107)
[2017.10.31-20.05.50:196][351]LogModuleManager: Shutting down and abandoning module LinuxClientTargetPlatform (105)
[2017.10.31-20.05.50:197][351]LogModuleManager: Shutting down and abandoning module TVOSTargetPlatform (103)
[2017.10.31-20.05.50:197][351]LogModuleManager: Shutting down and abandoning module Messaging (101)
[2017.10.31-20.05.50:197][351]LogModuleManager: Shutting down and abandoning module IOSTargetPlatform (99)
[2017.10.31-20.05.50:197][351]LogModuleManager: Shutting down and abandoning module HTML5TargetPlatform (97)
[2017.10.31-20.05.50:197][351]LogModuleManager: Shutting down and abandoning module Android_PVRTCTargetPlatform (95)
[2017.10.31-20.05.50:197][351]LogModuleManager: Shutting down and abandoning module Android_MultiTargetPlatform (93)
[2017.10.31-20.05.50:197][351]LogModuleManager: Shutting down and abandoning module Android_ETC2TargetPlatform (91)
[2017.10.31-20.05.50:197][351]LogModuleManager: Shutting down and abandoning module Android_ETC1TargetPlatform (89)
[2017.10.31-20.05.50:197][351]LogModuleManager: Shutting down and abandoning module Android_DXTTargetPlatform (87)
[2017.10.31-20.05.50:197][351]LogModuleManager: Shutting down and abandoning module Android_ATCTargetPlatform (85)
[2017.10.31-20.05.50:197][351]LogModuleManager: Shutting down and abandoning module Android_ASTCTargetPlatform (83)
[2017.10.31-20.05.50:197][351]LogModuleManager: Shutting down and abandoning module AndroidTargetPlatform (81)
[2017.10.31-20.05.50:197][351]LogModuleManager: Shutting down and abandoning module WindowsTargetPlatform (79)
[2017.10.31-20.05.50:197][351]LogModuleManager: Shutting down and abandoning module WindowsServerTargetPlatform (77)
[2017.10.31-20.05.50:198][351]LogModuleManager: Shutting down and abandoning module WindowsNoEditorTargetPlatform (75)
[2017.10.31-20.05.50:198][351]LogModuleManager: Shutting down and abandoning module WindowsClientTargetPlatform (73)
[2017.10.31-20.05.50:198][351]LogModuleManager: Shutting down and abandoning module MacTargetPlatform (71)
[2017.10.31-20.05.50:198][351]LogModuleManager: Shutting down and abandoning module MacServerTargetPlatform (69)
[2017.10.31-20.05.50:198][351]LogModuleManager: Shutting down and abandoning module MacNoEditorTargetPlatform (67)
[2017.10.31-20.05.50:198][351]LogModuleManager: Shutting down and abandoning module MacClientTargetPlatform (65)
[2017.10.31-20.05.50:198][351]LogModuleManager: Shutting down and abandoning module AllDesktopTargetPlatform (63)
[2017.10.31-20.05.50:198][351]LogModuleManager: Shutting down and abandoning module InputCore (60)
[2017.10.31-20.05.50:198][351]LogModuleManager: Shutting down and abandoning module Settings (58)
[2017.10.31-20.05.50:199][351]LogModuleManager: Shutting down and abandoning module PhysXCooking (56)
[2017.10.31-20.05.50:199][351]LogModuleManager: Shutting down and abandoning module SteamVR (54)
[2017.10.31-20.05.50:199][351]LogModuleManager: Shutting down and abandoning module OculusHMD (52)
[2017.10.31-20.05.50:199][351]LogModuleManager: Shutting down and abandoning module ExampleDeviceProfileSelector (50)
[2017.10.31-20.05.50:199][351]LogModuleManager: Shutting down and abandoning module OnlineBlueprintSupport (48)
[2017.10.31-20.05.50:199][351]LogModuleManager: Shutting down and abandoning module OnlineSubsystem (44)
[2017.10.31-20.05.50:199][351]LogOnline: Display: Unloading online subsystem: NULL
[2017.10.31-20.05.50:199][351]LogModuleManager: Shutting down and abandoning module XMPP (43)
[2017.10.31-20.05.50:199][351]LogModuleManager: Shutting down and abandoning module HTTP (41)
[2017.10.31-20.05.50:199][351]LogHttp: Display: Http module shutting down, but needs to wait on 1 outstanding Http requests:
[2017.10.31-20.05.50:199][351]LogHttp: Display: 	verb=[POST] url=[https://datarouter.ol.epicgames.com/datarouter/api/v1/public/data?SessionID=%7B5EFEA7D0-405A-4853-C554-60A14F174C95%7D&AppID=UEEditor.Rocket.Release&AppVersion=4.17.2-3658906%2B%2B%2BUE4%2BRelease-4.17&UserID=3cd3bf4c441d20ae9d1552b8715e37b3%7C61d5517aa7a345688e2600dc27c252c6%7Cde9667e7-4a81-4dc7-a009-03885f52581e&AppEnvironment=datacollector-binary&UploadType=eteventstream] status=Processing
[2017.10.31-20.05.50:214][351]LogModuleManager: Shutting down and abandoning module SSL (40)
[2017.10.31-20.05.50:218][351]LogModuleManager: Shutting down and abandoning module AnimationModifiers (36)
[2017.10.31-20.05.50:218][351]LogModuleManager: Shutting down and abandoning module PropertyEditor (35)
[2017.10.31-20.05.50:218][351]LogModuleManager: Shutting down and abandoning module AudioEditor (32)
[2017.10.31-20.05.50:218][351]LogModuleManager: Shutting down and abandoning module TextureCompressor (30)
[2017.10.31-20.05.50:218][351]LogModuleManager: Shutting down and abandoning module ShaderCore (28)
[2017.10.31-20.05.50:218][351]LogModuleManager: Shutting down and abandoning module Landscape (26)
[2017.10.31-20.05.50:218][351]LogModuleManager: Shutting down and abandoning module SlateRHIRenderer (24)
[2017.10.31-20.05.50:220][351]LogModuleManager: Shutting down and abandoning module OpenGLDrv (22)
[2017.10.31-20.05.50:221][351]LogModuleManager: Shutting down and abandoning module D3D11RHI (20)
[2017.10.31-20.05.50:221][351]LogModuleManager: Shutting down and abandoning module AnimGraphRuntime (18)
[2017.10.31-20.05.50:221][351]LogModuleManager: Shutting down and abandoning module Renderer (16)
[2017.10.31-20.05.50:221][351]LogModuleManager: Shutting down and abandoning module Engine (14)
[2017.10.31-20.05.50:221][351]LogModuleManager: Shutting down and abandoning module CoreUObject (12)
[2017.10.31-20.05.50:221][351]LogModuleManager: Shutting down and abandoning module NetworkFile (10)
[2017.10.31-20.05.50:221][351]LogModuleManager: Shutting down and abandoning module CookedIterativeFile (8)
[2017.10.31-20.05.50:221][351]LogModuleManager: Shutting down and abandoning module StreamingFile (6)
[2017.10.31-20.05.50:221][351]LogModuleManager: Shutting down and abandoning module SandboxFile (4)
[2017.10.31-20.05.50:221][351]LogModuleManager: Shutting down and abandoning module PakFile (2)
[2017.10.31-20.05.50:231][351]LogExit: Exiting.
[2017.10.31-20.05.50:270][351]Log file closed, 10/31/17 16:05:50
